IQ-TREE multicore version 1.6.1 for Linux 64-bit built Feb 16 2018
Developed by Bui Quang Minh, Nguyen Lam Tung, Olga Chernomor,
Heiko Schmidt, Dominik Schrempf, Michael Woodhams.

Host:    n114312.nbi.ac.uk (AVX2, FMA3, 15 GB RAM)
Command: iqtree-omp -s 16S23S5S_consensus.fasta -nt 8 -m HKY+G -redo
Seed:    390553 (Using SPRNG - Scalable Parallel Random Number Generator)
Time:    Wed Feb 27 08:44:21 2019
Kernel:  AVX+FMA - 8 threads (8 CPU cores detected)

Reading alignment file 16S23S5S_consensus.fasta ... Fasta format detected
Alignment most likely contains DNA/RNA sequences
Alignment has 758 sequences with 9133 columns, 2562 distinct patterns
2314 parsimony-informative, 237 singleton sites, 6582 constant sites
                                          Gap/Ambiguity  Composition  p-value
   1  Pseudomonas_putida_002736045               49.98%    passed     98.41%
   2  Salmonella_enterica_003589865              48.01%    passed     20.85%
   3  Escherichia_coli_003180975                 50.02%    passed     31.63%
   4  Pseudomonas_aeruginosa_001516165           49.95%    passed     95.63%
   5  Neisseria_meningitidis_001697305           50.21%    passed     92.57%
   6  Neisseria_gonorrhoeae_001661115            50.07%    passed     86.44%
   7  Leptospira_mayottensis_003429525           49.75%    passed     79.89%
   8  Neisseria_meningitidis_001697525           50.20%    passed     92.36%
   9  Escherichia_coli_002870165                 49.79%    passed     34.48%
  10  Pseudomonas_putida_003671955               49.98%    passed     98.17%
  11  Salmonella_enterica_001975365              48.93%    passed     13.89%
  12  Salmonella_enterica_003071485              49.14%    passed     12.12%
  13  Neisseria_meningitidis_003355215           50.07%    passed     93.61%
  14  Escherichia_coli_000599645                 25.28%    passed     17.17%
  15  Helicobacter_pylori_000148895              50.52%    failed      0.02%
  16  Pseudomonas_aeruginosa_001516205           49.95%    passed     95.17%
  17  Pseudomonas_aeruginosa_001548135           49.98%    passed     94.71%
  18  Salmonella_enterica_003324955              48.90%    passed     19.64%
  19  Salmonella_enterica_000245535              48.61%    passed     18.09%
  20  Salmonella_enterica_003717675              48.58%    passed     15.23%
  21  Pseudomonas_putida_003228315               50.03%    passed     91.23%
  22  Salmonella_enterica_900477885              49.32%    passed     13.54%
  23  Neisseria_meningitidis_001697485           50.04%    passed     90.82%
  24  Pseudomonas_aeruginosa_003369755           50.04%    passed     93.87%
  25  Helicobacter_pylori_000178935              50.59%    failed      0.01%
  26  Pseudomonas_parafulva_003410295            50.06%    passed     98.24%
  27  Neisseria_meningitidis_000191505           50.04%    passed     93.94%
  28  Pseudomonas_aeruginosa_001900265           49.97%    passed     95.19%
  29  Neisseria_meningitidis_001697425           50.21%    passed     92.57%
  30  Pseudomonas_syringae_002905815             50.02%    passed     96.45%
  31  Pseudomonas_koreensis_001654515            49.92%    passed     92.56%
  32  Salmonella_enterica_001121865              48.44%    passed     20.97%
  33  Escherichia_coli_002786655                 50.08%    passed     33.75%
  34  Escherichia_coli_002812545                 50.31%    passed     40.37%
  35  Pseudomonas_synxantha_003851495            50.04%    passed     85.32%
  36  Escherichia_coli_001566615                 49.84%    passed     40.03%
  37  Pseudomonas_stutzeri_000327065             49.89%    passed     97.40%
  38  Pseudomonas_aeruginosa_000504045           49.95%    passed     94.58%
  39  Pseudomonas_syringae_900235885             49.96%    passed     95.20%
  40  Pseudomonas_aeruginosa_002812905           50.02%    passed     94.99%
  41  Neisseria_meningitidis_900638595           50.07%    passed     98.32%
  42  Neisseria_meningitidis_002073675           50.07%    passed     91.99%
  43  Neisseria_gonorrhoeae_001047225            50.05%    passed     88.75%
  44  Pseudomonas_aeruginosa_001482325           49.98%    passed     93.19%
  45  Pseudomonas_aeruginosa_002085605           49.94%    passed     94.76%
  46  Helicobacter_pylori_002952495              50.55%    failed      0.02%
  47  Pseudomonas_chlororaphis_003851985         49.96%    passed     90.13%
  48  Salmonella_enterica_003717955              48.61%    passed     15.87%
  49  Pseudomonas_aeruginosa_001792855           49.94%    passed     94.78%
  50  Pseudomonas_fluorescens_000963495          49.89%    passed     84.69%
  51  Neisseria_gonorrhoeae_000020105            50.06%    passed     83.01%
  52  Helicobacter_cinaedi_000284635             50.63%    failed      0.01%
  53  Escherichia_coli_002142695                 50.28%    passed     38.06%
  54  Neisseria_meningitidis_001029815           50.04%    passed     94.10%
  55  Escherichia_albertii_003312545             49.82%    passed     34.98%
  56  Escherichia_coli_002741255                 50.03%    passed     41.06%
  57  Escherichia_coli_000014845                 50.13%    passed     56.42%
  58  Pseudomonas_aeruginosa_002215345           49.95%    passed     95.17%
  59  Pseudomonas_aeruginosa_001687285           50.05%    passed     93.49%
  60  Pseudomonas_aeruginosa_003812885           50.02%    passed     94.99%
  61  Helicobacter_pylori_000277365              50.47%    failed      0.02%
  62  Neisseria_meningitidis_001974965           50.20%    passed     89.27%
  63  Pseudomonas_aeruginosa_002237405           49.95%    passed     94.22%
  64  Helicobacter_pylori_900120135              50.54%    failed      0.03%
  65  Escherichia_albertii_003860385             49.79%    passed     29.74%
  66  Pseudomonas_parafulva_002021815            49.98%    passed     96.67%
  67  Pseudomonas_stutzeri_900636845             50.02%    passed     96.84%
  68  Pseudomonas_chlororaphis_003850405         49.99%    passed     90.66%
  69  Neisseria_meningitidis_001697685           50.21%    passed     92.57%
  70  Pseudomonas_aeruginosa_000510305           49.95%    passed     95.17%
  71  Salmonella_enterica_001705055              48.46%    passed     13.40%
  72  Escherichia_albertii_003312525             49.79%    passed     39.36%
  73  Pseudomonas_synxantha_003852025            50.02%    passed     88.81%
  74  Pseudomonas_aeruginosa_003206535           50.03%    passed     94.45%
  75  Pseudomonas_aeruginosa_000473745           49.94%    passed     95.66%
  76  Escherichia_albertii_001549955             49.76%    passed     33.34%
  77  Pseudomonas_aeruginosa_001750705           49.95%    passed     95.17%
  78  Escherichia_coli_003956305                 50.18%    passed     28.40%
  79  Escherichia_coli_002011965                 49.87%    passed     34.07%
  80  Pseudomonas_fluorescens_003410335          50.04%    passed     94.00%
  81  Salmonella_bongori_002211925               49.21%    failed      1.60%
  82  Escherichia_coli_000597845                 50.01%    passed     31.56%
  83  Neisseria_meningitidis_000800315           50.06%    passed     89.63%
  84  Neisseria_gonorrhoeae_001661135            50.06%    passed     86.41%
  85  Neisseria_meningitidis_001698065           50.06%    passed     91.67%
  86  Pseudomonas_aeruginosa_900636755           50.05%    passed     93.49%
  87  Pseudomonas_aeruginosa_003641125           50.02%    passed     94.99%
  88  Helicobacter_cinaedi_003574195             50.68%    failed      0.01%
  89  Pseudomonas_chlororaphis_001023535         51.17%    passed     98.63%
  90  Pseudomonas_chlororaphis_002844145         50.13%    passed     86.04%
  91  Escherichia_albertii_003312485             49.76%    passed     32.23%
  92  Salmonella_enterica_002760915              48.63%    passed     12.87%
  93  Pseudomonas_aeruginosa_003952325           49.92%    passed     92.61%
  94  Neisseria_meningitidis_002556585           50.09%    passed     90.42%
  95  Pseudomonas_protegens_002208745            49.95%    passed     87.00%
  96  Salmonella_enterica_002224405              48.40%    passed     17.88%
  97  Pseudomonas_chlororaphis_003850425         49.99%    passed     90.66%
  98  Salmonella_enterica_001629755              48.10%    passed     18.87%
  99  Pseudomonas_chlororaphis_003851225         49.98%    passed     89.86%
 100  Escherichia_coli_001280405                 49.82%    passed     40.89%
 101  Pseudomonas_putida_000410575               50.20%    passed     98.46%
 102  Escherichia_coli_000022665                 49.98%    passed     36.62%
 103  Helicobacter_pylori_003957395              50.54%    failed      0.02%
 104  Neisseria_meningitidis_003355295           50.08%    passed     98.17%
 105  Pseudomonas_aeruginosa_900618325           50.02%    passed     94.04%
 106  Salmonella_enterica_000009505              48.43%    passed     12.19%
 107  Salmonella_enterica_001447095              49.93%    passed     18.30%
 108  Pseudomonas_brassicacearum_001449085       49.96%    passed     94.85%
 109  Helicobacter_pylori_002952575              50.55%    failed      0.02%
 110  Neisseria_gonorrhoeae_900637245            50.07%    passed     83.46%
 111  Salmonella_enterica_002208255              50.05%    passed     19.80%
 112  Pseudomonas_aeruginosa_900636735           50.04%    passed     94.45%
 113  Neisseria_meningitidis_001697885           50.19%    passed     92.10%
 114  Escherichia_coli_000025165                 49.85%    passed     40.07%
 115  Escherichia_coli_900636065                 50.20%    passed     39.31%
 116  Escherichia_coli_003367885                 50.21%    passed     34.23%
 117  Pseudomonas_stutzeri_000279165             50.22%    passed     85.76%
 118  Escherichia_coli_002249955                 49.85%    passed     42.91%
 119  Pseudomonas_syringae_002966555             49.95%    passed     97.32%
 120  Pseudomonas_putida_000183645               49.97%    passed     99.44%
 121  Salmonella_enterica_002761155              48.52%    passed     14.96%
 122  Pseudomonas_orientalis_003851585           50.14%    passed     94.24%
 123  Neisseria_meningitidis_000008805           50.16%    passed     92.25%
 124  Neisseria_meningitidis_000800355           50.05%    passed     90.66%
 125  Pseudomonas_chlororaphis_000963835         49.91%    passed     95.59%
 126  Neisseria_meningitidis_002951575           50.09%    passed     92.33%
 127  Helicobacter_pylori_900120205              50.54%    failed      0.03%
 128  Pseudomonas_chlororaphis_003852005         49.97%    passed     88.13%
 129  Neisseria_gonorrhoeae_001047275            50.04%    passed     84.24%
 130  Neisseria_meningitidis_001698085           50.15%    passed     97.70%
 131  Salmonella_enterica_001361075              48.58%    passed     16.74%
 132  Pseudomonas_fluorescens_001747385          49.90%    passed     82.62%
 133  Pseudomonas_aeruginosa_002812925           50.02%    passed     94.99%
 134  Salmonella_enterica_001577505              48.68%    passed     13.75%
 135  Salmonella_enterica_001623775              48.95%    passed     13.24%
 136  Escherichia_albertii_002872455             49.78%    passed     32.21%
 137  Escherichia_coli_002952875                 50.26%    passed     34.20%
 138  Pseudomonas_aeruginosa_000829255           49.94%    passed     95.66%
 139  Pseudomonas_aeruginosa_000524595           49.95%    passed     94.73%
 140  Escherichia_coli_001618325                 49.89%    passed     33.46%
 141  Salmonella_enterica_001447115              50.72%    passed     13.80%
 142  Pseudomonas_chlororaphis_003850585         50.01%    passed     89.97%
 143  Pseudomonas_aeruginosa_002812865           50.04%    passed     92.79%
 144  Escherichia_coli_002012265                 49.92%    passed     33.38%
 145  Helicobacter_cinaedi_003213725             50.67%    failed      0.01%
 146  Salmonella_bongori_000709535               49.23%    failed      1.55%
 147  Pseudomonas_aeruginosa_003798125           50.05%    passed     94.86%
 148  Pseudomonas_putida_001515585               49.97%    passed     99.30%
 149  Salmonella_enterica_003429445              49.71%    passed     17.91%
 150  Salmonella_enterica_001975515              49.07%    passed     16.44%
 151  Neisseria_meningitidis_000191525           50.04%    passed     96.26%
 152  Helicobacter_pylori_000021165              50.55%    failed      0.02%
 153  Pseudomonas_aeruginosa_000006765           41.41%    failed      0.06%
 154  Pseudomonas_chlororaphis_003851445         49.97%    passed     88.13%
 155  Helicobacter_pylori_000196755              50.54%    failed      0.02%
 156  Salmonella_enterica_900205265              48.59%    passed     17.20%
 157  Pseudomonas_putida_002025705               49.91%    passed     99.31%
 158  Pseudomonas_aeruginosa_001632245           49.96%    passed     94.19%
 159  Pseudomonas_chlororaphis_003851365         49.98%    passed     90.25%
 160  Helicobacter_pylori_000255955              50.55%    failed      0.01%
 161  Pseudomonas_monteilii_003671975            49.96%    passed     98.90%
 162  Helicobacter_pylori_002951975              50.56%    failed      0.02%
 163  Helicobacter_pylori_000827025              50.54%    failed      0.02%
 164  Neisseria_meningitidis_000009465           50.10%    passed     92.23%
 165  Helicobacter_pylori_002906555              50.56%    failed      0.02%
 166  Helicobacter_pylori_900120315              50.54%    failed      0.03%
 167  Neisseria_meningitidis_001697785           50.19%    passed     94.02%
 168  Pseudomonas_chlororaphis_900636995         49.98%    passed     89.86%
 169  Neisseria_gonorrhoeae_001047255            50.04%    passed     85.33%
 170  Salmonella_enterica_003710205              48.64%    passed     11.99%
 171  Pseudomonas_fluorescens_001307275          49.99%    passed     94.03%
 172  Neisseria_meningitidis_003355435           50.07%    passed     94.63%
 173  Helicobacter_pylori_000307835              50.59%    failed      0.01%
 174  Salmonella_enterica_002210025              48.99%    passed     13.72%
 175  Pseudomonas_syringae_900235835             49.95%    passed     97.27%
 176  Pseudomonas_mendocina_002442555            50.28%    passed     97.43%
 177  Pseudomonas_orientalis_003851605           50.02%    passed     94.32%
 178  Neisseria_meningitidis_001697385           50.06%    passed     91.67%
 179  Neisseria_meningitidis_001029835           50.05%    passed     96.39%
 180  Salmonella_enterica_000623615              48.43%    passed     12.19%
 181  Escherichia_coli_900635325                 49.91%    passed     39.76%
 182  Helicobacter_pylori_000093185              50.52%    failed      0.02%
 183  Salmonella_enterica_000626375              48.45%    passed     14.18%
 184  Escherichia_coli_002953435                 49.78%    passed     33.38%
 185  Escherichia_albertii_002285455             50.08%    passed     27.64%
 186  Neisseria_meningitidis_002073235           50.13%    passed     96.23%
 187  Escherichia_coli_000147855                 50.09%    passed     36.83%
 188  Pseudomonas_aeruginosa_001900225           49.97%    passed     95.19%
 189  Pseudomonas_fluorescens_000293885          49.90%    passed     95.06%
 190  Pseudomonas_chlororaphis_003851905         49.98%    passed     89.79%
 191  Pseudomonas_aeruginosa_003028335           50.03%    passed     95.38%
 192  Pseudomonas_chlororaphis_003851805         49.98%    passed     88.26%
 193  Pseudomonas_mendocina_000733715            49.91%    passed     97.16%
 194  Escherichia_coli_004010655                 49.89%    passed     41.48%
 195  Pseudomonas_syringae_002024305             49.86%    passed     98.77%
 196  Pseudomonas_syringae_001482725             49.96%    passed     96.91%
 197  Pseudomonas_aeruginosa_001516265           49.95%    passed     94.22%
 198  Salmonella_enterica_000007545              48.66%    passed     17.93%
 199  Neisseria_meningitidis_000009105           50.04%    passed     92.88%
 200  Helicobacter_pylori_000224555              50.53%    failed      0.02%
 201  Escherichia_coli_003073955                 49.97%    passed     29.93%
 202  Neisseria_meningitidis_001697985           50.04%    passed     90.82%
 203  Escherichia_coli_001900885                 49.59%    passed     36.89%
 204  Salmonella_enterica_003718655              48.60%    passed     15.44%
 205  Neisseria_meningitidis_001697545           50.24%    passed     92.74%
 206  Salmonella_enterica_001975345              48.29%    passed     15.68%
 207  Helicobacter_pylori_000600145              50.54%    failed      0.02%
 208  Pseudomonas_stutzeri_003952685             50.06%    passed     91.50%
 209  Pseudomonas_fluorescens_003626995          50.05%    passed     86.51%
 210  Salmonella_bongori_000252995               49.22%    failed      1.49%
 211  Pseudomonas_brassicacearum_001746815       49.87%    passed     94.64%
 212  Pseudomonas_aeruginosa_000026645           49.96%    passed     94.65%
 213  Pseudomonas_aeruginosa_001792835           49.95%    passed     94.79%
 214  Pseudomonas_stutzeri_003047145             50.02%    passed     97.81%
 215  Pseudomonas_aeruginosa_900618315           50.02%    passed     94.04%
 216  Pseudomonas_aeruginosa_001515915           49.96%    passed     94.19%
 217  Pseudomonas_chlororaphis_003851865         49.99%    passed     89.13%
 218  Pseudomonas_aeruginosa_002104595           49.96%    passed     96.00%
 219  Neisseria_gonorrhoeae_002073655            50.09%    passed     84.77%
 220  Helicobacter_pylori_000685745              50.53%    failed      0.01%
 221  Escherichia_coli_001900675                 49.63%    passed     39.91%
 222  Escherichia_coli_002591135                 50.03%    passed     41.92%
 223  Pseudomonas_aeruginosa_001721825           49.98%    passed     94.04%
 224  Pseudomonas_chlororaphis_003851305         49.98%    passed     89.12%
 225  Pseudomonas_synxantha_003851525            50.02%    passed     87.39%
 226  Pseudomonas_monteilii_001534745            50.09%    passed     99.06%
 227  Salmonella_enterica_002211865              48.06%    passed     23.54%
 228  Salmonella_enterica_001441205              48.91%    passed     13.39%
 229  Helicobacter_pylori_000829095              50.54%    failed      0.02%
 230  Pseudomonas_fluorescens_000730425          49.87%    passed     89.95%
 231  Neisseria_meningitidis_001697725           50.06%    passed     91.64%
 232  Helicobacter_pylori_003050665              50.56%    failed      0.01%
 233  Salmonella_enterica_001119245              48.58%    passed     17.49%
 234  Leptospira_interrogans_000231175           49.66%    passed     72.00%
 235  Escherichia_coli_002846135                 49.86%    passed     37.97%
 236  Leptospira_interrogans_001047655           49.69%    passed     69.64%
 237  Pseudomonas_stutzeri_000267545             49.91%    passed     98.49%
 238  Neisseria_meningitidis_001750825           50.04%    passed     94.09%
 239  Escherichia_coli_002056635                 49.89%    passed     34.12%
 240  Pseudomonas_syringae_001913215             49.86%    passed     98.77%
 241  Pseudomonas_chlororaphis_002355875         49.84%    passed     92.15%
 242  Escherichia_coli_002357915                 49.87%    passed     43.01%
 243  Neisseria_meningitidis_001697605           50.20%    passed     92.58%
 244  Helicobacter_pylori_000600045              50.55%    failed      0.02%
 245  Escherichia_coli_001900615                 49.73%    passed     27.20%
 246  Neisseria_meningitidis_001697765           50.22%    passed     92.75%
 247  Pseudomonas_aeruginosa_000284555           49.94%    passed     95.66%
 248  Neisseria_meningitidis_001697505           50.18%    passed     97.31%
 249  Escherichia_coli_001675145                 49.92%    passed     32.20%
 250  Escherichia_coli_003018535                 49.98%    passed     37.20%
 251  Pseudomonas_aeruginosa_000359505           49.96%    passed     94.61%
 252  Salmonella_enterica_001975265              48.65%    passed     11.27%
 253  Salmonella_enterica_001362195              48.61%    passed     17.95%
 254  Pseudomonas_aeruginosa_000829885           49.95%    passed     94.79%
 255  Pseudomonas_chlororaphis_003851835         49.97%    passed     89.01%
 256  Escherichia_coli_000833635                 50.25%    passed     40.19%
 257  Salmonella_enterica_003718195              48.60%    passed     15.44%
 258  Pseudomonas_aeruginosa_900618305           50.07%    passed     92.25%
 259  Helicobacter_pylori_000270005              50.53%    failed      0.02%
 260  Salmonella_enterica_001623685              48.14%    passed     22.19%
 261  Pseudomonas_putida_002736125               49.96%    passed     98.14%
 262  Helicobacter_pylori_000828955              50.56%    failed      0.02%
 263  Neisseria_meningitidis_000191465           50.05%    passed     96.68%
 264  Salmonella_enterica_000623375              48.23%    passed     11.67%
 265  Salmonella_enterica_000020885              48.30%    passed     16.06%
 266  Neisseria_meningitidis_002073275           50.07%    passed     96.58%
 267  Pseudomonas_aeruginosa_001518975           49.97%    passed     94.13%
 268  Salmonella_enterica_002761075              48.38%    passed     13.40%
 269  Salmonella_enterica_002119485              49.29%    passed     12.24%
 270  Escherichia_coli_002850675                 49.74%    passed     36.57%
 271  Pseudomonas_aeruginosa_001516185           49.97%    passed     94.69%
 272  Pseudomonas_fluorescens_003612935          50.04%    passed     85.25%
 273  Salmonella_enterica_003717075              48.60%    passed     16.13%
 274  Salmonella_enterica_001890165              49.46%    passed     23.37%
 275  Salmonella_enterica_003032035              48.45%    passed     11.09%
 276  Helicobacter_pylori_000091345              50.53%    failed      0.02%
 277  Salmonella_enterica_000623335              48.43%    passed     13.71%
 278  Helicobacter_pylori_000498315              50.55%    failed      0.02%
 279  Salmonella_enterica_002762135              48.45%    passed     15.04%
 280  Helicobacter_pylori_000317875              50.51%    failed      0.01%
 281  Salmonella_enterica_001953695              48.68%    passed      9.60%
 282  Leptospira_interrogans_000941035           49.66%    passed     72.45%
 283  Pseudomonas_aeruginosa_001879525           49.91%    passed     96.17%
 284  Neisseria_meningitidis_000800235           50.34%    passed     89.22%
 285  Neisseria_meningitidis_001697445           50.19%    passed     92.10%
 286  Pseudomonas_aeruginosa_002075065           49.95%    passed     96.03%
 287  Escherichia_albertii_002741375             50.01%    passed     26.54%
 288  Pseudomonas_syringae_000452705             49.96%    passed     98.18%
 289  Escherichia_coli_001280325                 49.80%    passed     39.15%
 290  Neisseria_meningitidis_001697405           50.08%    passed     91.27%
 291  Escherichia_coli_001020945                 50.16%    passed     33.53%
 292  Pseudomonas_aeruginosa_900185255           49.96%    passed     94.25%
 293  Salmonella_enterica_002313105              48.43%    passed     14.31%
 294  Neisseria_meningitidis_001697205           50.04%    passed     90.82%
 295  Pseudomonas_putida_000412675               49.91%    passed     98.78%
 296  Pseudomonas_putida_002356095               50.07%    passed     98.26%
 297  Neisseria_meningitidis_000191485           50.04%    passed     93.62%
 298  Pseudomonas_chlororaphis_003850485         49.99%    passed     90.66%
 299  Pseudomonas_fluorescens_900475215          50.07%    passed     89.43%
 300  Pseudomonas_syringae_001281365             49.90%    passed     96.15%
 301  Pseudomonas_aeruginosa_003332705           50.02%    passed     94.02%
 302  Pseudomonas_fluorescens_000237065          49.86%    passed     94.84%
 303  Helicobacter_pylori_000008785              50.57%    failed      0.02%
 304  Helicobacter_pylori_900119955              50.54%    failed      0.03%
 305  Escherichia_coli_003017805                 49.72%    passed     31.46%
 306  Pseudomonas_putida_003290365               50.09%    passed     99.02%
 307  Leptospira_borgpetersenii_000013965        42.37%    failed      1.09%
 308  Escherichia_albertii_003864095             49.76%    passed     33.18%
 309  Pseudomonas_synxantha_003851465            50.03%    passed     87.51%
 310  Pseudomonas_aeruginosa_000829275           49.94%    passed     95.66%
 311  Pseudomonas_fluorescens_001307155          49.99%    passed     94.98%
 312  Neisseria_meningitidis_001697825           50.19%    passed     94.02%
 313  Neisseria_meningitidis_900638575           50.07%    passed     93.61%
 314  Salmonella_enterica_003718555              48.63%    passed     16.26%
 315  Pseudomonas_aeruginosa_003288355           50.05%    passed     94.29%
 316  Helicobacter_pylori_900119995              50.54%    failed      0.03%
 317  Leptospira_interrogans_001293065           49.70%    passed     72.61%
 318  Pseudomonas_aeruginosa_003991465           49.95%    passed     94.01%
 319  Salmonella_enterica_000272895              49.27%    passed     26.58%
 320  Helicobacter_pylori_000392455              50.53%    failed      0.02%
 321  Escherichia_coli_001559615                 49.98%    passed     36.62%
 322  Salmonella_enterica_001729225              48.55%    passed     14.82%
 323  Escherichia_coli_002011985                 50.14%    passed     40.26%
 324  Pseudomonas_syringae_900235815             49.98%    passed     97.53%
 325  Helicobacter_pylori_000498335              50.55%    failed      0.02%
 326  Helicobacter_pylori_000192335              50.54%    failed      0.01%
 327  Pseudomonas_koreensis_001605965            49.98%    passed     89.49%
 328  Pseudomonas_putida_001636055               50.02%    passed     99.50%
 329  Neisseria_meningitidis_002073595           50.07%    passed     93.20%
 330  Helicobacter_pylori_000020245              50.47%    failed      0.02%
 331  Pseudomonas_fluorescens_001708445          49.86%    passed     90.61%
 332  Salmonella_enterica_003717795              48.61%    passed     15.87%
 333  Helicobacter_pylori_000192315              50.54%    failed      0.01%
 334  Escherichia_coli_002999075                 50.16%    passed     36.94%
 335  Pseudomonas_syringae_000452445             49.95%    passed     95.99%
 336  Helicobacter_pylori_000392535              50.51%    failed      0.01%
 337  Neisseria_meningitidis_000816165           49.85%    passed     87.79%
 338  Pseudomonas_aeruginosa_003193645           50.02%    passed     94.02%
 339  Pseudomonas_aeruginosa_002968695           50.03%    passed     94.45%
 340  Helicobacter_pylori_000148915              50.49%    failed      0.02%
 341  Pseudomonas_stutzeri_003952645             50.06%    passed     91.50%
 342  Pseudomonas_aeruginosa_900618275           50.02%    passed     94.04%
 343  Pseudomonas_putida_002741075               49.92%    passed     99.03%
 344  Salmonella_enterica_001623625              48.45%    passed     17.45%
 345  Escherichia_coli_002105735                 50.13%    passed     43.37%
 346  Escherichia_coli_900635215                 50.14%    passed     33.18%
 347  Pseudomonas_koreensis_003049825            49.79%    passed     95.96%
 348  Pseudomonas_synxantha_000968415            50.07%    passed     84.94%
 349  Salmonella_enterica_000271905              49.10%    passed     22.70%
 350  Pseudomonas_entomophila_003940825          49.76%    passed     98.22%
 351  Neisseria_meningitidis_003355375           50.15%    passed     92.66%
 352  Pseudomonas_parafulva_000800255            49.90%    passed     98.71%
 353  Pseudomonas_fluorescens_001708465          49.86%    passed     90.61%
 354  Salmonella_enterica_000027025              48.71%    passed     14.27%
 355  Leptospira_interrogans_000092565           50.38%    passed     64.78%
 356  Neisseria_meningitidis_001697625           50.18%    passed     97.31%
 357  Salmonella_enterica_000624395              48.38%    passed     14.15%
 358  Pseudomonas_protegens_000397205            49.84%    passed     89.52%
 359  Neisseria_meningitidis_001697165           50.04%    passed     90.82%
 360  Helicobacter_pylori_000270025              50.51%    failed      0.02%
 361  Helicobacter_pylori_000600205              50.52%    failed      0.02%
 362  Neisseria_meningitidis_000014105           50.15%    passed     88.48%
 363  Pseudomonas_entomophila_003940785          49.98%    passed     98.10%
 364  Pseudomonas_entomophila_000026105          49.99%    passed     98.75%
 365  Salmonella_enterica_003325015              48.22%    passed     13.80%
 366  Pseudomonas_aeruginosa_002812825           50.05%    passed     93.88%
 367  Helicobacter_pylori_000185185              50.53%    failed      0.03%
 368  Neisseria_meningitidis_002073575           50.07%    passed     93.61%
 369  Pseudomonas_chlororaphis_003851925         49.99%    passed     88.01%
 370  Helicobacter_pylori_000270045              50.52%    failed      0.01%
 371  Neisseria_meningitidis_000800275           49.97%    passed     93.90%
 372  Pseudomonas_putida_000325725               50.07%    passed     99.30%
 373  Neisseria_meningitidis_003355275           50.13%    passed     91.18%
 374  Pseudomonas_aeruginosa_000496605           49.94%    passed     94.66%
 375  Escherichia_coli_001900415                 49.66%    passed     35.79%
 376  Pseudomonas_chlororaphis_003851955         49.98%    passed     87.85%
 377  Pseudomonas_syringae_000344475             49.94%    passed     98.67%
 378  Escherichia_coli_003112185                 50.01%    passed     34.07%
 379  Salmonella_enterica_000623275              48.35%    passed     14.76%
 380  Escherichia_coli_001900905                 49.66%    passed     38.14%
 381  Pseudomonas_mendocina_000016565            49.93%    passed     97.39%
 382  Pseudomonas_aeruginosa_003957825           50.02%    passed     94.89%
 383  Neisseria_lactamica_002022745              50.05%    passed     69.67%
 384  Salmonella_enterica_001127485              48.59%    passed     17.20%
 385  Neisseria_meningitidis_001697365           50.18%    passed     97.31%
 386  Pseudomonas_aeruginosa_003194245           50.03%    passed     94.45%
 387  Escherichia_coli_002741455                 50.05%    passed     38.94%
 388  Pseudomonas_chlororaphis_003850385         49.98%    passed     89.86%
 389  Pseudomonas_aeruginosa_001515845           49.98%    passed     93.68%
 390  Helicobacter_pylori_001653475              50.52%    failed      0.02%
 391  Salmonella_enterica_003030125              48.46%    passed     14.05%
 392  Salmonella_enterica_003031875              48.98%    passed     15.78%
 393  Escherichia_albertii_002285475             49.81%    passed     34.87%
 394  Pseudomonas_syringae_000648735             49.86%    passed     98.77%
 395  Neisseria_meningitidis_000026965           50.05%    passed     95.75%
 396  Salmonella_enterica_002234775              48.13%    passed     20.47%
 397  Pseudomonas_chlororaphis_003851165         49.98%    passed     89.86%
 398  Escherichia_coli_003019115                 50.08%    passed     38.88%
 399  Helicobacter_pylori_002356595              50.51%    failed      0.01%
 400  Escherichia_coli_003856695                 49.91%    passed     32.57%
 401  Salmonella_enterica_001095585              48.61%    passed     16.93%
 402  Pseudomonas_putida_000264665               49.98%    passed     98.67%
 403  Pseudomonas_aeruginosa_003571505           50.04%    passed     94.51%
 404  Helicobacter_pylori_002952555              50.55%    failed      0.02%
 405  Salmonella_enterica_003717855              48.60%    passed     16.13%
 406  Pseudomonas_monteilii_002943995            49.98%    passed     97.20%
 407  Pseudomonas_chlororaphis_003850605         50.04%    passed     93.95%
 408  Helicobacter_pylori_000307815              50.59%    failed      0.01%
 409  Escherichia_coli_002165115                 49.75%    passed     30.42%
 410  Pseudomonas_aeruginosa_002208645           49.96%    passed     94.19%
 411  Pseudomonas_stutzeri_003008495             49.98%    passed     98.43%
 412  Pseudomonas_chlororaphis_003850365         49.98%    passed     89.86%
 413  Neisseria_meningitidis_000626595           50.08%    passed     93.62%
 414  Pseudomonas_aeruginosa_000496455           49.98%    passed     95.97%
 415  Helicobacter_pylori_002952355              50.54%    failed      0.02%
 416  Leptospira_mayottensis_003429505           49.67%    passed     74.73%
 417  Escherichia_coli_002012185                 50.01%    passed     32.63%
 418  Salmonella_enterica_000750375              48.64%    passed     10.46%
 419  Escherichia_coli_900174625                 49.80%    passed     39.22%
 420  Neisseria_meningitidis_001697325           50.21%    passed     92.57%
 421  Neisseria_meningitidis_002073555           50.07%    passed     96.58%
 422  Neisseria_elongata_000818035               50.05%    passed     95.11%
 423  Helicobacter_pylori_000439295              50.53%    failed      0.02%
 424  Helicobacter_pylori_000392515              50.56%    failed      0.03%
 425  Helicobacter_cinaedi_003213825             50.68%    failed      0.01%
 426  Pseudomonas_aeruginosa_004010895           50.04%    passed     94.75%
 427  Leptospira_interrogans_002073495           49.66%    passed     71.55%
 428  Pseudomonas_aeruginosa_002237425           49.95%    passed     94.22%
 429  Neisseria_meningitidis_001697965           50.19%    passed     92.10%
 430  Escherichia_coli_003856675                 50.05%    passed     41.68%
 431  Pseudomonas_chlororaphis_003851145         49.99%    passed     91.28%
 432  Helicobacter_pylori_000348865              50.51%    failed      0.02%
 433  Salmonella_enterica_002946375              48.33%    passed     16.23%
 434  Pseudomonas_aeruginosa_003073735           50.03%    passed     93.42%
 435  Pseudomonas_protegens_003363755            49.95%    passed     85.40%
 436  Pseudomonas_syringae_000344355             49.86%    passed     98.77%
 437  Pseudomonas_putida_000007565               50.36%    passed     98.80%
 438  Pseudomonas_aeruginosa_003073895           50.03%    passed     93.42%
 439  Escherichia_coli_900636195                 50.18%    passed     33.39%
 440  Pseudomonas_syringae_000007805             50.32%    passed     97.32%
 441  Pseudomonas_aeruginosa_001077475           49.95%    passed     94.73%
 442  Helicobacter_pylori_002952475              50.55%    failed      0.02%
 443  Neisseria_elongata_003351545               50.09%    passed     96.26%
 444  Neisseria_meningitidis_000083565           50.04%    passed     94.94%
 445  Pseudomonas_chlororaphis_001602135         49.86%    passed     92.74%
 446  Pseudomonas_aeruginosa_001516365           49.96%    passed     94.66%
 447  Salmonella_enterica_003718615              48.61%    passed     15.87%
 448  Pseudomonas_frederiksbergensis_001952935   49.85%    passed     95.87%
 449  Neisseria_gonorrhoeae_003571465            50.10%    passed     83.77%
 450  Escherichia_coli_000814145                 49.92%    passed     35.93%
 451  Helicobacter_pylori_000600165              50.42%    failed      0.02%
 452  Pseudomonas_syringae_000988395             49.84%    passed     97.76%
 453  Pseudomonas_aeruginosa_900637045           50.03%    passed     93.42%
 454  Pseudomonas_aeruginosa_001874465           49.99%    passed     95.41%
 455  Pseudomonas_putida_000226035               50.18%    passed     97.06%
 456  Escherichia_coli_003722195                 50.36%    passed     37.36%
 457  Pseudomonas_putida_000691565               50.47%    passed     97.84%
 458  Salmonella_enterica_003595645              48.02%    passed     19.99%
 459  Pseudomonas_syringae_000988485             49.84%    passed     96.80%
 460  Helicobacter_pylori_000011725              50.52%    failed      0.01%
 461  Pseudomonas_fluorescens_900636825          50.01%    passed     88.36%
 462  Pseudomonas_aeruginosa_001618925           49.94%    passed     93.66%
 463  Pseudomonas_orientalis_002934065           50.07%    passed     95.27%
 464  Escherichia_albertii_000512125             49.66%    passed     34.24%
 465  Pseudomonas_aeruginosa_003073795           50.06%    passed     95.31%
 466  Escherichia_albertii_003860365             49.73%    passed     35.08%
 467  Salmonella_enterica_000623135              48.43%    passed     12.19%
 468  Helicobacter_pylori_900176185              50.54%    failed      0.03%
 469  Helicobacter_pylori_002983705              50.59%    failed      0.02%
 470  Salmonella_enterica_900185485              48.59%    passed     15.06%
 471  Salmonella_enterica_001620115              48.48%    passed     18.16%
 472  Neisseria_elongata_900475815               50.10%    passed     95.92%
 473  Helicobacter_pylori_003939085              50.56%    failed      0.01%
 474  Pseudomonas_chlororaphis_003945765         50.01%    passed     91.18%
 475  Pseudomonas_synxantha_003851555            50.06%    passed     88.55%
 476  Pseudomonas_fluorescens_003055645          50.03%    passed     95.41%
 477  Helicobacter_pylori_000148875              50.53%    failed      0.01%
 478  Helicobacter_pylori_000277385              50.51%    failed      0.02%
 479  Salmonella_enterica_001973275              48.36%    passed     13.43%
 480  Salmonella_enterica_000330485              48.78%    passed     27.58%
 481  Neisseria_gonorrhoeae_900186935            50.04%    passed     82.86%
 482  Salmonella_enterica_000272715              49.26%    passed     26.08%
 483  Pseudomonas_frederiksbergensis_001874645   49.86%    passed     96.69%
 484  Salmonella_enterica_001362335              48.57%    passed     16.35%
 485  Escherichia_albertii_003316815             49.78%    passed     30.64%
 486  Escherichia_coli_900474495                 49.93%    passed     32.01%
 487  Pseudomonas_stutzeri_000661915             49.89%    passed     97.72%
 488  Pseudomonas_aeruginosa_001547955           49.99%    passed     94.82%
 489  Escherichia_coli_002163935                 49.96%    passed     38.08%
 490  Pseudomonas_stutzeri_003001655             49.98%    passed     96.75%
 491  Salmonella_enterica_001690115              48.91%    passed     13.86%
 492  Salmonella_enterica_003717355              48.60%    passed     15.44%
 493  Salmonella_enterica_000272755              49.26%    passed     26.08%
 494  Escherichia_coli_000520035                 49.86%    passed     37.68%
 495  Neisseria_meningitidis_001698105           50.05%    passed     91.24%
 496  Pseudomonas_aeruginosa_003813025           50.06%    passed     94.93%
 497  Neisseria_meningitidis_001697105           50.05%    passed     94.85%
 498  Helicobacter_pylori_900120055              50.54%    failed      0.03%
 499  Neisseria_meningitidis_001697465           50.05%    passed     91.24%
 500  Pseudomonas_fluorescens_000934565          49.95%    passed     85.75%
 501  Pseudomonas_aeruginosa_001729505           49.95%    passed     95.49%
 502  Salmonella_enterica_003324935              48.05%    passed     19.59%
 503  Pseudomonas_aeruginosa_003073695           50.06%    passed     93.27%
 504  Pseudomonas_aeruginosa_003433235           50.03%    passed     95.38%
 505  Escherichia_coli_001723505                 50.24%    passed     37.70%
 506  Pseudomonas_aeruginosa_003369735           50.03%    passed     94.07%
 507  Pseudomonas_fluorescens_000009225          49.93%    passed     90.58%
 508  Pseudomonas_monteilii_000510285            49.89%    passed     99.27%
 509  Neisseria_meningitidis_001697665           50.22%    passed     92.75%
 510  Salmonella_enterica_000494385              48.29%    passed     15.68%
 511  Pseudomonas_putida_900636645               50.06%    passed     99.08%
 512  Pseudomonas_chlororaphis_003850465         50.01%    passed     89.97%
 513  Pseudomonas_aeruginosa_001722025           49.98%    passed     94.04%
 514  Escherichia_coli_002090355                 49.98%    passed     36.62%
 515  Escherichia_coli_003017935                 49.92%    passed     32.08%
 516  Neisseria_meningitidis_001697905           50.08%    passed     91.27%
 517  Neisseria_meningitidis_003355235           50.07%    passed     92.69%
 518  Neisseria_meningitidis_003355395           50.07%    passed     91.50%
 519  Helicobacter_pylori_000259235              50.55%    failed      0.02%
 520  Helicobacter_pylori_000685625              50.54%    failed      0.01%
 521  Escherichia_coli_002741215                 50.07%    passed     28.86%
 522  Escherichia_coli_002953075                 50.26%    passed     34.20%
 523  Pseudomonas_chlororaphis_003851265         50.11%    passed     92.24%
 524  Neisseria_meningitidis_001698045           50.04%    passed     90.82%
 525  Pseudomonas_syringae_000344335             49.90%    passed     98.34%
 526  Pseudomonas_syringae_900235905             49.93%    passed     98.11%
 527  Helicobacter_pylori_000023805              50.53%    failed      0.02%
 528  Escherichia_coli_001901315                 49.70%    passed     34.52%
 529  Neisseria_meningitidis_001697125           50.05%    passed     96.48%
 530  Salmonella_enterica_002761015              48.76%    passed      9.23%
 531  Neisseria_meningitidis_001697945           50.19%    passed     94.02%
 532  Pseudomonas_aeruginosa_001516005           49.96%    passed     94.25%
 533  Neisseria_elongata_003351685               50.10%    passed     97.42%
 534  Pseudomonas_mendocina_000204295            49.94%    passed     96.41%
 535  Pseudomonas_aeruginosa_900618285           50.02%    passed     94.02%
 536  Pseudomonas_syringae_900235865             49.98%    passed     95.65%
 537  Pseudomonas_syringae_900289125             49.96%    passed     97.53%
 538  Pseudomonas_aeruginosa_000271365           49.95%    passed     94.79%
 539  Pseudomonas_aeruginosa_002968955           50.03%    passed     95.04%
 540  Escherichia_coli_002211725                 50.05%    passed     36.69%
 541  Escherichia_coli_000022225                 49.86%    passed     43.74%
 542  Pseudomonas_chlororaphis_003850445         49.99%    passed     90.66%
 543  Pseudomonas_chlororaphis_003850505         49.99%    passed     90.66%
 544  Pseudomonas_aeruginosa_001542835           49.96%    passed     94.19%
 545  Helicobacter_pylori_000829115              50.56%    failed      0.02%
 546  Pseudomonas_fluorescens_001708485          50.14%    passed     90.28%
 547  Helicobacter_pylori_000600225              50.55%    failed      0.02%
 548  Pseudomonas_mendocina_900636545            50.43%    passed     96.80%
 549  Helicobacter_pylori_000600085              50.55%    failed      0.02%
 550  Neisseria_meningitidis_001698005           50.21%    passed     92.57%
 551  Pseudomonas_chlororaphis_003850345         49.98%    passed     88.07%
 552  Leptospira_interrogans_000007685           49.66%    passed     71.55%
 553  Escherichia_coli_003591595                 50.22%    passed     33.82%
 554  Pseudomonas_syringae_003665415             49.94%    passed     98.67%
 555  Escherichia_coli_000219515                 49.97%    passed     44.56%
 556  Escherichia_coli_002899495                 50.26%    passed     34.20%
 557  Pseudomonas_syringae_004006335             50.03%    passed     91.20%
 558  Escherichia_coli_002164595                 49.71%    passed     43.17%
 559  Pseudomonas_chlororaphis_003851205         49.98%    passed     88.26%
 560  Escherichia_coli_002741555                 50.17%    passed     38.85%
 561  Helicobacter_pylori_000224535              50.53%    failed      0.01%
 562  Neisseria_gonorrhoeae_002073535            50.07%    passed     87.52%
 563  Pseudomonas_aeruginosa_001722005           49.95%    passed     94.22%
 564  Salmonella_enterica_000973665              50.04%    passed     16.59%
 565  Pseudomonas_putida_000498395               49.98%    passed     99.35%
 566  Pseudomonas_chlororaphis_003851405         49.98%    passed     90.25%
 567  Salmonella_enterica_003589805              48.02%    passed     19.99%
 568  Pseudomonas_stutzeri_001648195             49.96%    passed     95.81%
 569  Neisseria_gonorrhoeae_900186875            50.04%    passed     82.06%
 570  Escherichia_coli_001677475                 50.15%    passed     43.61%
 571  Helicobacter_pylori_001991095              50.55%    failed      0.02%
 572  Helicobacter_pylori_000315955              50.51%    failed      0.02%
 573  Pseudomonas_protegens_000012265            49.85%    passed     88.81%
 574  Salmonella_enterica_003718235              48.59%    passed     16.13%
 575  Helicobacter_pylori_001653395              50.53%    failed      0.01%
 576  Escherichia_coli_003018395                 49.74%    passed     30.65%
 577  Neisseria_meningitidis_900638605           50.07%    passed     96.58%
 578  Leptospira_borgpetersenii_003254845        42.37%    failed      1.07%
 579  Helicobacter_cinaedi_003214155             50.66%    failed      0.01%
 580  Salmonella_enterica_000973685              49.32%    passed     22.53%
 581  Pseudomonas_putida_000016865               49.97%    passed     98.82%
 582  Neisseria_meningitidis_001697585           50.09%    passed     91.16%
 583  Helicobacter_pylori_000829135              50.54%    failed      0.02%
 584  Salmonella_enterica_002234755              48.58%    passed      9.89%
 585  Helicobacter_pylori_001433495              50.63%    failed      0.01%
 586  Pseudomonas_mendocina_003008615            49.96%    passed     93.86%
 587  Neisseria_gonorrhoeae_001661085            50.04%    passed     86.96%
 588  Escherichia_coli_000148605                 49.73%    passed     40.51%
 589  Helicobacter_pylori_000185225              50.57%    failed      0.02%
 590  Helicobacter_pylori_002952455              50.55%    failed      0.02%
 591  Neisseria_meningitidis_000191445           50.04%    passed     92.52%
 592  Helicobacter_pylori_000185245              50.55%    failed      0.01%
 593  Pseudomonas_frederiksbergensis_002355315   50.01%    passed     96.05%
 594  Leptospira_borgpetersenii_000013945        42.34%    failed      0.93%
 595  Neisseria_meningitidis_001697865           50.17%    passed     97.30%
 596  Helicobacter_pylori_001653375              50.53%    failed      0.01%
 597  Leptospira_mayottensis_000306675           49.75%    passed     79.89%
 598  Pseudomonas_protegens_000828695            49.83%    passed     89.47%
 599  Salmonella_enterica_003073555              48.56%    passed     15.27%
 600  Pseudomonas_aeruginosa_000014625           49.99%    passed     94.63%
 601  Pseudomonas_putida_000019445               49.96%    passed     97.79%
 602  Pseudomonas_stutzeri_001038645             49.89%    passed     99.15%
 603  Pseudomonas_protegens_002006545            49.86%    passed     88.61%
 604  Pseudomonas_aeruginosa_001516325           49.99%    passed     94.04%
 605  Escherichia_coli_001558995                 49.86%    passed     43.74%
 606  Helicobacter_pylori_000185205              50.53%    failed      0.02%
 607  Escherichia_coli_003018275                 49.99%    passed     36.74%
 608  Neisseria_meningitidis_001698025           50.10%    passed     96.73%
 609  Helicobacter_pylori_900120335              50.54%    failed      0.03%
 610  Neisseria_meningitidis_003355415           50.07%    passed     93.20%
 611  Escherichia_coli_001651965                 49.80%    passed     38.01%
 612  Escherichia_coli_003018095                 49.80%    passed     36.47%
 613  Pseudomonas_aeruginosa_002205375           49.97%    passed     94.76%
 614  Escherichia_coli_001890265                 49.78%    passed     37.82%
 615  Helicobacter_pylori_000213135              50.53%    failed      0.02%
 616  Escherichia_coli_002201835                 50.10%    passed     33.26%
 617  Neisseria_gonorrhoeae_900186915            50.06%    passed     83.26%
 618  Pseudomonas_syringae_900235825             50.04%    passed     96.35%
 619  Escherichia_coli_000023365                 50.27%    passed     39.90%
 620  Neisseria_lactamica_000196295              50.08%    passed     74.68%
 621  Neisseria_meningitidis_001697845           50.18%    passed     97.31%
 622  Pseudomonas_chlororaphis_003851345         50.01%    passed     89.72%
 623  Escherichia_coli_001682305                 50.06%    passed     28.65%
 624  Pseudomonas_aeruginosa_001516245           49.98%    passed     94.58%
 625  Pseudomonas_putida_000019125               49.96%    passed     97.87%
 626  Helicobacter_pylori_002906515              50.56%    failed      0.02%
 627  Pseudomonas_fluorescens_000012445          49.90%    passed     95.35%
 628  Helicobacter_pylori_001653415              50.54%    failed      0.01%
 629  Pseudomonas_fluorescens_900636635          50.04%    passed     94.45%
 630  Salmonella_enterica_000018705              50.07%    passed     24.62%
 631  Helicobacter_pylori_002906535              50.56%    failed      0.02%
 632  Pseudomonas_aeruginosa_000508765           49.93%    passed     94.70%
 633  Pseudomonas_putida_000495455               49.90%    passed     98.74%
 634  Escherichia_coli_900636055                 50.09%    passed     32.50%
 635  Neisseria_meningitidis_002075815           50.06%    passed     91.10%
 636  Escherichia_coli_003018935                 49.93%    passed     31.54%
 637  Helicobacter_pylori_900478295              50.56%    failed      0.01%
 638  Neisseria_meningitidis_000152165           50.04%    passed     93.15%
 639  Pseudomonas_aeruginosa_001594325           49.96%    passed     93.54%
 640  Leptospira_borgpetersenii_003516145        49.67%    passed     90.43%
 641  Salmonella_enterica_000430165              48.60%    passed     12.86%
 642  Pseudomonas_aeruginosa_003429185           50.04%    passed     93.87%
 643  Neisseria_gonorrhoeae_003855435            50.07%    passed     83.59%
 644  Salmonella_enterica_900635725              48.31%    failed      4.48%
 645  Salmonella_enterica_003717475              48.60%    passed     15.44%
 646  Pseudomonas_aeruginosa_900069025           49.97%    passed     95.19%
 647  Pseudomonas_syringae_002024285             49.86%    passed     98.77%
 648  Pseudomonas_stutzeri_000013785             50.33%    passed     96.84%
 649  Salmonella_enterica_001975445              48.69%    passed     18.35%
 650  Salmonella_enterica_001540845              48.99%    passed     13.72%
 651  Pseudomonas_syringae_001913235             49.86%    passed     98.77%
 652  Salmonella_bongori_000439255               49.17%    failed      1.86%
 653  Pseudomonas_putida_001886975               49.99%    passed     97.97%
 654  Neisseria_lactamica_003351565              50.10%    passed     62.30%
 655  Helicobacter_pylori_000013245              50.54%    failed      0.02%
 656  Salmonella_enterica_000623295              48.37%    passed     15.11%
 657  Pseudomonas_stutzeri_000219605             49.93%    passed     98.03%
 658  Neisseria_gonorrhoeae_000006845            50.02%    passed     87.92%
 659  Neisseria_meningitidis_000800415           50.04%    passed     90.82%
 660  Salmonella_enterica_001956735              48.43%    passed     14.68%
 661  Pseudomonas_aeruginosa_900636975           50.04%    passed     95.37%
 662  Pseudomonas_aeruginosa_001606045           49.94%    passed     94.78%
 663  Helicobacter_pylori_002906495              50.56%    failed      0.02%
 664  Pseudomonas_aeruginosa_003204335           50.03%    passed     94.45%
 665  Escherichia_coli_002903125                 49.98%    passed     35.00%
 666  Leptospira_interrogans_001047635           49.69%    passed     69.64%
 667  Helicobacter_pylori_003640585              50.73%    failed      0.01%
 668  Helicobacter_pylori_000348885              50.52%    failed      0.01%
 669  Pseudomonas_aeruginosa_001721765           49.98%    passed     94.04%
 670  Pseudomonas_syringae_000012245             50.26%    passed     95.09%
 671  Pseudomonas_syringae_003047185             50.07%    passed     96.35%
 672  Helicobacter_pylori_000148855              50.55%    failed      0.02%
 673  Salmonella_enterica_000272735              49.27%    passed     26.58%
 674  Pseudomonas_aeruginosa_001045685           49.95%    passed     94.79%
 675  Pseudomonas_putida_000219705               50.08%    passed     98.95%
 676  Salmonella_enterica_003073575              49.24%    passed      9.68%
 677  Pseudomonas_stutzeri_000590475             49.94%    passed     96.33%
 678  Escherichia_coli_001753525                 49.74%    passed     35.67%
 679  Helicobacter_cinaedi_000349975             50.64%    failed      0.01%
 680  Neisseria_meningitidis_003355255           50.07%    passed     91.50%
 681  Pseudomonas_stutzeri_900638035             50.01%    passed     98.77%
 682  Leptospira_interrogans_001010765           49.66%    passed     72.50%
 683  Pseudomonas_fluorescens_000262325          49.95%    passed     82.56%
 684  Helicobacter_pylori_000826985              50.54%    failed      0.02%
 685  Pseudomonas_orientalis_003851645           50.10%    passed     94.47%
 686  Pseudomonas_putida_001767335               49.85%    passed     99.04%
 687  Pseudomonas_aeruginosa_900618255           50.04%    passed     93.48%
 688  Escherichia_coli_000184185                 50.19%    passed     36.61%
 689  Pseudomonas_aeruginosa_003319235           50.03%    passed     94.45%
 690  Helicobacter_pylori_001433515              50.57%    failed      0.02%
 691  Escherichia_coli_002009315                 49.92%    passed     39.64%
 692  Escherichia_coli_003111785                 49.73%    passed     35.97%
 693  Pseudomonas_brassicacearum_000194805       49.92%    passed     94.05%
 694  Pseudomonas_brassicacearum_000585995       49.96%    passed     93.45%
 695  Neisseria_meningitidis_001697345           50.18%    passed     97.60%
 696  Escherichia_coli_002853655                 49.99%    passed     32.55%
 697  Escherichia_coli_001936315                 50.14%    passed     27.27%
 698  Escherichia_coli_003966775                 49.87%    passed     38.74%
 699  Pseudomonas_aeruginosa_900149285           49.94%    passed     94.76%
 700  Escherichia_coli_000010485                 49.89%    passed     33.46%
 701  Neisseria_meningitidis_003355315           50.08%    passed     92.47%
 702  Salmonella_enterica_001620155              48.51%    passed     15.49%
 703  Pseudomonas_aeruginosa_003798105           50.05%    passed     93.94%
 704  Helicobacter_pylori_900120225              50.54%    failed      0.03%
 705  Helicobacter_pylori_900638475              50.56%    failed      0.01%
 706  Pseudomonas_aeruginosa_900095805           49.96%    passed     94.66%
 707  Helicobacter_pylori_002952615              50.55%    failed      0.02%
 708  Pseudomonas_aeruginosa_000271985           49.97%    passed     94.70%
 709  Escherichia_coli_001280385                 49.85%    passed     40.07%
 710  Pseudomonas_chlororaphis_003008635         49.97%    passed     89.36%
 711  Neisseria_meningitidis_000191425           50.05%    passed     94.45%
 712  Neisseria_meningitidis_001697805           50.24%    passed     92.74%
 713  Pseudomonas_aeruginosa_003812905           50.02%    passed     94.99%
 714  Helicobacter_pylori_900120255              50.54%    failed      0.03%
 715  Leptospira_borgpetersenii_003716785        42.36%    failed      0.93%
 716  Neisseria_meningitidis_001697745           50.19%    passed     92.10%
 717  Salmonella_enterica_000486445              49.22%    passed      7.89%
 718  Helicobacter_pylori_002222575              50.52%    failed      0.02%
 719  Pseudomonas_chlororaphis_003851385         49.99%    passed     88.01%
 720  Helicobacter_pylori_000277425              50.57%    failed      0.03%
 721  Salmonella_enterica_001975325              48.23%    passed     11.54%
 722  Pseudomonas_chlororaphis_003851785         49.97%    passed     94.93%
 723  Neisseria_meningitidis_003355335           50.06%    passed     91.63%
 724  Pseudomonas_aeruginosa_003408495           50.03%    passed     94.07%
 725  Salmonella_enterica_002763415              48.76%    passed      9.23%
 726  Neisseria_meningitidis_001697645           50.19%    passed     94.02%
 727  Salmonella_enterica_001305235              48.43%    passed     14.31%
 728  Pseudomonas_chlororaphis_003850525         50.01%    passed     90.41%
 729  Helicobacter_pylori_000224575              50.52%    failed      0.01%
 730  Neisseria_gonorrhoeae_003571445            50.09%    passed     83.07%
 731  Salmonella_enterica_003718595              48.63%    passed     16.26%
 732  Escherichia_coli_003204155                 50.11%    passed     38.64%
 733  Neisseria_gonorrhoeae_002073615            50.08%    passed     84.88%
 734  Neisseria_meningitidis_001697925           50.04%    passed     90.82%
 735  Salmonella_enterica_002386325              47.85%    passed     23.58%
 736  Escherichia_coli_000671295                 49.86%    passed     37.68%
 737  Pseudomonas_aeruginosa_003073615           50.03%    passed     94.45%
 738  Pseudomonas_orientalis_003852045           50.06%    passed     93.69%
 739  Pseudomonas_monteilii_000510325            49.89%    passed     99.27%
 740  Pseudomonas_syringae_002763655             49.94%    passed     98.34%
 741  Salmonella_enterica_002984035              48.55%    passed     12.16%
 742  Leptospira_borgpetersenii_001444465        49.67%    passed     88.50%
 743  Escherichia_coli_003410275                 50.24%    passed     43.08%
 744  Neisseria_meningitidis_000253215           50.02%    passed     91.72%
 745  Escherichia_coli_003571665                 49.89%    passed     33.10%
 746  Escherichia_albertii_002895205             49.91%    passed     31.21%
 747  Neisseria_meningitidis_001697705           50.19%    passed     94.02%
 748  Pseudomonas_putida_000271965               49.92%    passed     99.01%
 749  Helicobacter_pylori_000008525              49.53%    failed      0.00%
 750  Salmonella_enterica_000940895              48.97%    passed     13.98%
 751  Pseudomonas_chlororaphis_000761195         49.94%    passed     90.87%
 752  Neisseria_meningitidis_001697565           50.06%    passed     91.67%
 753  Helicobacter_pylori_000277405              50.52%    failed      0.01%
 754  Pseudomonas_stutzeri_000195105             49.85%    passed     98.78%
 755  Pseudomonas_aeruginosa_001721805           49.98%    passed     94.04%
 756  Pseudomonas_chlororaphis_000698865         49.90%    passed     89.35%
 757  Neisseria_meningitidis_000787195           50.05%    passed     89.97%
 758  Helicobacter_pylori_000685705              50.55%    failed      0.01%
WARNING: 371 sequences contain more than 50% gaps/ambiguity
****  TOTAL                                      49.80%  115 sequences failed composition chi2 test (p-value<5%; df=3)
NOTE: Neisseria_meningitidis_001697425 is identical to Neisseria_meningitidis_001697305 but kept for subsequent analysis
NOTE: Leptospira_mayottensis_000306675 is identical to Leptospira_mayottensis_003429525 but kept for subsequent analysis
NOTE: Pseudomonas_aeruginosa_001750705 is identical to Pseudomonas_aeruginosa_001516205 but kept for subsequent analysis
NOTE: Neisseria_meningitidis_001697985 is identical to Neisseria_meningitidis_001697485 but kept for subsequent analysis
NOTE: Pseudomonas_aeruginosa_001900225 is identical to Pseudomonas_aeruginosa_001900265 but kept for subsequent analysis
NOTE: Pseudomonas_aeruginosa_003812885 is identical to Pseudomonas_aeruginosa_002812905 but kept for subsequent analysis
NOTE: Pseudomonas_aeruginosa_900149285 is identical to Pseudomonas_aeruginosa_002085605 but kept for subsequent analysis
NOTE: Helicobacter_pylori_002952575 is identical to Helicobacter_pylori_002952495 but kept for subsequent analysis
NOTE: Salmonella_enterica_003717795 is identical to Salmonella_enterica_003717955 but kept for subsequent analysis
NOTE: Pseudomonas_aeruginosa_900636755 is identical to Pseudomonas_aeruginosa_001687285 but kept for subsequent analysis
NOTE: Pseudomonas_aeruginosa_002237425 is identical to Pseudomonas_aeruginosa_002237405 but kept for subsequent analysis
NOTE: Helicobacter_pylori_900120205 is identical to Helicobacter_pylori_900120135 but kept for subsequent analysis
NOTE: Pseudomonas_chlororaphis_003850425 is identical to Pseudomonas_chlororaphis_003850405 but kept for subsequent analysis
NOTE: Pseudomonas_aeruginosa_002968695 is identical to Pseudomonas_aeruginosa_003206535 but kept for subsequent analysis
NOTE: Pseudomonas_aeruginosa_000829255 is identical to Pseudomonas_aeruginosa_000473745 but kept for subsequent analysis
NOTE: Neisseria_meningitidis_001697565 is identical to Neisseria_meningitidis_001698065 but kept for subsequent analysis
NOTE: Helicobacter_cinaedi_003213825 is identical to Helicobacter_cinaedi_003574195 but kept for subsequent analysis
NOTE: Pseudomonas_chlororaphis_003851165 is identical to Pseudomonas_chlororaphis_003851225 but kept for subsequent analysis
NOTE: Escherichia_coli_001559615 is identical to Escherichia_coli_000022665 but kept for subsequent analysis
NOTE: Pseudomonas_aeruginosa_900618315 is identical to Pseudomonas_aeruginosa_900618325 but kept for subsequent analysis
NOTE: Salmonella_enterica_000623615 is identical to Salmonella_enterica_000009505 but kept for subsequent analysis
NOTE: Neisseria_meningitidis_001697445 is identical to Neisseria_meningitidis_001697885 but kept for subsequent analysis
NOTE: Pseudomonas_chlororaphis_003851445 is identical to Pseudomonas_chlororaphis_003852005 but kept for subsequent analysis
NOTE: Escherichia_coli_002953075 is identical to Escherichia_coli_002952875 but kept for subsequent analysis
NOTE: Escherichia_coli_000010485 is identical to Escherichia_coli_001618325 but kept for subsequent analysis
NOTE: Pseudomonas_chlororaphis_003851405 is identical to Pseudomonas_chlororaphis_003851365 but kept for subsequent analysis
NOTE: Helicobacter_pylori_000829095 is identical to Helicobacter_pylori_000827025 but kept for subsequent analysis
NOTE: Helicobacter_pylori_002906515 is identical to Helicobacter_pylori_002906555 but kept for subsequent analysis
NOTE: Neisseria_meningitidis_001697825 is identical to Neisseria_meningitidis_001697785 but kept for subsequent analysis
NOTE: Pseudomonas_chlororaphis_003850385 is identical to Pseudomonas_chlororaphis_900636995 but kept for subsequent analysis
NOTE: Helicobacter_pylori_000307815 is identical to Helicobacter_pylori_000307835 but kept for subsequent analysis
NOTE: Salmonella_enterica_001540845 is identical to Salmonella_enterica_002210025 but kept for subsequent analysis
NOTE: Pseudomonas_chlororaphis_003851205 is identical to Pseudomonas_chlororaphis_003851805 but kept for subsequent analysis
NOTE: Pseudomonas_syringae_001913215 is identical to Pseudomonas_syringae_002024305 but kept for subsequent analysis
NOTE: Salmonella_enterica_003718195 is identical to Salmonella_enterica_003718655 but kept for subsequent analysis
NOTE: Neisseria_meningitidis_001697805 is identical to Neisseria_meningitidis_001697545 but kept for subsequent analysis
NOTE: Salmonella_enterica_000494385 is identical to Salmonella_enterica_001975345 but kept for subsequent analysis
NOTE: Pseudomonas_stutzeri_003952645 is identical to Pseudomonas_stutzeri_003952685 but kept for subsequent analysis
NOTE: Pseudomonas_aeruginosa_002208645 is identical to Pseudomonas_aeruginosa_001515915 but kept for subsequent analysis
NOTE: Pseudomonas_aeruginosa_001722025 is identical to Pseudomonas_aeruginosa_001721825 but kept for subsequent analysis
NOTE: Helicobacter_pylori_900478295 is identical to Helicobacter_pylori_003050665 but kept for subsequent analysis
NOTE: Leptospira_interrogans_001047635 is identical to Leptospira_interrogans_001047655 but kept for subsequent analysis
NOTE: Neisseria_meningitidis_001697665 is identical to Neisseria_meningitidis_001697765 but kept for subsequent analysis
NOTE: Neisseria_meningitidis_001697625 is identical to Neisseria_meningitidis_001697505 but kept for subsequent analysis
NOTE: Neisseria_meningitidis_002073555 is identical to Neisseria_meningitidis_002073275 but kept for subsequent analysis
NOTE: Salmonella_enterica_003717855 is identical to Salmonella_enterica_003717075 but kept for subsequent analysis
NOTE: Helicobacter_pylori_000498335 is identical to Helicobacter_pylori_000498315 but kept for subsequent analysis
NOTE: Neisseria_meningitidis_001697905 is identical to Neisseria_meningitidis_001697405 but kept for subsequent analysis
NOTE: Salmonella_enterica_001305235 is identical to Salmonella_enterica_002313105 but kept for subsequent analysis
NOTE: Neisseria_meningitidis_002073575 is identical to Neisseria_meningitidis_900638575 but kept for subsequent analysis
NOTE: Salmonella_enterica_003718595 is identical to Salmonella_enterica_003718555 but kept for subsequent analysis
NOTE: Helicobacter_pylori_000439295 is identical to Helicobacter_pylori_000392455 but kept for subsequent analysis
NOTE: Neisseria_meningitidis_003355415 is identical to Neisseria_meningitidis_002073595 but kept for subsequent analysis
NOTE: Pseudomonas_fluorescens_001708465 is identical to Pseudomonas_fluorescens_001708445 but kept for subsequent analysis
NOTE: Pseudomonas_syringae_003665415 is identical to Pseudomonas_syringae_000344475 but kept for subsequent analysis
NOTE: Leptospira_interrogans_000007685 is identical to Leptospira_interrogans_002073495 but kept for subsequent analysis
NOTE: Pseudomonas_aeruginosa_900095805 is identical to Pseudomonas_aeruginosa_001516365 but kept for subsequent analysis
NOTE: Salmonella_enterica_003589805 is identical to Salmonella_enterica_003595645 but kept for subsequent analysis
NOTE: Salmonella_enterica_000272755 is identical to Salmonella_enterica_000272715 but kept for subsequent analysis
NOTE: Escherichia_coli_000671295 is identical to Escherichia_coli_000520035 but kept for subsequent analysis
NOTE: Pseudomonas_aeruginosa_003408495 is identical to Pseudomonas_aeruginosa_003369735 but kept for subsequent analysis
NOTE: Pseudomonas_monteilii_000510325 is identical to Pseudomonas_monteilii_000510285 but kept for subsequent analysis
NOTE: Salmonella_enterica_002763415 is identical to Salmonella_enterica_002761015 but kept for subsequent analysis
NOTE: 57 identical sequences (see below) will be ignored for subsequent analysis
NOTE: Neisseria_meningitidis_001697685 (identical to Neisseria_meningitidis_001697305) is ignored but added at the end
NOTE: Neisseria_meningitidis_001697325 (identical to Neisseria_meningitidis_001697305) is ignored but added at the end
NOTE: Neisseria_meningitidis_001698005 (identical to Neisseria_meningitidis_001697305) is ignored but added at the end
NOTE: Neisseria_meningitidis_001697205 (identical to Neisseria_meningitidis_001697485) is ignored but added at the end
NOTE: Neisseria_meningitidis_001697165 (identical to Neisseria_meningitidis_001697485) is ignored but added at the end
NOTE: Neisseria_meningitidis_001698045 (identical to Neisseria_meningitidis_001697485) is ignored but added at the end
NOTE: Neisseria_meningitidis_000800415 (identical to Neisseria_meningitidis_001697485) is ignored but added at the end
NOTE: Neisseria_meningitidis_001697925 (identical to Neisseria_meningitidis_001697485) is ignored but added at the end
NOTE: Pseudomonas_aeruginosa_900069025 (identical to Pseudomonas_aeruginosa_001900265) is ignored but added at the end
NOTE: Pseudomonas_aeruginosa_003641125 (identical to Pseudomonas_aeruginosa_002812905) is ignored but added at the end
NOTE: Pseudomonas_aeruginosa_002812925 (identical to Pseudomonas_aeruginosa_002812905) is ignored but added at the end
NOTE: Pseudomonas_aeruginosa_003812905 (identical to Pseudomonas_aeruginosa_002812905) is ignored but added at the end
NOTE: Helicobacter_pylori_002952555 (identical to Helicobacter_pylori_002952495) is ignored but added at the end
NOTE: Helicobacter_pylori_002952475 (identical to Helicobacter_pylori_002952495) is ignored but added at the end
NOTE: Helicobacter_pylori_002952455 (identical to Helicobacter_pylori_002952495) is ignored but added at the end
NOTE: Helicobacter_pylori_002952615 (identical to Helicobacter_pylori_002952495) is ignored but added at the end
NOTE: Salmonella_enterica_003718615 (identical to Salmonella_enterica_003717955) is ignored but added at the end
NOTE: Pseudomonas_aeruginosa_001722005 (identical to Pseudomonas_aeruginosa_002237405) is ignored but added at the end
NOTE: Helicobacter_pylori_900120315 (identical to Helicobacter_pylori_900120135) is ignored but added at the end
NOTE: Helicobacter_pylori_900119955 (identical to Helicobacter_pylori_900120135) is ignored but added at the end
NOTE: Helicobacter_pylori_900119995 (identical to Helicobacter_pylori_900120135) is ignored but added at the end
NOTE: Helicobacter_pylori_900176185 (identical to Helicobacter_pylori_900120135) is ignored but added at the end
NOTE: Helicobacter_pylori_900120055 (identical to Helicobacter_pylori_900120135) is ignored but added at the end
NOTE: Helicobacter_pylori_900120335 (identical to Helicobacter_pylori_900120135) is ignored but added at the end
NOTE: Helicobacter_pylori_900120225 (identical to Helicobacter_pylori_900120135) is ignored but added at the end
NOTE: Helicobacter_pylori_900120255 (identical to Helicobacter_pylori_900120135) is ignored but added at the end
NOTE: Pseudomonas_chlororaphis_003850485 (identical to Pseudomonas_chlororaphis_003850405) is ignored but added at the end
NOTE: Pseudomonas_chlororaphis_003850505 (identical to Pseudomonas_chlororaphis_003850405) is ignored but added at the end
NOTE: Pseudomonas_aeruginosa_003204335 (identical to Pseudomonas_aeruginosa_003206535) is ignored but added at the end
NOTE: Pseudomonas_aeruginosa_003073615 (identical to Pseudomonas_aeruginosa_003206535) is ignored but added at the end
NOTE: Pseudomonas_aeruginosa_000284555 (identical to Pseudomonas_aeruginosa_000473745) is ignored but added at the end
NOTE: Pseudomonas_aeruginosa_000829275 (identical to Pseudomonas_aeruginosa_000473745) is ignored but added at the end
NOTE: Escherichia_coli_002090355 (identical to Escherichia_coli_000022665) is ignored but added at the end
NOTE: Pseudomonas_aeruginosa_900618275 (identical to Pseudomonas_aeruginosa_900618325) is ignored but added at the end
NOTE: Salmonella_enterica_000623135 (identical to Salmonella_enterica_000009505) is ignored but added at the end
NOTE: Neisseria_meningitidis_001697965 (identical to Neisseria_meningitidis_001697885) is ignored but added at the end
NOTE: Neisseria_meningitidis_001697745 (identical to Neisseria_meningitidis_001697885) is ignored but added at the end
NOTE: Escherichia_coli_002899495 (identical to Escherichia_coli_002952875) is ignored but added at the end
NOTE: Helicobacter_pylori_000826985 (identical to Helicobacter_pylori_000827025) is ignored but added at the end
NOTE: Helicobacter_pylori_002906535 (identical to Helicobacter_pylori_002906555) is ignored but added at the end
NOTE: Helicobacter_pylori_002906495 (identical to Helicobacter_pylori_002906555) is ignored but added at the end
NOTE: Neisseria_meningitidis_001697945 (identical to Neisseria_meningitidis_001697785) is ignored but added at the end
NOTE: Neisseria_meningitidis_001697645 (identical to Neisseria_meningitidis_001697785) is ignored but added at the end
NOTE: Neisseria_meningitidis_001697705 (identical to Neisseria_meningitidis_001697785) is ignored but added at the end
NOTE: Pseudomonas_chlororaphis_003850365 (identical to Pseudomonas_chlororaphis_900636995) is ignored but added at the end
NOTE: Pseudomonas_syringae_000648735 (identical to Pseudomonas_syringae_002024305) is ignored but added at the end
NOTE: Pseudomonas_syringae_000344355 (identical to Pseudomonas_syringae_002024305) is ignored but added at the end
NOTE: Pseudomonas_syringae_002024285 (identical to Pseudomonas_syringae_002024305) is ignored but added at the end
NOTE: Pseudomonas_syringae_001913235 (identical to Pseudomonas_syringae_002024305) is ignored but added at the end
NOTE: Salmonella_enterica_003717355 (identical to Salmonella_enterica_003718655) is ignored but added at the end
NOTE: Salmonella_enterica_003717475 (identical to Salmonella_enterica_003718655) is ignored but added at the end
NOTE: Pseudomonas_aeruginosa_001542835 (identical to Pseudomonas_aeruginosa_001515915) is ignored but added at the end
NOTE: Pseudomonas_aeruginosa_001721765 (identical to Pseudomonas_aeruginosa_001721825) is ignored but added at the end
NOTE: Pseudomonas_aeruginosa_001721805 (identical to Pseudomonas_aeruginosa_001721825) is ignored but added at the end
NOTE: Neisseria_meningitidis_001697365 (identical to Neisseria_meningitidis_001697505) is ignored but added at the end
NOTE: Neisseria_meningitidis_001697845 (identical to Neisseria_meningitidis_001697505) is ignored but added at the end
NOTE: Neisseria_meningitidis_900638605 (identical to Neisseria_meningitidis_002073275) is ignored but added at the end

For your convenience alignment with unique sequences printed to 16S23S5S_consensus.fasta.uniqueseq.phy

Create initial parsimony tree by phylogenetic likelihood library (PLL)... 0.430 seconds

NOTE: 233 MB RAM (0 GB) is required!
Estimate model parameters (epsilon = 0.100)
1. Initial log-likelihood: -58852.877
2. Current log-likelihood: -54574.235
3. Current log-likelihood: -53983.056
4. Current log-likelihood: -53923.948
5. Current log-likelihood: -53919.619
6. Current log-likelihood: -53919.351
Optimal log-likelihood: -53919.324
Rate parameters:  A-C: 1.00000  A-G: 3.24501  A-T: 1.00000  C-G: 1.00000  C-T: 3.24501  G-T: 1.00000
Base frequencies:  A: 0.263  C: 0.220  G: 0.307  T: 0.210
Gamma shape alpha: 0.198
Parameters optimization took 6 rounds (7.398 sec)
Computing ML distances based on estimated model parameters... 26.735 sec
Computing BIONJ tree...
0.605 seconds
Log-likelihood of BIONJ tree: -57788.426
--------------------------------------------------------------------
|             INITIALIZING CANDIDATE TREE SET                      |
--------------------------------------------------------------------
Generating 98 parsimony trees... 48.758 second
Computing log-likelihood of 98 initial trees ... 39.528 seconds
Current best score: -53793.783

Do NNI search on 20 best initial trees
Estimate model parameters (epsilon = 0.100)
BETTER TREE FOUND at iteration 1: -53596.290
Iteration 10 / LogL: -53687.400 / Time: 0h:2m:42s
Iteration 20 / LogL: -53741.399 / Time: 0h:3m:44s
Finish initializing candidate tree set (20)
Current best tree score: -53596.290 / CPU time: 209.819
Number of iterations: 20
--------------------------------------------------------------------
|               OPTIMIZING CANDIDATE TREE SET                      |
--------------------------------------------------------------------
Estimate model parameters (epsilon = 0.100)
BETTER TREE FOUND at iteration 23: -53595.924
Estimate model parameters (epsilon = 0.100)
BETTER TREE FOUND at iteration 26: -53582.536
Iteration 30 / LogL: -53681.867 / Time: 0h:5m:1s (0h:16m:34s left)
Iteration 40 / LogL: -53593.436 / Time: 0h:6m:27s (0h:14m:12s left)
Estimate model parameters (epsilon = 0.100)
BETTER TREE FOUND at iteration 46: -53573.339
Iteration 50 / LogL: -53654.496 / Time: 0h:7m:35s (0h:14m:51s left)
Iteration 60 / LogL: -53703.416 / Time: 0h:8m:44s (0h:12m:43s left)
Iteration 70 / LogL: -53919.530 / Time: 0h:9m:52s (0h:10m:51s left)
Iteration 80 / LogL: -54232.045 / Time: 0h:10m:52s (0h:9m:4s left)
Iteration 90 / LogL: -53886.327 / Time: 0h:11m:58s (0h:7m:31s left)
Iteration 100 / LogL: -53594.132 / Time: 0h:13m:12s (0h:6m:8s left)
Iteration 110 / LogL: -53612.443 / Time: 0h:14m:20s (0h:4m:44s left)
Iteration 120 / LogL: -53623.534 / Time: 0h:15m:32s (0h:3m:23s left)
Iteration 130 / LogL: -53631.031 / Time: 0h:16m:41s (0h:2m:4s left)
Iteration 140 / LogL: -53720.383 / Time: 0h:17m:53s (0h:0m:46s left)
TREE SEARCH COMPLETED AFTER 147 ITERATIONS / Time: 0h:18m:48s

--------------------------------------------------------------------
|                    FINALIZING TREE SEARCH                        |
--------------------------------------------------------------------
Performs final model parameters optimization
Estimate model parameters (epsilon = 0.010)
1. Initial log-likelihood: -53573.339
Optimal log-likelihood: -53573.338
Rate parameters:  A-C: 1.00000  A-G: 3.25389  A-T: 1.00000  C-G: 1.00000  C-T: 3.25389  G-T: 1.00000
Base frequencies:  A: 0.263  C: 0.220  G: 0.307  T: 0.210
Gamma shape alpha: 0.196
Parameters optimization took 1 rounds (0.761 sec)
BEST SCORE FOUND : -53573.338
Total tree length: 9.525

Total number of iterations: 147
CPU time used for tree search: 8351.655 sec (2h:19m:11s)
Wall-clock time used for tree search: 1113.654 sec (0h:18m:33s)
Total CPU time used: 8459.408 sec (2h:20m:59s)
Total wall-clock time used: 1128.780 sec (0h:18m:48s)

Analysis results written to: 
  IQ-TREE report:                16S23S5S_consensus.fasta.iqtree
  Maximum-likelihood tree:       16S23S5S_consensus.fasta.treefile
  Likelihood distances:          16S23S5S_consensus.fasta.mldist
  Screen log file:               16S23S5S_consensus.fasta.log

Date and Time: Wed Feb 27 09:03:10 2019
