IQ-TREE multicore version 1.3.11.1 for Linux 64-bit built Feb  1 2016
Copyright (c) 2011-2015 Nguyen Lam Tung, Olga Chernomor, Arndt von Haeseler and Bui Quang Minh.

Host:    n114312.nbi.ac.uk (AVX2, FMA3, 15 GB RAM)
Command: iqtree-omp -s ./014_results/Staphylococcus.fasta -nt 8 -m HKY+G
Seed:    882015 (Using SPRNG - Scalable Parallel Random Number Generator)
Time:    Fri Feb 22 15:48:14 2019
Kernel:  AVX - 8 threads (8 CPU cores detected)

Reading alignment file ./014_results/Staphylococcus.fasta ... Fasta format detected
Alignment most likely contains DNA/RNA sequences
WARNING: 1 sites contain only gaps or ambiguous characters.
Alignment has 442 sequences with 7296 columns and 1456 patterns (986 informative sites)
                                          Gap/Ambiguity  Composition  p-value
   1  Staphylococcus_aureus_900324415_01         31.29%    passed     99.85%
   2  Staphylococcus_aureus_900324415_02         31.30%    passed     99.87%
   3  Staphylococcus_aureus_900324415_03         29.40%    passed     90.34%
   4  Staphylococcus_aureus_900324415_04         28.50%    passed     99.92%
   5  Staphylococcus_aureus_900324285_00         31.29%    passed     99.81%
   6  Staphylococcus_aureus_900324285_01         29.40%    passed     91.49%
   7  Staphylococcus_aureus_900324285_02         28.52%    passed     99.71%
   8  Staphylococcus_aureus_900324285_04         31.29%    passed     99.85%
   9  Staphylococcus_aureus_003354645_00         31.09%    passed     98.66%
  10  Staphylococcus_aureus_003354645_02         29.59%    passed     92.66%
  11  Staphylococcus_aureus_003354645_03         29.63%    passed     93.86%
  12  Staphylococcus_aureus_003354645_04         31.09%    passed     99.34%
  13  Staphylococcus_aureus_000967405_00         29.61%    passed     96.33%
  14  Staphylococcus_aureus_000967405_01         16.93%    passed     42.29%
  15  Staphylococcus_aureus_000967405_02         29.59%    passed     95.64%
  16  Staphylococcus_aureus_000967405_03         29.63%    passed     91.89%
  17  Staphylococcus_aureus_000967405_04         29.63%    passed     92.62%
  18  Staphylococcus_argenteus_002812345_00      30.85%    passed     97.65%
  19  Staphylococcus_argenteus_002812345_01      16.43%    passed     45.15%
  20  Staphylococcus_argenteus_002812345_02      29.55%    passed     97.53%
  21  Staphylococcus_argenteus_002812345_03      31.95%    passed     99.89%
  22  Staphylococcus_argenteus_002812345_04      30.59%    passed     98.13%
  23  Staphylococcus_aureus_900323965_00         30.21%    passed     81.60%
  24  Staphylococcus_aureus_900323965_01         30.26%    passed     99.53%
  25  Staphylococcus_aureus_900323965_02         31.07%    passed     99.58%
  26  Staphylococcus_aureus_900323965_03         31.32%    passed     99.93%
  27  Staphylococcus_aureus_900635265_00         31.09%    passed     99.06%
  28  Staphylococcus_aureus_900635265_02         29.58%    passed     97.16%
  29  Staphylococcus_aureus_900635265_03         30.25%    passed     96.25%
  30  Staphylococcus_aureus_900635265_04         28.59%    passed     74.90%
  31  Staphylococcus_xylosus_002078255_00        29.52%    passed     98.47%
  32  Staphylococcus_xylosus_002078255_01        32.03%    passed     98.20%
  33  Staphylococcus_xylosus_002078255_02        32.03%    passed     98.20%
  34  Staphylococcus_epidermidis_002085695_00    32.54%    passed     70.02%
  35  Staphylococcus_epidermidis_002085695_01    32.51%    passed     75.85%
  36  Staphylococcus_epidermidis_002085695_02    29.93%    passed     55.59%
  37  Staphylococcus_epidermidis_002085695_04    32.52%    passed     73.69%
  38  Staphylococcus_aureus_000024585_00         31.07%    passed     99.21%
  39  Staphylococcus_aureus_000024585_01         18.12%    passed     58.24%
  40  Staphylococcus_aureus_000024585_02         29.58%    passed     95.95%
  41  Staphylococcus_aureus_000024585_03         29.63%    passed     91.09%
  42  Staphylococcus_aureus_000024585_04         29.63%    passed     92.62%
  43  Staphylococcus_aureus_002000785_00         31.07%    passed     98.94%
  44  Staphylococcus_aureus_002000785_01         18.11%    passed     55.48%
  45  Staphylococcus_aureus_002000785_02         29.58%    passed     97.42%
  46  Staphylococcus_aureus_002000785_03         29.58%    passed     96.51%
  47  Staphylococcus_aureus_002000785_04         31.92%    passed     98.46%
  48  Staphylococcus_aureus_002355355_00         31.07%    passed     99.10%
  49  Staphylococcus_aureus_002355355_02         29.58%    passed     97.78%
  50  Staphylococcus_aureus_002355355_03         30.22%    passed     96.17%
  51  Staphylococcus_aureus_002355355_04         28.58%    passed     75.66%
  52  Staphylococcus_haemolyticus_000009865_00   31.48%    passed     98.22%
  53  Staphylococcus_haemolyticus_000009865_01   30.10%    passed     89.30%
  54  Staphylococcus_haemolyticus_000009865_02   29.92%    passed     83.70%
  55  Staphylococcus_haemolyticus_000009865_03   17.96%    passed     53.97%
  56  Staphylococcus_haemolyticus_000009865_04   31.50%    passed     98.81%
  57  Staphylococcus_aureus_001515705_00         31.09%    passed     99.57%
  58  Staphylococcus_aureus_001515705_01         18.08%    passed     54.18%
  59  Staphylococcus_aureus_001515705_02         29.52%    passed     98.39%
  60  Staphylococcus_aureus_001515705_03         28.56%    passed     76.95%
  61  Staphylococcus_aureus_001515705_04         28.59%    passed     73.93%
  62  Staphylococcus_aureus_000239235_00         31.92%    passed     98.18%
  63  Staphylococcus_aureus_000239235_01         18.38%    passed     59.74%
  64  Staphylococcus_aureus_000239235_02         29.58%    passed     95.78%
  65  Staphylococcus_aureus_000239235_03         30.03%    passed     92.67%
  66  Staphylococcus_aureus_000239235_04         30.26%    passed     98.82%
  67  Staphylococcus_aureus_003288395_00         31.09%    passed     99.06%
  68  Staphylococcus_aureus_003288395_01         30.26%    passed     99.44%
  69  Staphylococcus_aureus_003288395_02         31.09%    passed     99.25%
  70  Staphylococcus_aureus_003288395_03         29.59%    passed     94.74%
  71  Staphylococcus_aureus_003354865_00         29.65%    passed     94.45%
  72  Staphylococcus_aureus_003354865_02         28.54%    passed     99.99%
  73  Staphylococcus_aureus_003354865_03         28.59%    passed     73.93%
  74  Staphylococcus_aureus_003354865_04         28.59%    passed     73.93%
  75  Staphylococcus_aureus_003193705_00         31.11%    passed     98.72%
  76  Staphylococcus_aureus_003193705_01         18.16%    passed     59.13%
  77  Staphylococcus_aureus_003193705_02         29.61%    passed     96.23%
  78  Staphylococcus_aureus_003193705_03         29.74%    passed     90.86%
  79  Staphylococcus_aureus_003193705_04         29.67%    passed     92.09%
  80  Staphylococcus_aureus_900478245_00         30.28%    passed     99.32%
  81  Staphylococcus_aureus_900478245_01         16.45%    passed     48.54%
  82  Staphylococcus_aureus_900478245_02         29.58%    passed     94.58%
  83  Staphylococcus_aureus_900478245_03         31.06%    passed     99.75%
  84  Staphylococcus_aureus_900478245_04         30.04%    passed     99.39%
  85  Staphylococcus_warneri_900636265_00        30.93%    passed     97.49%
  86  Staphylococcus_warneri_900636265_01        30.95%    passed     97.90%
  87  Staphylococcus_warneri_900636265_02        30.28%    passed     86.94%
  88  Staphylococcus_warneri_900636265_04        30.83%    passed     95.16%
  89  Staphylococcus_aureus_000967345_00         29.58%    passed     96.72%
  90  Staphylococcus_aureus_000967345_01         18.12%    passed     59.43%
  91  Staphylococcus_aureus_000967345_02         29.58%    passed     94.78%
  92  Staphylococcus_aureus_000967345_03         29.63%    passed     91.89%
  93  Staphylococcus_aureus_000967345_04         29.63%    passed     92.62%
  94  Staphylococcus_warneri_003691405_00        30.96%    passed     97.26%
  95  Staphylococcus_warneri_003691405_01        30.96%    passed     97.25%
  96  Staphylococcus_warneri_003691405_02        30.29%    passed     85.22%
  97  Staphylococcus_warneri_003691405_03        18.28%    passed     65.41%
  98  Staphylococcus_warneri_003691405_04        30.98%    passed     97.31%
  99  Staphylococcus_aureus_002386245_00         31.11%    passed     98.87%
 100  Staphylococcus_aureus_002386245_02         29.59%    passed     97.73%
 101  Staphylococcus_aureus_002386245_03         28.59%    passed     75.44%
 102  Staphylococcus_aureus_002386245_04         28.60%    passed     72.84%
 103  Staphylococcus_lugdunensis_000025085_00    29.47%    passed     96.58%
 104  Staphylococcus_lugdunensis_000025085_01    28.50%    passed     90.52%
 105  Staphylococcus_lugdunensis_000025085_02    28.11%    passed     96.90%
 106  Staphylococcus_lugdunensis_000025085_04    28.50%    passed     88.82%
 107  Staphylococcus_caprae_003966625_00         32.51%    passed     57.84%
 108  Staphylococcus_caprae_003966625_01         32.52%    passed     58.47%
 109  Staphylococcus_caprae_003966625_02         30.48%    passed     30.78%
 110  Staphylococcus_caprae_003966625_03         18.54%    passed     27.03%
 111  Staphylococcus_caprae_003966625_04         32.52%    passed     55.10%
 112  Staphylococcus_aureus_002089095_00         29.65%    passed     95.78%
 113  Staphylococcus_aureus_002089095_02         28.36%    passed     72.27%
 114  Staphylococcus_aureus_002089095_03         29.41%    passed     92.07%
 115  Staphylococcus_aureus_002089095_04         31.29%    passed     99.87%
 116  Staphylococcus_aureus_003193725_00         31.09%    passed     98.92%
 117  Staphylococcus_aureus_003193725_02         29.59%    passed     97.30%
 118  Staphylococcus_aureus_003193725_03         31.94%    passed     98.09%
 119  Staphylococcus_aureus_003193725_04         31.94%    passed     98.22%
 120  Staphylococcus_aureus_003347055_00         31.72%    passed     98.25%
 121  Staphylococcus_aureus_003347055_02         28.54%    passed     99.99%
 122  Staphylococcus_aureus_003347055_03         28.37%    passed     68.19%
 123  Staphylococcus_aureus_003347055_04         28.59%    passed     72.98%
 124  Staphylococcus_aureus_001641025_00         31.07%    passed     99.10%
 125  Staphylococcus_aureus_001641025_01         18.09%    passed     56.66%
 126  Staphylococcus_aureus_001641025_02         29.58%    passed     97.19%
 127  Staphylococcus_aureus_001641025_03         28.58%    passed     77.48%
 128  Staphylococcus_aureus_001641025_04         28.58%    passed     69.81%
 129  Staphylococcus_aureus_000953255_00         29.58%    passed     94.92%
 130  Staphylococcus_aureus_000953255_01         29.58%    passed     94.94%
 131  Staphylococcus_aureus_000953255_02         17.72%    passed     50.07%
 132  Staphylococcus_aureus_000953255_03         31.06%    passed     99.68%
 133  Staphylococcus_aureus_000953255_04         30.03%    passed     99.04%
 134  Staphylococcus_aureus_002089055_00         29.63%    passed     95.50%
 135  Staphylococcus_aureus_002089055_02         28.51%    passed     99.72%
 136  Staphylococcus_aureus_002089055_03         29.39%    passed     91.26%
 137  Staphylococcus_aureus_002089055_04         31.28%    passed     99.85%
 138  Staphylococcus_aureus_002795285_00         30.24%    passed     98.49%
 139  Staphylococcus_aureus_002795285_01         16.86%    passed     51.85%
 140  Staphylococcus_aureus_002795285_02         28.50%    passed    100.00%
 141  Staphylococcus_aureus_002795285_03         28.51%    passed     73.48%
 142  Staphylococcus_aureus_002795285_04         31.94%    passed     98.48%
 143  Staphylococcus_condimenti_900637235_00     32.74%    passed     17.81%
 144  Staphylococcus_condimenti_900637235_01     35.21%    passed      7.43%
 145  Staphylococcus_condimenti_900637235_02     30.19%    passed     16.08%
 146  Staphylococcus_condimenti_900637235_04     32.76%    passed     14.94%
 147  Staphylococcus_aureus_001021895_00         31.07%    passed     98.94%
 148  Staphylococcus_aureus_001021895_02         29.58%    passed     97.42%
 149  Staphylococcus_aureus_001021895_03         31.92%    passed     98.31%
 150  Staphylococcus_aureus_001021895_04         31.92%    passed     98.46%
 151  Staphylococcus_warneri_003571725_00        30.95%    passed     96.11%
 152  Staphylococcus_warneri_003571725_01        30.93%    passed     97.13%
 153  Staphylococcus_warneri_003571725_02        30.30%    passed     84.32%
 154  Staphylococcus_warneri_003571725_04        30.93%    passed     97.32%
 155  Staphylococcus_aureus_003186105_00         30.28%    passed     98.58%
 156  Staphylococcus_aureus_003186105_02         30.03%    passed     91.76%
 157  Staphylococcus_aureus_003186105_03         29.59%    passed     97.32%
 158  Staphylococcus_aureus_003186105_04         31.94%    passed     99.08%
 159  Staphylococcus_aureus_900474695_00         31.09%    passed     99.41%
 160  Staphylococcus_aureus_900474695_02         28.52%    passed     99.94%
 161  Staphylococcus_aureus_900474695_03         30.25%    passed     95.27%
 162  Staphylococcus_aureus_900474695_04         31.09%    passed     99.34%
 163  Staphylococcus_haemolyticus_002952715_00   31.52%    passed     98.33%
 164  Staphylococcus_haemolyticus_002952715_01   31.52%    passed     98.69%
 165  Staphylococcus_haemolyticus_002952715_03   29.93%    passed     81.02%
 166  Staphylococcus_haemolyticus_002952715_04   30.14%    passed     92.47%
 167  Staphylococcus_aureus_002633865_00         31.07%    passed     98.98%
 168  Staphylococcus_aureus_002633865_02         29.58%    passed     96.94%
 169  Staphylococcus_aureus_002633865_03         29.63%    passed     92.62%
 170  Staphylococcus_aureus_002633865_04         29.63%    passed     93.28%
 171  Staphylococcus_aureus_003354905_00         31.09%    passed     98.66%
 172  Staphylococcus_aureus_003354905_02         29.58%    passed     93.18%
 173  Staphylococcus_aureus_003354905_03         29.63%    passed     93.86%
 174  Staphylococcus_aureus_003354905_04         31.09%    passed     99.01%
 175  Staphylococcus_aureus_001611365_00         31.10%    passed     99.23%
 176  Staphylococcus_aureus_001611365_02         31.09%    passed     99.08%
 177  Staphylococcus_aureus_001611365_03         31.07%    passed     98.93%
 178  Staphylococcus_aureus_001611365_04         29.65%    passed     92.17%
 179  Staphylococcus_lugdunensis_002591215_01    29.45%    passed     96.58%
 180  Staphylococcus_lugdunensis_002591215_02    29.45%    passed     95.89%
 181  Staphylococcus_lugdunensis_002591215_03    29.48%    passed     93.22%
 182  Staphylococcus_lugdunensis_002591215_04    27.11%    passed     99.27%
 183  Staphylococcus_aureus_002633845_00         31.07%    passed     99.36%
 184  Staphylococcus_aureus_002633845_02         29.58%    passed     94.92%
 185  Staphylococcus_aureus_002633845_03         31.07%    passed     99.27%
 186  Staphylococcus_aureus_002633845_04         30.24%    passed     99.38%
 187  Staphylococcus_aureus_002442975_00         31.07%    passed     99.26%
 188  Staphylococcus_aureus_002442975_02         29.58%    passed     95.80%
 189  Staphylococcus_aureus_002442975_03         31.70%    passed     98.54%
 190  Staphylococcus_aureus_002442975_04         30.26%    passed     99.44%
 191  Staphylococcus_aureus_002000605_00         31.07%    passed     98.94%
 192  Staphylococcus_aureus_002000605_01         18.11%    passed     55.48%
 193  Staphylococcus_aureus_002000605_02         29.58%    passed     97.42%
 194  Staphylococcus_aureus_002000605_03         29.58%    passed     96.51%
 195  Staphylococcus_aureus_002000605_04         31.92%    passed     98.46%
 196  Staphylococcus_aureus_000452385_01         23.40%    passed     10.01%
 197  Staphylococcus_aureus_000452385_02         28.58%    passed     75.96%
 198  Staphylococcus_aureus_000452385_03         78.66%    passed     27.38%
 199  Staphylococcus_aureus_000452385_04         57.44%    passed     73.03%
 200  Staphylococcus_aureus_000452385_05         28.59%    passed     76.42%
 201  Staphylococcus_aureus_003193785_00         28.59%    passed     68.83%
 202  Staphylococcus_aureus_003193785_01         28.37%    passed     67.52%
 203  Staphylococcus_aureus_003193785_02         28.54%    passed     99.94%
 204  Staphylococcus_aureus_003193785_04         31.72%    passed     98.11%
 205  Staphylococcus_aureus_900324295_00         28.52%    passed     99.57%
 206  Staphylococcus_aureus_900324295_01         29.40%    passed     91.49%
 207  Staphylococcus_aureus_900324295_02         31.29%    passed     99.86%
 208  Staphylococcus_aureus_900324295_03         31.29%    passed     99.85%
 209  Staphylococcus_aureus_002000865_00         31.07%    passed     98.94%
 210  Staphylococcus_aureus_002000865_01         18.11%    passed     55.48%
 211  Staphylococcus_aureus_002000865_02         29.58%    passed     97.42%
 212  Staphylococcus_aureus_002000865_03         29.58%    passed     96.51%
 213  Staphylococcus_aureus_002000865_04         31.92%    passed     98.46%
 214  Staphylococcus_aureus_001717975_00         29.59%    passed     95.83%
 215  Staphylococcus_aureus_001717975_02         31.09%    passed     98.02%
 216  Staphylococcus_aureus_001717975_03         31.94%    passed     98.67%
 217  Staphylococcus_aureus_001717975_04         31.94%    passed     98.09%
 218  Staphylococcus_aureus_003595505_00         31.09%    passed     98.92%
 219  Staphylococcus_aureus_003595505_01         18.11%    passed     55.48%
 220  Staphylococcus_aureus_003595505_02         29.59%    passed     97.30%
 221  Staphylococcus_aureus_003595505_03         29.59%    passed     96.38%
 222  Staphylococcus_aureus_003595505_04         31.94%    passed     98.22%
 223  Staphylococcus_aureus_002140115_00         31.70%    passed     98.65%
 224  Staphylococcus_aureus_002140115_02         29.58%    passed     96.09%
 225  Staphylococcus_aureus_002140115_03         28.58%    passed     72.78%
 226  Staphylococcus_aureus_002140115_04         28.58%    passed     71.49%
 227  Staphylococcus_aureus_001018775_00         29.59%    passed     96.10%
 228  Staphylococcus_aureus_001018775_01         29.65%    passed     92.24%
 229  Staphylococcus_aureus_001018775_02         29.65%    passed     92.96%
 230  Staphylococcus_aureus_001018775_03         31.09%    passed     98.82%
 231  Staphylococcus_aureus_001021875_00         31.07%    passed     99.21%
 232  Staphylococcus_aureus_001021875_02         29.58%    passed     97.42%
 233  Staphylococcus_aureus_001021875_03         31.92%    passed     98.62%
 234  Staphylococcus_aureus_001021875_04         31.92%    passed     98.46%
 235  Staphylococcus_aureus_000144955_00         31.07%    passed     99.19%
 236  Staphylococcus_aureus_000144955_01         17.72%    passed     54.65%
 237  Staphylococcus_aureus_000144955_02         31.07%    passed     99.42%
 238  Staphylococcus_aureus_000144955_03         31.06%    passed     99.39%
 239  Staphylococcus_aureus_000144955_04         31.07%    passed     99.40%
 240  Staphylococcus_lugdunensis_002250095_00    29.45%    passed     94.73%
 241  Staphylococcus_lugdunensis_002250095_01    29.45%    passed     93.54%
 242  Staphylococcus_lugdunensis_002250095_02    27.11%    passed     99.27%
 243  Staphylococcus_lugdunensis_002250095_03    16.23%    passed     79.13%
 244  Staphylococcus_lugdunensis_002250095_04    16.47%    passed     76.65%
 245  Staphylococcus_lugdunensis_002250095_05    29.45%    passed     96.58%
 246  Staphylococcus_epidermidis_900086615_00    32.51%    passed     77.56%
 247  Staphylococcus_epidermidis_900086615_01    18.20%    passed     34.50%
 248  Staphylococcus_epidermidis_900086615_02    29.95%    passed     59.59%
 249  Staphylococcus_epidermidis_900086615_03    32.52%    passed     78.19%
 250  Staphylococcus_epidermidis_900086615_04    32.54%    passed     71.83%
 251  Staphylococcus_aureus_003073715_00         31.09%    passed     98.89%
 252  Staphylococcus_aureus_003073715_02         29.59%    passed     96.10%
 253  Staphylococcus_aureus_003073715_03         29.65%    passed     92.24%
 254  Staphylococcus_aureus_003073715_04         29.65%    passed     92.96%
 255  Staphylococcus_aureus_900636695_00         30.25%    passed     94.08%
 256  Staphylococcus_aureus_900636695_01         15.21%    passed     31.35%
 257  Staphylococcus_aureus_900636695_02         29.58%    passed     95.58%
 258  Staphylococcus_aureus_900636695_03         30.03%    passed     87.04%
 259  Staphylococcus_aureus_900636695_04         30.25%    passed     95.51%
 260  Staphylococcus_epidermidis_900636255_00    30.95%    passed     96.28%
 261  Staphylococcus_epidermidis_900636255_01    30.95%    passed     95.67%
 262  Staphylococcus_epidermidis_900636255_02    30.28%    passed     84.55%
 263  Staphylococcus_epidermidis_900636255_04    30.95%    passed     96.45%
 264  Staphylococcus_aureus_003944865_00         30.28%    passed     99.40%
 265  Staphylococcus_aureus_003944865_01         18.78%    passed     51.23%
 266  Staphylococcus_aureus_003944865_02         29.59%    passed     94.74%
 267  Staphylococcus_aureus_003944865_03         31.09%    passed     99.52%
 268  Staphylococcus_aureus_003944865_04         30.06%    passed     99.23%
 269  Staphylococcus_aureus_003184985_00         30.03%    passed     90.91%
 270  Staphylococcus_aureus_003184985_02         29.59%    passed     94.80%
 271  Staphylococcus_aureus_003184985_03         28.36%    passed     70.33%
 272  Staphylococcus_aureus_003184985_04         31.07%    passed     99.24%
 273  Staphylococcus_aureus_003111745_00         29.65%    passed     94.18%
 274  Staphylococcus_aureus_003111745_02         28.52%    passed     99.71%
 275  Staphylococcus_aureus_003111745_03         29.40%    passed     92.39%
 276  Staphylococcus_aureus_003111745_04         31.29%    passed     99.93%
 277  Staphylococcus_epidermidis_000759555_00    29.96%    passed     62.19%
 278  Staphylococcus_epidermidis_000759555_01    32.55%    passed     78.25%
 279  Staphylococcus_epidermidis_000759555_02    32.55%    passed     74.75%
 280  Staphylococcus_epidermidis_000759555_03    32.50%    passed     75.91%
 281  Staphylococcus_aureus_002000725_00         31.07%    passed     98.94%
 282  Staphylococcus_aureus_002000725_01         18.11%    passed     55.48%
 283  Staphylococcus_aureus_002000725_02         29.58%    passed     97.42%
 284  Staphylococcus_aureus_002000725_03         29.58%    passed     96.51%
 285  Staphylococcus_aureus_002000725_04         31.92%    passed     98.46%
 286  Staphylococcus_aureus_003855575_00         30.28%    passed     99.56%
 287  Staphylococcus_aureus_003855575_01         16.93%    passed     50.29%
 288  Staphylococcus_aureus_003855575_02         29.65%    passed     94.45%
 289  Staphylococcus_aureus_003855575_03         31.07%    passed     99.75%
 290  Staphylococcus_aureus_003855575_04         30.04%    passed     99.21%
 291  Staphylococcus_epidermidis_003856455_01    32.54%    passed     76.11%
 292  Staphylococcus_epidermidis_003856455_02    32.54%    passed     71.80%
 293  Staphylococcus_epidermidis_003856455_03    32.58%    passed     75.77%
 294  Staphylococcus_epidermidis_003856455_04    29.98%    passed     62.61%
 295  Staphylococcus_warneri_000332735_00        30.91%    passed     96.59%
 296  Staphylococcus_warneri_000332735_01        30.91%    passed     96.86%
 297  Staphylococcus_warneri_000332735_02        30.91%    passed     96.59%
 298  Staphylococcus_warneri_000332735_03        17.71%    passed     79.21%
 299  Staphylococcus_warneri_000332735_04        30.91%    passed     96.57%
 300  Staphylococcus_aureus_001465635_00         29.63%    passed     93.44%
 301  Staphylococcus_aureus_001465635_02         28.51%    passed     99.63%
 302  Staphylococcus_aureus_001465635_03         29.39%    passed     92.09%
 303  Staphylococcus_aureus_001465635_04         31.28%    passed     99.95%
 304  Staphylococcus_hyicus_900474585_00         28.51%    passed     74.15%
 305  Staphylococcus_hyicus_900474585_01         29.76%    passed     76.22%
 306  Staphylococcus_hyicus_900474585_02         26.29%    passed     71.21%
 307  Staphylococcus_hyicus_900474585_04         30.24%    passed     68.13%
 308  Staphylococcus_aureus_003627835_00         30.25%    passed     94.51%
 309  Staphylococcus_aureus_003627835_01         16.91%    passed     50.29%
 310  Staphylococcus_aureus_003627835_02         29.33%    passed     94.35%
 311  Staphylococcus_aureus_003627835_03         31.02%    passed     98.57%
 312  Staphylococcus_aureus_003627835_04         34.59%    passed     97.28%
 313  Staphylococcus_aureus_002204575_00         31.29%    passed     99.91%
 314  Staphylococcus_aureus_002204575_02         28.51%    passed     99.63%
 315  Staphylococcus_aureus_002204575_03         29.43%    passed     90.53%
 316  Staphylococcus_aureus_002204575_04         31.29%    passed     99.90%
 317  Staphylococcus_aureus_003952625_01         31.95%    passed     98.13%
 318  Staphylococcus_aureus_003952625_02         30.29%    passed     98.55%
 319  Staphylococcus_aureus_003952625_03         28.63%    passed     73.52%
 320  Staphylococcus_aureus_003952625_04         28.52%    passed     99.94%
 321  Staphylococcus_simulans_003096155_00       32.77%    passed     29.81%
 322  Staphylococcus_simulans_003096155_01       35.25%    passed     21.38%
 323  Staphylococcus_simulans_003096155_02       30.37%    passed     30.84%
 324  Staphylococcus_simulans_003096155_04       32.76%    passed     34.41%
 325  Staphylococcus_aureus_000695215_00         30.02%    passed     92.70%
 326  Staphylococcus_aureus_000695215_02         29.58%    passed     93.40%
 327  Staphylococcus_aureus_000695215_03         28.34%    passed     67.27%
 328  Staphylococcus_aureus_000695215_04         31.06%    passed     99.22%
 329  Staphylococcus_aureus_000626615_00         28.59%    passed     73.31%
 330  Staphylococcus_aureus_000626615_01         28.59%    passed     76.42%
 331  Staphylococcus_aureus_000626615_02         29.59%    passed     97.85%
 332  Staphylococcus_aureus_000626615_04         31.09%    passed     99.06%
 333  Staphylococcus_aureus_002633825_00         31.92%    passed     98.37%
 334  Staphylococcus_aureus_002633825_02         28.52%    passed     99.96%
 335  Staphylococcus_aureus_002633825_03         30.24%    passed     96.13%
 336  Staphylococcus_aureus_002633825_04         30.29%    passed     98.39%
 337  Staphylococcus_aureus_003595445_00         31.09%    passed     98.92%
 338  Staphylococcus_aureus_003595445_01         18.11%    passed     55.48%
 339  Staphylococcus_aureus_003595445_02         29.59%    passed     97.30%
 340  Staphylococcus_aureus_003595445_03         29.59%    passed     96.38%
 341  Staphylococcus_aureus_003595445_04         31.94%    passed     98.22%
 342  Staphylococcus_aureus_001717725_00         31.94%    passed     98.22%
 343  Staphylococcus_aureus_001717725_01         31.94%    passed     95.33%
 344  Staphylococcus_aureus_001717725_02         29.59%    passed     96.69%
 345  Staphylococcus_aureus_001717725_04         31.09%    passed     99.57%
 346  Staphylococcus_aureus_003426145_00         28.59%    passed     74.90%
 347  Staphylococcus_aureus_003426145_01         28.60%    passed     71.91%
 348  Staphylococcus_aureus_003426145_02         29.62%    passed     96.44%
 349  Staphylococcus_aureus_003426145_04         31.14%    passed     98.19%
 350  Staphylococcus_aureus_000815085_00         31.10%    passed     98.68%
 351  Staphylococcus_aureus_000815085_01         27.03%    passed     95.49%
 352  Staphylococcus_aureus_000815085_02         29.58%    passed     97.42%
 353  Staphylococcus_aureus_000815085_03         28.39%    passed     67.52%
 354  Staphylococcus_aureus_000815085_04         28.59%    passed     74.56%
 355  Staphylococcus_aureus_000463055_00         69.35%    passed     49.77%
 356  Staphylococcus_aureus_000463055_01         17.75%    passed     53.80%
 357  Staphylococcus_aureus_000463055_02         31.10%    passed     99.17%
 358  Staphylococcus_aureus_000463055_03         28.37%    passed     69.08%
 359  Staphylococcus_aureus_000463055_04         28.59%    passed     70.27%
 360  Staphylococcus_aureus_000737615_00         30.84%    passed     98.97%
 361  Staphylococcus_aureus_000737615_01         17.64%    passed     51.11%
 362  Staphylococcus_aureus_000737615_02         29.58%    passed     95.93%
 363  Staphylococcus_aureus_000737615_03         31.07%    passed     99.27%
 364  Staphylococcus_aureus_000737615_04         31.07%    passed     99.59%
 365  Staphylococcus_aureus_003194405_00         31.32%    passed     99.67%
 366  Staphylococcus_aureus_003194405_01         18.12%    passed     58.13%
 367  Staphylococcus_aureus_003194405_02         29.59%    passed     96.10%
 368  Staphylococcus_aureus_003194405_03         29.65%    passed     92.24%
 369  Staphylococcus_aureus_003194405_04         29.65%    passed     92.96%
 370  Staphylococcus_aureus_900324315_00         28.52%    passed     99.71%
 371  Staphylococcus_aureus_900324315_01         29.39%    passed     91.80%
 372  Staphylococcus_aureus_900324315_02         31.29%    passed     99.86%
 373  Staphylococcus_aureus_900324315_03         31.29%    passed     99.85%
 374  Staphylococcus_aureus_003573835_00         31.94%    passed     98.18%
 375  Staphylococcus_aureus_003573835_02         28.54%    passed     99.97%
 376  Staphylococcus_aureus_003573835_03         28.59%    passed     77.58%
 377  Staphylococcus_aureus_003573835_04         30.28%    passed     98.55%
 378  Staphylococcus_aureus_003030085_00         29.59%    passed     94.33%
 379  Staphylococcus_aureus_003030085_01         31.37%    passed     99.18%
 380  Staphylococcus_aureus_003030085_02         30.28%    passed     99.47%
 381  Staphylococcus_aureus_003030085_03         28.59%    passed     73.88%
 382  Staphylococcus_aureus_001515685_00         30.80%    passed     99.24%
 383  Staphylococcus_aureus_001515685_01         18.11%    passed     57.63%
 384  Staphylococcus_aureus_001515685_02         29.56%    passed     97.08%
 385  Staphylococcus_aureus_001515685_03         28.48%    passed     74.77%
 386  Staphylococcus_aureus_001515685_04         28.55%    passed     69.79%
 387  Staphylococcus_aureus_002000805_00         31.07%    passed     98.94%
 388  Staphylococcus_aureus_002000805_01         18.11%    passed     55.48%
 389  Staphylococcus_aureus_002000805_02         29.58%    passed     97.42%
 390  Staphylococcus_aureus_002000805_03         29.58%    passed     96.51%
 391  Staphylococcus_aureus_002000805_04         31.92%    passed     98.46%
 392  Staphylococcus_aureus_000470865_00         30.84%    passed     98.97%
 393  Staphylococcus_aureus_000470865_01         17.65%    passed     51.85%
 394  Staphylococcus_aureus_000470865_02         29.58%    passed     95.80%
 395  Staphylococcus_aureus_000470865_03         31.09%    passed     99.35%
 396  Staphylococcus_aureus_000470865_04         30.26%    passed     99.44%
 397  Staphylococcus_aureus_001019495_00         29.59%    passed     94.50%
 398  Staphylococcus_aureus_001019495_01         18.13%    passed     53.99%
 399  Staphylococcus_aureus_001019495_02         31.09%    passed     99.01%
 400  Staphylococcus_aureus_001019495_03         29.65%    passed     92.96%
 401  Staphylococcus_aureus_001019495_04         29.65%    passed     92.96%
 402  Staphylococcus_aureus_003595365_00         31.09%    passed     98.92%
 403  Staphylococcus_aureus_003595365_01         18.11%    passed     55.71%
 404  Staphylococcus_aureus_003595365_02         29.59%    passed     97.30%
 405  Staphylococcus_aureus_003595365_03         29.59%    passed     96.38%
 406  Staphylococcus_aureus_003595365_04         31.94%    passed     98.22%
 407  Staphylococcus_aureus_000462955_00         31.10%    passed     98.30%
 408  Staphylococcus_aureus_000462955_01         18.59%    passed     56.72%
 409  Staphylococcus_aureus_000462955_02         30.84%    passed     98.60%
 410  Staphylococcus_aureus_000462955_03         30.24%    passed     96.22%
 411  Staphylococcus_aureus_000462955_04         31.92%    passed     97.87%
 412  Staphylococcus_aureus_900004855_00         30.26%    passed     99.45%
 413  Staphylococcus_aureus_900004855_01         16.87%    passed     38.10%
 414  Staphylococcus_aureus_900004855_02         30.21%    passed     78.98%
 415  Staphylococcus_aureus_900004855_03         30.04%    passed     98.28%
 416  Staphylococcus_aureus_900004855_04         30.04%    passed     95.52%
 417  Staphylococcus_aureus_003203655_01         31.09%    passed     98.82%
 418  Staphylococcus_aureus_003203655_02         29.65%    passed     92.09%
 419  Staphylococcus_aureus_003203655_03         29.65%    passed     92.24%
 420  Staphylococcus_aureus_003203655_04         29.59%    passed     96.44%
 421  Staphylococcus_aureus_001018725_00         28.59%    passed     73.31%
 422  Staphylococcus_aureus_001018725_01         31.09%    passed     99.07%
 423  Staphylococcus_aureus_001018725_02         31.09%    passed     99.07%
 424  Staphylococcus_aureus_001018725_04         29.59%    passed     95.03%
 425  Staphylococcus_aureus_002000625_00         31.07%    passed     98.94%
 426  Staphylococcus_aureus_002000625_01         18.11%    passed     55.48%
 427  Staphylococcus_aureus_002000625_02         29.58%    passed     97.42%
 428  Staphylococcus_aureus_002000625_03         29.58%    passed     96.51%
 429  Staphylococcus_aureus_002000625_04         31.92%    passed     98.46%
 430  Staphylococcus_aureus_900635315_00         30.24%    passed     94.24%
 431  Staphylococcus_aureus_900635315_02         29.59%    passed     95.68%
 432  Staphylococcus_aureus_900635315_03         30.25%    passed     95.23%
 433  Staphylococcus_aureus_900635315_04         30.25%    passed     95.51%
 434  Staphylococcus_aureus_000013465_00         31.07%    passed     99.07%
 435  Staphylococcus_aureus_000013465_01         27.01%    passed     96.45%
 436  Staphylococcus_aureus_000013465_02         29.58%    passed     97.82%
 437  Staphylococcus_aureus_000013465_03         28.58%    passed     74.21%
 438  Staphylococcus_aureus_000013465_04         28.58%    passed     74.41%
 439  Staphylococcus_aureus_001045795_00         31.07%    passed     98.73%
 440  Staphylococcus_aureus_001045795_02         29.58%    passed     97.42%
 441  Staphylococcus_aureus_001045795_03         31.92%    passed     98.31%
 442  Staphylococcus_aureus_001045795_04         31.92%    passed     98.46%
WARNING: 3 sequences contain more than 50% gaps/ambiguity
****  TOTAL                                      29.38%  0 sequences failed composition chi2 test (p-value<5%; df=3)
NOTE: 83 identical sequences will be ignored during tree search

Create initial parsimony tree by phylogenetic likelihood library (PLL)... 0.093 seconds

NOTE: 65 MB RAM is required!
Estimate model parameters (epsilon = 0.100)
1. Initial log-likelihood: -31912.255
2. Current log-likelihood: -29935.380
3. Current log-likelihood: -29874.798
4. Current log-likelihood: -29871.638
Optimal log-likelihood: -29871.551
Rate parameters:  A-C: 1.000  A-G: 2.394  A-T: 1.000  C-G: 1.000  C-T: 2.394  G-T: 1.000
Base frequencies:   A: 0.282  C: 0.204  G: 0.282  T: 0.233
Gamma shape alpha: 0.157
Parameters optimization took 4 rounds (1.265 sec)

--------------------------------------------------------------------
|             INITIALIZING CANDIDATE TREE SET                      |
--------------------------------------------------------------------
Computing ML distances based on estimated model parameters... 1.856 sec
WARNING: Some pairwise ML distances are too long (saturated)
Computing BIONJ tree...
0.085 seconds
Log-likelihood of BIONJ tree: -30476.587
Generating 98 parsimony trees... 10.146 seconds 100 distinct starting trees
Computing log-likelihood of 100 initial trees ... 11.630 seconds
Optimizing top 20 initial trees with NNI...
Iteration 1 / LogL: -29747.192 / Time: 0h:0m:24s
Estimate model parameters (epsilon = 0.100)
BETTER TREE FOUND at iteration 1: -29747.099
Iteration 2 / LogL: -29742.868 / Time: 0h:0m:25s
Estimate model parameters (epsilon = 0.100)
BETTER TREE FOUND at iteration 2: -29742.846
Iteration 3 / LogL: -29735.319 / Time: 0h:0m:26s
Estimate model parameters (epsilon = 0.100)
BETTER TREE FOUND at iteration 3: -29735.225
Iteration 4 / LogL: -29752.769 / Time: 0h:0m:27s
Iteration 5 / LogL: -29753.903 / Time: 0h:0m:27s
Iteration 6 / LogL: -29761.303 / Time: 0h:0m:28s
Iteration 7 / LogL: -29762.815 / Time: 0h:0m:29s
Iteration 8 / LogL: -29746.760 / Time: 0h:0m:29s
Iteration 9 / LogL: -29750.272 / Time: 0h:0m:30s
Iteration 10 / LogL: -29744.868 / Time: 0h:0m:31s
Iteration 11 / LogL: -29772.486 / Time: 0h:0m:32s
Iteration 12 / LogL: -29770.630 / Time: 0h:0m:33s
Iteration 13 / LogL: -29758.020 / Time: 0h:0m:34s
Iteration 14 / LogL: -29758.822 / Time: 0h:0m:35s
Iteration 15 / LogL: -29772.359 / Time: 0h:0m:36s
Iteration 16 / LogL: -29764.239 / Time: 0h:0m:37s
Iteration 17 / LogL: -29763.126 / Time: 0h:0m:38s
Iteration 18 / LogL: -29791.478 / Time: 0h:0m:39s
Iteration 19 / LogL: -29780.533 / Time: 0h:0m:40s
Iteration 20 / LogL: -29745.686 / Time: 0h:0m:40s
Average CPU time for 1 NNI search: 6.460
Finish initializing candidate tree set. Number of distinct locally optimal trees: 20
Current best tree score: -29735.225 / CPU time: 231.244
--------------------------------------------------------------------
|               OPTIMIZING CANDIDATE TREE SET                      |
--------------------------------------------------------------------
Iteration 30 / LogL: -29797.417 / Time: 0h:0m:51s (0h:2m:6s left)
Iteration 40 / LogL: -29771.913 / Time: 0h:1m:2s (0h:1m:36s left)
Iteration 50 / LogL: -29971.028 / Time: 0h:1m:12s (0h:1m:15s left)
Iteration 60 / LogL: -29961.094 / Time: 0h:1m:24s (0h:0m:58s left)
Iteration 70 / LogL: -29781.599 / Time: 0h:1m:34s (0h:0m:42s left)
Iteration 80 / LogL: -29927.602 / Time: 0h:1m:45s (0h:0m:28s left)
Iteration 90 / LogL: -29793.908 / Time: 0h:1m:57s (0h:0m:14s left)
Iteration 100 / LogL: -29772.685 / Time: 0h:2m:8s (0h:0m:1s left)
TREE SEARCH COMPLETED AFTER 101 ITERATIONS / Time: 0h:2m:9s

--------------------------------------------------------------------
|                    FINALIZING TREE SEARCH                        |
--------------------------------------------------------------------
Performs final model parameters optimization
Estimate model parameters (epsilon = 0.010)
1. Initial log-likelihood: -29735.221
2. Current log-likelihood: -29735.197
Optimal log-likelihood: -29735.192
Rate parameters:  A-C: 1.000  A-G: 2.433  A-T: 1.000  C-G: 1.000  C-T: 2.433  G-T: 1.000
Base frequencies:   A: 0.282  C: 0.204  G: 0.282  T: 0.233
Gamma shape alpha: 0.157
Parameters optimization took 2 rounds (0.460 sec)

BEST SCORE FOUND : -29735.192
Total tree length: 0.973

Total number of iterations: 101
CPU time used for tree search: 920.528 sec (0h:15m:20s)
Wall-clock time used for tree search: 126.826 sec (0h:2m:6s)
Total CPU time used: 939.980 sec (0h:15m:39s)
Total wall-clock time used: 129.580 sec (0h:2m:9s)

Analysis results written to: 
  IQ-TREE report:                ./014_results/Staphylococcus.fasta.iqtree
  Maximum-likelihood tree:       ./014_results/Staphylococcus.fasta.treefile
  Likelihood distances:          ./014_results/Staphylococcus.fasta.mldist
  Screen log file:               ./014_results/Staphylococcus.fasta.log

Date and Time: Fri Feb 22 15:50:24 2019
