IQ-TREE multicore version 1.6.12 for Linux 64-bit built Aug 15 2019
Developed by Bui Quang Minh, Nguyen Lam Tung, Olga Chernomor,
Heiko Schmidt, Dominik Schrempf, Michael Woodhams.

Host:    n114312.nbi.ac.uk (AVX2, FMA3, 15 GB RAM)
Command: iqtree -s ./026_results/16S23S5S_long.fasta -nt 8 -redo -m HKY+G
Seed:    153464 (Using SPRNG - Scalable Parallel Random Number Generator)
Time:    Tue Sep 10 09:08:56 2019
Kernel:  AVX+FMA - 8 threads (8 CPU cores detected)

Reading alignment file ./026_results/16S23S5S_long.fasta ... Fasta format detected
Alignment most likely contains DNA/RNA sequences
WARNING: 1 sites contain only gaps or ambiguous characters.
Alignment has 691 sequences with 4905 columns, 2426 distinct patterns
1991 parsimony-informative, 410 singleton sites, 2504 constant sites
                                           Gap/Ambiguity  Composition  p-value
   1  Escherichia.flexneri.003017975               6.22%    passed      8.70%
   2  Klebsiella.pneumoniae.000445405              6.36%    passed     15.00%
   3  Escherichia.coli.000148605                  13.86%    passed      9.10%
   4  Streptococcus.intermedius.000463385          6.54%    passed     52.51%
   5  Pseudomonas_E.avellanae.002024285            6.61%    passed     86.49%
   6  Escherichia.dysenteriae.000803705            6.28%    passed     11.83%
   7  Streptococcus.mutans.002995555               6.54%    passed     86.23%
   8  Pseudomonas.aeruginosa_A.003073695           7.03%    passed     67.75%
   9  Escherichia.coli_D.002310595                 6.34%    passed     11.24%
  10  Streptococcus.pneumoniae.000014365           6.79%    passed     41.53%
  11  Escherichia.dysenteriae.000025165            6.22%    passed     13.11%
  12  Streptococcus.suis.001572685                 6.67%    passed     66.99%
  13  Streptococcus.pneumoniae.000147095           6.79%    passed     41.55%
  14  Streptococcus.mutans.000271865               6.56%    passed     84.52%
  15  Staphylococcus.pseudintermedius.000185885    6.36%    passed     38.52%
  16  Streptococcus.agalactiae.900155855           6.69%    passed     11.48%
  17  Escherichia.dysenteriae.000262125            6.22%    passed     14.71%
  18  Pseudomonas_E.ficuserectae.900235885         6.77%    passed     81.17%
  19  Streptococcus.agalactiae.002812425           6.69%    passed     11.47%
  20  Escherichia.albertii.002895205               6.28%    passed      7.44%
  21  Enterococcus_B.faecium.000336405             6.18%    passed     90.82%
  22  Escherichia.flexneri.000599645              23.77%    passed      8.97%
  23  Klebsiella.pneumoniae.001956965              6.44%    passed     14.59%
  24  Pseudomonas_E.syringae_M.002905815           6.75%    passed     88.78%
  25  Klebsiella.pneumoniae.001456135              6.44%    passed     14.31%
  26  Enterococcus.faecalis.002289045              6.30%    passed     95.73%
  27  Escherichia.flexneri.001860505               6.20%    passed     11.47%
  28  Escherichia.coli_D.002357875                 6.28%    passed     15.23%
  29  Streptococcus.suis.000168355                 6.67%    passed     65.50%
  30  Klebsiella.pneumoniae.001709295              6.50%    passed     11.88%
  31  Klebsiella.variicola.000019565               6.40%    passed     10.58%
  32  Klebsiella.pneumoniae.002202255              6.36%    passed     15.19%
  33  Streptococcus.pneumoniae.001457635           6.79%    passed     33.82%
  34  Pseudomonas.aeruginosa.001516105             6.79%    passed     67.75%
  35  Escherichia.flexneri.003018275               6.34%    passed     12.93%
  36  Pseudomonas_E.hunanensis.001655295           6.69%    passed     93.72%
  37  Enterococcus_B.faecium.003071445             6.20%    passed     90.51%
  38  Enterococcus_B.faecium.002848665            16.80%    passed     99.34%
  39  Staphylococcus.aureus.001018975              6.32%    passed     10.20%
  40  Streptococcus.suis.002111405                 6.56%    passed     50.86%
  41  Enterococcus_B.faecium.002848385             6.20%    passed     91.69%
  42  Staphylococcus.lugdunensis.002250095         6.69%    passed     14.68%
  43  Streptococcus.thermophilus.002286255         6.77%    passed     28.43%
  44  Escherichia.dysenteriae.001753445            6.22%    passed     10.87%
  45  Staphylococcus.epidermidis.000751035         6.20%    passed     26.31%
  46  Escherichia.coli.003181035                   6.32%    passed     10.28%
  47  Escherichia.coli.002796585                   6.32%    passed     13.22%
  48  Escherichia.dysenteriae.001651925            6.18%    passed     13.62%
  49  Staphylococcus.saprophyticus.001558375       6.28%    passed     14.56%
  50  Escherichia.flexneri.000010245               6.28%    passed     10.60%
  51  Streptococcus.thermophilus.002443035         6.79%    passed     29.43%
  52  Streptococcus.suis.000231865                 6.56%    passed     50.86%
  53  Streptococcus.pyogenes.900475155             6.69%    passed     27.37%
  54  Klebsiella_B.aerogenes.000334515             6.42%    passed     34.95%
  55  Klebsiella_A.michiganensis.000724525         6.28%    passed     18.78%
  56  Staphylococcus.schleiferi.001188875          6.16%    passed     44.41%
  57  Streptococcus.thermophilus.001685375         6.77%    passed     31.05%
  58  Escherichia.coli_D.002012225                 6.28%    passed     14.17%
  59  Staphylococcus.saprophyticus.002209265       6.26%    passed     10.68%
  60  Staphylococcus.aureus.002209325              6.26%    passed     10.10%
  61  Klebsiella.pneumoniae.002951555              6.44%    passed     14.17%
  62  Streptococcus.uberis.000009545               6.77%    passed     46.24%
  63  Streptococcus.sobrinus.003176815             6.65%    passed     84.79%
  64  Klebsiella.variicola.000828055               6.32%    passed     12.56%
  65  Escherichia.dysenteriae.002196475            6.30%    passed     11.81%
  66  Escherichia.coli_D.002788115                 6.36%    passed     14.93%
  67  Escherichia.dysenteriae.001650295            6.26%    passed     12.82%
  68  Pseudomonas_E.protegens.002208745            6.85%    passed     92.08%
  69  Streptococcus.pneumoniae.000019025           6.79%    passed     35.28%
  70  Streptococcus.pyogenes.900474455             6.67%    passed     30.92%
  71  Klebsiella.pneumoniae.001908895              6.36%    passed     15.00%
  72  Klebsiella.variicola.001989515               6.30%    passed     10.59%
  73  Escherichia.flexneri.003112205               6.40%    passed     13.61%
  74  Streptococcus.intermedius.002356055          6.50%    passed     48.92%
  75  Escherichia.dysenteriae.002208865            6.30%    passed     15.04%
  76  Pseudomonas_E.protegens.000397205            6.61%    passed     92.38%
  77  Streptococcus.gordonii.002073435             6.61%    passed     74.80%
  78  Escherichia.albertii.002741375               6.34%    passed      7.39%
  79  Staphylococcus.aureus.001019255              6.38%    passed     11.13%
  80  Enterococcus_B.faecium.001953235             6.18%    passed     89.72%
  81  Streptococcus.dysgalactiae.900474785         6.69%    passed     44.77%
  82  Staphylococcus.simulans.900474685            6.28%    passed     51.21%
  83  Staphylococcus.aureus.900474665              6.32%    passed      9.74%
  84  Streptococcus.salivarius.002094955           6.79%    passed     26.18%
  85  Pseudomonas_E.hunanensis.002948105           6.87%    passed     91.08%
  86  Staphylococcus.schleiferi.001188915          6.16%    passed     40.73%
  87  Klebsiella.pneumoniae.002202275              6.36%    passed     17.24%
  88  Pseudomonas_E.ficuserectae.900235815         6.77%    passed     88.03%
  89  Staphylococcus.aureus.000012045              6.26%    passed      9.25%
  90  Klebsiella.pneumoniae.002948565              6.46%    passed     12.77%
  91  Klebsiella.pneumoniae.000364385              6.44%    passed     14.17%
  92  Streptococcus.pyogenes.900475565             6.67%    passed     29.07%
  93  Escherichia.dysenteriae.001307215            6.22%    passed     13.77%
  94  Streptococcus.pneumoniae.000211095           6.81%    passed     43.68%
  95  Staphylococcus.aureus.001045795              6.26%    passed      7.47%
  96  Streptococcus.agalactiae.001932715           6.69%    passed      9.49%
  97  Escherichia.coli.002157245                   6.32%    passed      8.56%
  98  Enterococcus_B.faecium.002007625             6.20%    passed     91.75%
  99  Streptococcus.pneumoniae.001896085           6.79%    passed     37.03%
 100  Streptococcus.thermophilus.002846155         6.77%    passed     28.43%
 101  Escherichia.dysenteriae.001890325            6.26%    passed     12.82%
 102  Pseudomonas_E.piscium.002844145              7.58%    passed     89.10%
 103  Klebsiella.pneumoniae.002753035              6.44%    passed     12.63%
 104  Streptococcus.pneumoniae.000817005           6.79%    passed     35.13%
 105  Escherichia.coli_D.002164645                 6.34%    passed     13.43%
 106  Pseudomonas_E.avellanae.000007805            7.42%    passed     80.21%
 107  Streptococcus.agalactiae.002073695           6.71%    passed     11.08%
 108  Escherichia.coli.002887715                  11.36%    passed     10.59%
 109  Staphylococcus.simulans.003096155            6.28%    passed     55.26%
 110  Staphylococcus.lugdunensis.001558775         6.32%    passed     11.84%
 111  Klebsiella.pneumoniae.001482345              6.38%    passed     15.67%
 112  Streptococcus.pyogenes.001635935             6.67%    passed     29.07%
 113  Staphylococcus.simulans.003006055            6.34%    passed     48.84%
 114  Streptococcus.pneumoniae.900476465           6.79%    passed     40.88%
 115  Pseudomonas.aeruginosa.000473745             6.79%    passed     69.60%
 116  Streptococcus.pneumoniae.000019265           6.79%    passed     44.19%
 117  Escherichia.coli_D.000219515                 6.36%    passed     15.92%
 118  Klebsiella.variicola.000812205               6.32%    passed     15.89%
 119  Streptococcus.pyogenes.001051095             6.85%    passed     22.73%
 120  Escherichia.dysenteriae.002741555            6.30%    passed      8.51%
 121  Streptococcus.pyogenes.900474845             6.67%    passed     27.67%
 122  Staphylococcus.aureus.002355355              6.26%    passed      8.52%
 123  Pseudomonas.aeruginosa.001879525             6.81%    passed     68.45%
 124  Klebsiella.pneumoniae.001902415              6.36%    passed     15.00%
 125  Streptococcus.suis.000231885                 6.71%    passed     70.50%
 126  Klebsiella.pneumoniae.002903025              6.44%    passed     17.23%
 127  Escherichia.dysenteriae.000021125            6.34%    passed     13.70%
 128  Pseudomonas_E.hunanensis.000495455           6.63%    passed     91.26%
 129  Escherichia.flexneri.002589795               6.30%    passed      8.70%
 130  Streptococcus.pyogenes.900475425             6.69%    passed     28.48%
 131  Streptococcus.pneumoniae.000211075           6.79%    passed     42.26%
 132  Klebsiella.pneumoniae.000417225              6.36%    passed     11.82%
 133  Enterococcus_B.faecium.002850515             6.24%    passed     92.24%
 134  Klebsiella.pneumoniae.000764615              6.36%    passed     15.54%
 135  Pseudomonas_E.ficuserectae.000164015         6.61%    passed     86.48%
 136  Streptococcus.pyogenes.000250905             6.69%    passed     26.84%
 137  Streptococcus.iniae.002787125                6.75%    passed     21.59%
 138  Pseudomonas.aeruginosa.000504045             6.79%    passed     65.04%
 139  Klebsiella.pneumoniae.002903005              6.44%    passed     12.55%
 140  Streptococcus.sobrinus.900475395             6.56%    passed     84.67%
 141  Staphylococcus.haemolyticus.000009865        6.28%    passed     14.26%
 142  Staphylococcus.xylosus.000706685             6.22%    passed      6.37%
 143  Escherichia.coli.002193095                   6.28%    passed      9.86%
 144  Enterococcus.faecalis.002208945              6.28%    passed     97.16%
 145  Staphylococcus.haemolyticus.002906595        6.34%    passed     17.58%
 146  Staphylococcus.xylosus.002078255             6.22%    passed      5.50%
 147  Streptococcus.dysgalactiae.900475725         6.69%    passed     51.59%
 148  Streptococcus.pneumoniae.000251085           6.79%    passed     37.03%
 149  Pseudomonas.aeruginosa.002104595             6.79%    passed     69.60%
 150  Pseudomonas_E.monteilii_B.000325725          6.69%    passed     92.87%
 151  Streptococcus.suis.000344765                 6.56%    passed     50.86%
 152  Escherichia.coli.002011965                   6.28%    passed     13.35%
 153  Pseudomonas_E.monteilii_B.000219705          6.63%    passed     80.21%
 154  Streptococcus.thermophilus.001008015         6.77%    passed     28.43%
 155  Klebsiella.quasipneumoniae.001596075         6.36%    passed     14.54%
 156  Escherichia.coli.002944935                   6.32%    passed      8.81%
 157  Streptococcus.agalactiae.002197285           6.69%    passed     11.47%
 158  Escherichia.coli.900149875                   6.28%    passed      8.08%
 159  Streptococcus.suis.000026725                 6.56%    passed     50.86%
 160  Staphylococcus.pseudintermedius.001685665   21.77%    passed     57.99%
 161  Streptococcus.pneumoniae.000211055           6.79%    passed     39.53%
 162  Staphylococcus.aureus.003193705              6.44%    passed      9.60%
 163  Escherichia.coli.000284495                   6.32%    passed     11.08%
 164  Escherichia.coli.002012145                   6.28%    passed     11.18%
 165  Streptococcus.thermophilus.001705585         6.87%    passed     27.33%
 166  Escherichia.albertii.000512125               6.26%    passed      7.79%
 167  Escherichia.dysenteriae.000732965            6.22%    passed     13.77%
 168  Streptococcus.thermophilus.000182875         6.81%    passed     33.88%
 169  Enterococcus_B.faecium.001720945             6.22%    passed     88.53%
 170  Escherichia.flexneri.001901465               6.28%    passed      6.67%
 171  Streptococcus.agalactiae.001712835           6.69%    passed     10.72%
 172  Klebsiella.pneumoniae.001708225              6.36%    passed     14.61%
 173  Klebsiella_A.oxytoca.001870185               6.28%    passed     18.14%
 174  Streptococcus.pneumoniae.000019005           6.79%    passed     33.94%
 175  Streptococcus.mutans.900475095               6.56%    passed     83.79%
 176  Escherichia.flexneri.001900885               6.16%    passed     10.33%
 177  Enterococcus_B.faecium.000174395             6.77%    passed     90.41%
 178  Pseudomonas.aeruginosa.000026645             6.79%    passed     67.75%
 179  Enterococcus_B.faecium.002983785             6.20%    passed     91.90%
 180  Streptococcus.suis.002189695                 6.56%    passed     50.86%
 181  Escherichia.coli.001618365                   6.34%    passed      9.28%
 182  Escherichia.dysenteriae.002058765            6.34%    passed     12.53%
 183  Streptococcus.pyogenes.900475455             6.67%    passed     30.65%
 184  Streptococcus.agalactiae.001592425           6.89%    passed     13.88%
 185  Escherichia.coli_D.002587005                 6.28%    passed     13.33%
 186  Klebsiella_B.aerogenes.000215745             6.73%    passed     30.41%
 187  Klebsiella.pneumoniae.001648215              6.36%    passed     15.19%
 188  Staphylococcus.schleiferi.001548255          6.12%    passed     43.05%
 189  Klebsiella_A.oxytoca.001022115               6.28%    passed     17.05%
 190  Streptococcus.pyogenes.900475115             6.67%    passed     32.12%
 191  Klebsiella_A.michiganensis.001022195         6.30%    passed     23.10%
 192  Escherichia.coli.001663475                   6.32%    passed     11.60%
 193  Streptococcus.suis.000471985                 6.73%    passed     72.19%
 194  Escherichia.dysenteriae.000662395            6.26%    passed     11.74%
 195  Staphylococcus.epidermidis.000759555         6.34%    passed     28.07%
 196  Streptococcus.thermophilus.001280285         6.77%    passed     29.03%
 197  Escherichia.flexneri.001969285               6.22%    passed      7.39%
 198  Klebsiella.quasipneumoniae.003181175         6.44%    passed     14.49%
 199  Pseudomonas.aeruginosa.002997005             6.93%    passed     64.74%
 200  Escherichia.coli_D.002009315                 6.32%    passed     13.27%
 201  Escherichia.flexneri.000599625              19.88%    passed     19.15%
 202  Streptococcus.pneumoniae.000019985           6.91%    passed     42.45%
 203  Streptococcus.suis.000390245                 6.71%    passed     53.50%
 204  Streptococcus.agalactiae.001190805           6.69%    passed      9.95%
 205  Streptococcus.suis.900475585                 6.56%    passed     52.03%
 206  Enterococcus_B.faecium.001721905            13.11%    passed     74.35%
 207  Streptococcus.gallolyticus.000270145         6.81%    passed     22.65%
 208  Escherichia.dysenteriae.001865295            6.22%    passed     13.63%
 209  Streptococcus.salivarius.000253335           6.79%    passed     27.33%
 210  Staphylococcus.aureus.001611345              6.46%    passed      8.31%
 211  Staphylococcus.aureus.000969225              6.26%    passed     10.10%
 212  Enterococcus.faecalis.000550745              6.26%    passed     95.14%
 213  Streptococcus.pyogenes.001267805             6.69%    passed     24.59%
 214  Staphylococcus.schleiferi.001188855          6.24%    passed     39.40%
 215  Pseudomonas.aeruginosa.003193645             6.93%    passed     66.04%
 216  Escherichia.dysenteriae.001612495            6.22%    passed     14.41%
 217  Escherichia.dysenteriae.001890225            6.22%    passed     13.67%
 218  Escherichia.coli_D.002946715                 6.34%    passed     11.15%
 219  Escherichia.flexneri.002953055               6.32%    passed      9.78%
 220  Staphylococcus.saprophyticus.000010125       6.16%    passed     10.43%
 221  Escherichia.coli_D.003030245                 6.32%    passed     15.68%
 222  Streptococcus.equi.000026605                 6.63%    passed     41.21%
 223  Pseudomonas_E.syringae_M.900235825           6.75%    passed     86.31%
 224  Streptococcus.pyogenes.900475765             6.67%    passed     29.07%
 225  Streptococcus.pneumoniae.900476445          17.25%    passed     30.54%
 226  Streptococcus.equi.900475435                 6.63%    passed     32.72%
 227  Escherichia.coli_D.002310695                 6.32%    passed     14.99%
 228  Pseudomonas_E.piscium.002355875              6.65%    passed     92.21%
 229  Escherichia.coli.001577325                   6.32%    passed     13.28%
 230  Pseudomonas_E.hunanensis.000264665           6.85%    passed     91.56%
 231  Pseudomonas_A.stutzeri.000013785             6.69%    passed     79.67%
 232  Streptococcus.dysgalactiae.000317855         6.69%    passed     49.92%
 233  Escherichia.flexneri.000023365               6.28%    passed      8.97%
 234  Escherichia.dysenteriae.001806285            6.36%    passed     13.24%
 235  Klebsiella.pneumoniae.000474015              6.38%    passed     13.49%
 236  Streptococcus.gallolyticus.000203195         6.83%    passed     22.18%
 237  Staphylococcus.pseudintermedius.000189495    6.32%    passed     36.59%
 238  Streptococcus.pneumoniae.000007045           7.62%    passed     45.99%
 239  Streptococcus.thermophilus.000262675         6.77%    passed     27.29%
 240  Staphylococcus.schleiferi.001188895          6.16%    passed     42.57%
 241  Escherichia.coli_D.002787645                 6.30%    passed      8.79%
 242  Klebsiella_A.michiganensis.002290285         6.30%    passed     15.58%
 243  Streptococcus.agalactiae.001026925           6.69%    passed     10.72%
 244  Streptococcus.pyogenes.900475955             6.67%    passed     27.82%
 245  Staphylococcus.epidermidis.002085695         6.32%    passed     32.52%
 246  Streptococcus.suis.002736265                 6.67%    passed     65.50%
 247  Pseudomonas.aeruginosa.001077475             6.79%    passed     67.75%
 248  Escherichia.flexneri.002761835               6.36%    passed      8.00%
 249  Streptococcus.gordonii.000970665             6.59%    passed     75.31%
 250  Staphylococcus.aureus.000011265              6.26%    passed     10.10%
 251  Escherichia.dysenteriae.000520055            6.26%    passed     11.74%
 252  Staphylococcus.epidermidis.002215535         6.28%    passed     29.30%
 253  Streptococcus.suis.000231925                 6.56%    passed     48.40%
 254  Pseudomonas_E.avellanae.002763655            7.05%    passed     93.22%
 255  Escherichia.albertii.002872455               6.34%    passed      9.13%
 256  Streptococcus.agalactiae.000007265           6.81%    passed     12.08%
 257  Escherichia.coli_D.000227625                 6.32%    passed     12.42%
 258  Klebsiella_A.michiganensis.002947505         6.40%    passed     13.32%
 259  Klebsiella.variicola.001548315               6.28%    passed     24.29%
 260  Klebsiella.pneumoniae.002753165              6.44%    passed     13.01%
 261  Escherichia.coli.003020885                   6.36%    passed     11.73%
 262  Streptococcus.pyogenes.000732425             6.67%    passed     27.82%
 263  Pseudomonas_E.monteilii_B.000510325          6.65%    passed     89.87%
 264  Pseudomonas_E.avellanae.002024305            6.61%    passed     86.49%
 265  Klebsiella.quasipneumoniae.001280925         6.42%    passed     10.63%
 266  Enterococcus.faecalis.000742975              6.28%    passed     95.91%
 267  Escherichia.dysenteriae.001753525            6.22%    passed     10.87%
 268  Staphylococcus.equorum_B.001682235           5.97%    failed      2.73%
 269  Escherichia.coli.003019095                   6.32%    passed      9.40%
 270  Escherichia.coli_D.002310615                 6.32%    passed     13.20%
 271  Escherichia.coli.001900735                   6.12%    passed     14.50%
 272  Enterococcus.faecalis.003030425              6.30%    passed     96.94%
 273  Staphylococcus.aureus.001594205              6.24%    passed      8.63%
 274  Pseudomonas.aeruginosa_A.000017205           6.79%    passed     65.87%
 275  Escherichia.flexneri.002180095               6.28%    passed      8.95%
 276  Escherichia.albertii.001549955               8.20%    passed      9.07%
 277  Klebsiella.variicola.002156765               6.32%    passed     11.38%
 278  Escherichia.albertii.002285475               6.30%    passed      8.83%
 279  Escherichia.coli.001617565                   6.32%    passed      8.64%
 280  Pseudomonas_E.syringae_M.900235865           6.75%    passed     85.23%
 281  Streptococcus.pyogenes.001547715             6.67%    passed     29.36%
 282  Escherichia.coli_D.002011985                 6.38%    passed     16.81%
 283  Klebsiella_A.michiganensis.003074075         6.40%    passed     16.62%
 284  Streptococcus.anginosus.000463505            6.63%    passed     47.21%
 285  Klebsiella.pneumoniae.002192375              6.36%    passed     14.88%
 286  Staphylococcus.pseudintermedius.001682335   11.99%    passed     33.28%
 287  Escherichia.coli_D.000784925                 6.32%    passed     12.40%
 288  Pseudomonas.aeruginosa.001515845            14.72%    passed     76.03%
 289  Streptococcus.mutans.000091645               6.56%    passed     84.16%
 290  Streptococcus.thermophilus.000014485         6.79%    passed     25.95%
 291  Enterococcus.faecalis.001689055              6.28%    passed     94.78%
 292  Enterococcus_B.faecium.002848745            16.80%    passed     99.34%
 293  Escherichia.coli.900149915                   6.32%    passed      7.98%
 294  Streptococcus.pneumoniae.001902455           6.79%    passed     37.03%
 295  Streptococcus.agalactiae.001683515           6.69%    passed     11.47%
 296  Streptococcus.pyogenes.900475485             6.67%    passed     29.19%
 297  Streptococcus.equi.900475295                 6.69%    passed     37.53%
 298  Pseudomonas_E.avellanae.001913215            6.63%    passed     86.94%
 299  Escherichia.flexneri.001678965               6.18%    passed      9.94%
 300  Pseudomonas.aeruginosa.002085605             6.81%    passed     68.45%
 301  Streptococcus.suis.000186405                 6.63%    passed     25.70%
 302  Streptococcus.suis.000732355                 6.69%    passed     62.52%
 303  Streptococcus.pneumoniae.900475805           6.79%    passed     35.96%
 304  Staphylococcus.lugdunensis.002407165         6.38%    passed     11.92%
 305  Staphylococcus.lugdunensis.000025085         6.32%    passed     13.82%
 306  Klebsiella_A.oxytoca.001022295               6.28%    passed     17.05%
 307  Streptococcus.uberis.002814135               6.77%    passed     46.24%
 308  Pseudomonas_A.stutzeri.003008495             6.91%    passed     81.92%
 309  Streptococcus.thermophilus.002012365         6.77%    passed     29.27%
 310  Escherichia.coli.002180195                   6.28%    passed     11.15%
 311  Staphylococcus.lugdunensis.900478255         6.38%    passed     14.00%
 312  Pseudomonas.aeruginosa.001548135             6.81%    passed     69.69%
 313  Streptococcus.salivarius.000785515           6.77%    passed     28.50%
 314  Escherichia.coli.001675145                   6.28%    passed     11.80%
 315  Escherichia.flexneri.002163935               6.32%    passed      9.05%
 316  Staphylococcus.aureus.000597965              6.26%    passed      9.51%
 317  Streptococcus.pyogenes.003203475             6.67%    passed     29.07%
 318  Streptococcus.pneumoniae.900476475           6.81%    passed     39.02%
 319  Pseudomonas_E.ficuserectae.900289125         6.79%    passed     87.17%
 320  Enterococcus_B.faecium.002761275             6.20%    passed     89.58%
 321  Streptococcus.agalactiae.000730255           6.69%    passed     12.17%
 322  Streptococcus.lutetiensis.000441535          6.81%    passed     18.12%
 323  Enterococcus.faecalis.002163735              6.28%    passed     94.83%
 324  Staphylococcus.simulans.003006075            6.28%    passed     55.26%
 325  Pseudomonas.aeruginosa_A.003025345           6.95%    passed     64.84%
 326  Pseudomonas.aeruginosa.003206535             6.95%    passed     68.58%
 327  Staphylococcus.lugdunensis.001558815         6.40%    passed     15.49%
 328  Klebsiella_B.aerogenes.002591115             6.24%    passed     36.02%
 329  Streptococcus.thermophilus.002846075         6.77%    passed     27.29%
 330  Klebsiella_A.michiganensis.000714655         6.36%    passed     12.44%
 331  Streptococcus.agalactiae.000689235           6.69%    passed     11.48%
 332  Streptococcus.sobrinus.003172975             6.56%    passed     85.08%
 333  Pseudomonas_E.avellanae.000648735            6.61%    passed     86.49%
 334  Streptococcus.agalactiae.000730215           6.69%    passed     10.72%
 335  Escherichia.coli_D.001900315                 6.28%    passed     10.98%
 336  Escherichia.dysenteriae.000730345            6.38%    passed     19.11%
 337  Escherichia.coli_D.003095635                 6.32%    passed     11.71%
 338  Pseudomonas_E.hunanensis.000271965           6.69%    passed     94.30%
 339  Pseudomonas_A.stutzeri.000195105             6.63%    passed     81.32%
 340  Klebsiella.variicola.001989495               6.30%    passed     10.59%
 341  Streptococcus.agalactiae.002197265           6.69%    passed     11.47%
 342  Staphylococcus.aureus.002000765              6.26%    passed      7.94%
 343  Streptococcus.intermedius.002073355          6.61%    passed     41.31%
 344  Klebsiella.pneumoniae.001709275              6.46%    passed     12.96%
 345  Escherichia.flexneri.001721225               6.18%    passed     11.10%
 346  Streptococcus.agalactiae.000427075           6.71%    passed     11.53%
 347  Escherichia.coli.002996945                   6.34%    passed      8.28%
 348  Enterococcus.faecalis.001886675              6.28%    passed     96.13%
 349  Streptococcus.agalactiae.002812505           6.71%    passed     11.82%
 350  Staphylococcus.aureus.000953255              6.26%    passed      9.33%
 351  Streptococcus.equi.000020765                 6.67%    passed     33.61%
 352  Streptococcus.salivarius.002094975           6.77%    passed     25.30%
 353  Streptococcus.thermophilus.002843115         6.77%    passed     28.43%
 354  Escherichia.flexneri.002952855               6.32%    passed      9.78%
 355  Streptococcus.equi.000696505                 6.38%    passed     28.49%
 356  Streptococcus.pyogenes.900475075             6.67%    passed     30.92%
 357  Streptococcus.dysgalactiae.900475145         6.71%    passed     45.38%
 358  Staphylococcus.aureus.003203635              6.44%    passed      9.05%
 359  Enterococcus_B.faecium.003020685             6.20%    passed     91.90%
 360  Klebsiella.quasipneumoniae.003146655         6.44%    passed     11.64%
 361  Streptococcus.gallolyticus.002000985         6.81%    passed     23.72%
 362  Escherichia.dysenteriae.001753545            6.22%    passed     13.77%
 363  Staphylococcus.lugdunensis.000270465        12.09%    passed     16.38%
 364  Streptococcus.suis.000018185                 6.56%    passed     49.65%
 365  Pseudomonas_E.hunanensis.000007565           7.36%    passed     85.36%
 366  Klebsiella.pneumoniae.002833425              6.44%    passed     13.10%
 367  Streptococcus.uberis.900475595               6.77%    passed     48.48%
 368  Pseudomonas_E.piscium.000761195              6.67%    passed     94.41%
 369  Staphylococcus.aureus.000815245              6.28%    passed      9.02%
 370  Escherichia.flexneri.003018215               6.34%    passed     12.01%
 371  Streptococcus.dysgalactiae.900475255         6.69%    passed     48.15%
 372  Klebsiella.pneumoniae.002202195              6.36%    passed     18.21%
 373  Pseudomonas_E.hunanensis.001767335           6.67%    passed     92.28%
 374  Klebsiella.quasipneumoniae.003146635         6.46%    passed     13.51%
 375  Escherichia.flexneri.002899495               6.32%    passed      9.78%
 376  Klebsiella_B.aerogenes.001021995             6.20%    passed     33.20%
 377  Pseudomonas_E.ficuserectae.000012205         6.61%    passed     84.95%
 378  Streptococcus.sanguinis.900475045            6.77%    passed     79.07%
 379  Staphylococcus.aureus.001298325              6.28%    passed      8.32%
 380  Escherichia.coli.003018255                   6.32%    passed     14.77%
 381  Streptococcus.mutans.000284575               6.56%    passed     86.99%
 382  Klebsiella.pneumoniae.000417265              6.36%    passed     13.31%
 383  Pseudomonas.aeruginosa.002192495             6.81%    passed     70.67%
 384  Staphylococcus.lugdunensis.002591215         6.38%    passed      9.77%
 385  Streptococcus.pneumoniae.000211035           6.79%    passed     39.53%
 386  Enterococcus.faecalis.002814115              6.34%    passed     95.83%
 387  Klebsiella_A.michiganensis.002906395         6.36%    passed     13.34%
 388  Streptococcus.pneumoniae.000018965           6.79%    passed     42.26%
 389  Enterococcus_B.faecium.001953255             6.18%    passed     89.72%
 390  Streptococcus.pyogenes.900475085             6.67%    passed     27.67%
 391  Escherichia.coli.002056635                   6.32%    passed      9.13%
 392  Escherichia.coli.001566675                   6.32%    passed      8.64%
 393  Streptococcus.agalactiae.000427035           6.69%    passed     10.72%
 394  Streptococcus.equi.900474875                 6.65%    passed     42.20%
 395  Enterococcus.faecalis.002355755              6.30%    passed     95.11%
 396  Streptococcus.sobrinus.003172995             6.56%    passed     84.67%
 397  Pseudomonas.aeruginosa.002205335             6.81%    passed     67.12%
 398  Streptococcus.equi.900475125                 6.73%    passed     34.49%
 399  Escherichia.dysenteriae.001753465            6.22%    passed     10.87%
 400  Pseudomonas_E.avellanae.900235905            6.75%    passed     88.71%
 401  Streptococcus.mutans.001558215               6.56%    passed     84.70%
 402  Enterococcus.faecalis.001878735              6.28%    passed     96.13%
 403  Pseudomonas.aeruginosa.002192475             6.81%    passed     66.68%
 404  Pseudomonas.aeruginosa.002237405             6.81%    passed     68.45%
 405  Streptococcus.mutans.000007465               6.77%    passed     90.03%
 406  Escherichia.coli.002012065                   6.28%    passed     11.14%
 407  Staphylococcus.aureus.001465675              6.24%    passed      8.23%
 408  Escherichia.dysenteriae.001753565            6.22%    passed     10.13%
 409  Escherichia.coli_D.000026345                 7.05%    passed     11.65%
 410  Enterococcus_B.faecium.003020765             6.20%    passed     91.90%
 411  Staphylococcus.aureus.003185005              6.32%    passed      9.29%
 412  Pseudomonas_A.stutzeri.001038645             6.81%    passed     87.12%
 413  Streptococcus.agalactiae.002881315           6.69%    passed     11.32%
 414  Streptococcus.dysgalactiae.000307185         6.77%    passed     48.13%
 415  Enterococcus.faecalis.001989555              6.28%    passed     95.50%
 416  Streptococcus.agalactiae.002073795           6.69%    passed     11.48%
 417  Enterococcus_B.faecium.002777275             6.20%    passed     89.58%
 418  Streptococcus.agalactiae.000831125           6.69%    passed     11.49%
 419  Enterococcus_B.faecium.002334625             6.20%    passed     90.73%
 420  Staphylococcus.simulans.001559115            6.30%    passed     52.80%
 421  Streptococcus.pyogenes.900475795             6.67%    passed     32.25%
 422  Escherichia.coli.001660585                   6.30%    passed     12.97%
 423  Enterococcus_B.faecium.000444405             6.26%    passed     92.93%
 424  Escherichia.coli.002853715                   6.40%    passed     14.69%
 425  Streptococcus.salivarius.002073815           6.77%    passed     29.55%
 426  Escherichia.coli_D.000027125                 6.34%    passed      8.31%
 427  Staphylococcus.epidermidis.002954055         6.28%    passed     27.61%
 428  Staphylococcus.haemolyticus.001611955        6.28%    passed     14.83%
 429  Streptococcus.lutetiensis.900475675          6.79%    passed     17.69%
 430  Streptococcus.salivarius.001543085           8.77%    passed     22.77%
 431  Escherichia.dysenteriae.001695515            6.18%    passed     12.04%
 432  Streptococcus.thermophilus.001855705         6.77%    passed     28.43%
 433  Staphylococcus.epidermidis.002850315         6.24%    passed     31.25%
 434  Klebsiella.quasipneumoniae.001278905         6.56%    passed     10.89%
 435  Streptococcus.suis.001721625                 6.67%    passed     53.87%
 436  Streptococcus.pneumoniae.000146975           6.79%    passed     38.18%
 437  Klebsiella_B.aerogenes.001571545             6.38%    passed     30.35%
 438  Streptococcus.lutetiensis.900475065          6.79%    passed     18.56%
 439  Streptococcus.salivarius.000448685           6.77%    passed     28.50%
 440  Escherichia.coli.001021595                   6.28%    passed      9.19%
 441  Klebsiella.variicola.002852915               6.40%    passed     13.02%
 442  Klebsiella_B.aerogenes.002796425             6.28%    passed     38.80%
 443  Klebsiella.pneumoniae.000742755              6.36%    passed     16.25%
 444  Streptococcus.gordonii.000017005             6.59%    passed     72.27%
 445  Streptococcus.pneumoniae.001896045           6.75%    passed     41.26%
 446  Pseudomonas.aeruginosa.001900225            20.22%    passed     63.29%
 447  Streptococcus.sanguinis.000014205            6.93%    passed     69.60%
 448  Streptococcus.pyogenes.000011665             6.67%    passed     29.36%
 449  Klebsiella.variicola.001989535               6.30%    passed     10.59%
 450  Staphylococcus.epidermidis.000007645         8.32%    passed     36.59%
 451  Staphylococcus.xylosus.000953575             6.22%    passed      6.87%
 452  Escherichia.flexneri.002741255               6.22%    passed     10.11%
 453  Klebsiella.quasipneumoniae.002240295         6.36%    passed     14.28%
 454  Streptococcus.pneumoniae.000018985           6.79%    passed     35.88%
 455  Pseudomonas.aeruginosa.001547955             6.79%    passed     63.56%
 456  Pseudomonas.aeruginosa.001542835             6.81%    passed     66.58%
 457  Escherichia.flexneri.002211725               6.28%    passed     10.70%
 458  Escherichia.dysenteriae.002741495            6.30%    passed      8.51%
 459  Klebsiella_A.michiganensis.002906435         6.36%    passed     14.05%
 460  Streptococcus.pneumoniae.900476505           6.77%    passed     33.98%
 461  Streptococcus.suis.001936415                 6.56%    passed     50.86%
 462  Streptococcus.suis.000233575                 6.59%    passed     51.19%
 463  Streptococcus.agalactiae.002197425           6.69%    passed     11.47%
 464  Escherichia.coli_D.001890365                 6.30%    passed     14.48%
 465  Pseudomonas_E.hunanensis.002953115           6.85%    passed     92.86%
 466  Escherichia.flexneri.002870165               6.20%    passed      8.10%
 467  Escherichia.dysenteriae.001651965            6.18%    passed     13.62%
 468  Staphylococcus.epidermidis.000011925         6.18%    passed     26.73%
 469  Klebsiella_B.aerogenes.003071285             6.38%    passed     33.38%
 470  Enterococcus_B.faecium.001587115             6.18%    passed     91.99%
 471  Staphylococcus.saprophyticus.001558275       6.22%    passed     14.05%
 472  Streptococcus.agalactiae.001552035           6.73%    passed     11.44%
 473  Escherichia.albertii.002285455               6.36%    passed      6.68%
 474  Streptococcus.pyogenes.001014305             6.67%    passed     29.36%
 475  Pseudomonas.aeruginosa.001874465             6.79%    passed     66.43%
 476  Streptococcus.suis.001272635                 6.67%    passed     65.50%
 477  Staphylococcus.epidermidis.900086615         6.18%    passed     25.60%
 478  Streptococcus.pyogenes.000767505             6.67%    passed     29.07%
 479  Streptococcus.pyogenes.900474975             6.67%    passed     29.36%
 480  Streptococcus.pyogenes.000756485             6.67%    passed     29.07%
 481  Pseudomonas.aeruginosa_A.002968755           6.95%    passed     62.92%
 482  Pseudomonas_E.avellanae.002905795            6.75%    passed     87.40%
 483  Enterococcus_B.faecium.002761255             6.20%    passed     89.58%
 484  Streptococcus.pyogenes.001635895             6.67%    passed     29.07%
 485  Staphylococcus.aureus.900475245              6.32%    passed      9.32%
 486  Pseudomonas_E.protegens.000828695            6.61%    passed     91.38%
 487  Enterococcus_B.faecium.001518735             6.26%    passed     90.54%
 488  Streptococcus.suis.000026745                 6.73%    passed     59.22%
 489  Staphylococcus.aureus.001975005              6.28%    passed      9.17%
 490  Klebsiella.quasipneumoniae.002953295         6.46%    passed     17.66%
 491  Escherichia.coli_D.000019645                 6.42%    passed     10.46%
 492  Streptococcus.pyogenes.900474865             6.67%    passed     29.07%
 493  Escherichia.coli_D.002787215                 6.36%    passed     14.69%
 494  Staphylococcus.lugdunensis.900474705         6.38%    passed     15.05%
 495  Enterococcus_B.faecium.900066025             6.18%    passed     90.82%
 496  Pseudomonas_E.avellanae.002966555            6.77%    passed     87.30%
 497  Streptococcus.gallolyticus.000027185         6.81%    passed     22.65%
 498  Streptococcus.dysgalactiae.000188715         6.69%    passed     51.50%
 499  Streptococcus.uberis.900475695               6.77%    passed     46.24%
 500  Pseudomonas_E.avellanae.001913235            6.61%    passed     86.49%
 501  Streptococcus.lutetiensis.001477615         19.82%    passed     16.54%
 502  Pseudomonas_A.stutzeri.000219605             6.63%    passed     79.58%
 503  Klebsiella.pneumoniae.002180175              6.36%    passed     16.34%
 504  Staphylococcus.equorum_B.001683315           5.99%    failed      2.88%
 505  Escherichia.coli_D.003180995                 6.36%    passed     15.36%
 506  Streptococcus.iniae.000831485                6.73%    passed     20.91%
 507  Klebsiella.pneumoniae.002852945              6.44%    passed     11.21%
 508  Streptococcus.thermophilus.900094135         6.77%    passed     26.95%
 509  Streptococcus.suis.000091905                 6.56%    passed     50.86%
 510  Klebsiella_B.aerogenes.001559215             6.38%    passed     34.38%
 511  Enterococcus_B.faecium.003071425             6.20%    passed     90.51%
 512  Staphylococcus.aureus.003031425              6.32%    passed     10.20%
 513  Streptococcus.sobrinus.003176795             6.65%    passed     85.50%
 514  Streptococcus.thermophilus.001514435         6.77%    passed     30.21%
 515  Escherichia.dysenteriae.003018995            6.24%    passed     13.88%
 516  Klebsiella.quasipneumoniae.003020825         6.44%    passed     17.64%
 517  Enterococcus_B.faecium.001721065             6.24%    passed     89.82%
 518  Streptococcus.agalactiae.001729925           6.69%    passed     10.08%
 519  Streptococcus.pyogenes.900474765             6.67%    passed     27.67%
 520  Streptococcus.gordonii.900475015             6.59%    passed     77.22%
 521  Streptococcus.agalactiae.000012705           6.69%    passed     10.69%
 522  Streptococcus.thermophilus.900474985         6.77%    passed     28.43%
 523  Streptococcus.gordonii.001281105             6.59%    passed     76.71%
 524  Klebsiella.variicola.002164805               6.38%    passed     12.76%
 525  Pseudomonas_E.avellanae.900235835            6.77%    passed     89.18%
 526  Streptococcus.intermedius.000463355          6.54%    passed     45.96%
 527  Pseudomonas_E.monteilii_B.000510285          6.65%    passed     89.87%
 528  Streptococcus.dysgalactiae.900475185         6.69%    passed     47.93%
 529  Pseudomonas_E.ficuserectae.002905685         6.79%    passed     88.52%
 530  Streptococcus.agalactiae.002812465           6.69%    passed     11.47%
 531  Pseudomonas_E.ficuserectae.002068135         6.77%    passed     88.37%
 532  Streptococcus.suis.000494895                 6.67%    passed     55.64%
 533  Enterococcus_B.faecium.003020705             6.24%    passed     90.17%
 534  Klebsiella.variicola.000025465               6.32%    passed     16.02%
 535  Staphylococcus.aureus.900017775              6.26%    passed      8.36%
 536  Staphylococcus.aureus.001018655              6.32%    passed      9.32%
 537  Escherichia.coli.003194345                   6.40%    passed     10.24%
 538  Enterococcus_B.faecium.002848625             6.20%    passed     89.58%
 539  Streptococcus.pneumoniae.000026665           6.79%    passed     34.19%
 540  Pseudomonas_E.syringae_M.000012245           7.12%    passed     79.72%
 541  Escherichia.coli_D.001677475                 6.34%    passed     10.84%
 542  Pseudomonas_E.piscium.003008635              6.83%    passed     91.45%
 543  Escherichia.flexneri.001900535               6.20%    passed      8.36%
 544  Klebsiella_A.michiganensis.002072655         6.30%    passed     18.55%
 545  Klebsiella.pneumoniae.001908655              6.44%    passed     14.59%
 546  Klebsiella_A.michiganensis.001970835         6.28%    passed     12.36%
 547  Streptococcus.sanguinis.900475505            6.77%    passed     77.80%
 548  Streptococcus.equi.900474805                 6.73%    passed     42.51%
 549  Escherichia.dysenteriae.001650275            6.26%    passed     12.82%
 550  Streptococcus.pyogenes.002355175             6.67%    passed     29.07%
 551  Pseudomonas.aeruginosa.002812905             6.95%    passed     68.58%
 552  Streptococcus.intermedius.000306805          6.59%    passed     47.95%
 553  Staphylococcus.aureus.002952015              6.32%    passed      8.79%
 554  Staphylococcus.pseudintermedius.001682435   12.50%    passed     42.11%
 555  Pseudomonas_E.protegens.002006545            6.83%    passed     93.92%
 556  Streptococcus.agalactiae.000299135           6.69%    passed      9.95%
 557  Streptococcus.pyogenes.000250925             6.67%    passed     24.95%
 558  Streptococcus.gallolyticus.900475715         6.81%    passed     23.72%
 559  Staphylococcus.equorum_B.001663395           6.59%    failed      1.72%
 560  Escherichia.dysenteriae.001890245            6.22%    passed     13.88%
 561  Escherichia.flexneri.002903125               6.22%    passed      8.29%
 562  Pseudomonas.aeruginosa.001721845             6.85%    passed     65.23%
 563  Escherichia.flexneri.003017455               6.22%    passed      8.02%
 564  Klebsiella_A.michiganensis.000276705         6.36%    passed     16.84%
 565  Streptococcus.salivarius.000253315           6.77%    passed     25.73%
 566  Staphylococcus.aureus.001956755              6.28%    passed     10.33%
 567  Escherichia.coli_D.002966755                13.90%    passed      9.83%
 568  Pseudomonas_E.hunanensis.000016865           6.69%    passed     90.36%
 569  Enterococcus_B.faecium.001635875             6.18%    passed     89.72%
 570  Streptococcus.pneumoniae.003003495           6.79%    passed     41.53%
 571  Streptococcus.pyogenes.000743015             6.75%    passed     27.83%
 572  Escherichia.coli_D.001485455                 6.28%    passed     15.94%
 573  Pseudomonas.aeruginosa.002812825             6.93%    passed     66.04%
 574  Streptococcus.pyogenes.900474815             6.67%    passed     30.32%
 575  Escherichia.flexneri.003019215               6.32%    passed      8.19%
 576  Klebsiella_A.michiganensis.001753185         6.44%    passed     15.15%
 577  Klebsiella.pneumoniae.002752815              6.44%    passed     14.78%
 578  Klebsiella.pneumoniae.002752975              6.44%    passed     13.98%
 579  Streptococcus.pneumoniae.002357995           6.79%    passed     42.84%
 580  Klebsiella_A.oxytoca.002984395               6.40%    passed     20.83%
 581  Klebsiella.pneumoniae.003031325              6.46%    passed     13.71%
 582  Streptococcus.sobrinus.900475365             6.65%    passed     85.50%
 583  Klebsiella.quasipneumoniae.003146685         6.44%    passed     11.64%
 584  Klebsiella_A.oxytoca.003073975               6.38%    passed     14.62%
 585  Streptococcus.iniae.001885145                6.73%    passed     20.36%
 586  Klebsiella_B.aerogenes.001593585             6.40%    passed     31.03%
 587  Streptococcus.intermedius.900475975          6.59%    passed     47.95%
 588  Streptococcus.pneumoniae.900476455           6.79%    passed     44.12%
 589  Escherichia.coli_D.001900295                 6.16%    passed     11.91%
 590  Pseudomonas_E.piscium.000698865              6.79%    passed     91.91%
 591  Streptococcus.pyogenes.900474795             6.67%    passed     27.67%
 592  Klebsiella_A.michiganensis.000632415         4.06%    passed     13.63%
 593  Escherichia.flexneri.001900985               6.28%    passed      6.47%
 594  Staphylococcus.simulans.003076375            6.28%    passed     55.26%
 595  Staphylococcus.aureus.001457495              6.26%    passed     10.10%
 596  Streptococcus.pyogenes.000013485             6.67%    passed     30.32%
 597  Streptococcus.pneumoniae.001896065           6.79%    passed     37.03%
 598  Enterococcus.faecalis.000281195              6.28%    passed     97.65%
 599  Streptococcus.suis.001640765                 6.73%    passed     51.50%
 600  Pseudomonas.aeruginosa.001792855             6.79%    passed     68.99%
 601  Streptococcus.pneumoniae.900475305           6.79%    passed     41.53%
 602  Streptococcus.pyogenes.000011285             6.67%    passed     29.07%
 603  Pseudomonas_E.avellanae.000344355            6.61%    passed     86.49%
 604  Streptococcus.pneumoniae.000196595           6.75%    passed     32.70%
 605  Enterococcus.faecalis.000007785              7.30%    passed     95.97%
 606  Streptococcus.agalactiae.002197245           6.69%    passed     11.47%
 607  Pseudomonas_E.hunanensis.000183645           6.69%    passed     91.40%
 608  Pseudomonas_E.protegens.000012265            6.61%    passed     92.38%
 609  Streptococcus.thermophilus.001663795         6.83%    passed     25.25%
 610  Staphylococcus.haemolyticus.002906615        6.42%    passed     15.12%
 611  Streptococcus.suis.000231905                 6.67%    passed     61.59%
 612  Streptococcus.dysgalactiae.000010705         6.69%    passed     49.61%
 613  Enterococcus.faecalis.001598635              6.30%    passed     95.15%
 614  Enterococcus.faecalis.000172575              6.32%    passed     98.43%
 615  Streptococcus.iniae.002220115                6.73%    passed     20.43%
 616  Escherichia.coli_D.003019035                 6.36%    passed     13.06%
 617  Pseudomonas.aeruginosa.001447845             6.79%    passed     66.43%
 618  Streptococcus.agalactiae.002289205           6.71%    passed     11.08%
 619  Staphylococcus.aureus.000025145              6.26%    passed      8.82%
 620  Streptococcus.agalactiae.002197365           6.69%    passed     11.48%
 621  Pseudomonas.aeruginosa.003060845             6.95%    passed     70.11%
 622  Enterococcus_B.faecium.000250945             6.20%    passed     90.36%
 623  Streptococcus.anginosus.000463465            6.59%    passed     47.48%
 624  Escherichia.flexneri.001900335               6.30%    passed      9.80%
 625  Streptococcus.anginosus.000478925            6.63%    passed     47.83%
 626  Streptococcus.anginosus.001412635            6.59%    passed     47.48%
 627  Streptococcus.salivarius.900475225           6.77%    passed     26.88%
 628  Streptococcus.suis.000204625                 6.69%    passed     66.36%
 629  Klebsiella_B.aerogenes.002796405             6.30%    passed     30.70%
 630  Streptococcus.pneumoniae.000210995           6.79%    passed     38.29%
 631  Escherichia.coli_D.002012045                 6.24%    passed     14.26%
 632  Escherichia.flexneri.003073815               6.24%    passed      6.54%
 633  Enterococcus.faecalis.000317915              6.30%    passed     95.01%
 634  Pseudomonas_E.monteilii_B.000831585          6.71%    passed     91.07%
 635  Escherichia.flexneri.001559675               6.28%    passed     13.15%
 636  Streptococcus.suis.003144175                 6.67%    passed     55.26%
 637  Streptococcus.mutans.000817065               6.56%    passed     86.55%
 638  Streptococcus.thermophilus.000971665         6.77%    passed     26.70%
 639  Streptococcus.equi.000219765                 6.38%    passed     28.49%
 640  Enterococcus_B.faecium.002880635             6.20%    passed     90.73%
 641  Pseudomonas.aeruginosa.000006765             7.34%    passed     57.74%
 642  Streptococcus.suis.001610935                 6.69%    passed     64.89%
 643  Escherichia.flexneri.003112165               6.36%    passed      7.44%
 644  Klebsiella_A.michiganensis.002216835         6.30%    passed     17.47%
 645  Klebsiella.pneumoniae.003073315              6.44%    passed     16.23%
 646  Escherichia.flexneri.001900945               6.18%    passed     11.31%
 647  Staphylococcus.xylosus.000709415             6.22%    passed      6.87%
 648  Streptococcus.pneumoniae.000210975           6.79%    passed     36.95%
 649  Klebsiella_A.michiganensis.000240325         6.36%    passed     15.90%
 650  Staphylococcus.epidermidis.002944995         6.26%    passed     26.68%
 651  Klebsiella.pneumoniae.000417085              6.40%    passed     13.97%
 652  Klebsiella_A.michiganensis.002906415         6.36%    passed     19.86%
 653  Pseudomonas_E.syringae_M.000988485           6.59%    passed     83.55%
 654  Streptococcus.suis.000993745                 6.56%    passed     50.86%
 655  Enterococcus_B.faecium.001750885             6.18%    passed     91.32%
 656  Streptococcus.agalactiae.001592385           6.69%    passed     10.10%
 657  Pseudomonas_E.avellanae.000344335            6.61%    passed     87.40%
 658  Staphylococcus.saprophyticus.002208905       6.24%    passed     13.96%
 659  Streptococcus.gordonii.900475385             6.59%    passed     81.39%
 660  Klebsiella.pneumoniae.002587885              6.44%    passed     15.71%
 661  Staphylococcus.simulans.002386185            6.30%    passed     45.36%
 662  Streptococcus.thermophilus.000011825         6.77%    passed     29.27%
 663  Staphylococcus.haemolyticus.002952715        6.40%    passed     14.49%
 664  Streptococcus.thermophilus.000011845         6.77%    passed     29.27%
 665  Streptococcus.thermophilus.000698885         6.77%    passed     28.43%
 666  Pseudomonas.aeruginosa.001721805             6.79%    passed     64.57%
 667  Streptococcus.pyogenes.000993765             6.67%    passed     27.67%
 668  Streptococcus.agalactiae.001266635           6.79%    passed      8.84%
 669  Escherichia.flexneri.000299255               6.30%    passed      8.47%
 670  Enterococcus_B.faecium.900092475             6.18%    passed     91.99%
 671  Escherichia.coli.000813165                   6.28%    passed     10.58%
 672  Pseudomonas_E.monteilii_B.000511325          6.65%    passed     86.57%
 673  Streptococcus.suis.002688665                 6.56%    passed     50.86%
 674  Klebsiella.pneumoniae.000775375              6.44%    passed     14.17%
 675  Staphylococcus.lugdunensis.002073395         6.40%    passed     14.68%
 676  Streptococcus.suis.000294495                 6.67%    passed     51.24%
 677  Staphylococcus.aureus.003030065              6.32%    passed     10.80%
 678  Streptococcus.agalactiae.001190885           6.69%    passed     10.72%
 679  Streptococcus.gordonii.002386285             6.61%    passed     76.23%
 680  Staphylococcus.equorum_B.001432245           5.99%    failed      2.64%
 681  Enterococcus_B.faecium.002761555             6.42%    passed     88.70%
 682  Klebsiella.pneumoniae.002197505              6.36%    passed     11.82%
 683  Klebsiella_B.aerogenes.002796525             6.38%    passed     33.03%
 684  Streptococcus.sanguinis.900475275            6.87%    passed     76.00%
 685  Escherichia.coli_D.001721525                 6.28%    passed     10.96%
 686  Streptococcus.pyogenes.001559175             6.67%    passed     28.75%
 687  Streptococcus.thermophilus.000253395         6.79%    passed     25.95%
 688  Streptococcus.pneumoniae.000211015           6.79%    passed     39.53%
 689  Escherichia.coli.002012205                   6.32%    passed     13.12%
 690  Klebsiella.pneumoniae.002752995              6.44%    passed     15.35%
 691  Escherichia.coli.002237305                   6.52%    passed     17.40%
****  TOTAL                                        6.74%  4 sequences failed composition chi2 test (p-value<5%; df=3)
NOTE: Pseudomonas_E.avellanae.002024305 is identical to Pseudomonas_E.avellanae.002024285 but kept for subsequent analysis
NOTE: Streptococcus.pneumoniae.003003495 is identical to Streptococcus.pneumoniae.000014365 but kept for subsequent analysis
NOTE: Streptococcus.agalactiae.000689235 is identical to Streptococcus.agalactiae.900155855 but kept for subsequent analysis
NOTE: Streptococcus.agalactiae.002197285 is identical to Streptococcus.agalactiae.002812425 but kept for subsequent analysis
NOTE: Enterococcus_B.faecium.900066025 is identical to Enterococcus_B.faecium.000336405 but kept for subsequent analysis
NOTE: Klebsiella.pneumoniae.001908655 is identical to Klebsiella.pneumoniae.001956965 but kept for subsequent analysis
NOTE: Streptococcus.suis.002736265 is identical to Streptococcus.suis.000168355 but kept for subsequent analysis
NOTE: Pseudomonas.aeruginosa.000026645 is identical to Pseudomonas.aeruginosa.001516105 but kept for subsequent analysis
NOTE: Enterococcus_B.faecium.003071425 is identical to Enterococcus_B.faecium.003071445 but kept for subsequent analysis
NOTE: Enterococcus_B.faecium.002848745 is identical to Enterococcus_B.faecium.002848665 but kept for subsequent analysis
NOTE: Streptococcus.suis.000231865 is identical to Streptococcus.suis.002111405 but kept for subsequent analysis
NOTE: Escherichia.dysenteriae.001753525 is identical to Escherichia.dysenteriae.001753445 but kept for subsequent analysis
NOTE: Escherichia.dysenteriae.001651965 is identical to Escherichia.dysenteriae.001651925 but kept for subsequent analysis
NOTE: Staphylococcus.aureus.000969225 is identical to Staphylococcus.aureus.002209325 but kept for subsequent analysis
NOTE: Streptococcus.uberis.002814135 is identical to Streptococcus.uberis.000009545 but kept for subsequent analysis
NOTE: Escherichia.dysenteriae.001890325 is identical to Escherichia.dysenteriae.001650295 but kept for subsequent analysis
NOTE: Streptococcus.pyogenes.900475075 is identical to Streptococcus.pyogenes.900474455 but kept for subsequent analysis
NOTE: Klebsiella.pneumoniae.001902415 is identical to Klebsiella.pneumoniae.001908895 but kept for subsequent analysis
NOTE: Klebsiella.variicola.001989495 is identical to Klebsiella.variicola.001989515 but kept for subsequent analysis
NOTE: Pseudomonas_E.protegens.000012265 is identical to Pseudomonas_E.protegens.000397205 but kept for subsequent analysis
NOTE: Enterococcus_B.faecium.001953255 is identical to Enterococcus_B.faecium.001953235 but kept for subsequent analysis
NOTE: Klebsiella.pneumoniae.000775375 is identical to Klebsiella.pneumoniae.000364385 but kept for subsequent analysis
NOTE: Streptococcus.pyogenes.001635935 is identical to Streptococcus.pyogenes.900475565 but kept for subsequent analysis
NOTE: Escherichia.dysenteriae.000732965 is identical to Escherichia.dysenteriae.001307215 but kept for subsequent analysis
NOTE: Streptococcus.pneumoniae.000251085 is identical to Streptococcus.pneumoniae.001896085 but kept for subsequent analysis
NOTE: Staphylococcus.simulans.003006075 is identical to Staphylococcus.simulans.003096155 but kept for subsequent analysis
NOTE: Pseudomonas.aeruginosa.002104595 is identical to Pseudomonas.aeruginosa.000473745 but kept for subsequent analysis
NOTE: Escherichia.dysenteriae.002741495 is identical to Escherichia.dysenteriae.002741555 but kept for subsequent analysis
NOTE: Streptococcus.sobrinus.003172995 is identical to Streptococcus.sobrinus.900475395 but kept for subsequent analysis
NOTE: Streptococcus.thermophilus.002843115 is identical to Streptococcus.thermophilus.001008015 but kept for subsequent analysis
NOTE: Streptococcus.pneumoniae.000211035 is identical to Streptococcus.pneumoniae.000211055 but kept for subsequent analysis
NOTE: Streptococcus.agalactiae.001026925 is identical to Streptococcus.agalactiae.001712835 but kept for subsequent analysis
NOTE: Enterococcus_B.faecium.003020685 is identical to Enterococcus_B.faecium.002983785 but kept for subsequent analysis
NOTE: Klebsiella_A.oxytoca.001022295 is identical to Klebsiella_A.oxytoca.001022115 but kept for subsequent analysis
NOTE: Escherichia.dysenteriae.000520055 is identical to Escherichia.dysenteriae.000662395 but kept for subsequent analysis
NOTE: Streptococcus.agalactiae.000299135 is identical to Streptococcus.agalactiae.001190805 but kept for subsequent analysis
NOTE: Streptococcus.gallolyticus.000027185 is identical to Streptococcus.gallolyticus.000270145 but kept for subsequent analysis
NOTE: Escherichia.flexneri.002952855 is identical to Escherichia.flexneri.002953055 but kept for subsequent analysis
NOTE: Pseudomonas_E.monteilii_B.000510285 is identical to Pseudomonas_E.monteilii_B.000510325 but kept for subsequent analysis
NOTE: Escherichia.coli.001566675 is identical to Escherichia.coli.001617565 but kept for subsequent analysis
NOTE: Streptococcus.pyogenes.000011665 is identical to Streptococcus.pyogenes.001547715 but kept for subsequent analysis
NOTE: Streptococcus.salivarius.000448685 is identical to Streptococcus.salivarius.000785515 but kept for subsequent analysis
NOTE: Enterococcus_B.faecium.002777275 is identical to Enterococcus_B.faecium.002761275 but kept for subsequent analysis
NOTE: Enterococcus.faecalis.001878735 is identical to Enterococcus.faecalis.001886675 but kept for subsequent analysis
NOTE: Streptococcus.equi.000219765 is identical to Streptococcus.equi.000696505 but kept for subsequent analysis
NOTE: Klebsiella.quasipneumoniae.003146685 is identical to Klebsiella.quasipneumoniae.003146655 but kept for subsequent analysis
NOTE: Streptococcus.gallolyticus.900475715 is identical to Streptococcus.gallolyticus.002000985 but kept for subsequent analysis
NOTE: Staphylococcus.xylosus.000709415 is identical to Staphylococcus.xylosus.000953575 but kept for subsequent analysis
NOTE: Enterococcus_B.faecium.900092475 is identical to Enterococcus_B.faecium.001587115 but kept for subsequent analysis
NOTE: Staphylococcus.aureus.001018655 is identical to Staphylococcus.aureus.900475245 but kept for subsequent analysis
NOTE: Streptococcus.sobrinus.900475365 is identical to Streptococcus.sobrinus.003176795 but kept for subsequent analysis
NOTE: Streptococcus.pyogenes.000993765 is identical to Streptococcus.pyogenes.900474765 but kept for subsequent analysis
NOTE: Streptococcus.intermedius.900475975 is identical to Streptococcus.intermedius.000306805 but kept for subsequent analysis
NOTE: Streptococcus.pyogenes.000013485 is identical to Streptococcus.pyogenes.900474815 but kept for subsequent analysis
NOTE: Streptococcus.anginosus.001412635 is identical to Streptococcus.anginosus.000463465 but kept for subsequent analysis
NOTE: Streptococcus.thermophilus.000011845 is identical to Streptococcus.thermophilus.000011825 but kept for subsequent analysis
NOTE: 50 identical sequences (see below) will be ignored for subsequent analysis
NOTE: Pseudomonas_E.avellanae.000648735 (identical to Pseudomonas_E.avellanae.002024285) is ignored but added at the end
NOTE: Pseudomonas_E.avellanae.001913235 (identical to Pseudomonas_E.avellanae.002024285) is ignored but added at the end
NOTE: Pseudomonas_E.avellanae.000344355 (identical to Pseudomonas_E.avellanae.002024285) is ignored but added at the end
NOTE: Streptococcus.pneumoniae.900475305 (identical to Streptococcus.pneumoniae.000014365) is ignored but added at the end
NOTE: Streptococcus.agalactiae.002073795 (identical to Streptococcus.agalactiae.900155855) is ignored but added at the end
NOTE: Streptococcus.agalactiae.002197365 (identical to Streptococcus.agalactiae.900155855) is ignored but added at the end
NOTE: Streptococcus.agalactiae.001683515 (identical to Streptococcus.agalactiae.002812425) is ignored but added at the end
NOTE: Streptococcus.agalactiae.002197265 (identical to Streptococcus.agalactiae.002812425) is ignored but added at the end
NOTE: Streptococcus.agalactiae.002197425 (identical to Streptococcus.agalactiae.002812425) is ignored but added at the end
NOTE: Streptococcus.agalactiae.002812465 (identical to Streptococcus.agalactiae.002812425) is ignored but added at the end
NOTE: Streptococcus.agalactiae.002197245 (identical to Streptococcus.agalactiae.002812425) is ignored but added at the end
NOTE: Streptococcus.suis.001272635 (identical to Streptococcus.suis.000168355) is ignored but added at the end
NOTE: Pseudomonas.aeruginosa.001077475 (identical to Pseudomonas.aeruginosa.001516105) is ignored but added at the end
NOTE: Streptococcus.suis.000344765 (identical to Streptococcus.suis.002111405) is ignored but added at the end
NOTE: Streptococcus.suis.000026725 (identical to Streptococcus.suis.002111405) is ignored but added at the end
NOTE: Streptococcus.suis.002189695 (identical to Streptococcus.suis.002111405) is ignored but added at the end
NOTE: Streptococcus.suis.001936415 (identical to Streptococcus.suis.002111405) is ignored but added at the end
NOTE: Streptococcus.suis.000091905 (identical to Streptococcus.suis.002111405) is ignored but added at the end
NOTE: Streptococcus.suis.000993745 (identical to Streptococcus.suis.002111405) is ignored but added at the end
NOTE: Streptococcus.suis.002688665 (identical to Streptococcus.suis.002111405) is ignored but added at the end
NOTE: Escherichia.dysenteriae.001753465 (identical to Escherichia.dysenteriae.001753445) is ignored but added at the end
NOTE: Staphylococcus.aureus.000011265 (identical to Staphylococcus.aureus.002209325) is ignored but added at the end
NOTE: Staphylococcus.aureus.001457495 (identical to Staphylococcus.aureus.002209325) is ignored but added at the end
NOTE: Streptococcus.uberis.900475695 (identical to Streptococcus.uberis.000009545) is ignored but added at the end
NOTE: Escherichia.dysenteriae.001650275 (identical to Escherichia.dysenteriae.001650295) is ignored but added at the end
NOTE: Klebsiella.variicola.001989535 (identical to Klebsiella.variicola.001989515) is ignored but added at the end
NOTE: Enterococcus_B.faecium.001635875 (identical to Enterococcus_B.faecium.001953235) is ignored but added at the end
NOTE: Streptococcus.pyogenes.900475765 (identical to Streptococcus.pyogenes.900475565) is ignored but added at the end
NOTE: Streptococcus.pyogenes.003203475 (identical to Streptococcus.pyogenes.900475565) is ignored but added at the end
NOTE: Streptococcus.pyogenes.000767505 (identical to Streptococcus.pyogenes.900475565) is ignored but added at the end
NOTE: Streptococcus.pyogenes.000756485 (identical to Streptococcus.pyogenes.900475565) is ignored but added at the end
NOTE: Streptococcus.pyogenes.001635895 (identical to Streptococcus.pyogenes.900475565) is ignored but added at the end
NOTE: Streptococcus.pyogenes.900474865 (identical to Streptococcus.pyogenes.900475565) is ignored but added at the end
NOTE: Streptococcus.pyogenes.002355175 (identical to Streptococcus.pyogenes.900475565) is ignored but added at the end
NOTE: Streptococcus.pyogenes.000011285 (identical to Streptococcus.pyogenes.900475565) is ignored but added at the end
NOTE: Escherichia.dysenteriae.001753545 (identical to Escherichia.dysenteriae.001307215) is ignored but added at the end
NOTE: Streptococcus.pneumoniae.001902455 (identical to Streptococcus.pneumoniae.001896085) is ignored but added at the end
NOTE: Streptococcus.pneumoniae.001896065 (identical to Streptococcus.pneumoniae.001896085) is ignored but added at the end
NOTE: Staphylococcus.simulans.003076375 (identical to Staphylococcus.simulans.003096155) is ignored but added at the end
NOTE: Streptococcus.thermophilus.001855705 (identical to Streptococcus.thermophilus.001008015) is ignored but added at the end
NOTE: Streptococcus.thermophilus.000698885 (identical to Streptococcus.thermophilus.001008015) is ignored but added at the end
NOTE: Streptococcus.pneumoniae.000211015 (identical to Streptococcus.pneumoniae.000211055) is ignored but added at the end
NOTE: Streptococcus.agalactiae.000730215 (identical to Streptococcus.agalactiae.001712835) is ignored but added at the end
NOTE: Streptococcus.agalactiae.000427035 (identical to Streptococcus.agalactiae.001712835) is ignored but added at the end
NOTE: Streptococcus.agalactiae.001190885 (identical to Streptococcus.agalactiae.001712835) is ignored but added at the end
NOTE: Enterococcus_B.faecium.003020765 (identical to Enterococcus_B.faecium.002983785) is ignored but added at the end
NOTE: Escherichia.flexneri.002899495 (identical to Escherichia.flexneri.002953055) is ignored but added at the end
NOTE: Streptococcus.pyogenes.001014305 (identical to Streptococcus.pyogenes.001547715) is ignored but added at the end
NOTE: Enterococcus_B.faecium.002761255 (identical to Enterococcus_B.faecium.002761275) is ignored but added at the end
NOTE: Enterococcus_B.faecium.002848625 (identical to Enterococcus_B.faecium.002761275) is ignored but added at the end

For your convenience alignment with unique sequences printed to ./026_results/16S23S5S_long.fasta.uniqueseq.phy

Create initial parsimony tree by phylogenetic likelihood library (PLL)... 0.588 seconds

NOTE: 202 MB RAM (0 GB) is required!
Estimate model parameters (epsilon = 0.100)
1. Initial log-likelihood: -60063.563
2. Current log-likelihood: -57372.791
3. Current log-likelihood: -57105.814
4. Current log-likelihood: -57097.190
5. Current log-likelihood: -57096.872
Optimal log-likelihood: -57096.832
Rate parameters:  A-C: 1.00000  A-G: 2.62686  A-T: 1.00000  C-G: 1.00000  C-T: 2.62686  G-T: 1.00000
Base frequencies:  A: 0.266  C: 0.216  G: 0.306  T: 0.212
Gamma shape alpha: 0.261
Parameters optimization took 5 rounds (4.679 sec)
Computing ML distances based on estimated model parameters... 23.447 sec
Computing BIONJ tree...
0.365 seconds
Log-likelihood of BIONJ tree: -58817.496
--------------------------------------------------------------------
|             INITIALIZING CANDIDATE TREE SET                      |
--------------------------------------------------------------------
Generating 98 parsimony trees... 40.117 second
Computing log-likelihood of 98 initial trees ... 30.082 seconds
Current best score: -56987.073

Do NNI search on 20 best initial trees
Estimate model parameters (epsilon = 0.100)
BETTER TREE FOUND at iteration 1: -56867.229
Estimate model parameters (epsilon = 0.100)
BETTER TREE FOUND at iteration 3: -56837.210
Iteration 10 / LogL: -56896.266 / Time: 0h:1m:54s
Iteration 20 / LogL: -56903.233 / Time: 0h:2m:25s
Finish initializing candidate tree set (20)
Current best tree score: -56837.210 / CPU time: 135.081
Number of iterations: 20
--------------------------------------------------------------------
|               OPTIMIZING CANDIDATE TREE SET                      |
--------------------------------------------------------------------
Estimate model parameters (epsilon = 0.100)
BETTER TREE FOUND at iteration 29: -56835.645
Iteration 30 / LogL: -56847.395 / Time: 0h:3m:10s (0h:10m:49s left)
Iteration 40 / LogL: -56996.748 / Time: 0h:4m:3s (0h:9m:13s left)
Estimate model parameters (epsilon = 0.100)
BETTER TREE FOUND at iteration 44: -56813.802
Iteration 50 / LogL: -56863.236 / Time: 0h:4m:50s (0h:9m:16s left)
Iteration 60 / LogL: -56847.519 / Time: 0h:5m:47s (0h:8m:13s left)
Estimate model parameters (epsilon = 0.100)
BETTER TREE FOUND at iteration 69: -56807.026
Iteration 70 / LogL: -56950.723 / Time: 0h:19m:5s (0h:27m:22s left)
Iteration 80 / LogL: -57190.898 / Time: 0h:19m:52s (0h:22m:22s left)
Iteration 90 / LogL: -57011.721 / Time: 0h:20m:36s (0h:18m:16s left)
Estimate model parameters (epsilon = 0.100)
BETTER TREE FOUND at iteration 94: -56799.661
Iteration 100 / LogL: -59590.790 / Time: 0h:21m:24s (0h:20m:18s left)
Iteration 110 / LogL: -57348.779 / Time: 0h:22m:14s (0h:17m:7s left)
Estimate model parameters (epsilon = 0.100)
BETTER TREE FOUND at iteration 119: -56798.950
Iteration 120 / LogL: -56824.524 / Time: 0h:23m:0s (0h:19m:8s left)
Estimate model parameters (epsilon = 0.100)
BETTER TREE FOUND at iteration 128: -56798.327
Iteration 130 / LogL: -57052.063 / Time: 0h:23m:48s (0h:18m:5s left)
Estimate model parameters (epsilon = 0.100)
BETTER TREE FOUND at iteration 134: -56787.575
Iteration 140 / LogL: -57008.527 / Time: 0h:24m:36s (0h:16m:38s left)
Iteration 150 / LogL: -57019.746 / Time: 0h:25m:23s (0h:14m:18s left)
Estimate model parameters (epsilon = 0.100)
BETTER TREE FOUND at iteration 155: -56784.645
Iteration 160 / LogL: -56842.265 / Time: 0h:26m:13s (0h:15m:39s left)
Iteration 170 / LogL: -57550.595 / Time: 0h:27m:2s (0h:13m:35s left)
Iteration 180 / LogL: -56853.069 / Time: 0h:27m:49s (0h:11m:39s left)
Iteration 190 / LogL: -56836.873 / Time: 0h:28m:34s (0h:9m:49s left)
Iteration 200 / LogL: -56813.788 / Time: 0h:29m:21s (0h:8m:6s left)
Iteration 210 / LogL: -56882.651 / Time: 0h:30m:7s (0h:6m:29s left)
Iteration 220 / LogL: -56958.582 / Time: 0h:31m:0s (0h:4m:57s left)
Estimate model parameters (epsilon = 0.100)
BETTER TREE FOUND at iteration 230: -56784.395
Iteration 230 / LogL: -56784.395 / Time: 0h:31m:51s (0h:13m:54s left)
Iteration 240 / LogL: -57137.274 / Time: 0h:32m:39s (0h:12m:17s left)
Iteration 250 / LogL: -56824.601 / Time: 0h:33m:23s (0h:10m:43s left)
Iteration 260 / LogL: -56947.437 / Time: 0h:34m:6s (0h:9m:13s left)
Iteration 270 / LogL: -56834.207 / Time: 0h:34m:52s (0h:7m:46s left)
Iteration 280 / LogL: -56877.023 / Time: 0h:35m:39s (0h:6m:23s left)
Iteration 290 / LogL: -56827.598 / Time: 0h:36m:26s (0h:5m:2s left)
Iteration 300 / LogL: -56795.007 / Time: 0h:37m:15s (0h:3m:44s left)
Iteration 310 / LogL: -56890.985 / Time: 0h:38m:6s (0h:2m:27s left)
Iteration 320 / LogL: -57035.183 / Time: 0h:38m:58s (0h:1m:13s left)
Iteration 330 / LogL: -56897.651 / Time: 0h:39m:49s (0h:0m:0s left)
TREE SEARCH COMPLETED AFTER 331 ITERATIONS / Time: 0h:39m:55s

--------------------------------------------------------------------
|                    FINALIZING TREE SEARCH                        |
--------------------------------------------------------------------
Performs final model parameters optimization
Estimate model parameters (epsilon = 0.010)
1. Initial log-likelihood: -56784.395
Optimal log-likelihood: -56784.395
Rate parameters:  A-C: 1.00000  A-G: 2.63643  A-T: 1.00000  C-G: 1.00000  C-T: 2.63643  G-T: 1.00000
Base frequencies:  A: 0.266  C: 0.216  G: 0.306  T: 0.212
Gamma shape alpha: 0.261
Parameters optimization took 1 rounds (0.537 sec)
BEST SCORE FOUND : -56784.395
Total tree length: 6.100

Total number of iterations: 331
CPU time used for tree search: 17550.630 sec (4h:52m:30s)
Wall-clock time used for tree search: 2385.306 sec (0h:39m:45s)
Total CPU time used: 17627.187 sec (4h:53m:47s)
Total wall-clock time used: 2396.340 sec (0h:39m:56s)

Analysis results written to: 
  IQ-TREE report:                ./026_results/16S23S5S_long.fasta.iqtree
  Maximum-likelihood tree:       ./026_results/16S23S5S_long.fasta.treefile
  Likelihood distances:          ./026_results/16S23S5S_long.fasta.mldist
  Screen log file:               ./026_results/16S23S5S_long.fasta.log

Date and Time: Tue Sep 10 09:48:53 2019
