IQ-TREE multicore version 1.6.12 for Linux 64-bit built Aug 15 2019
Developed by Bui Quang Minh, Nguyen Lam Tung, Olga Chernomor,
Heiko Schmidt, Dominik Schrempf, Michael Woodhams.

Host:    n114312.nbi.ac.uk (AVX2, FMA3, 15 GB RAM)
Command: iqtree -s ./026_results/16S23S_long.fasta -nt 8 -redo -m HKY+G
Seed:    194940 (Using SPRNG - Scalable Parallel Random Number Generator)
Time:    Tue Sep 10 08:27:14 2019
Kernel:  AVX+FMA - 8 threads (8 CPU cores detected)

Reading alignment file ./026_results/16S23S_long.fasta ... Fasta format detected
Alignment most likely contains DNA/RNA sequences
WARNING: 1 sites contain only gaps or ambiguous characters.
Alignment has 691 sequences with 4777 columns, 2339 distinct patterns
1911 parsimony-informative, 399 singleton sites, 2467 constant sites
                                           Gap/Ambiguity  Composition  p-value
   1  Escherichia.flexneri.003017975               6.13%    passed     16.09%
   2  Klebsiella.pneumoniae.000445405              6.28%    passed     23.26%
   3  Escherichia.coli.000148605                  13.98%    passed     16.14%
   4  Streptococcus.intermedius.000463385          6.47%    passed     59.98%
   5  Pseudomonas_E.avellanae.002024285            6.53%    passed     77.82%
   6  Escherichia.dysenteriae.000803705            6.20%    passed     19.89%
   7  Streptococcus.mutans.002995555               6.47%    passed     85.94%
   8  Pseudomonas.aeruginosa_A.003073695           6.97%    passed     63.80%
   9  Escherichia.coli_D.002310595                 6.26%    passed     17.87%
  10  Streptococcus.pneumoniae.000014365           6.72%    passed     47.99%
  11  Escherichia.dysenteriae.000025165            6.13%    passed     22.91%
  12  Streptococcus.suis.001572685                 6.59%    passed     73.81%
  13  Streptococcus.pneumoniae.000147095           6.72%    passed     48.23%
  14  Streptococcus.mutans.000271865               6.49%    passed     83.71%
  15  Staphylococcus.pseudintermedius.000185885    6.26%    passed     40.24%
  16  Streptococcus.agalactiae.900155855           6.62%    passed     17.89%
  17  Escherichia.dysenteriae.000262125            6.13%    passed     24.03%
  18  Pseudomonas_E.ficuserectae.900235885         6.70%    passed     71.40%
  19  Streptococcus.agalactiae.002812425           6.62%    passed     17.88%
  20  Escherichia.albertii.002895205               6.20%    passed     12.46%
  21  Enterococcus_B.faecium.000336405             6.09%    passed     90.84%
  22  Escherichia.flexneri.000599645              24.14%    passed     15.49%
  23  Klebsiella.pneumoniae.001956965              6.36%    passed     22.69%
  24  Pseudomonas_E.syringae_M.002905815           6.68%    passed     82.39%
  25  Klebsiella.pneumoniae.001456135              6.36%    passed     22.29%
  26  Enterococcus.faecalis.002289045              6.22%    passed     97.03%
  27  Escherichia.flexneri.001860505               6.11%    passed     19.40%
  28  Escherichia.coli_D.002357875                 6.20%    passed     24.70%
  29  Streptococcus.suis.000168355                 6.59%    passed     72.40%
  30  Klebsiella.pneumoniae.001709295              6.43%    passed     18.92%
  31  Klebsiella.variicola.000019565               6.32%    passed     16.99%
  32  Klebsiella.pneumoniae.002202255              6.28%    passed     23.52%
  33  Streptococcus.pneumoniae.001457635           6.72%    passed     41.38%
  34  Pseudomonas.aeruginosa.001516105             6.72%    passed     63.59%
  35  Escherichia.flexneri.003018275               6.26%    passed     21.50%
  36  Pseudomonas_E.hunanensis.001655295           6.62%    passed     89.63%
  37  Enterococcus_B.faecium.003071445             6.11%    passed     90.73%
  38  Enterococcus_B.faecium.002848665            17.00%    passed     98.39%
  39  Staphylococcus.aureus.001018975              6.22%    passed     13.96%
  40  Streptococcus.suis.002111405                 6.49%    passed     58.08%
  41  Enterococcus_B.faecium.002848385             6.11%    passed     91.98%
  42  Staphylococcus.lugdunensis.002250095         6.59%    passed     16.59%
  43  Streptococcus.thermophilus.002286255         6.70%    passed     37.39%
  44  Escherichia.dysenteriae.001753445            6.13%    passed     18.44%
  45  Staphylococcus.epidermidis.000751035         6.09%    passed     27.06%
  46  Escherichia.coli.003181035                   6.24%    passed     17.52%
  47  Escherichia.coli.002796585                   6.24%    passed     20.79%
  48  Escherichia.dysenteriae.001651925            6.09%    passed     22.48%
  49  Staphylococcus.saprophyticus.001558375       6.18%    passed     15.10%
  50  Escherichia.flexneri.000010245               6.20%    passed     19.14%
  51  Streptococcus.thermophilus.002443035         6.72%    passed     38.52%
  52  Streptococcus.suis.000231865                 6.49%    passed     58.08%
  53  Streptococcus.pyogenes.900475155             6.62%    passed     33.47%
  54  Klebsiella_B.aerogenes.000334515             6.34%    passed     47.99%
  55  Klebsiella_A.michiganensis.000724525         6.20%    passed     25.65%
  56  Staphylococcus.schleiferi.001188875          6.05%    passed     44.44%
  57  Streptococcus.thermophilus.001685375         6.70%    passed     40.40%
  58  Escherichia.coli_D.002012225                 6.20%    passed     24.51%
  59  Staphylococcus.saprophyticus.002209265       6.15%    passed     11.07%
  60  Staphylococcus.aureus.002209325              6.15%    passed     13.82%
  61  Klebsiella.pneumoniae.002951555              6.36%    passed     22.13%
  62  Streptococcus.uberis.000009545               6.70%    passed     57.25%
  63  Streptococcus.sobrinus.003176815             6.57%    passed     87.49%
  64  Klebsiella.variicola.000828055               6.24%    passed     19.83%
  65  Escherichia.dysenteriae.002196475            6.22%    passed     19.89%
  66  Escherichia.coli_D.002788115                 6.28%    passed     23.03%
  67  Escherichia.dysenteriae.001650295            6.18%    passed     21.36%
  68  Pseudomonas_E.protegens.002208745            6.78%    passed     89.31%
  69  Streptococcus.pneumoniae.000019025           6.72%    passed     41.59%
  70  Streptococcus.pyogenes.900474455             6.59%    passed     37.48%
  71  Klebsiella.pneumoniae.001908895              6.28%    passed     23.26%
  72  Klebsiella.variicola.001989515               6.22%    passed     16.98%
  73  Escherichia.flexneri.003112205               6.32%    passed     23.72%
  74  Streptococcus.intermedius.002356055          6.43%    passed     56.96%
  75  Escherichia.dysenteriae.002208865            6.22%    passed     24.57%
  76  Pseudomonas_E.protegens.000397205            6.53%    passed     89.36%
  77  Streptococcus.gordonii.002073435             6.53%    passed     80.74%
  78  Escherichia.albertii.002741375               6.26%    passed     12.44%
  79  Staphylococcus.aureus.001019255              6.28%    passed     15.15%
  80  Enterococcus_B.faecium.001953235             6.09%    passed     89.40%
  81  Streptococcus.dysgalactiae.900474785         6.62%    passed     54.22%
  82  Staphylococcus.simulans.900474685            6.18%    passed     54.92%
  83  Staphylococcus.aureus.900474665              6.22%    passed     13.37%
  84  Streptococcus.salivarius.002094955           6.72%    passed     36.42%
  85  Pseudomonas_E.hunanensis.002948105           6.80%    passed     86.11%
  86  Staphylococcus.schleiferi.001188915          6.05%    passed     40.78%
  87  Klebsiella.pneumoniae.002202275              6.28%    passed     26.30%
  88  Pseudomonas_E.ficuserectae.900235815         6.70%    passed     79.67%
  89  Staphylococcus.aureus.000012045              6.15%    passed     12.72%
  90  Klebsiella.pneumoniae.002948565              6.38%    passed     20.18%
  91  Klebsiella.pneumoniae.000364385              6.36%    passed     22.13%
  92  Streptococcus.pyogenes.900475565             6.59%    passed     35.38%
  93  Escherichia.dysenteriae.001307215            6.13%    passed     22.71%
  94  Streptococcus.pneumoniae.000211095           6.74%    passed     50.32%
  95  Staphylococcus.aureus.001045795              6.15%    passed     11.14%
  96  Streptococcus.agalactiae.001932715           6.62%    passed     15.06%
  97  Escherichia.coli.002157245                   6.24%    passed     14.90%
  98  Enterococcus_B.faecium.002007625             6.11%    passed     91.49%
  99  Streptococcus.pneumoniae.001896085           6.72%    passed     43.57%
 100  Streptococcus.thermophilus.002846155         6.70%    passed     37.39%
 101  Escherichia.dysenteriae.001890325            6.18%    passed     21.36%
 102  Pseudomonas_E.piscium.002844145              7.54%    passed     88.09%
 103  Klebsiella.pneumoniae.002753035              6.36%    passed     19.96%
 104  Streptococcus.pneumoniae.000817005           6.72%    passed     41.38%
 105  Escherichia.coli_D.002164645                 6.26%    passed     22.22%
 106  Pseudomonas_E.avellanae.000007805            7.45%    passed     68.44%
 107  Streptococcus.agalactiae.002073695           6.64%    passed     17.32%
 108  Escherichia.coli.002887715                  11.41%    passed     18.23%
 109  Staphylococcus.simulans.003096155            6.18%    passed     59.07%
 110  Staphylococcus.lugdunensis.001558775         6.22%    passed     13.40%
 111  Klebsiella.pneumoniae.001482345              6.30%    passed     24.17%
 112  Streptococcus.pyogenes.001635935             6.59%    passed     35.38%
 113  Staphylococcus.simulans.003006055            6.24%    passed     52.39%
 114  Streptococcus.pneumoniae.900476465           6.72%    passed     47.53%
 115  Pseudomonas.aeruginosa.000473745             6.72%    passed     65.53%
 116  Streptococcus.pneumoniae.000019265           6.72%    passed     50.89%
 117  Escherichia.coli_D.000219515                 6.28%    passed     25.71%
 118  Klebsiella.variicola.000812205               6.24%    passed     24.37%
 119  Streptococcus.pyogenes.001051095             6.78%    passed     28.10%
 120  Escherichia.dysenteriae.002741555            6.22%    passed     15.81%
 121  Streptococcus.pyogenes.900474845             6.59%    passed     33.78%
 122  Staphylococcus.aureus.002355355              6.15%    passed     11.79%
 123  Pseudomonas.aeruginosa.001879525             6.74%    passed     64.36%
 124  Klebsiella.pneumoniae.001902415              6.28%    passed     23.26%
 125  Streptococcus.suis.000231885                 6.59%    passed     73.81%
 126  Klebsiella.pneumoniae.002903025              6.36%    passed     26.28%
 127  Escherichia.dysenteriae.000021125            6.26%    passed     22.63%
 128  Pseudomonas_E.hunanensis.000495455           6.55%    passed     86.45%
 129  Escherichia.flexneri.002589795               6.22%    passed     16.10%
 130  Streptococcus.pyogenes.900475425             6.59%    passed     35.38%
 131  Streptococcus.pneumoniae.000211075           6.72%    passed     48.77%
 132  Klebsiella.pneumoniae.000417225              6.28%    passed     18.83%
 133  Enterococcus_B.faecium.002850515             6.15%    passed     92.16%
 134  Klebsiella.pneumoniae.000764615              6.28%    passed     23.98%
 135  Pseudomonas_E.ficuserectae.000164015         6.53%    passed     78.12%
 136  Streptococcus.pyogenes.000250905             6.62%    passed     32.82%
 137  Streptococcus.iniae.002787125                6.68%    passed     28.10%
 138  Pseudomonas.aeruginosa.000504045             6.72%    passed     60.82%
 139  Klebsiella.pneumoniae.002903005              6.36%    passed     19.86%
 140  Streptococcus.sobrinus.900475395             6.49%    passed     87.38%
 141  Staphylococcus.haemolyticus.000009865        6.18%    passed     17.30%
 142  Staphylococcus.xylosus.000706685             6.11%    passed      7.59%
 143  Escherichia.coli.002193095                   6.20%    passed     16.87%
 144  Enterococcus.faecalis.002208945              6.20%    passed     98.63%
 145  Staphylococcus.haemolyticus.002906595        6.24%    passed     21.11%
 146  Staphylococcus.xylosus.002078255             6.11%    passed      6.57%
 147  Streptococcus.dysgalactiae.900475725         6.62%    passed     61.23%
 148  Streptococcus.pneumoniae.000251085           6.72%    passed     43.57%
 149  Pseudomonas.aeruginosa.002104595             6.72%    passed     65.53%
 150  Pseudomonas_E.monteilii_B.000325725          6.62%    passed     89.31%
 151  Streptococcus.suis.000344765                 6.49%    passed     58.08%
 152  Escherichia.coli.002011965                   6.20%    passed     22.01%
 153  Pseudomonas_E.monteilii_B.000219705          6.55%    passed     73.65%
 154  Streptococcus.thermophilus.001008015         6.70%    passed     37.39%
 155  Klebsiella.quasipneumoniae.001596075         6.28%    passed     22.61%
 156  Escherichia.coli.002944935                   6.24%    passed     15.27%
 157  Streptococcus.agalactiae.002197285           6.62%    passed     17.88%
 158  Escherichia.coli.900149875                   6.20%    passed     14.17%
 159  Streptococcus.suis.000026725                 6.49%    passed     58.08%
 160  Staphylococcus.pseudintermedius.001685665   22.08%    passed     58.99%
 161  Streptococcus.pneumoniae.000211055           6.72%    passed     46.13%
 162  Staphylococcus.aureus.003193705              6.34%    passed     13.17%
 163  Escherichia.coli.000284495                   6.24%    passed     18.74%
 164  Escherichia.coli.002012145                   6.20%    passed     18.87%
 165  Streptococcus.thermophilus.001705585         6.78%    passed     36.98%
 166  Escherichia.albertii.000512125               6.18%    passed     12.94%
 167  Escherichia.dysenteriae.000732965            6.13%    passed     22.71%
 168  Streptococcus.thermophilus.000182875         6.74%    passed     43.56%
 169  Enterococcus_B.faecium.001720945             6.13%    passed     88.30%
 170  Escherichia.flexneri.001901465               6.20%    passed     12.77%
 171  Streptococcus.agalactiae.001712835           6.62%    passed     16.84%
 172  Klebsiella.pneumoniae.001708225              6.28%    passed     22.72%
 173  Klebsiella_A.oxytoca.001870185               6.20%    passed     28.74%
 174  Streptococcus.pneumoniae.000019005           6.72%    passed     41.34%
 175  Streptococcus.mutans.900475095               6.49%    passed     83.34%
 176  Escherichia.flexneri.001900885               6.07%    passed     17.66%
 177  Enterococcus_B.faecium.000174395             6.68%    passed     91.17%
 178  Pseudomonas.aeruginosa.000026645             6.72%    passed     63.59%
 179  Enterococcus_B.faecium.002983785             6.11%    passed     91.93%
 180  Streptococcus.suis.002189695                 6.49%    passed     58.08%
 181  Escherichia.coli.001618365                   6.26%    passed     16.02%
 182  Escherichia.dysenteriae.002058765            6.26%    passed     22.10%
 183  Streptococcus.pyogenes.900475455             6.59%    passed     37.15%
 184  Streptococcus.agalactiae.001592425           6.59%    passed     17.26%
 185  Escherichia.coli_D.002587005                 6.20%    passed     23.27%
 186  Klebsiella_B.aerogenes.000215745             6.66%    passed     42.77%
 187  Klebsiella.pneumoniae.001648215              6.28%    passed     23.52%
 188  Staphylococcus.schleiferi.001548255          6.01%    passed     43.16%
 189  Klebsiella_A.oxytoca.001022115               6.20%    passed     25.97%
 190  Streptococcus.pyogenes.900475115             6.59%    passed     38.80%
 191  Klebsiella_A.michiganensis.001022195         6.22%    passed     33.72%
 192  Escherichia.coli.001663475                   6.24%    passed     17.52%
 193  Streptococcus.suis.000471985                 6.66%    passed     78.40%
 194  Escherichia.dysenteriae.000662395            6.18%    passed     20.89%
 195  Staphylococcus.epidermidis.000759555         6.24%    passed     27.98%
 196  Streptococcus.thermophilus.001280285         6.70%    passed     38.02%
 197  Escherichia.flexneri.001969285               6.13%    passed     13.16%
 198  Klebsiella.quasipneumoniae.003181175         6.36%    passed     22.54%
 199  Pseudomonas.aeruginosa.002997005             6.87%    passed     60.57%
 200  Escherichia.coli_D.002009315                 6.24%    passed     19.77%
 201  Escherichia.flexneri.000599625              20.12%    passed     30.21%
 202  Streptococcus.pneumoniae.000019985           6.85%    passed     49.24%
 203  Streptococcus.suis.000390245                 6.64%    passed     60.88%
 204  Streptococcus.agalactiae.001190805           6.62%    passed     15.77%
 205  Streptococcus.suis.900475585                 6.49%    passed     59.19%
 206  Enterococcus_B.faecium.001721905            13.21%    passed     78.01%
 207  Streptococcus.gallolyticus.000270145         6.74%    passed     30.83%
 208  Escherichia.dysenteriae.001865295            6.13%    passed     22.55%
 209  Streptococcus.salivarius.000253335           6.72%    passed     35.96%
 210  Staphylococcus.aureus.001611345              6.36%    passed     11.47%
 211  Staphylococcus.aureus.000969225              6.15%    passed     13.82%
 212  Enterococcus.faecalis.000550745              6.18%    passed     96.97%
 213  Streptococcus.pyogenes.001267805             6.62%    passed     28.88%
 214  Staphylococcus.schleiferi.001188855          6.13%    passed     39.31%
 215  Pseudomonas.aeruginosa.003193645             6.87%    passed     61.90%
 216  Escherichia.dysenteriae.001612495            6.13%    passed     23.65%
 217  Escherichia.dysenteriae.001890225            6.13%    passed     22.59%
 218  Escherichia.coli_D.002946715                 6.26%    passed     19.98%
 219  Escherichia.flexneri.002953055               6.24%    passed     17.85%
 220  Staphylococcus.saprophyticus.000010125       6.05%    passed     10.81%
 221  Escherichia.coli_D.003030245                 6.24%    passed     26.74%
 222  Streptococcus.equi.000026605                 6.55%    passed     49.43%
 223  Pseudomonas_E.syringae_M.900235825           6.68%    passed     79.61%
 224  Streptococcus.pyogenes.900475765             6.59%    passed     35.38%
 225  Streptococcus.pneumoniae.900476445          17.46%    passed     36.29%
 226  Streptococcus.equi.900475435                 6.55%    passed     39.72%
 227  Escherichia.coli_D.002310695                 6.24%    passed     24.44%
 228  Pseudomonas_E.piscium.002355875              6.57%    passed     87.48%
 229  Escherichia.coli.001577325                   6.24%    passed     20.70%
 230  Pseudomonas_E.hunanensis.000264665           6.78%    passed     86.51%
 231  Pseudomonas_A.stutzeri.000013785             6.62%    passed     73.40%
 232  Streptococcus.dysgalactiae.000317855         6.62%    passed     59.52%
 233  Escherichia.flexneri.000023365               6.20%    passed     16.54%
 234  Escherichia.dysenteriae.001806285            6.28%    passed     21.99%
 235  Klebsiella.pneumoniae.000474015              6.30%    passed     21.16%
 236  Streptococcus.gallolyticus.000203195         6.76%    passed     30.26%
 237  Staphylococcus.pseudintermedius.000189495    6.22%    passed     38.32%
 238  Streptococcus.pneumoniae.000007045           7.56%    passed     52.12%
 239  Streptococcus.thermophilus.000262675         6.70%    passed     35.99%
 240  Staphylococcus.schleiferi.001188895          6.05%    passed     42.61%
 241  Escherichia.coli_D.002787645                 6.22%    passed     15.33%
 242  Klebsiella_A.michiganensis.002290285         6.22%    passed     24.00%
 243  Streptococcus.agalactiae.001026925           6.62%    passed     16.84%
 244  Streptococcus.pyogenes.900475955             6.59%    passed     33.98%
 245  Staphylococcus.epidermidis.002085695         6.22%    passed     32.49%
 246  Streptococcus.suis.002736265                 6.59%    passed     72.40%
 247  Pseudomonas.aeruginosa.001077475             6.72%    passed     63.59%
 248  Escherichia.flexneri.002761835               6.28%    passed     13.95%
 249  Streptococcus.gordonii.000970665             6.51%    passed     81.21%
 250  Staphylococcus.aureus.000011265              6.15%    passed     13.82%
 251  Escherichia.dysenteriae.000520055            6.18%    passed     20.89%
 252  Staphylococcus.epidermidis.002215535         6.18%    passed     29.23%
 253  Streptococcus.suis.000231925                 6.49%    passed     55.73%
 254  Pseudomonas_E.avellanae.002763655            6.99%    passed     87.13%
 255  Escherichia.albertii.002872455               6.26%    passed     14.12%
 256  Streptococcus.agalactiae.000007265           6.76%    passed     18.31%
 257  Escherichia.coli_D.000227625                 6.24%    passed     20.76%
 258  Klebsiella_A.michiganensis.002947505         6.32%    passed     20.89%
 259  Klebsiella.variicola.001548315               6.20%    passed     35.30%
 260  Klebsiella.pneumoniae.002753165              6.36%    passed     20.50%
 261  Escherichia.coli.003020885                   6.28%    passed     20.80%
 262  Streptococcus.pyogenes.000732425             6.59%    passed     35.38%
 263  Pseudomonas_E.monteilii_B.000510325          6.57%    passed     84.62%
 264  Pseudomonas_E.avellanae.002024305            6.53%    passed     77.82%
 265  Klebsiella.quasipneumoniae.001280925         6.34%    passed     17.11%
 266  Enterococcus.faecalis.000742975              6.20%    passed     96.69%
 267  Escherichia.dysenteriae.001753525            6.13%    passed     18.44%
 268  Staphylococcus.equorum_B.001682235           5.86%    failed      2.88%
 269  Escherichia.coli.003019095                   6.24%    passed     17.17%
 270  Escherichia.coli_D.002310615                 6.24%    passed     21.91%
 271  Escherichia.coli.001900735                   6.03%    passed     24.95%
 272  Enterococcus.faecalis.003030425              6.22%    passed     98.01%
 273  Staphylococcus.aureus.001594205              6.13%    passed     11.92%
 274  Pseudomonas.aeruginosa_A.000017205           6.72%    passed     61.61%
 275  Escherichia.flexneri.002180095               6.20%    passed     15.58%
 276  Escherichia.albertii.001549955               8.16%    passed     14.93%
 277  Klebsiella.variicola.002156765               6.24%    passed     18.10%
 278  Escherichia.albertii.002285475               6.22%    passed     14.51%
 279  Escherichia.coli.001617565                   6.24%    passed     14.08%
 280  Pseudomonas_E.syringae_M.900235865           6.68%    passed     78.53%
 281  Streptococcus.pyogenes.001547715             6.59%    passed     35.72%
 282  Escherichia.coli_D.002011985                 6.30%    passed     24.47%
 283  Klebsiella_A.michiganensis.003074075         6.32%    passed     26.79%
 284  Streptococcus.anginosus.000463505            6.55%    passed     55.18%
 285  Klebsiella.pneumoniae.002192375              6.28%    passed     23.10%
 286  Staphylococcus.pseudintermedius.001682335   12.04%    passed     34.74%
 287  Escherichia.coli_D.000784925                 6.24%    passed     21.88%
 288  Pseudomonas.aeruginosa.001515845            14.86%    passed     72.13%
 289  Streptococcus.mutans.000091645               6.49%    passed     83.74%
 290  Streptococcus.thermophilus.000014485         6.72%    passed     34.44%
 291  Enterococcus.faecalis.001689055              6.20%    passed     96.63%
 292  Enterococcus_B.faecium.002848745            17.00%    passed     98.39%
 293  Escherichia.coli.900149915                   6.24%    passed     13.98%
 294  Streptococcus.pneumoniae.001902455           6.72%    passed     43.57%
 295  Streptococcus.agalactiae.001683515           6.62%    passed     17.88%
 296  Streptococcus.pyogenes.900475485             6.59%    passed     35.51%
 297  Streptococcus.equi.900475295                 6.62%    passed     45.47%
 298  Pseudomonas_E.avellanae.001913215            6.55%    passed     78.46%
 299  Escherichia.flexneri.001678965               6.09%    passed     18.08%
 300  Pseudomonas.aeruginosa.002085605             6.74%    passed     64.36%
 301  Streptococcus.suis.000186405                 6.55%    passed     31.46%
 302  Streptococcus.suis.000732355                 6.62%    passed     69.79%
 303  Streptococcus.pneumoniae.900475805           6.72%    passed     42.13%
 304  Staphylococcus.lugdunensis.002407165         6.28%    passed     13.43%
 305  Staphylococcus.lugdunensis.000025085         6.22%    passed     14.59%
 306  Klebsiella_A.oxytoca.001022295               6.20%    passed     25.97%
 307  Streptococcus.uberis.002814135               6.70%    passed     57.25%
 308  Pseudomonas_A.stutzeri.003008495             6.85%    passed     75.64%
 309  Streptococcus.thermophilus.002012365         6.70%    passed     38.35%
 310  Escherichia.coli.002180195                   6.20%    passed     16.87%
 311  Staphylococcus.lugdunensis.900478255         6.28%    passed     14.79%
 312  Pseudomonas.aeruginosa.001548135             6.74%    passed     65.64%
 313  Streptococcus.salivarius.000785515           6.70%    passed     37.28%
 314  Escherichia.coli.001675145                   6.20%    passed     19.76%
 315  Escherichia.flexneri.002163935               6.24%    passed     16.68%
 316  Staphylococcus.aureus.000597965              6.15%    passed     13.07%
 317  Streptococcus.pyogenes.003203475             6.59%    passed     35.38%
 318  Streptococcus.pneumoniae.900476475           6.74%    passed     45.55%
 319  Pseudomonas_E.ficuserectae.900289125         6.72%    passed     78.61%
 320  Enterococcus_B.faecium.002761275             6.11%    passed     89.19%
 321  Streptococcus.agalactiae.000730255           6.62%    passed     18.87%
 322  Streptococcus.lutetiensis.000441535          6.74%    passed     24.41%
 323  Enterococcus.faecalis.002163735              6.20%    passed     96.85%
 324  Staphylococcus.simulans.003006075            6.18%    passed     59.07%
 325  Pseudomonas.aeruginosa_A.003025345           6.89%    passed     60.69%
 326  Pseudomonas.aeruginosa.003206535             6.89%    passed     64.61%
 327  Staphylococcus.lugdunensis.001558815         6.30%    passed     16.36%
 328  Klebsiella_B.aerogenes.002591115             6.15%    passed     49.22%
 329  Streptococcus.thermophilus.002846075         6.70%    passed     35.99%
 330  Klebsiella_A.michiganensis.000714655         6.28%    passed     19.68%
 331  Streptococcus.agalactiae.000689235           6.62%    passed     17.89%
 332  Streptococcus.sobrinus.003172975             6.49%    passed     87.60%
 333  Pseudomonas_E.avellanae.000648735            6.53%    passed     77.82%
 334  Streptococcus.agalactiae.000730215           6.62%    passed     16.84%
 335  Escherichia.coli_D.001900315                 6.20%    passed     19.70%
 336  Escherichia.dysenteriae.000730345            6.30%    passed     30.15%
 337  Escherichia.coli_D.003095635                 6.24%    passed     20.79%
 338  Pseudomonas_E.hunanensis.000271965           6.62%    passed     90.90%
 339  Pseudomonas_A.stutzeri.000195105             6.55%    passed     74.89%
 340  Klebsiella.variicola.001989495               6.22%    passed     16.98%
 341  Streptococcus.agalactiae.002197265           6.62%    passed     17.88%
 342  Staphylococcus.aureus.002000765              6.15%    passed     11.79%
 343  Streptococcus.intermedius.002073355          6.53%    passed     50.68%
 344  Klebsiella.pneumoniae.001709275              6.38%    passed     20.43%
 345  Escherichia.flexneri.001721225               6.09%    passed     19.90%
 346  Streptococcus.agalactiae.000427075           6.64%    passed     18.06%
 347  Escherichia.coli.002996945                   6.26%    passed     14.48%
 348  Enterococcus.faecalis.001886675              6.20%    passed     97.72%
 349  Streptococcus.agalactiae.002812505           6.64%    passed     18.39%
 350  Staphylococcus.aureus.000953255              6.15%    passed     12.83%
 351  Streptococcus.equi.000020765                 6.59%    passed     40.82%
 352  Streptococcus.salivarius.002094975           6.70%    passed     33.54%
 353  Streptococcus.thermophilus.002843115         6.70%    passed     37.39%
 354  Escherichia.flexneri.002952855               6.24%    passed     17.85%
 355  Streptococcus.equi.000696505                 6.30%    passed     35.26%
 356  Streptococcus.pyogenes.900475075             6.59%    passed     37.48%
 357  Streptococcus.dysgalactiae.900475145         6.64%    passed     54.75%
 358  Staphylococcus.aureus.003203635              6.34%    passed     12.47%
 359  Enterococcus_B.faecium.003020685             6.11%    passed     91.93%
 360  Klebsiella.quasipneumoniae.003146655         6.36%    passed     18.54%
 361  Streptococcus.gallolyticus.002000985         6.74%    passed     32.17%
 362  Escherichia.dysenteriae.001753545            6.13%    passed     22.71%
 363  Staphylococcus.lugdunensis.000270465        12.14%    passed     16.81%
 364  Streptococcus.suis.000018185                 6.49%    passed     58.08%
 365  Pseudomonas_E.hunanensis.000007565           7.39%    passed     79.32%
 366  Klebsiella.pneumoniae.002833425              6.36%    passed     20.64%
 367  Streptococcus.uberis.900475595               6.70%    passed     59.69%
 368  Pseudomonas_E.piscium.000761195              6.59%    passed     90.43%
 369  Staphylococcus.aureus.000815245              6.15%    passed     12.72%
 370  Escherichia.flexneri.003018215               6.26%    passed     20.16%
 371  Streptococcus.dysgalactiae.900475255         6.62%    passed     57.71%
 372  Klebsiella.pneumoniae.002202195              6.28%    passed     27.57%
 373  Pseudomonas_E.hunanensis.001767335           6.57%    passed     87.04%
 374  Klebsiella.quasipneumoniae.003146635         6.38%    passed     22.53%
 375  Escherichia.flexneri.002899495               6.24%    passed     17.85%
 376  Klebsiella_B.aerogenes.001021995             6.11%    passed     45.90%
 377  Pseudomonas_E.ficuserectae.000012205         6.53%    passed     76.31%
 378  Streptococcus.sanguinis.900475045            6.70%    passed     83.65%
 379  Staphylococcus.aureus.001298325              6.18%    passed     11.51%
 380  Escherichia.coli.003018255                   6.24%    passed     24.11%
 381  Streptococcus.mutans.000284575               6.49%    passed     86.65%
 382  Klebsiella.pneumoniae.000417265              6.28%    passed     20.92%
 383  Pseudomonas.aeruginosa.002192495             6.74%    passed     66.77%
 384  Staphylococcus.lugdunensis.002591215         6.28%    passed     11.05%
 385  Streptococcus.pneumoniae.000211035           6.72%    passed     46.13%
 386  Enterococcus.faecalis.002814115              6.26%    passed     97.28%
 387  Klebsiella_A.michiganensis.002906395         6.28%    passed     20.92%
 388  Streptococcus.pneumoniae.000018965           6.72%    passed     48.77%
 389  Enterococcus_B.faecium.001953255             6.09%    passed     89.40%
 390  Streptococcus.pyogenes.900475085             6.59%    passed     33.78%
 391  Escherichia.coli.002056635                   6.24%    passed     15.76%
 392  Escherichia.coli.001566675                   6.24%    passed     14.08%
 393  Streptococcus.agalactiae.000427035           6.62%    passed     16.84%
 394  Streptococcus.equi.900474875                 6.57%    passed     50.49%
 395  Enterococcus.faecalis.002355755              6.22%    passed     96.62%
 396  Streptococcus.sobrinus.003172995             6.49%    passed     87.38%
 397  Pseudomonas.aeruginosa.002205335             6.74%    passed     63.00%
 398  Streptococcus.equi.900475125                 6.66%    passed     41.62%
 399  Escherichia.dysenteriae.001753465            6.13%    passed     18.44%
 400  Pseudomonas_E.avellanae.900235905            6.68%    passed     80.90%
 401  Streptococcus.mutans.001558215               6.49%    passed     84.04%
 402  Enterococcus.faecalis.001878735              6.20%    passed     97.72%
 403  Pseudomonas.aeruginosa.002192475             6.74%    passed     62.39%
 404  Pseudomonas.aeruginosa.002237405             6.74%    passed     64.36%
 405  Streptococcus.mutans.000007465               6.78%    passed     91.75%
 406  Escherichia.coli.002012065                   6.20%    passed     18.78%
 407  Staphylococcus.aureus.001465675              6.13%    passed     11.40%
 408  Escherichia.dysenteriae.001753565            6.13%    passed     17.34%
 409  Escherichia.coli_D.000026345                 6.93%    passed     18.13%
 410  Enterococcus_B.faecium.003020765             6.11%    passed     91.93%
 411  Staphylococcus.aureus.003185005              6.22%    passed     12.77%
 412  Pseudomonas_A.stutzeri.001038645             6.74%    passed     81.90%
 413  Streptococcus.agalactiae.002881315           6.62%    passed     18.66%
 414  Streptococcus.dysgalactiae.000307185         6.70%    passed     57.62%
 415  Enterococcus.faecalis.001989555              6.20%    passed     97.14%
 416  Streptococcus.agalactiae.002073795           6.62%    passed     17.89%
 417  Enterococcus_B.faecium.002777275             6.11%    passed     89.19%
 418  Streptococcus.agalactiae.000831125           6.62%    passed     17.87%
 419  Enterococcus_B.faecium.002334625             6.11%    passed     90.68%
 420  Staphylococcus.simulans.001559115            6.20%    passed     56.51%
 421  Streptococcus.pyogenes.900475795             6.59%    passed     38.94%
 422  Escherichia.coli.001660585                   6.22%    passed     21.47%
 423  Enterococcus_B.faecium.000444405             6.18%    passed     92.84%
 424  Escherichia.coli.002853715                   6.32%    passed     24.05%
 425  Streptococcus.salivarius.002073815           6.70%    passed     38.53%
 426  Escherichia.coli_D.000027125                 6.26%    passed     14.58%
 427  Staphylococcus.epidermidis.002954055         6.18%    passed     27.53%
 428  Staphylococcus.haemolyticus.001611955        6.18%    passed     17.86%
 429  Streptococcus.lutetiensis.900475675          6.72%    passed     23.85%
 430  Streptococcus.salivarius.001543085           8.62%    passed     32.75%
 431  Escherichia.dysenteriae.001695515            6.09%    passed     20.19%
 432  Streptococcus.thermophilus.001855705         6.70%    passed     37.39%
 433  Staphylococcus.epidermidis.002850315         6.13%    passed     31.21%
 434  Klebsiella.quasipneumoniae.001278905         6.49%    passed     17.51%
 435  Streptococcus.suis.001721625                 6.59%    passed     61.34%
 436  Streptococcus.pneumoniae.000146975           6.72%    passed     44.71%
 437  Klebsiella_B.aerogenes.001571545             6.30%    passed     42.67%
 438  Streptococcus.lutetiensis.900475065          6.72%    passed     24.95%
 439  Streptococcus.salivarius.000448685           6.70%    passed     37.28%
 440  Escherichia.coli.001021595                   6.20%    passed     16.85%
 441  Klebsiella.variicola.002852915               6.32%    passed     20.45%
 442  Klebsiella_B.aerogenes.002796425             6.20%    passed     50.73%
 443  Klebsiella.pneumoniae.000742755              6.28%    passed     24.96%
 444  Streptococcus.gordonii.000017005             6.51%    passed     78.32%
 445  Streptococcus.pneumoniae.001896045           6.68%    passed     47.63%
 446  Pseudomonas.aeruginosa.001900225            20.51%    passed     59.68%
 447  Streptococcus.sanguinis.000014205            6.87%    passed     73.67%
 448  Streptococcus.pyogenes.000011665             6.59%    passed     35.72%
 449  Klebsiella.variicola.001989535               6.22%    passed     16.98%
 450  Staphylococcus.epidermidis.000007645         8.27%    passed     36.52%
 451  Staphylococcus.xylosus.000953575             6.11%    passed      8.18%
 452  Escherichia.flexneri.002741255               6.13%    passed     18.32%
 453  Klebsiella.quasipneumoniae.002240295         6.28%    passed     22.26%
 454  Streptococcus.pneumoniae.000018985           6.72%    passed     42.20%
 455  Pseudomonas.aeruginosa.001547955             6.72%    passed     59.33%
 456  Pseudomonas.aeruginosa.001542835             6.74%    passed     62.40%
 457  Escherichia.flexneri.002211725               6.20%    passed     18.20%
 458  Escherichia.dysenteriae.002741495            6.22%    passed     15.81%
 459  Klebsiella_A.michiganensis.002906435         6.28%    passed     21.93%
 460  Streptococcus.pneumoniae.900476505           6.70%    passed     39.64%
 461  Streptococcus.suis.001936415                 6.49%    passed     58.08%
 462  Streptococcus.suis.000233575                 6.51%    passed     58.75%
 463  Streptococcus.agalactiae.002197425           6.62%    passed     17.88%
 464  Escherichia.coli_D.001890365                 6.22%    passed     23.77%
 465  Pseudomonas_E.hunanensis.002953115           6.78%    passed     88.67%
 466  Escherichia.flexneri.002870165               6.11%    passed     15.13%
 467  Escherichia.dysenteriae.001651965            6.09%    passed     22.48%
 468  Staphylococcus.epidermidis.000011925         6.07%    passed     26.64%
 469  Klebsiella_B.aerogenes.003071285             6.30%    passed     46.25%
 470  Enterococcus_B.faecium.001587115             6.09%    passed     92.08%
 471  Staphylococcus.saprophyticus.001558275       6.11%    passed     14.56%
 472  Streptococcus.agalactiae.001552035           6.66%    passed     17.84%
 473  Escherichia.albertii.002285455               6.28%    passed     11.98%
 474  Streptococcus.pyogenes.001014305             6.59%    passed     35.72%
 475  Pseudomonas.aeruginosa.001874465             6.72%    passed     62.24%
 476  Streptococcus.suis.001272635                 6.59%    passed     72.40%
 477  Staphylococcus.epidermidis.900086615         6.07%    passed     25.50%
 478  Streptococcus.pyogenes.000767505             6.59%    passed     35.38%
 479  Streptococcus.pyogenes.900474975             6.59%    passed     33.98%
 480  Streptococcus.pyogenes.000756485             6.59%    passed     35.38%
 481  Pseudomonas.aeruginosa_A.002968755           6.89%    passed     58.68%
 482  Pseudomonas_E.avellanae.002905795            6.68%    passed     79.18%
 483  Enterococcus_B.faecium.002761255             6.11%    passed     89.19%
 484  Streptococcus.pyogenes.001635895             6.59%    passed     35.38%
 485  Staphylococcus.aureus.900475245              6.22%    passed     12.83%
 486  Pseudomonas_E.protegens.000828695            6.53%    passed     88.08%
 487  Enterococcus_B.faecium.001518735             6.18%    passed     90.86%
 488  Streptococcus.suis.000026745                 6.89%    passed     68.38%
 489  Staphylococcus.aureus.001975005              6.18%    passed     12.63%
 490  Klebsiella.quasipneumoniae.002953295         6.38%    passed     24.62%
 491  Escherichia.coli_D.000019645                 6.34%    passed     17.87%
 492  Streptococcus.pyogenes.900474865             6.59%    passed     35.38%
 493  Escherichia.coli_D.002787215                 6.28%    passed     21.69%
 494  Staphylococcus.lugdunensis.900474705         6.28%    passed     15.89%
 495  Enterococcus_B.faecium.900066025             6.09%    passed     90.84%
 496  Pseudomonas_E.avellanae.002966555            6.70%    passed     78.87%
 497  Streptococcus.gallolyticus.000027185         6.74%    passed     30.83%
 498  Streptococcus.dysgalactiae.000188715         6.62%    passed     61.08%
 499  Streptococcus.uberis.900475695               6.70%    passed     57.25%
 500  Pseudomonas_E.avellanae.001913235            6.53%    passed     77.82%
 501  Streptococcus.lutetiensis.001477615         20.10%    passed     22.50%
 502  Pseudomonas_A.stutzeri.000219605             6.55%    passed     72.98%
 503  Klebsiella.pneumoniae.002180175              6.28%    passed     25.07%
 504  Staphylococcus.equorum_B.001683315           5.88%    failed      3.04%
 505  Escherichia.coli_D.003180995                 6.28%    passed     24.96%
 506  Streptococcus.iniae.000831485                6.66%    passed     27.29%
 507  Klebsiella.pneumoniae.002852945              6.36%    passed     17.95%
 508  Streptococcus.thermophilus.900094135         6.70%    passed     37.71%
 509  Streptococcus.suis.000091905                 6.49%    passed     58.08%
 510  Klebsiella_B.aerogenes.001559215             6.30%    passed     47.41%
 511  Enterococcus_B.faecium.003071425             6.11%    passed     90.73%
 512  Staphylococcus.aureus.003031425              6.22%    passed     13.96%
 513  Streptococcus.sobrinus.003176795             6.57%    passed     88.03%
 514  Streptococcus.thermophilus.001514435         6.70%    passed     39.46%
 515  Escherichia.dysenteriae.003018995            6.15%    passed     22.91%
 516  Klebsiella.quasipneumoniae.003020825         6.36%    passed     26.81%
 517  Enterococcus_B.faecium.001721065             6.15%    passed     89.59%
 518  Streptococcus.agalactiae.001729925           6.62%    passed     15.93%
 519  Streptococcus.pyogenes.900474765             6.59%    passed     33.78%
 520  Streptococcus.gordonii.900475015             6.51%    passed     82.94%
 521  Streptococcus.agalactiae.000012705           6.62%    passed     16.81%
 522  Streptococcus.thermophilus.900474985         6.70%    passed     37.39%
 523  Streptococcus.gordonii.001281105             6.51%    passed     82.47%
 524  Klebsiella.variicola.002164805               6.30%    passed     20.08%
 525  Pseudomonas_E.avellanae.900235835            6.70%    passed     81.39%
 526  Streptococcus.intermedius.000463355          6.47%    passed     54.01%
 527  Pseudomonas_E.monteilii_B.000510285          6.57%    passed     84.62%
 528  Streptococcus.dysgalactiae.900475185         6.62%    passed     57.37%
 529  Pseudomonas_E.ficuserectae.002905685         6.72%    passed     80.36%
 530  Streptococcus.agalactiae.002812465           6.62%    passed     17.88%
 531  Pseudomonas_E.ficuserectae.002068135         6.70%    passed     79.77%
 532  Streptococcus.suis.000494895                 6.59%    passed     62.92%
 533  Enterococcus_B.faecium.003020705             6.15%    passed     89.97%
 534  Klebsiella.variicola.000025465               6.24%    passed     24.56%
 535  Staphylococcus.aureus.900017775              6.15%    passed     11.58%
 536  Staphylococcus.aureus.001018655              6.22%    passed     12.83%
 537  Escherichia.coli.003194345                   6.32%    passed     17.50%
 538  Enterococcus_B.faecium.002848625             6.11%    passed     89.19%
 539  Streptococcus.pneumoniae.000026665           6.72%    passed     40.15%
 540  Pseudomonas_E.syringae_M.000012245           7.03%    passed     72.38%
 541  Escherichia.coli_D.001677475                 6.26%    passed     19.50%
 542  Pseudomonas_E.piscium.003008635              6.76%    passed     87.80%
 543  Escherichia.flexneri.001900535               6.11%    passed     15.56%
 544  Klebsiella_A.michiganensis.002072655         6.22%    passed     27.92%
 545  Klebsiella.pneumoniae.001908655              6.36%    passed     22.69%
 546  Klebsiella_A.michiganensis.001970835         6.20%    passed     19.57%
 547  Streptococcus.sanguinis.900475505            6.70%    passed     81.89%
 548  Streptococcus.equi.900474805                 6.66%    passed     49.52%
 549  Escherichia.dysenteriae.001650275            6.18%    passed     21.36%
 550  Streptococcus.pyogenes.002355175             6.59%    passed     35.38%
 551  Pseudomonas.aeruginosa.002812905             6.89%    passed     64.61%
 552  Streptococcus.intermedius.000306805          6.51%    passed     55.20%
 553  Staphylococcus.aureus.002952015              6.22%    passed     12.83%
 554  Staphylococcus.pseudintermedius.001682435   12.56%    passed     43.65%
 555  Pseudomonas_E.protegens.002006545            6.74%    passed     91.77%
 556  Streptococcus.agalactiae.000299135           6.62%    passed     15.77%
 557  Streptococcus.pyogenes.000250925             6.59%    passed     30.67%
 558  Streptococcus.gallolyticus.900475715         6.74%    passed     32.17%
 559  Staphylococcus.equorum_B.001663395           6.49%    failed      1.81%
 560  Escherichia.dysenteriae.001890245            6.13%    passed     22.86%
 561  Escherichia.flexneri.002903125               6.13%    passed     14.70%
 562  Pseudomonas.aeruginosa.001721845             6.78%    passed     61.15%
 563  Escherichia.flexneri.003017455               6.13%    passed     13.41%
 564  Klebsiella_A.michiganensis.000276705         6.28%    passed     25.71%
 565  Streptococcus.salivarius.000253315           6.70%    passed     35.82%
 566  Staphylococcus.aureus.001956755              6.18%    passed     14.13%
 567  Escherichia.coli_D.002966755                14.03%    passed     18.33%
 568  Pseudomonas_E.hunanensis.000016865           6.62%    passed     85.32%
 569  Enterococcus_B.faecium.001635875             6.09%    passed     89.40%
 570  Streptococcus.pneumoniae.003003495           6.72%    passed     47.99%
 571  Streptococcus.pyogenes.000743015             6.66%    passed     34.82%
 572  Escherichia.coli_D.001485455                 6.20%    passed     25.78%
 573  Pseudomonas.aeruginosa.002812825             6.87%    passed     61.90%
 574  Streptococcus.pyogenes.900474815             6.59%    passed     36.76%
 575  Escherichia.flexneri.003019215               6.24%    passed     13.40%
 576  Klebsiella_A.michiganensis.001753185         6.36%    passed     24.70%
 577  Klebsiella.pneumoniae.002752815              6.36%    passed     22.96%
 578  Klebsiella.pneumoniae.002752975              6.36%    passed     21.85%
 579  Streptococcus.pneumoniae.002357995           6.72%    passed     49.50%
 580  Klebsiella_A.oxytoca.002984395               6.32%    passed     28.18%
 581  Klebsiella.pneumoniae.003031325              6.38%    passed     21.48%
 582  Streptococcus.sobrinus.900475365             6.57%    passed     88.03%
 583  Klebsiella.quasipneumoniae.003146685         6.36%    passed     18.54%
 584  Klebsiella_A.oxytoca.003073975               6.30%    passed     22.64%
 585  Streptococcus.iniae.001885145                6.66%    passed     26.59%
 586  Klebsiella_B.aerogenes.001593585             6.32%    passed     43.49%
 587  Streptococcus.intermedius.900475975          6.51%    passed     55.20%
 588  Streptococcus.pneumoniae.900476455           6.72%    passed     50.99%
 589  Escherichia.coli_D.001900295                 6.07%    passed     20.02%
 590  Pseudomonas_E.piscium.000698865              6.72%    passed     87.19%
 591  Streptococcus.pyogenes.900474795             6.59%    passed     33.78%
 592  Klebsiella_A.michiganensis.000632415         3.91%    passed     21.12%
 593  Escherichia.flexneri.001900985               6.20%    passed     11.70%
 594  Staphylococcus.simulans.003076375            6.18%    passed     59.07%
 595  Staphylococcus.aureus.001457495              6.15%    passed     13.82%
 596  Streptococcus.pyogenes.000013485             6.59%    passed     36.76%
 597  Streptococcus.pneumoniae.001896065           6.72%    passed     43.57%
 598  Enterococcus.faecalis.000281195              6.20%    passed     98.05%
 599  Streptococcus.suis.001640765                 6.64%    passed     60.03%
 600  Pseudomonas.aeruginosa.001792855             6.72%    passed     64.86%
 601  Streptococcus.pneumoniae.900475305           6.72%    passed     47.99%
 602  Streptococcus.pyogenes.000011285             6.59%    passed     35.38%
 603  Pseudomonas_E.avellanae.000344355            6.53%    passed     77.82%
 604  Streptococcus.pneumoniae.000196595           6.68%    passed     38.64%
 605  Enterococcus.faecalis.000007785              7.24%    passed     98.01%
 606  Streptococcus.agalactiae.002197245           6.62%    passed     17.88%
 607  Pseudomonas_E.hunanensis.000183645           6.62%    passed     86.49%
 608  Pseudomonas_E.protegens.000012265            6.53%    passed     89.36%
 609  Streptococcus.thermophilus.001663795         6.76%    passed     33.67%
 610  Staphylococcus.haemolyticus.002906615        6.32%    passed     18.23%
 611  Streptococcus.suis.000231905                 6.59%    passed     69.43%
 612  Streptococcus.dysgalactiae.000010705         6.62%    passed     59.11%
 613  Enterococcus.faecalis.001598635              6.22%    passed     96.81%
 614  Enterococcus.faecalis.000172575              6.24%    passed     98.99%
 615  Streptococcus.iniae.002220115                6.66%    passed     26.69%
 616  Escherichia.coli_D.003019035                 6.28%    passed     21.69%
 617  Pseudomonas.aeruginosa.001447845             6.72%    passed     62.24%
 618  Streptococcus.agalactiae.002289205           6.64%    passed     17.34%
 619  Staphylococcus.aureus.000025145              6.15%    passed     12.16%
 620  Streptococcus.agalactiae.002197365           6.62%    passed     17.89%
 621  Pseudomonas.aeruginosa.003060845             6.89%    passed     65.96%
 622  Enterococcus_B.faecium.000250945             6.11%    passed     90.30%
 623  Streptococcus.anginosus.000463465            6.51%    passed     57.25%
 624  Escherichia.flexneri.001900335               6.22%    passed     15.02%
 625  Streptococcus.anginosus.000478925            6.55%    passed     55.88%
 626  Streptococcus.anginosus.001412635            6.51%    passed     57.25%
 627  Streptococcus.salivarius.900475225           6.70%    passed     35.40%
 628  Streptococcus.suis.000204625                 6.62%    passed     73.08%
 629  Klebsiella_B.aerogenes.002796405             6.22%    passed     41.49%
 630  Streptococcus.pneumoniae.000210995           6.72%    passed     44.67%
 631  Escherichia.coli_D.002012045                 6.15%    passed     22.12%
 632  Escherichia.flexneri.003073815               6.15%    passed     12.55%
 633  Enterococcus.faecalis.000317915              6.22%    passed     96.35%
 634  Pseudomonas_E.monteilii_B.000831585          6.64%    passed     87.24%
 635  Escherichia.flexneri.001559675               6.20%    passed     23.02%
 636  Streptococcus.suis.003144175                 6.59%    passed     64.76%
 637  Streptococcus.mutans.000817065               6.49%    passed     86.26%
 638  Streptococcus.thermophilus.000971665         6.70%    passed     35.35%
 639  Streptococcus.equi.000219765                 6.30%    passed     35.26%
 640  Enterococcus_B.faecium.002880635             6.11%    passed     90.68%
 641  Pseudomonas.aeruginosa.000006765             7.37%    passed     54.04%
 642  Streptococcus.suis.001610935                 6.62%    passed     71.87%
 643  Escherichia.flexneri.003112165               6.28%    passed     13.24%
 644  Klebsiella_A.michiganensis.002216835         6.22%    passed     26.55%
 645  Klebsiella.pneumoniae.003073315              6.36%    passed     24.92%
 646  Escherichia.flexneri.001900945               6.09%    passed     19.12%
 647  Staphylococcus.xylosus.000709415             6.11%    passed      8.18%
 648  Streptococcus.pneumoniae.000210975           6.72%    passed     43.27%
 649  Klebsiella_A.michiganensis.000240325         6.28%    passed     24.42%
 650  Staphylococcus.epidermidis.002944995         6.15%    passed     26.59%
 651  Klebsiella.pneumoniae.000417085              6.32%    passed     21.85%
 652  Klebsiella_A.michiganensis.002906415         6.28%    passed     26.97%
 653  Pseudomonas_E.syringae_M.000988485           6.51%    passed     75.65%
 654  Streptococcus.suis.000993745                 6.49%    passed     58.08%
 655  Enterococcus_B.faecium.001750885             6.09%    passed     91.65%
 656  Streptococcus.agalactiae.001592385           6.62%    passed     15.94%
 657  Pseudomonas_E.avellanae.000344335            6.53%    passed     78.88%
 658  Staphylococcus.saprophyticus.002208905       6.13%    passed     14.48%
 659  Streptococcus.gordonii.900475385             6.51%    passed     86.63%
 660  Klebsiella.pneumoniae.002587885              6.36%    passed     24.24%
 661  Staphylococcus.simulans.002386185            6.20%    passed     48.99%
 662  Streptococcus.thermophilus.000011825         6.70%    passed     38.35%
 663  Staphylococcus.haemolyticus.002952715        6.30%    passed     17.53%
 664  Streptococcus.thermophilus.000011845         6.70%    passed     38.35%
 665  Streptococcus.thermophilus.000698885         6.70%    passed     37.39%
 666  Pseudomonas.aeruginosa.001721805             6.72%    passed     60.29%
 667  Streptococcus.pyogenes.000993765             6.59%    passed     33.78%
 668  Streptococcus.agalactiae.001266635           6.70%    passed     14.72%
 669  Escherichia.flexneri.000299255               6.22%    passed     15.73%
 670  Enterococcus_B.faecium.900092475             6.09%    passed     92.08%
 671  Escherichia.coli.000813165                   6.20%    passed     17.98%
 672  Pseudomonas_E.monteilii_B.000511325          6.57%    passed     81.25%
 673  Streptococcus.suis.002688665                 6.49%    passed     58.08%
 674  Klebsiella.pneumoniae.000775375              6.36%    passed     22.13%
 675  Staphylococcus.lugdunensis.002073395         6.30%    passed     15.50%
 676  Streptococcus.suis.000294495                 6.59%    passed     58.66%
 677  Staphylococcus.aureus.003030065              6.22%    passed     14.73%
 678  Streptococcus.agalactiae.001190885           6.62%    passed     16.84%
 679  Streptococcus.gordonii.002386285             6.53%    passed     82.04%
 680  Staphylococcus.equorum_B.001432245           5.88%    failed      2.79%
 681  Enterococcus_B.faecium.002761555             6.34%    passed     87.84%
 682  Klebsiella.pneumoniae.002197505              6.28%    passed     18.83%
 683  Klebsiella_B.aerogenes.002796525             6.30%    passed     45.86%
 684  Streptococcus.sanguinis.900475275            6.80%    passed     80.83%
 685  Escherichia.coli_D.001721525                 6.20%    passed     19.66%
 686  Streptococcus.pyogenes.001559175             6.59%    passed     34.98%
 687  Streptococcus.thermophilus.000253395         6.72%    passed     36.07%
 688  Streptococcus.pneumoniae.000211015           6.72%    passed     46.13%
 689  Escherichia.coli.002012205                   6.24%    passed     21.65%
 690  Klebsiella.pneumoniae.002752995              6.36%    passed     23.74%
 691  Escherichia.coli.002237305                   6.45%    passed     27.70%
****  TOTAL                                        6.67%  4 sequences failed composition chi2 test (p-value<5%; df=3)
NOTE: Pseudomonas_E.avellanae.002024305 is identical to Pseudomonas_E.avellanae.002024285 but kept for subsequent analysis
NOTE: Streptococcus.pneumoniae.003003495 is identical to Streptococcus.pneumoniae.000014365 but kept for subsequent analysis
NOTE: Streptococcus.agalactiae.000689235 is identical to Streptococcus.agalactiae.900155855 but kept for subsequent analysis
NOTE: Streptococcus.agalactiae.002197285 is identical to Streptococcus.agalactiae.002812425 but kept for subsequent analysis
NOTE: Enterococcus_B.faecium.900066025 is identical to Enterococcus_B.faecium.000336405 but kept for subsequent analysis
NOTE: Klebsiella.pneumoniae.001908655 is identical to Klebsiella.pneumoniae.001956965 but kept for subsequent analysis
NOTE: Streptococcus.suis.002736265 is identical to Streptococcus.suis.000168355 but kept for subsequent analysis
NOTE: Pseudomonas.aeruginosa.000026645 is identical to Pseudomonas.aeruginosa.001516105 but kept for subsequent analysis
NOTE: Enterococcus_B.faecium.003071425 is identical to Enterococcus_B.faecium.003071445 but kept for subsequent analysis
NOTE: Enterococcus_B.faecium.002848745 is identical to Enterococcus_B.faecium.002848665 but kept for subsequent analysis
NOTE: Streptococcus.suis.000231865 is identical to Streptococcus.suis.002111405 but kept for subsequent analysis
NOTE: Escherichia.dysenteriae.001753525 is identical to Escherichia.dysenteriae.001753445 but kept for subsequent analysis
NOTE: Escherichia.coli.001663475 is identical to Escherichia.coli.003181035 but kept for subsequent analysis
NOTE: Escherichia.dysenteriae.001651965 is identical to Escherichia.dysenteriae.001651925 but kept for subsequent analysis
NOTE: Staphylococcus.aureus.000969225 is identical to Staphylococcus.aureus.002209325 but kept for subsequent analysis
NOTE: Streptococcus.uberis.002814135 is identical to Streptococcus.uberis.000009545 but kept for subsequent analysis
NOTE: Escherichia.dysenteriae.001890325 is identical to Escherichia.dysenteriae.001650295 but kept for subsequent analysis
NOTE: Streptococcus.pyogenes.900475075 is identical to Streptococcus.pyogenes.900474455 but kept for subsequent analysis
NOTE: Klebsiella.pneumoniae.001902415 is identical to Klebsiella.pneumoniae.001908895 but kept for subsequent analysis
NOTE: Klebsiella.variicola.001989495 is identical to Klebsiella.variicola.001989515 but kept for subsequent analysis
NOTE: Pseudomonas_E.protegens.000012265 is identical to Pseudomonas_E.protegens.000397205 but kept for subsequent analysis
NOTE: Enterococcus_B.faecium.001953255 is identical to Enterococcus_B.faecium.001953235 but kept for subsequent analysis
NOTE: Staphylococcus.aureus.000815245 is identical to Staphylococcus.aureus.000012045 but kept for subsequent analysis
NOTE: Klebsiella.pneumoniae.000775375 is identical to Klebsiella.pneumoniae.000364385 but kept for subsequent analysis
NOTE: Streptococcus.pyogenes.001635935 is identical to Streptococcus.pyogenes.900475565 but kept for subsequent analysis
NOTE: Escherichia.dysenteriae.000732965 is identical to Escherichia.dysenteriae.001307215 but kept for subsequent analysis
NOTE: Streptococcus.pneumoniae.000251085 is identical to Streptococcus.pneumoniae.001896085 but kept for subsequent analysis
NOTE: Staphylococcus.simulans.003006075 is identical to Staphylococcus.simulans.003096155 but kept for subsequent analysis
NOTE: Pseudomonas.aeruginosa.002104595 is identical to Pseudomonas.aeruginosa.000473745 but kept for subsequent analysis
NOTE: Escherichia.dysenteriae.002741495 is identical to Escherichia.dysenteriae.002741555 but kept for subsequent analysis
NOTE: Staphylococcus.aureus.002000765 is identical to Staphylococcus.aureus.002355355 but kept for subsequent analysis
NOTE: Streptococcus.sobrinus.003172995 is identical to Streptococcus.sobrinus.900475395 but kept for subsequent analysis
NOTE: Escherichia.coli.002180195 is identical to Escherichia.coli.002193095 but kept for subsequent analysis
NOTE: Streptococcus.thermophilus.002843115 is identical to Streptococcus.thermophilus.001008015 but kept for subsequent analysis
NOTE: Streptococcus.pneumoniae.000211035 is identical to Streptococcus.pneumoniae.000211055 but kept for subsequent analysis
NOTE: Streptococcus.agalactiae.001026925 is identical to Streptococcus.agalactiae.001712835 but kept for subsequent analysis
NOTE: Enterococcus_B.faecium.003020685 is identical to Enterococcus_B.faecium.002983785 but kept for subsequent analysis
NOTE: Klebsiella_A.oxytoca.001022295 is identical to Klebsiella_A.oxytoca.001022115 but kept for subsequent analysis
NOTE: Escherichia.dysenteriae.000520055 is identical to Escherichia.dysenteriae.000662395 but kept for subsequent analysis
NOTE: Streptococcus.agalactiae.000299135 is identical to Streptococcus.agalactiae.001190805 but kept for subsequent analysis
NOTE: Streptococcus.gallolyticus.000027185 is identical to Streptococcus.gallolyticus.000270145 but kept for subsequent analysis
NOTE: Escherichia.flexneri.002952855 is identical to Escherichia.flexneri.002953055 but kept for subsequent analysis
NOTE: Pseudomonas_E.monteilii_B.000510285 is identical to Pseudomonas_E.monteilii_B.000510325 but kept for subsequent analysis
NOTE: Escherichia.coli.001566675 is identical to Escherichia.coli.001617565 but kept for subsequent analysis
NOTE: Streptococcus.pyogenes.000011665 is identical to Streptococcus.pyogenes.001547715 but kept for subsequent analysis
NOTE: Streptococcus.salivarius.000448685 is identical to Streptococcus.salivarius.000785515 but kept for subsequent analysis
NOTE: Enterococcus_B.faecium.002777275 is identical to Enterococcus_B.faecium.002761275 but kept for subsequent analysis
NOTE: Enterococcus.faecalis.001878735 is identical to Enterococcus.faecalis.001886675 but kept for subsequent analysis
NOTE: Streptococcus.equi.000219765 is identical to Streptococcus.equi.000696505 but kept for subsequent analysis
NOTE: Klebsiella.quasipneumoniae.003146685 is identical to Klebsiella.quasipneumoniae.003146655 but kept for subsequent analysis
NOTE: Streptococcus.gallolyticus.900475715 is identical to Streptococcus.gallolyticus.002000985 but kept for subsequent analysis
NOTE: Staphylococcus.xylosus.000709415 is identical to Staphylococcus.xylosus.000953575 but kept for subsequent analysis
NOTE: Enterococcus_B.faecium.900092475 is identical to Enterococcus_B.faecium.001587115 but kept for subsequent analysis
NOTE: Staphylococcus.aureus.001018655 is identical to Staphylococcus.aureus.900475245 but kept for subsequent analysis
NOTE: Streptococcus.sobrinus.900475365 is identical to Streptococcus.sobrinus.003176795 but kept for subsequent analysis
NOTE: Streptococcus.pyogenes.000993765 is identical to Streptococcus.pyogenes.900474765 but kept for subsequent analysis
NOTE: Streptococcus.intermedius.900475975 is identical to Streptococcus.intermedius.000306805 but kept for subsequent analysis
NOTE: Streptococcus.pyogenes.000013485 is identical to Streptococcus.pyogenes.900474815 but kept for subsequent analysis
NOTE: Streptococcus.anginosus.001412635 is identical to Streptococcus.anginosus.000463465 but kept for subsequent analysis
NOTE: Streptococcus.thermophilus.000011845 is identical to Streptococcus.thermophilus.000011825 but kept for subsequent analysis
NOTE: 53 identical sequences (see below) will be ignored for subsequent analysis
NOTE: Pseudomonas_E.avellanae.000648735 (identical to Pseudomonas_E.avellanae.002024285) is ignored but added at the end
NOTE: Pseudomonas_E.avellanae.001913235 (identical to Pseudomonas_E.avellanae.002024285) is ignored but added at the end
NOTE: Pseudomonas_E.avellanae.000344355 (identical to Pseudomonas_E.avellanae.002024285) is ignored but added at the end
NOTE: Streptococcus.pneumoniae.900475305 (identical to Streptococcus.pneumoniae.000014365) is ignored but added at the end
NOTE: Streptococcus.agalactiae.002073795 (identical to Streptococcus.agalactiae.900155855) is ignored but added at the end
NOTE: Streptococcus.agalactiae.002197365 (identical to Streptococcus.agalactiae.900155855) is ignored but added at the end
NOTE: Streptococcus.agalactiae.001683515 (identical to Streptococcus.agalactiae.002812425) is ignored but added at the end
NOTE: Streptococcus.agalactiae.002197265 (identical to Streptococcus.agalactiae.002812425) is ignored but added at the end
NOTE: Streptococcus.agalactiae.002197425 (identical to Streptococcus.agalactiae.002812425) is ignored but added at the end
NOTE: Streptococcus.agalactiae.002812465 (identical to Streptococcus.agalactiae.002812425) is ignored but added at the end
NOTE: Streptococcus.agalactiae.002197245 (identical to Streptococcus.agalactiae.002812425) is ignored but added at the end
NOTE: Streptococcus.suis.001272635 (identical to Streptococcus.suis.000168355) is ignored but added at the end
NOTE: Pseudomonas.aeruginosa.001077475 (identical to Pseudomonas.aeruginosa.001516105) is ignored but added at the end
NOTE: Streptococcus.suis.000344765 (identical to Streptococcus.suis.002111405) is ignored but added at the end
NOTE: Streptococcus.suis.000026725 (identical to Streptococcus.suis.002111405) is ignored but added at the end
NOTE: Streptococcus.suis.002189695 (identical to Streptococcus.suis.002111405) is ignored but added at the end
NOTE: Streptococcus.suis.000018185 (identical to Streptococcus.suis.002111405) is ignored but added at the end
NOTE: Streptococcus.suis.001936415 (identical to Streptococcus.suis.002111405) is ignored but added at the end
NOTE: Streptococcus.suis.000091905 (identical to Streptococcus.suis.002111405) is ignored but added at the end
NOTE: Streptococcus.suis.000993745 (identical to Streptococcus.suis.002111405) is ignored but added at the end
NOTE: Streptococcus.suis.002688665 (identical to Streptococcus.suis.002111405) is ignored but added at the end
NOTE: Escherichia.dysenteriae.001753465 (identical to Escherichia.dysenteriae.001753445) is ignored but added at the end
NOTE: Staphylococcus.aureus.000011265 (identical to Staphylococcus.aureus.002209325) is ignored but added at the end
NOTE: Staphylococcus.aureus.001457495 (identical to Staphylococcus.aureus.002209325) is ignored but added at the end
NOTE: Streptococcus.uberis.900475695 (identical to Streptococcus.uberis.000009545) is ignored but added at the end
NOTE: Escherichia.dysenteriae.001650275 (identical to Escherichia.dysenteriae.001650295) is ignored but added at the end
NOTE: Klebsiella.variicola.001989535 (identical to Klebsiella.variicola.001989515) is ignored but added at the end
NOTE: Enterococcus_B.faecium.001635875 (identical to Enterococcus_B.faecium.001953235) is ignored but added at the end
NOTE: Streptococcus.pyogenes.900475425 (identical to Streptococcus.pyogenes.900475565) is ignored but added at the end
NOTE: Streptococcus.pyogenes.900475765 (identical to Streptococcus.pyogenes.900475565) is ignored but added at the end
NOTE: Streptococcus.pyogenes.000732425 (identical to Streptococcus.pyogenes.900475565) is ignored but added at the end
NOTE: Streptococcus.pyogenes.003203475 (identical to Streptococcus.pyogenes.900475565) is ignored but added at the end
NOTE: Streptococcus.pyogenes.000767505 (identical to Streptococcus.pyogenes.900475565) is ignored but added at the end
NOTE: Streptococcus.pyogenes.000756485 (identical to Streptococcus.pyogenes.900475565) is ignored but added at the end
NOTE: Streptococcus.pyogenes.001635895 (identical to Streptococcus.pyogenes.900475565) is ignored but added at the end
NOTE: Streptococcus.pyogenes.900474865 (identical to Streptococcus.pyogenes.900475565) is ignored but added at the end
NOTE: Streptococcus.pyogenes.002355175 (identical to Streptococcus.pyogenes.900475565) is ignored but added at the end
NOTE: Streptococcus.pyogenes.000011285 (identical to Streptococcus.pyogenes.900475565) is ignored but added at the end
NOTE: Escherichia.dysenteriae.001753545 (identical to Escherichia.dysenteriae.001307215) is ignored but added at the end
NOTE: Streptococcus.pneumoniae.001902455 (identical to Streptococcus.pneumoniae.001896085) is ignored but added at the end
NOTE: Streptococcus.pneumoniae.001896065 (identical to Streptococcus.pneumoniae.001896085) is ignored but added at the end
NOTE: Staphylococcus.simulans.003076375 (identical to Staphylococcus.simulans.003096155) is ignored but added at the end
NOTE: Streptococcus.thermophilus.001855705 (identical to Streptococcus.thermophilus.001008015) is ignored but added at the end
NOTE: Streptococcus.thermophilus.000698885 (identical to Streptococcus.thermophilus.001008015) is ignored but added at the end
NOTE: Streptococcus.pneumoniae.000211015 (identical to Streptococcus.pneumoniae.000211055) is ignored but added at the end
NOTE: Streptococcus.agalactiae.000730215 (identical to Streptococcus.agalactiae.001712835) is ignored but added at the end
NOTE: Streptococcus.agalactiae.000427035 (identical to Streptococcus.agalactiae.001712835) is ignored but added at the end
NOTE: Streptococcus.agalactiae.001190885 (identical to Streptococcus.agalactiae.001712835) is ignored but added at the end
NOTE: Enterococcus_B.faecium.003020765 (identical to Enterococcus_B.faecium.002983785) is ignored but added at the end
NOTE: Escherichia.flexneri.002899495 (identical to Escherichia.flexneri.002953055) is ignored but added at the end
NOTE: Streptococcus.pyogenes.001014305 (identical to Streptococcus.pyogenes.001547715) is ignored but added at the end
NOTE: Enterococcus_B.faecium.002761255 (identical to Enterococcus_B.faecium.002761275) is ignored but added at the end
NOTE: Enterococcus_B.faecium.002848625 (identical to Enterococcus_B.faecium.002761275) is ignored but added at the end

For your convenience alignment with unique sequences printed to ./026_results/16S23S_long.fasta.uniqueseq.phy

Create initial parsimony tree by phylogenetic likelihood library (PLL)... 0.493 seconds

NOTE: 193 MB RAM (0 GB) is required!
Estimate model parameters (epsilon = 0.100)
1. Initial log-likelihood: -57564.010
2. Current log-likelihood: -54889.131
3. Current log-likelihood: -54611.891
4. Current log-likelihood: -54604.671
5. Current log-likelihood: -54604.422
Optimal log-likelihood: -54604.391
Rate parameters:  A-C: 1.00000  A-G: 2.67253  A-T: 1.00000  C-G: 1.00000  C-T: 2.67253  G-T: 1.00000
Base frequencies:  A: 0.267  C: 0.215  G: 0.306  T: 0.212
Gamma shape alpha: 0.255
Parameters optimization took 5 rounds (4.499 sec)
Computing ML distances based on estimated model parameters... 20.743 sec
Computing BIONJ tree...
0.362 seconds
Log-likelihood of BIONJ tree: -56315.525
--------------------------------------------------------------------
|             INITIALIZING CANDIDATE TREE SET                      |
--------------------------------------------------------------------
Generating 98 parsimony trees... 41.270 second
Computing log-likelihood of 98 initial trees ... 33.592 seconds
Current best score: -54571.304

Do NNI search on 20 best initial trees
Estimate model parameters (epsilon = 0.100)
BETTER TREE FOUND at iteration 1: -54441.153
Estimate model parameters (epsilon = 0.100)
BETTER TREE FOUND at iteration 2: -54432.581
Iteration 10 / LogL: -54538.930 / Time: 0h:1m:51s
Iteration 20 / LogL: -54501.618 / Time: 0h:2m:22s
Finish initializing candidate tree set (20)
Current best tree score: -54432.581 / CPU time: 132.526
Number of iterations: 20
--------------------------------------------------------------------
|               OPTIMIZING CANDIDATE TREE SET                      |
--------------------------------------------------------------------
Iteration 30 / LogL: -57471.903 / Time: 0h:3m:16s (0h:8m:5s left)
Iteration 40 / LogL: -54572.966 / Time: 0h:4m:6s (0h:6m:31s left)
Iteration 50 / LogL: -54517.403 / Time: 0h:4m:53s (0h:5m:10s left)
Iteration 60 / LogL: -55162.097 / Time: 0h:5m:36s (0h:3m:59s left)
Estimate model parameters (epsilon = 0.100)
BETTER TREE FOUND at iteration 62: -54416.566
Iteration 70 / LogL: -54849.693 / Time: 0h:6m:19s (0h:8m:24s left)
Estimate model parameters (epsilon = 0.100)
BETTER TREE FOUND at iteration 78: -54409.216
Iteration 80 / LogL: -54433.187 / Time: 0h:7m:0s (0h:8m:40s left)
Iteration 90 / LogL: -54589.929 / Time: 0h:7m:48s (0h:7m:42s left)
Iteration 100 / LogL: -54673.200 / Time: 0h:8m:30s (0h:6m:41s left)
Iteration 110 / LogL: -54529.064 / Time: 0h:9m:16s (0h:5m:46s left)
Iteration 120 / LogL: -54695.036 / Time: 0h:9m:53s (0h:4m:48s left)
Iteration 130 / LogL: -54486.740 / Time: 0h:10m:41s (0h:3m:58s left)
Estimate model parameters (epsilon = 0.100)
BETTER TREE FOUND at iteration 136: -54403.769
Iteration 140 / LogL: -54451.314 / Time: 0h:11m:27s (0h:7m:54s left)
Estimate model parameters (epsilon = 0.100)
BETTER TREE FOUND at iteration 141: -54400.306
Iteration 150 / LogL: -54470.921 / Time: 0h:12m:12s (0h:7m:27s left)
Iteration 160 / LogL: -54500.571 / Time: 0h:12m:59s (0h:6m:36s left)
Estimate model parameters (epsilon = 0.100)
BETTER TREE FOUND at iteration 167: -54383.827
Iteration 170 / LogL: -54503.388 / Time: 0h:13m:44s (0h:7m:52s left)
Iteration 180 / LogL: -54507.718 / Time: 0h:14m:29s (0h:7m:2s left)
Iteration 190 / LogL: -54588.093 / Time: 0h:15m:15s (0h:6m:12s left)
Iteration 200 / LogL: -54511.170 / Time: 0h:15m:54s (0h:5m:21s left)
Iteration 210 / LogL: -54601.991 / Time: 0h:16m:37s (0h:4m:31s left)
Iteration 220 / LogL: -54428.316 / Time: 0h:17m:25s (0h:3m:44s left)
Iteration 230 / LogL: -54641.176 / Time: 0h:18m:15s (0h:2m:56s left)
Iteration 240 / LogL: -54397.463 / Time: 0h:18m:59s (0h:2m:8s left)
Iteration 250 / LogL: -54598.730 / Time: 0h:19m:40s (0h:1m:20s left)
Iteration 260 / LogL: -54603.161 / Time: 0h:20m:25s (0h:0m:33s left)
TREE SEARCH COMPLETED AFTER 268 ITERATIONS / Time: 0h:21m:1s

--------------------------------------------------------------------
|                    FINALIZING TREE SEARCH                        |
--------------------------------------------------------------------
Performs final model parameters optimization
Estimate model parameters (epsilon = 0.010)
1. Initial log-likelihood: -54383.827
Optimal log-likelihood: -54383.826
Rate parameters:  A-C: 1.00000  A-G: 2.69393  A-T: 1.00000  C-G: 1.00000  C-T: 2.69393  G-T: 1.00000
Base frequencies:  A: 0.267  C: 0.215  G: 0.306  T: 0.212
Gamma shape alpha: 0.255
Parameters optimization took 1 rounds (0.533 sec)
BEST SCORE FOUND : -54383.826
Total tree length: 6.034

Total number of iterations: 268
CPU time used for tree search: 9470.555 sec (2h:37m:50s)
Wall-clock time used for tree search: 1251.592 sec (0h:20m:51s)
Total CPU time used: 9542.654 sec (2h:39m:2s)
Total wall-clock time used: 1261.770 sec (0h:21m:1s)

Analysis results written to: 
  IQ-TREE report:                ./026_results/16S23S_long.fasta.iqtree
  Maximum-likelihood tree:       ./026_results/16S23S_long.fasta.treefile
  Likelihood distances:          ./026_results/16S23S_long.fasta.mldist
  Screen log file:               ./026_results/16S23S_long.fasta.log

Date and Time: Tue Sep 10 08:48:16 2019
