IQ-TREE multicore version 1.6.12 for Linux 64-bit built Aug 15 2019
Developed by Bui Quang Minh, Nguyen Lam Tung, Olga Chernomor,
Heiko Schmidt, Dominik Schrempf, Michael Woodhams.

Host:    n114312.nbi.ac.uk (AVX2, FMA3, 15 GB RAM)
Command: iqtree -s ./026_results/16S_long.fasta -nt 8 -redo -m HKY+G
Seed:    275621 (Using SPRNG - Scalable Parallel Random Number Generator)
Time:    Mon Sep  9 13:12:51 2019
Kernel:  AVX+FMA - 8 threads (8 CPU cores detected)

Reading alignment file ./026_results/16S_long.fasta ... Fasta format detected
Alignment most likely contains DNA/RNA sequences
WARNING: 1 sites contain only gaps or ambiguous characters.
Alignment has 691 sequences with 1627 columns, 854 distinct patterns
619 parsimony-informative, 231 singleton sites, 777 constant sites
                                           Gap/Ambiguity  Composition  p-value
   1  Escherichia.flexneri.003017975               4.49%    passed     83.41%
   2  Klebsiella.pneumoniae.000445405              4.49%    passed     79.72%
   3  Escherichia.coli.000148605                   4.49%    passed     85.45%
   4  Streptococcus.intermedius.000463385          4.06%    passed     98.01%
   5  Pseudomonas_E.avellanae.002024285            4.86%    passed     89.81%
   6  Escherichia.dysenteriae.000803705            4.49%    passed     89.04%
   7  Streptococcus.mutans.002995555               3.87%    passed     91.20%
   8  Pseudomonas.aeruginosa_A.003073695           5.59%    passed     86.89%
   9  Escherichia.coli_D.002310595                 4.49%    passed     80.43%
  10  Streptococcus.pneumoniae.000014365           4.61%    passed     90.47%
  11  Escherichia.dysenteriae.000025165            4.49%    passed     90.20%
  12  Streptococcus.suis.001572685                 4.36%    passed     91.88%
  13  Streptococcus.pneumoniae.000147095           4.61%    passed     86.33%
  14  Streptococcus.mutans.000271865               4.00%    passed     93.91%
  15  Staphylococcus.pseudintermedius.000185885    4.36%    passed     75.83%
  16  Streptococcus.agalactiae.900155855           4.43%    passed     80.10%
  17  Escherichia.dysenteriae.000262125            4.49%    passed     88.05%
  18  Pseudomonas_E.ficuserectae.900235885         5.35%    passed     82.55%
  19  Streptococcus.agalactiae.002812425           4.43%    passed     78.29%
  20  Escherichia.albertii.002895205               4.61%    passed     83.14%
  21  Enterococcus_B.faecium.000336405             3.56%    passed     90.89%
  22  Escherichia.flexneri.000599645               4.49%    passed     78.21%
  23  Klebsiella.pneumoniae.001956965              4.73%    passed     75.83%
  24  Pseudomonas_E.syringae_M.002905815           5.35%    passed     92.19%
  25  Klebsiella.pneumoniae.001456135              4.73%    passed     82.13%
  26  Enterococcus.faecalis.002289045              3.75%    passed     88.09%
  27  Escherichia.flexneri.001860505               4.36%    passed     84.78%
  28  Escherichia.coli_D.002357875                 4.36%    passed     88.33%
  29  Streptococcus.suis.000168355                 4.36%    passed     91.88%
  30  Klebsiella.pneumoniae.001709295              4.73%    passed     69.12%
  31  Klebsiella.variicola.000019565               4.73%    passed     75.38%
  32  Klebsiella.pneumoniae.002202255              4.49%    passed     76.60%
  33  Streptococcus.pneumoniae.001457635           4.61%    passed     87.46%
  34  Pseudomonas.aeruginosa.001516105             5.10%    passed     85.73%
  35  Escherichia.flexneri.003018275               4.49%    passed     79.54%
  36  Pseudomonas_E.hunanensis.001655295           4.92%    passed     96.14%
  37  Enterococcus_B.faecium.003071445             3.63%    passed     92.00%
  38  Enterococcus_B.faecium.002848665             3.63%    passed     90.42%
  39  Staphylococcus.aureus.001018975              4.49%    passed     41.10%
  40  Streptococcus.suis.002111405                 4.36%    passed     89.08%
  41  Enterococcus_B.faecium.002848385             3.63%    passed     92.06%
  42  Staphylococcus.lugdunensis.002250095         4.36%    passed     49.97%
  43  Streptococcus.thermophilus.002286255         4.43%    passed     83.32%
  44  Escherichia.dysenteriae.001753445            4.49%    passed     86.59%
  45  Staphylococcus.epidermidis.000751035         4.36%    passed     44.34%
  46  Escherichia.coli.003181035                   4.49%    passed     78.02%
  47  Escherichia.coli.002796585                   4.49%    passed     80.86%
  48  Escherichia.dysenteriae.001651925            4.49%    passed     89.04%
  49  Staphylococcus.saprophyticus.001558375       4.43%    passed     52.39%
  50  Escherichia.flexneri.000010245               4.36%    passed     88.07%
  51  Streptococcus.thermophilus.002443035         4.43%    passed     83.32%
  52  Streptococcus.suis.000231865                 4.36%    passed     89.08%
  53  Streptococcus.pyogenes.900475155             4.43%    passed     95.59%
  54  Klebsiella_B.aerogenes.000334515             5.10%    passed     92.60%
  55  Klebsiella_A.michiganensis.000724525         4.49%    passed     92.70%
  56  Staphylococcus.schleiferi.001188875          4.36%    passed     84.66%
  57  Streptococcus.thermophilus.001685375         4.43%    passed     86.19%
  58  Escherichia.coli_D.002012225                 4.36%    passed     87.32%
  59  Staphylococcus.saprophyticus.002209265       4.49%    passed     49.61%
  60  Staphylococcus.aureus.002209325              4.30%    passed     37.03%
  61  Klebsiella.pneumoniae.002951555              4.73%    passed     72.59%
  62  Streptococcus.uberis.000009545               4.55%    passed     97.66%
  63  Streptococcus.sobrinus.003176815             4.12%    passed     93.91%
  64  Klebsiella.variicola.000828055               4.49%    passed     71.56%
  65  Escherichia.dysenteriae.002196475            4.36%    passed     83.10%
  66  Escherichia.coli_D.002788115                 4.61%    passed     79.89%
  67  Escherichia.dysenteriae.001650295            4.61%    passed     85.95%
  68  Pseudomonas_E.protegens.002208745            5.41%    passed     96.04%
  69  Streptococcus.pneumoniae.000019025           4.61%    passed     86.33%
  70  Streptococcus.pyogenes.900474455             4.36%    passed     95.11%
  71  Klebsiella.pneumoniae.001908895              4.49%    passed     76.60%
  72  Klebsiella.variicola.001989515               4.49%    passed     79.40%
  73  Escherichia.flexneri.003112205               4.67%    passed     87.87%
  74  Streptococcus.intermedius.002356055          4.06%    passed     98.01%
  75  Escherichia.dysenteriae.002208865            4.61%    passed     88.43%
  76  Pseudomonas_E.protegens.000397205            4.79%    passed     96.03%
  77  Streptococcus.gordonii.002073435             4.00%    passed     79.22%
  78  Escherichia.albertii.002741375               4.49%    passed     82.56%
  79  Staphylococcus.aureus.001019255              4.49%    passed     41.10%
  80  Enterococcus_B.faecium.001953235             3.56%    passed     89.96%
  81  Streptococcus.dysgalactiae.900474785         4.36%    passed     98.57%
  82  Staphylococcus.simulans.900474685            4.49%    passed     76.79%
  83  Staphylococcus.aureus.900474665              4.49%    passed     38.92%
  84  Streptococcus.salivarius.002094955           4.43%    passed     83.02%
  85  Pseudomonas_E.hunanensis.002948105           5.47%    passed     93.02%
  86  Staphylococcus.schleiferi.001188915          4.36%    passed     84.66%
  87  Klebsiella.pneumoniae.002202275              4.49%    passed     84.03%
  88  Pseudomonas_E.ficuserectae.900235815         5.35%    passed     88.15%
  89  Staphylococcus.aureus.000012045              4.30%    passed     37.03%
  90  Klebsiella.pneumoniae.002948565              4.73%    passed     69.12%
  91  Klebsiella.pneumoniae.000364385              4.73%    passed     72.59%
  92  Streptococcus.pyogenes.900475565             4.36%    passed     96.06%
  93  Escherichia.dysenteriae.001307215            4.49%    passed     88.05%
  94  Streptococcus.pneumoniae.000211095           4.67%    passed     91.29%
  95  Staphylococcus.aureus.001045795              4.30%    passed     34.10%
  96  Streptococcus.agalactiae.001932715           4.43%    passed     77.32%
  97  Escherichia.coli.002157245                   4.49%    passed     76.39%
  98  Enterococcus_B.faecium.002007625             3.63%    passed     89.38%
  99  Streptococcus.pneumoniae.001896085           4.61%    passed     86.33%
 100  Streptococcus.thermophilus.002846155         4.43%    passed     83.32%
 101  Escherichia.dysenteriae.001890325            4.61%    passed     85.95%
 102  Pseudomonas_E.piscium.002844145              7.38%    passed     95.94%
 103  Klebsiella.pneumoniae.002753035              4.73%    passed     77.07%
 104  Streptococcus.pneumoniae.000817005           4.61%    passed     91.35%
 105  Escherichia.coli_D.002164645                 4.61%    passed     83.14%
 106  Pseudomonas_E.avellanae.000007805            6.70%    passed     81.99%
 107  Streptococcus.agalactiae.002073695           4.43%    passed     80.10%
 108  Escherichia.coli.002887715                  18.81%    passed     57.43%
 109  Staphylococcus.simulans.003096155            4.49%    passed     76.08%
 110  Staphylococcus.lugdunensis.001558775         4.36%    passed     47.64%
 111  Klebsiella.pneumoniae.001482345              4.55%    passed     77.59%
 112  Streptococcus.pyogenes.001635935             4.36%    passed     96.06%
 113  Staphylococcus.simulans.003006055            4.55%    passed     77.26%
 114  Streptococcus.pneumoniae.900476465           4.61%    passed     91.02%
 115  Pseudomonas.aeruginosa.000473745             5.10%    passed     85.73%
 116  Streptococcus.pneumoniae.000019265           4.61%    passed     90.47%
 117  Escherichia.coli_D.000219515                 4.61%    passed     85.68%
 118  Klebsiella.variicola.000812205               4.49%    passed     83.67%
 119  Streptococcus.pyogenes.001051095             4.61%    passed     93.91%
 120  Escherichia.dysenteriae.002741555            4.36%    passed     79.15%
 121  Streptococcus.pyogenes.900474845             4.36%    passed     96.06%
 122  Staphylococcus.aureus.002355355              4.30%    passed     34.10%
 123  Pseudomonas.aeruginosa.001879525             5.10%    passed     85.73%
 124  Klebsiella.pneumoniae.001902415              4.49%    passed     76.60%
 125  Streptococcus.suis.000231885                 4.36%    passed     91.88%
 126  Klebsiella.pneumoniae.002903025              4.73%    passed     80.43%
 127  Escherichia.dysenteriae.000021125            4.49%    passed     86.59%
 128  Pseudomonas_E.hunanensis.000495455           4.92%    passed     94.37%
 129  Escherichia.flexneri.002589795               4.43%    passed     79.32%
 130  Streptococcus.pyogenes.900475425             4.36%    passed     96.06%
 131  Streptococcus.pneumoniae.000211075           4.61%    passed     88.74%
 132  Klebsiella.pneumoniae.000417225              4.49%    passed     76.60%
 133  Enterococcus_B.faecium.002850515             3.69%    passed     90.02%
 134  Klebsiella.pneumoniae.000764615              4.49%    passed     79.40%
 135  Pseudomonas_E.ficuserectae.000164015         4.86%    passed     85.54%
 136  Streptococcus.pyogenes.000250905             4.43%    passed     96.72%
 137  Streptococcus.iniae.002787125                4.55%    passed     90.59%
 138  Pseudomonas.aeruginosa.000504045             5.10%    passed     85.73%
 139  Klebsiella.pneumoniae.002903005              4.73%    passed     75.83%
 140  Streptococcus.sobrinus.900475395             3.87%    passed     91.80%
 141  Staphylococcus.haemolyticus.000009865        4.36%    passed     45.62%
 142  Staphylococcus.xylosus.000706685             4.24%    passed     39.39%
 143  Escherichia.coli.002193095                   4.36%    passed     81.93%
 144  Enterococcus.faecalis.002208945              3.75%    passed     89.21%
 145  Staphylococcus.haemolyticus.002906595        4.55%    passed     49.93%
 146  Staphylococcus.xylosus.002078255             4.24%    passed     39.39%
 147  Streptococcus.dysgalactiae.900475725         4.36%    passed     98.57%
 148  Streptococcus.pneumoniae.000251085           4.61%    passed     86.33%
 149  Pseudomonas.aeruginosa.002104595             5.10%    passed     85.73%
 150  Pseudomonas_E.monteilii_B.000325725          4.92%    passed     95.83%
 151  Streptococcus.suis.000344765                 4.36%    passed     89.08%
 152  Escherichia.coli.002011965                   4.36%    passed     84.87%
 153  Pseudomonas_E.monteilii_B.000219705          4.92%    passed     80.18%
 154  Streptococcus.thermophilus.001008015         4.43%    passed     83.32%
 155  Klebsiella.quasipneumoniae.001596075         4.49%    passed     85.02%
 156  Escherichia.coli.002944935                   4.49%    passed     77.99%
 157  Streptococcus.agalactiae.002197285           4.43%    passed     78.29%
 158  Escherichia.coli.900149875                   4.36%    passed     80.30%
 159  Streptococcus.suis.000026725                 4.36%    passed     89.08%
 160  Staphylococcus.pseudintermedius.001685665   32.70%    passed     58.19%
 161  Streptococcus.pneumoniae.000211055           4.61%    passed     88.39%
 162  Staphylococcus.aureus.003193705              4.55%    passed     40.37%
 163  Escherichia.coli.000284495                   4.49%    passed     85.12%
 164  Escherichia.coli.002012145                   4.36%    passed     80.30%
 165  Streptococcus.thermophilus.001705585         4.49%    passed     82.85%
 166  Escherichia.albertii.000512125               4.55%    passed     80.62%
 167  Escherichia.dysenteriae.000732965            4.49%    passed     88.05%
 168  Streptococcus.thermophilus.000182875         4.49%    passed     87.41%
 169  Enterococcus_B.faecium.001720945             3.63%    passed     90.10%
 170  Escherichia.flexneri.001901465               4.36%    passed     81.26%
 171  Streptococcus.agalactiae.001712835           4.43%    passed     80.10%
 172  Klebsiella.pneumoniae.001708225              4.49%    passed     76.60%
 173  Klebsiella_A.oxytoca.001870185               4.49%    passed     90.61%
 174  Streptococcus.pneumoniae.000019005           4.61%    passed     87.46%
 175  Streptococcus.mutans.900475095               4.00%    passed     93.91%
 176  Escherichia.flexneri.001900885               4.36%    passed     80.30%
 177  Enterococcus_B.faecium.000174395             4.98%    passed     91.12%
 178  Pseudomonas.aeruginosa.000026645             5.10%    passed     85.73%
 179  Enterococcus_B.faecium.002983785             3.63%    passed     91.53%
 180  Streptococcus.suis.002189695                 4.36%    passed     89.08%
 181  Escherichia.coli.001618365                   4.49%    passed     73.16%
 182  Escherichia.dysenteriae.002058765            4.49%    passed     87.58%
 183  Streptococcus.pyogenes.900475455             4.36%    passed     96.06%
 184  Streptococcus.agalactiae.001592425           4.43%    passed     77.32%
 185  Escherichia.coli_D.002587005                 4.36%    passed     84.86%
 186  Klebsiella_B.aerogenes.000215745             4.49%    passed     87.77%
 187  Klebsiella.pneumoniae.001648215              4.49%    passed     79.72%
 188  Staphylococcus.schleiferi.001548255          4.30%    passed     81.37%
 189  Klebsiella_A.oxytoca.001022115               4.49%    passed     86.55%
 190  Streptococcus.pyogenes.900475115             4.36%    passed     96.06%
 191  Klebsiella_A.michiganensis.001022195         4.49%    passed     92.70%
 192  Escherichia.coli.001663475                   4.49%    passed     78.02%
 193  Streptococcus.suis.000471985                 4.36%    passed     94.06%
 194  Escherichia.dysenteriae.000662395            4.36%    passed     86.35%
 195  Staphylococcus.epidermidis.000759555         4.49%    passed     43.12%
 196  Streptococcus.thermophilus.001280285         4.43%    passed     82.77%
 197  Escherichia.flexneri.001969285               4.49%    passed     76.39%
 198  Klebsiella.quasipneumoniae.003181175         4.73%    passed     81.41%
 199  Pseudomonas.aeruginosa.002997005             5.53%    passed     85.69%
 200  Escherichia.coli_D.002009315                 4.49%    passed     82.78%
 201  Escherichia.flexneri.000599625               4.49%    passed     76.39%
 202  Streptococcus.pneumoniae.000019985           4.67%    passed     91.83%
 203  Streptococcus.suis.000390245                 4.49%    passed     92.52%
 204  Streptococcus.agalactiae.001190805           4.43%    passed     74.53%
 205  Streptococcus.suis.900475585                 4.36%    passed     89.08%
 206  Enterococcus_B.faecium.001721905            24.22%    passed     98.88%
 207  Streptococcus.gallolyticus.000270145         4.49%    passed     82.48%
 208  Escherichia.dysenteriae.001865295            4.49%    passed     89.04%
 209  Streptococcus.salivarius.000253335           4.43%    passed     85.93%
 210  Staphylococcus.aureus.001611345              4.79%    passed     34.01%
 211  Staphylococcus.aureus.000969225              4.30%    passed     37.03%
 212  Enterococcus.faecalis.000550745              3.75%    passed     88.09%
 213  Streptococcus.pyogenes.001267805             4.36%    passed     95.11%
 214  Staphylococcus.schleiferi.001188855          4.36%    passed     83.17%
 215  Pseudomonas.aeruginosa.003193645             5.53%    passed     85.69%
 216  Escherichia.dysenteriae.001612495            4.49%    passed     88.05%
 217  Escherichia.dysenteriae.001890225            4.49%    passed     86.59%
 218  Escherichia.coli_D.002946715                 4.61%    passed     84.45%
 219  Escherichia.flexneri.002953055               4.49%    passed     85.12%
 220  Staphylococcus.saprophyticus.000010125       4.24%    passed     47.95%
 221  Escherichia.coli_D.003030245                 4.49%    passed     86.71%
 222  Streptococcus.equi.000026605                 4.06%    passed     78.54%
 223  Pseudomonas_E.syringae_M.900235825           5.35%    passed     93.02%
 224  Streptococcus.pyogenes.900475765             4.36%    passed     96.06%
 225  Streptococcus.pneumoniae.900476445           4.67%    passed     87.95%
 226  Streptococcus.equi.900475435                 4.06%    passed     72.79%
 227  Escherichia.coli_D.002310695                 4.49%    passed     89.03%
 228  Pseudomonas_E.piscium.002355875              4.92%    passed     95.89%
 229  Escherichia.coli.001577325                   4.43%    passed     80.16%
 230  Pseudomonas_E.hunanensis.000264665           5.47%    passed     93.02%
 231  Pseudomonas_A.stutzeri.000013785             4.98%    passed     95.72%
 232  Streptococcus.dysgalactiae.000317855         4.36%    passed     99.08%
 233  Escherichia.flexneri.000023365               4.36%    passed     80.34%
 234  Escherichia.dysenteriae.001806285            4.67%    passed     86.77%
 235  Klebsiella.pneumoniae.000474015              4.49%    passed     82.56%
 236  Streptococcus.gallolyticus.000203195         4.49%    passed     82.48%
 237  Staphylococcus.pseudintermedius.000189495    4.30%    passed     74.25%
 238  Streptococcus.pneumoniae.000007045           6.95%    passed     94.18%
 239  Streptococcus.thermophilus.000262675         4.43%    passed     82.77%
 240  Staphylococcus.schleiferi.001188895          4.36%    passed     83.17%
 241  Escherichia.coli_D.002787645                 4.49%    passed     82.45%
 242  Klebsiella_A.michiganensis.002290285         4.49%    passed     92.70%
 243  Streptococcus.agalactiae.001026925           4.43%    passed     80.10%
 244  Streptococcus.pyogenes.900475955             4.36%    passed     95.11%
 245  Staphylococcus.epidermidis.002085695         4.55%    passed     56.50%
 246  Streptococcus.suis.002736265                 4.36%    passed     91.88%
 247  Pseudomonas.aeruginosa.001077475             5.10%    passed     85.73%
 248  Escherichia.flexneri.002761835               4.61%    passed     83.14%
 249  Streptococcus.gordonii.000970665             4.00%    passed     82.02%
 250  Staphylococcus.aureus.000011265              4.30%    passed     37.03%
 251  Escherichia.dysenteriae.000520055            4.36%    passed     86.35%
 252  Staphylococcus.epidermidis.002215535         4.36%    passed     48.70%
 253  Streptococcus.suis.000231925                 4.36%    passed     86.19%
 254  Pseudomonas_E.avellanae.002763655            5.59%    passed     94.83%
 255  Escherichia.albertii.002872455               4.61%    passed     87.15%
 256  Streptococcus.agalactiae.000007265           4.67%    passed     77.25%
 257  Escherichia.coli_D.000227625                 4.49%    passed     85.10%
 258  Klebsiella_A.michiganensis.002947505         4.73%    passed     86.24%
 259  Klebsiella.variicola.001548315               4.49%    passed     83.46%
 260  Klebsiella.pneumoniae.002753165              4.73%    passed     69.12%
 261  Escherichia.coli.003020885                   4.61%    passed     81.69%
 262  Streptococcus.pyogenes.000732425             4.36%    passed     96.06%
 263  Pseudomonas_E.monteilii_B.000510325          4.92%    passed     95.27%
 264  Pseudomonas_E.avellanae.002024305            4.86%    passed     89.81%
 265  Klebsiella.quasipneumoniae.001280925         4.67%    passed     73.02%
 266  Enterococcus.faecalis.000742975              3.75%    passed     88.97%
 267  Escherichia.dysenteriae.001753525            4.49%    passed     86.59%
 268  Staphylococcus.equorum_B.001682235           4.24%    passed     22.45%
 269  Escherichia.coli.003019095                   4.49%    passed     79.40%
 270  Escherichia.coli_D.002310615                 4.49%    passed     82.45%
 271  Escherichia.coli.001900735                   4.36%    passed     80.75%
 272  Enterococcus.faecalis.003030425              3.75%    passed     88.09%
 273  Staphylococcus.aureus.001594205              4.30%    passed     37.03%
 274  Pseudomonas.aeruginosa_A.000017205           5.10%    passed     85.73%
 275  Escherichia.flexneri.002180095               4.36%    passed     81.22%
 276  Escherichia.albertii.001549955               4.61%    passed     87.15%
 277  Klebsiella.variicola.002156765               4.49%    passed     76.42%
 278  Escherichia.albertii.002285475               4.49%    passed     87.80%
 279  Escherichia.coli.001617565                   4.49%    passed     74.36%
 280  Pseudomonas_E.syringae_M.900235865           5.35%    passed     92.18%
 281  Streptococcus.pyogenes.001547715             4.36%    passed     95.11%
 282  Escherichia.coli_D.002011985                 4.61%    passed     85.95%
 283  Klebsiella_A.michiganensis.003074075         4.79%    passed     90.91%
 284  Streptococcus.anginosus.000463505            4.12%    passed     88.54%
 285  Klebsiella.pneumoniae.002192375              4.49%    passed     77.99%
 286  Staphylococcus.pseudintermedius.001682335    4.36%    passed     75.19%
 287  Escherichia.coli_D.000784925                 4.49%    passed     81.26%
 288  Pseudomonas.aeruginosa.001515845            29.01%    passed     81.94%
 289  Streptococcus.mutans.000091645               4.00%    passed     93.58%
 290  Streptococcus.thermophilus.000014485         4.43%    passed     80.09%
 291  Enterococcus.faecalis.001689055              3.75%    passed     87.84%
 292  Enterococcus_B.faecium.002848745             3.63%    passed     90.42%
 293  Escherichia.coli.900149915                   4.49%    passed     74.92%
 294  Streptococcus.pneumoniae.001902455           4.61%    passed     86.33%
 295  Streptococcus.agalactiae.001683515           4.43%    passed     78.29%
 296  Streptococcus.pyogenes.900475485             4.36%    passed     94.78%
 297  Streptococcus.equi.900475295                 4.06%    passed     79.28%
 298  Pseudomonas_E.avellanae.001913215            4.92%    passed     90.91%
 299  Escherichia.flexneri.001678965               4.36%    passed     83.15%
 300  Pseudomonas.aeruginosa.002085605             5.10%    passed     85.73%
 301  Streptococcus.suis.000186405                 4.43%    passed     18.34%
 302  Streptococcus.suis.000732355                 4.36%    passed     90.92%
 303  Streptococcus.pneumoniae.900475805           4.61%    passed     87.83%
 304  Staphylococcus.lugdunensis.002407165         4.43%    passed     48.20%
 305  Staphylococcus.lugdunensis.000025085         4.36%    passed     46.75%
 306  Klebsiella_A.oxytoca.001022295               4.49%    passed     86.55%
 307  Streptococcus.uberis.002814135               4.55%    passed     97.66%
 308  Pseudomonas_A.stutzeri.003008495             5.53%    passed     96.87%
 309  Streptococcus.thermophilus.002012365         4.43%    passed     83.32%
 310  Escherichia.coli.002180195                   4.36%    passed     81.93%
 311  Staphylococcus.lugdunensis.900478255         4.55%    passed     52.03%
 312  Pseudomonas.aeruginosa.001548135             5.10%    passed     87.57%
 313  Streptococcus.salivarius.000785515           4.43%    passed     83.02%
 314  Escherichia.coli.001675145                   4.36%    passed     83.62%
 315  Escherichia.flexneri.002163935               4.61%    passed     82.70%
 316  Staphylococcus.aureus.000597965              4.30%    passed     37.03%
 317  Streptococcus.pyogenes.003203475             4.36%    passed     96.06%
 318  Streptococcus.pneumoniae.900476475           4.61%    passed     87.83%
 319  Pseudomonas_E.ficuserectae.900289125         5.35%    passed     88.15%
 320  Enterococcus_B.faecium.002761275             3.63%    passed     90.42%
 321  Streptococcus.agalactiae.000730255           4.43%    passed     80.97%
 322  Streptococcus.lutetiensis.000441535          4.61%    passed     88.09%
 323  Enterococcus.faecalis.002163735              3.75%    passed     88.55%
 324  Staphylococcus.simulans.003006075            4.49%    passed     76.08%
 325  Pseudomonas.aeruginosa_A.003025345           5.53%    passed     85.69%
 326  Pseudomonas.aeruginosa.003206535             5.53%    passed     85.69%
 327  Staphylococcus.lugdunensis.001558815         4.55%    passed     51.15%
 328  Klebsiella_B.aerogenes.002591115             4.55%    passed     94.18%
 329  Streptococcus.thermophilus.002846075         4.43%    passed     79.41%
 330  Klebsiella_A.michiganensis.000714655         4.73%    passed     84.51%
 331  Streptococcus.agalactiae.000689235           4.43%    passed     80.10%
 332  Streptococcus.sobrinus.003172975             3.87%    passed     94.78%
 333  Pseudomonas_E.avellanae.000648735            4.86%    passed     89.81%
 334  Streptococcus.agalactiae.000730215           4.43%    passed     80.10%
 335  Escherichia.coli_D.001900315                 4.36%    passed     83.10%
 336  Escherichia.dysenteriae.000730345            4.55%    passed     89.86%
 337  Escherichia.coli_D.003095635                 4.49%    passed     82.78%
 338  Pseudomonas_E.hunanensis.000271965           4.92%    passed     97.25%
 339  Pseudomonas_A.stutzeri.000195105             4.79%    passed     96.43%
 340  Klebsiella.variicola.001989495               4.49%    passed     79.40%
 341  Streptococcus.agalactiae.002197265           4.43%    passed     78.29%
 342  Staphylococcus.aureus.002000765              4.30%    passed     34.10%
 343  Streptococcus.intermedius.002073355          4.12%    passed     95.92%
 344  Klebsiella.pneumoniae.001709275              4.73%    passed     75.83%
 345  Escherichia.flexneri.001721225               4.36%    passed     86.35%
 346  Streptococcus.agalactiae.000427075           4.49%    passed     74.70%
 347  Escherichia.coli.002996945                   4.55%    passed     75.63%
 348  Enterococcus.faecalis.001886675              3.75%    passed     88.09%
 349  Streptococcus.agalactiae.002812505           4.43%    passed     78.29%
 350  Staphylococcus.aureus.000953255              4.30%    passed     37.03%
 351  Streptococcus.equi.000020765                 4.18%    passed     76.48%
 352  Streptococcus.salivarius.002094975           4.43%    passed     85.93%
 353  Streptococcus.thermophilus.002843115         4.43%    passed     83.32%
 354  Escherichia.flexneri.002952855               4.49%    passed     85.12%
 355  Streptococcus.equi.000696505                 4.06%    passed     78.54%
 356  Streptococcus.pyogenes.900475075             4.36%    passed     95.11%
 357  Streptococcus.dysgalactiae.900475145         4.36%    passed     98.05%
 358  Staphylococcus.aureus.003203635              4.61%    passed     38.71%
 359  Enterococcus_B.faecium.003020685             3.63%    passed     91.53%
 360  Klebsiella.quasipneumoniae.003146655         4.73%    passed     77.43%
 361  Streptococcus.gallolyticus.002000985         4.49%    passed     82.48%
 362  Escherichia.dysenteriae.001753545            4.49%    passed     88.05%
 363  Staphylococcus.lugdunensis.000270465        21.57%    passed     65.55%
 364  Streptococcus.suis.000018185                 4.36%    passed     89.08%
 365  Pseudomonas_E.hunanensis.000007565           6.45%    passed     93.12%
 366  Klebsiella.pneumoniae.002833425              4.73%    passed     80.43%
 367  Streptococcus.uberis.900475595               4.55%    passed     97.33%
 368  Pseudomonas_E.piscium.000761195              4.92%    passed     95.74%
 369  Staphylococcus.aureus.000815245              4.30%    passed     37.03%
 370  Escherichia.flexneri.003018215               4.49%    passed     79.54%
 371  Streptococcus.dysgalactiae.900475255         4.36%    passed     98.57%
 372  Klebsiella.pneumoniae.002202195              4.49%    passed     79.33%
 373  Pseudomonas_E.hunanensis.001767335           4.98%    passed     97.03%
 374  Klebsiella.quasipneumoniae.003146635         4.73%    passed     81.41%
 375  Escherichia.flexneri.002899495               4.49%    passed     85.12%
 376  Klebsiella_B.aerogenes.001021995             4.49%    passed     88.76%
 377  Pseudomonas_E.ficuserectae.000012205         4.86%    passed     87.78%
 378  Streptococcus.sanguinis.900475045            4.49%    passed     95.65%
 379  Staphylococcus.aureus.001298325              4.36%    passed     31.37%
 380  Escherichia.coli.003018255                   4.49%    passed     84.08%
 381  Streptococcus.mutans.000284575               4.00%    passed     91.36%
 382  Klebsiella.pneumoniae.000417265              4.49%    passed     76.60%
 383  Pseudomonas.aeruginosa.002192495             5.10%    passed     85.73%
 384  Staphylococcus.lugdunensis.002591215         4.43%    passed     45.91%
 385  Streptococcus.pneumoniae.000211035           4.61%    passed     88.39%
 386  Enterococcus.faecalis.002814115              3.81%    passed     87.70%
 387  Klebsiella_A.michiganensis.002906395         4.73%    passed     86.24%
 388  Streptococcus.pneumoniae.000018965           4.61%    passed     87.83%
 389  Enterococcus_B.faecium.001953255             3.56%    passed     89.96%
 390  Streptococcus.pyogenes.900475085             4.36%    passed     96.06%
 391  Escherichia.coli.002056635                   4.49%    passed     78.02%
 392  Escherichia.coli.001566675                   4.49%    passed     74.36%
 393  Streptococcus.agalactiae.000427035           4.43%    passed     80.10%
 394  Streptococcus.equi.900474875                 4.06%    passed     76.78%
 395  Enterococcus.faecalis.002355755              3.75%    passed     88.09%
 396  Streptococcus.sobrinus.003172995             3.87%    passed     91.80%
 397  Pseudomonas.aeruginosa.002205335             5.10%    passed     85.73%
 398  Streptococcus.equi.900475125                 4.36%    passed     79.99%
 399  Escherichia.dysenteriae.001753465            4.49%    passed     86.59%
 400  Pseudomonas_E.avellanae.900235905            5.35%    passed     89.22%
 401  Streptococcus.mutans.001558215               4.00%    passed     93.91%
 402  Enterococcus.faecalis.001878735              3.75%    passed     88.09%
 403  Pseudomonas.aeruginosa.002192475             5.10%    passed     84.12%
 404  Pseudomonas.aeruginosa.002237405             5.10%    passed     85.73%
 405  Streptococcus.mutans.000007465               4.61%    passed     94.31%
 406  Escherichia.coli.002012065                   4.36%    passed     84.87%
 407  Staphylococcus.aureus.001465675              4.30%    passed     37.03%
 408  Escherichia.dysenteriae.001753565            4.49%    passed     86.59%
 409  Escherichia.coli_D.000026345                 5.22%    passed     77.20%
 410  Enterococcus_B.faecium.003020765             3.63%    passed     91.53%
 411  Staphylococcus.aureus.003185005              4.49%    passed     36.03%
 412  Pseudomonas_A.stutzeri.001038645             4.98%    passed     97.86%
 413  Streptococcus.agalactiae.002881315           4.43%    passed     84.02%
 414  Streptococcus.dysgalactiae.000307185         4.36%    passed     98.57%
 415  Enterococcus.faecalis.001989555              3.75%    passed     88.09%
 416  Streptococcus.agalactiae.002073795           4.43%    passed     80.10%
 417  Enterococcus_B.faecium.002777275             3.63%    passed     90.42%
 418  Streptococcus.agalactiae.000831125           4.43%    passed     80.10%
 419  Enterococcus_B.faecium.002334625             3.56%    passed     90.22%
 420  Staphylococcus.simulans.001559115            4.55%    passed     78.33%
 421  Streptococcus.pyogenes.900475795             4.36%    passed     96.06%
 422  Escherichia.coli.001660585                   4.43%    passed     83.04%
 423  Enterococcus_B.faecium.000444405             3.56%    passed     89.41%
 424  Escherichia.coli.002853715                   4.61%    passed     84.65%
 425  Streptococcus.salivarius.002073815           4.43%    passed     83.28%
 426  Escherichia.coli_D.000027125                 4.49%    passed     82.37%
 427  Staphylococcus.epidermidis.002954055         4.61%    passed     52.58%
 428  Staphylococcus.haemolyticus.001611955        4.36%    passed     45.62%
 429  Streptococcus.lutetiensis.900475675          4.55%    passed     87.50%
 430  Streptococcus.salivarius.001543085           8.42%    passed     82.56%
 431  Escherichia.dysenteriae.001695515            4.49%    passed     89.04%
 432  Streptococcus.thermophilus.001855705         4.43%    passed     83.32%
 433  Staphylococcus.epidermidis.002850315         4.55%    passed     50.98%
 434  Klebsiella.quasipneumoniae.001278905         5.04%    passed     74.53%
 435  Streptococcus.suis.001721625                 4.36%    passed     92.92%
 436  Streptococcus.pneumoniae.000146975           4.61%    passed     88.39%
 437  Klebsiella_B.aerogenes.001571545             4.73%    passed     85.65%
 438  Streptococcus.lutetiensis.900475065          4.55%    passed     88.87%
 439  Streptococcus.salivarius.000448685           4.43%    passed     83.02%
 440  Escherichia.coli.001021595                   4.36%    passed     79.11%
 441  Klebsiella.variicola.002852915               4.73%    passed     73.95%
 442  Klebsiella_B.aerogenes.002796425             4.73%    passed     90.93%
 443  Klebsiella.pneumoniae.000742755              4.49%    passed     81.20%
 444  Streptococcus.gordonii.000017005             4.00%    passed     80.73%
 445  Streptococcus.pneumoniae.001896045           4.49%    passed     87.33%
 446  Pseudomonas.aeruginosa.001900225            21.02%    passed     69.30%
 447  Streptococcus.sanguinis.000014205            4.67%    passed     82.36%
 448  Streptococcus.pyogenes.000011665             4.36%    passed     95.11%
 449  Klebsiella.variicola.001989535               4.49%    passed     79.40%
 450  Staphylococcus.epidermidis.000007645         4.49%    passed     46.90%
 451  Staphylococcus.xylosus.000953575             4.24%    passed     39.39%
 452  Escherichia.flexneri.002741255               4.36%    passed     79.11%
 453  Klebsiella.quasipneumoniae.002240295         4.49%    passed     81.20%
 454  Streptococcus.pneumoniae.000018985           4.61%    passed     89.81%
 455  Pseudomonas.aeruginosa.001547955             5.10%    passed     85.73%
 456  Pseudomonas.aeruginosa.001542835             5.10%    passed     84.12%
 457  Escherichia.flexneri.002211725               4.36%    passed     83.70%
 458  Escherichia.dysenteriae.002741495            4.36%    passed     79.15%
 459  Klebsiella_A.michiganensis.002906435         4.73%    passed     90.06%
 460  Streptococcus.pneumoniae.900476505           4.55%    passed     81.78%
 461  Streptococcus.suis.001936415                 4.36%    passed     89.08%
 462  Streptococcus.suis.000233575                 4.36%    passed     89.08%
 463  Streptococcus.agalactiae.002197425           4.43%    passed     78.29%
 464  Escherichia.coli_D.001890365                 4.61%    passed     84.45%
 465  Pseudomonas_E.hunanensis.002953115           5.47%    passed     95.05%
 466  Escherichia.flexneri.002870165               4.49%    passed     76.43%
 467  Escherichia.dysenteriae.001651965            4.49%    passed     89.04%
 468  Staphylococcus.epidermidis.000011925         4.36%    passed     46.67%
 469  Klebsiella_B.aerogenes.003071285             4.73%    passed     90.06%
 470  Enterococcus_B.faecium.001587115             3.56%    passed     90.94%
 471  Staphylococcus.saprophyticus.001558275       4.43%    passed     52.11%
 472  Streptococcus.agalactiae.001552035           4.55%    passed     80.55%
 473  Escherichia.albertii.002285455               4.49%    passed     86.59%
 474  Streptococcus.pyogenes.001014305             4.36%    passed     95.11%
 475  Pseudomonas.aeruginosa.001874465             5.10%    passed     85.73%
 476  Streptococcus.suis.001272635                 4.36%    passed     91.88%
 477  Staphylococcus.epidermidis.900086615         4.36%    passed     46.67%
 478  Streptococcus.pyogenes.000767505             4.36%    passed     96.06%
 479  Streptococcus.pyogenes.900474975             4.36%    passed     96.06%
 480  Streptococcus.pyogenes.000756485             4.36%    passed     96.06%
 481  Pseudomonas.aeruginosa_A.002968755           5.53%    passed     83.91%
 482  Pseudomonas_E.avellanae.002905795            5.35%    passed     87.04%
 483  Enterococcus_B.faecium.002761255             3.63%    passed     90.42%
 484  Streptococcus.pyogenes.001635895             4.36%    passed     96.06%
 485  Staphylococcus.aureus.900475245              4.49%    passed     37.99%
 486  Pseudomonas_E.protegens.000828695            4.79%    passed     96.03%
 487  Enterococcus_B.faecium.001518735             3.81%    passed     91.27%
 488  Streptococcus.suis.000026745                 5.10%    passed     90.49%
 489  Staphylococcus.aureus.001975005              4.36%    passed     35.42%
 490  Klebsiella.quasipneumoniae.002953295         4.73%    passed     77.43%
 491  Escherichia.coli_D.000019645                 4.67%    passed     82.69%
 492  Streptococcus.pyogenes.900474865             4.36%    passed     96.06%
 493  Escherichia.coli_D.002787215                 4.61%    passed     80.31%
 494  Staphylococcus.lugdunensis.900474705         4.55%    passed     54.43%
 495  Enterococcus_B.faecium.900066025             3.56%    passed     90.89%
 496  Pseudomonas_E.avellanae.002966555            5.35%    passed     88.96%
 497  Streptococcus.gallolyticus.000027185         4.49%    passed     82.48%
 498  Streptococcus.dysgalactiae.000188715         4.36%    passed     99.08%
 499  Streptococcus.uberis.900475695               4.55%    passed     97.66%
 500  Pseudomonas_E.avellanae.001913235            4.86%    passed     89.81%
 501  Streptococcus.lutetiensis.001477615          5.90%    passed     92.59%
 502  Pseudomonas_A.stutzeri.000219605             4.79%    passed     97.63%
 503  Klebsiella.pneumoniae.002180175              4.49%    passed     83.67%
 504  Staphylococcus.equorum_B.001683315           4.24%    passed     27.05%
 505  Escherichia.coli_D.003180995                 4.61%    passed     80.31%
 506  Streptococcus.iniae.000831485                4.55%    passed     88.69%
 507  Klebsiella.pneumoniae.002852945              4.73%    passed     69.12%
 508  Streptococcus.thermophilus.900094135         4.43%    passed     83.32%
 509  Streptococcus.suis.000091905                 4.36%    passed     89.08%
 510  Klebsiella_B.aerogenes.001559215             4.73%    passed     90.93%
 511  Enterococcus_B.faecium.003071425             3.63%    passed     92.00%
 512  Staphylococcus.aureus.003031425              4.49%    passed     44.18%
 513  Streptococcus.sobrinus.003176795             4.12%    passed     94.73%
 514  Streptococcus.thermophilus.001514435         4.43%    passed     83.32%
 515  Escherichia.dysenteriae.003018995            4.55%    passed     85.97%
 516  Klebsiella.quasipneumoniae.003020825         4.73%    passed     85.22%
 517  Enterococcus_B.faecium.001721065             3.69%    passed     88.45%
 518  Streptococcus.agalactiae.001729925           4.43%    passed     77.32%
 519  Streptococcus.pyogenes.900474765             4.36%    passed     96.06%
 520  Streptococcus.gordonii.900475015             4.00%    passed     80.73%
 521  Streptococcus.agalactiae.000012705           4.43%    passed     78.29%
 522  Streptococcus.thermophilus.900474985         4.43%    passed     83.32%
 523  Streptococcus.gordonii.001281105             4.00%    passed     82.02%
 524  Klebsiella.variicola.002164805               4.73%    passed     70.81%
 525  Pseudomonas_E.avellanae.900235835            5.35%    passed     88.96%
 526  Streptococcus.intermedius.000463355          4.12%    passed     97.71%
 527  Pseudomonas_E.monteilii_B.000510285          4.92%    passed     95.27%
 528  Streptococcus.dysgalactiae.900475185         4.36%    passed     98.08%
 529  Pseudomonas_E.ficuserectae.002905685         5.35%    passed     88.15%
 530  Streptococcus.agalactiae.002812465           4.43%    passed     78.29%
 531  Pseudomonas_E.ficuserectae.002068135         5.35%    passed     90.19%
 532  Streptococcus.suis.000494895                 4.36%    passed     89.08%
 533  Enterococcus_B.faecium.003020705             3.69%    passed     90.68%
 534  Klebsiella.variicola.000025465               4.49%    passed     80.98%
 535  Staphylococcus.aureus.900017775              4.30%    passed     32.19%
 536  Staphylococcus.aureus.001018655              4.49%    passed     37.99%
 537  Escherichia.coli.003194345                   4.55%    passed     79.20%
 538  Enterococcus_B.faecium.002848625             3.63%    passed     90.42%
 539  Streptococcus.pneumoniae.000026665           4.61%    passed     87.00%
 540  Pseudomonas_E.syringae_M.000012245           5.47%    passed     92.38%
 541  Escherichia.coli_D.001677475                 4.49%    passed     89.04%
 542  Pseudomonas_E.piscium.003008635              5.47%    passed     95.29%
 543  Escherichia.flexneri.001900535               4.30%    passed     82.89%
 544  Klebsiella_A.michiganensis.002072655         4.49%    passed     91.77%
 545  Klebsiella.pneumoniae.001908655              4.73%    passed     75.83%
 546  Klebsiella_A.michiganensis.001970835         4.49%    passed     85.02%
 547  Streptococcus.sanguinis.900475505            4.49%    passed     93.83%
 548  Streptococcus.equi.900474805                 4.36%    passed     83.53%
 549  Escherichia.dysenteriae.001650275            4.61%    passed     85.95%
 550  Streptococcus.pyogenes.002355175             4.36%    passed     96.06%
 551  Pseudomonas.aeruginosa.002812905             5.53%    passed     85.69%
 552  Streptococcus.intermedius.000306805          4.06%    passed     98.01%
 553  Staphylococcus.aureus.002952015              4.49%    passed     38.92%
 554  Staphylococcus.pseudintermedius.001682435    4.36%    passed     72.42%
 555  Pseudomonas_E.protegens.002006545            5.10%    passed     98.77%
 556  Streptococcus.agalactiae.000299135           4.43%    passed     74.53%
 557  Streptococcus.pyogenes.000250925             4.36%    passed     94.78%
 558  Streptococcus.gallolyticus.900475715         4.49%    passed     82.48%
 559  Staphylococcus.equorum_B.001663395           5.53%    passed     22.29%
 560  Escherichia.dysenteriae.001890245            4.49%    passed     88.05%
 561  Escherichia.flexneri.002903125               4.49%    passed     81.18%
 562  Pseudomonas.aeruginosa.001721845             5.16%    passed     86.90%
 563  Escherichia.flexneri.003017455               4.49%    passed     78.60%
 564  Klebsiella_A.michiganensis.000276705         4.73%    passed     90.06%
 565  Streptococcus.salivarius.000253315           4.43%    passed     83.02%
 566  Staphylococcus.aureus.001956755              4.36%    passed     38.36%
 567  Escherichia.coli_D.002966755                15.18%    passed     47.15%
 568  Pseudomonas_E.hunanensis.000016865           4.92%    passed     93.78%
 569  Enterococcus_B.faecium.001635875             3.56%    passed     89.96%
 570  Streptococcus.pneumoniae.003003495           4.61%    passed     90.47%
 571  Streptococcus.pyogenes.000743015             4.36%    passed     96.06%
 572  Escherichia.coli_D.001485455                 4.36%    passed     87.34%
 573  Pseudomonas.aeruginosa.002812825             5.53%    passed     85.69%
 574  Streptococcus.pyogenes.900474815             4.36%    passed     96.06%
 575  Escherichia.flexneri.003019215               4.49%    passed     80.56%
 576  Klebsiella_A.michiganensis.001753185         4.61%    passed     89.20%
 577  Klebsiella.pneumoniae.002752815              4.73%    passed     75.53%
 578  Klebsiella.pneumoniae.002752975              4.73%    passed     72.59%
 579  Streptococcus.pneumoniae.002357995           4.61%    passed     87.83%
 580  Klebsiella_A.oxytoca.002984395               4.79%    passed     85.07%
 581  Klebsiella.pneumoniae.003031325              4.73%    passed     77.07%
 582  Streptococcus.sobrinus.900475365             4.12%    passed     94.73%
 583  Klebsiella.quasipneumoniae.003146685         4.73%    passed     77.43%
 584  Klebsiella_A.oxytoca.003073975               4.73%    passed     87.46%
 585  Streptococcus.iniae.001885145                4.55%    passed     88.69%
 586  Klebsiella_B.aerogenes.001593585             4.73%    passed     90.93%
 587  Streptococcus.intermedius.900475975          4.06%    passed     98.01%
 588  Streptococcus.pneumoniae.900476455           4.61%    passed     90.47%
 589  Escherichia.coli_D.001900295                 4.36%    passed     85.74%
 590  Pseudomonas_E.piscium.000698865              5.35%    passed     95.89%
 591  Streptococcus.pyogenes.900474795             4.36%    passed     96.06%
 592  Klebsiella_A.michiganensis.000632415         4.73%    passed     90.06%
 593  Escherichia.flexneri.001900985               4.36%    passed     77.33%
 594  Staphylococcus.simulans.003076375            4.49%    passed     76.08%
 595  Staphylococcus.aureus.001457495              4.30%    passed     37.03%
 596  Streptococcus.pyogenes.000013485             4.36%    passed     96.06%
 597  Streptococcus.pneumoniae.001896065           4.61%    passed     86.33%
 598  Enterococcus.faecalis.000281195              3.75%    passed     88.09%
 599  Streptococcus.suis.001640765                 4.36%    passed     92.92%
 600  Pseudomonas.aeruginosa.001792855             5.10%    passed     85.73%
 601  Streptococcus.pneumoniae.900475305           4.61%    passed     90.47%
 602  Streptococcus.pyogenes.000011285             4.36%    passed     96.06%
 603  Pseudomonas_E.avellanae.000344355            4.86%    passed     89.81%
 604  Streptococcus.pneumoniae.000196595           4.49%    passed     82.79%
 605  Enterococcus.faecalis.000007785              6.45%    passed     88.59%
 606  Streptococcus.agalactiae.002197245           4.43%    passed     78.29%
 607  Pseudomonas_E.hunanensis.000183645           4.92%    passed     95.83%
 608  Pseudomonas_E.protegens.000012265            4.79%    passed     96.03%
 609  Streptococcus.thermophilus.001663795         4.49%    passed     82.85%
 610  Staphylococcus.haemolyticus.002906615        4.61%    passed     52.63%
 611  Streptococcus.suis.000231905                 4.36%    passed     93.05%
 612  Streptococcus.dysgalactiae.000010705         4.36%    passed     98.57%
 613  Enterococcus.faecalis.001598635              3.75%    passed     88.09%
 614  Enterococcus.faecalis.000172575              3.87%    passed     84.32%
 615  Streptococcus.iniae.002220115                4.55%    passed     88.34%
 616  Escherichia.coli_D.003019035                 4.61%    passed     87.15%
 617  Pseudomonas.aeruginosa.001447845             5.10%    passed     85.73%
 618  Streptococcus.agalactiae.002289205           4.43%    passed     80.10%
 619  Staphylococcus.aureus.000025145              4.30%    passed     32.81%
 620  Streptococcus.agalactiae.002197365           4.43%    passed     80.10%
 621  Pseudomonas.aeruginosa.003060845             5.53%    passed     85.69%
 622  Enterococcus_B.faecium.000250945             3.56%    passed     90.89%
 623  Streptococcus.anginosus.000463465            4.24%    passed     86.21%
 624  Escherichia.flexneri.001900335               4.36%    passed     81.22%
 625  Streptococcus.anginosus.000478925            4.12%    passed     87.29%
 626  Streptococcus.anginosus.001412635            4.24%    passed     86.21%
 627  Streptococcus.salivarius.900475225           4.43%    passed     85.93%
 628  Streptococcus.suis.000204625                 4.43%    passed     95.26%
 629  Klebsiella_B.aerogenes.002796405             4.79%    passed     87.12%
 630  Streptococcus.pneumoniae.000210995           4.61%    passed     88.39%
 631  Escherichia.coli_D.002012045                 4.49%    passed     89.03%
 632  Escherichia.flexneri.003073815               4.49%    passed     73.16%
 633  Enterococcus.faecalis.000317915              3.75%    passed     88.09%
 634  Pseudomonas_E.monteilii_B.000831585          4.92%    passed     95.27%
 635  Escherichia.flexneri.001559675               4.36%    passed     88.07%
 636  Streptococcus.suis.003144175                 4.36%    passed     92.92%
 637  Streptococcus.mutans.000817065               4.00%    passed     93.58%
 638  Streptococcus.thermophilus.000971665         4.43%    passed     80.09%
 639  Streptococcus.equi.000219765                 4.06%    passed     78.54%
 640  Enterococcus_B.faecium.002880635             3.63%    passed     91.22%
 641  Pseudomonas.aeruginosa.000006765             5.59%    passed     85.22%
 642  Streptococcus.suis.001610935                 4.36%    passed     91.88%
 643  Escherichia.flexneri.003112165               4.55%    passed     81.53%
 644  Klebsiella_A.michiganensis.002216835         4.49%    passed     91.77%
 645  Klebsiella.pneumoniae.003073315              4.73%    passed     78.55%
 646  Escherichia.flexneri.001900945               4.36%    passed     84.78%
 647  Staphylococcus.xylosus.000709415             4.24%    passed     39.39%
 648  Streptococcus.pneumoniae.000210975           4.61%    passed     91.35%
 649  Klebsiella_A.michiganensis.000240325         4.73%    passed     86.90%
 650  Staphylococcus.epidermidis.002944995         4.55%    passed     50.98%
 651  Klebsiella.pneumoniae.000417085              4.49%    passed     76.60%
 652  Klebsiella_A.michiganensis.002906415         4.73%    passed     90.06%
 653  Pseudomonas_E.syringae_M.000988485           4.86%    passed     90.01%
 654  Streptococcus.suis.000993745                 4.36%    passed     89.08%
 655  Enterococcus_B.faecium.001750885             3.56%    passed     89.73%
 656  Streptococcus.agalactiae.001592385           4.43%    passed     77.32%
 657  Pseudomonas_E.avellanae.000344335            4.86%    passed     88.80%
 658  Staphylococcus.saprophyticus.002208905       4.43%    passed     54.63%
 659  Streptococcus.gordonii.900475385             4.00%    passed     80.73%
 660  Klebsiella.pneumoniae.002587885              4.55%    passed     77.67%
 661  Staphylococcus.simulans.002386185            4.49%    passed     69.59%
 662  Streptococcus.thermophilus.000011825         4.43%    passed     83.28%
 663  Staphylococcus.haemolyticus.002952715        4.67%    passed     44.15%
 664  Streptococcus.thermophilus.000011845         4.43%    passed     83.28%
 665  Streptococcus.thermophilus.000698885         4.43%    passed     83.32%
 666  Pseudomonas.aeruginosa.001721805             5.10%    passed     87.57%
 667  Streptococcus.pyogenes.000993765             4.36%    passed     96.06%
 668  Streptococcus.agalactiae.001266635           4.49%    passed     73.58%
 669  Escherichia.flexneri.000299255               4.49%    passed     81.26%
 670  Enterococcus_B.faecium.900092475             3.56%    passed     90.94%
 671  Escherichia.coli.000813165                   4.36%    passed     80.30%
 672  Pseudomonas_E.monteilii_B.000511325          4.92%    passed     92.92%
 673  Streptococcus.suis.002688665                 4.36%    passed     89.08%
 674  Klebsiella.pneumoniae.000775375              4.73%    passed     72.59%
 675  Staphylococcus.lugdunensis.002073395         4.55%    passed     52.03%
 676  Streptococcus.suis.000294495                 4.36%    passed     89.08%
 677  Staphylococcus.aureus.003030065              4.49%    passed     41.10%
 678  Streptococcus.agalactiae.001190885           4.43%    passed     80.10%
 679  Streptococcus.gordonii.002386285             4.00%    passed     80.73%
 680  Staphylococcus.equorum_B.001432245           4.24%    passed     22.95%
 681  Enterococcus_B.faecium.002761555             4.30%    passed     84.76%
 682  Klebsiella.pneumoniae.002197505              4.49%    passed     76.60%
 683  Klebsiella_B.aerogenes.002796525             4.73%    passed     90.93%
 684  Streptococcus.sanguinis.900475275            4.49%    passed     93.55%
 685  Escherichia.coli_D.001721525                 4.36%    passed     80.80%
 686  Streptococcus.pyogenes.001559175             4.36%    passed     94.78%
 687  Streptococcus.thermophilus.000253395         4.43%    passed     82.71%
 688  Streptococcus.pneumoniae.000211015           4.61%    passed     88.39%
 689  Escherichia.coli.002012205                   4.49%    passed     80.98%
 690  Klebsiella.pneumoniae.002752995              4.73%    passed     72.59%
 691  Escherichia.coli.002237305                   4.36%    passed     83.30%
****  TOTAL                                        4.70%  0 sequences failed composition chi2 test (p-value<5%; df=3)
NOTE: Streptococcus.intermedius.002356055 is identical to Streptococcus.intermedius.000463385 but kept for subsequent analysis
NOTE: Pseudomonas_E.avellanae.002024305 is identical to Pseudomonas_E.avellanae.002024285 but kept for subsequent analysis
NOTE: Escherichia.dysenteriae.001651925 is identical to Escherichia.dysenteriae.000803705 but kept for subsequent analysis
NOTE: Streptococcus.pneumoniae.003003495 is identical to Streptococcus.pneumoniae.000014365 but kept for subsequent analysis
NOTE: Streptococcus.suis.000168355 is identical to Streptococcus.suis.001572685 but kept for subsequent analysis
NOTE: Streptococcus.pneumoniae.000019025 is identical to Streptococcus.pneumoniae.000147095 but kept for subsequent analysis
NOTE: Streptococcus.mutans.900475095 is identical to Streptococcus.mutans.000271865 but kept for subsequent analysis
NOTE: Streptococcus.agalactiae.002073695 is identical to Streptococcus.agalactiae.900155855 but kept for subsequent analysis
NOTE: Escherichia.dysenteriae.001307215 is identical to Escherichia.dysenteriae.000262125 but kept for subsequent analysis
NOTE: Streptococcus.agalactiae.002197285 is identical to Streptococcus.agalactiae.002812425 but kept for subsequent analysis
NOTE: Enterococcus_B.faecium.900066025 is identical to Enterococcus_B.faecium.000336405 but kept for subsequent analysis
NOTE: Klebsiella.pneumoniae.001908655 is identical to Klebsiella.pneumoniae.001956965 but kept for subsequent analysis
NOTE: Enterococcus.faecalis.000550745 is identical to Enterococcus.faecalis.002289045 but kept for subsequent analysis
NOTE: Escherichia.flexneri.001900945 is identical to Escherichia.flexneri.001860505 but kept for subsequent analysis
NOTE: Klebsiella.pneumoniae.002948565 is identical to Klebsiella.pneumoniae.001709295 but kept for subsequent analysis
NOTE: Streptococcus.pneumoniae.000019005 is identical to Streptococcus.pneumoniae.001457635 but kept for subsequent analysis
NOTE: Pseudomonas.aeruginosa.000473745 is identical to Pseudomonas.aeruginosa.001516105 but kept for subsequent analysis
NOTE: Escherichia.flexneri.003018215 is identical to Escherichia.flexneri.003018275 but kept for subsequent analysis
NOTE: Enterococcus_B.faecium.003071425 is identical to Enterococcus_B.faecium.003071445 but kept for subsequent analysis
NOTE: Enterococcus_B.faecium.002848745 is identical to Enterococcus_B.faecium.002848665 but kept for subsequent analysis
NOTE: Staphylococcus.aureus.001019255 is identical to Staphylococcus.aureus.001018975 but kept for subsequent analysis
NOTE: Streptococcus.suis.000231865 is identical to Streptococcus.suis.002111405 but kept for subsequent analysis
NOTE: Streptococcus.thermophilus.002443035 is identical to Streptococcus.thermophilus.002286255 but kept for subsequent analysis
NOTE: Escherichia.dysenteriae.000021125 is identical to Escherichia.dysenteriae.001753445 but kept for subsequent analysis
NOTE: Escherichia.coli.001663475 is identical to Escherichia.coli.003181035 but kept for subsequent analysis
NOTE: Escherichia.flexneri.001559675 is identical to Escherichia.flexneri.000010245 but kept for subsequent analysis
NOTE: Klebsiella_A.michiganensis.002290285 is identical to Klebsiella_A.michiganensis.000724525 but kept for subsequent analysis
NOTE: Staphylococcus.schleiferi.001188915 is identical to Staphylococcus.schleiferi.001188875 but kept for subsequent analysis
NOTE: Staphylococcus.aureus.000012045 is identical to Staphylococcus.aureus.002209325 but kept for subsequent analysis
NOTE: Streptococcus.uberis.002814135 is identical to Streptococcus.uberis.000009545 but kept for subsequent analysis
NOTE: Escherichia.coli_D.001900315 is identical to Escherichia.dysenteriae.002196475 but kept for subsequent analysis
NOTE: Escherichia.dysenteriae.001890325 is identical to Escherichia.dysenteriae.001650295 but kept for subsequent analysis
NOTE: Streptococcus.pyogenes.900475075 is identical to Streptococcus.pyogenes.900474455 but kept for subsequent analysis
NOTE: Klebsiella.pneumoniae.001902415 is identical to Klebsiella.pneumoniae.001908895 but kept for subsequent analysis
NOTE: Klebsiella.variicola.001989495 is identical to Klebsiella.variicola.001989515 but kept for subsequent analysis
NOTE: Pseudomonas_E.protegens.000828695 is identical to Pseudomonas_E.protegens.000397205 but kept for subsequent analysis
NOTE: Enterococcus_B.faecium.001953255 is identical to Enterococcus_B.faecium.001953235 but kept for subsequent analysis
NOTE: Streptococcus.dysgalactiae.900475725 is identical to Streptococcus.dysgalactiae.900474785 but kept for subsequent analysis
NOTE: Streptococcus.salivarius.000785515 is identical to Streptococcus.salivarius.002094955 but kept for subsequent analysis
NOTE: Pseudomonas_E.hunanensis.000264665 is identical to Pseudomonas_E.hunanensis.002948105 but kept for subsequent analysis
NOTE: Pseudomonas_E.ficuserectae.900289125 is identical to Pseudomonas_E.ficuserectae.900235815 but kept for subsequent analysis
NOTE: Klebsiella.pneumoniae.000775375 is identical to Klebsiella.pneumoniae.000364385 but kept for subsequent analysis
NOTE: Streptococcus.pyogenes.001635935 is identical to Streptococcus.pyogenes.900475565 but kept for subsequent analysis
NOTE: Staphylococcus.aureus.002355355 is identical to Staphylococcus.aureus.001045795 but kept for subsequent analysis
NOTE: Streptococcus.agalactiae.001592425 is identical to Streptococcus.agalactiae.001932715 but kept for subsequent analysis
NOTE: Klebsiella.pneumoniae.003031325 is identical to Klebsiella.pneumoniae.002753035 but kept for subsequent analysis
NOTE: Staphylococcus.simulans.003006075 is identical to Staphylococcus.simulans.003096155 but kept for subsequent analysis
NOTE: Streptococcus.pneumoniae.900476455 is identical to Streptococcus.pneumoniae.000019265 but kept for subsequent analysis
NOTE: Escherichia.dysenteriae.002741495 is identical to Escherichia.dysenteriae.002741555 but kept for subsequent analysis
NOTE: Streptococcus.sobrinus.003172995 is identical to Streptococcus.sobrinus.900475395 but kept for subsequent analysis
NOTE: Staphylococcus.haemolyticus.001611955 is identical to Staphylococcus.haemolyticus.000009865 but kept for subsequent analysis
NOTE: Staphylococcus.xylosus.002078255 is identical to Staphylococcus.xylosus.000706685 but kept for subsequent analysis
NOTE: Escherichia.coli.002180195 is identical to Escherichia.coli.002193095 but kept for subsequent analysis
NOTE: Pseudomonas_E.hunanensis.000183645 is identical to Pseudomonas_E.monteilii_B.000325725 but kept for subsequent analysis
NOTE: Escherichia.coli.002012065 is identical to Escherichia.coli.002011965 but kept for subsequent analysis
NOTE: Streptococcus.pneumoniae.000211035 is identical to Streptococcus.pneumoniae.000211055 but kept for subsequent analysis
NOTE: Escherichia.flexneri.001900885 is identical to Escherichia.coli.002012145 but kept for subsequent analysis
NOTE: Enterococcus_B.faecium.003020685 is identical to Enterococcus_B.faecium.002983785 but kept for subsequent analysis
NOTE: Klebsiella_A.oxytoca.001022295 is identical to Klebsiella_A.oxytoca.001022115 but kept for subsequent analysis
NOTE: Escherichia.dysenteriae.000520055 is identical to Escherichia.dysenteriae.000662395 but kept for subsequent analysis
NOTE: Streptococcus.thermophilus.000262675 is identical to Streptococcus.thermophilus.001280285 but kept for subsequent analysis
NOTE: Pseudomonas.aeruginosa.003193645 is identical to Pseudomonas.aeruginosa.002997005 but kept for subsequent analysis
NOTE: Escherichia.coli_D.003095635 is identical to Escherichia.coli_D.002009315 but kept for subsequent analysis
NOTE: Streptococcus.agalactiae.000299135 is identical to Streptococcus.agalactiae.001190805 but kept for subsequent analysis
NOTE: Streptococcus.gallolyticus.000203195 is identical to Streptococcus.gallolyticus.000270145 but kept for subsequent analysis
NOTE: Streptococcus.salivarius.002094975 is identical to Streptococcus.salivarius.000253335 but kept for subsequent analysis
NOTE: Escherichia.coli_D.001890365 is identical to Escherichia.coli_D.002946715 but kept for subsequent analysis
NOTE: Escherichia.flexneri.002952855 is identical to Escherichia.flexneri.002953055 but kept for subsequent analysis
NOTE: Streptococcus.equi.000696505 is identical to Streptococcus.equi.000026605 but kept for subsequent analysis
NOTE: Streptococcus.dysgalactiae.000188715 is identical to Streptococcus.dysgalactiae.000317855 but kept for subsequent analysis
NOTE: Streptococcus.gordonii.001281105 is identical to Streptococcus.gordonii.000970665 but kept for subsequent analysis
NOTE: Escherichia.albertii.001549955 is identical to Escherichia.albertii.002872455 but kept for subsequent analysis
NOTE: Klebsiella.pneumoniae.002852945 is identical to Klebsiella.pneumoniae.002753165 but kept for subsequent analysis
NOTE: Pseudomonas_E.monteilii_B.000510285 is identical to Pseudomonas_E.monteilii_B.000510325 but kept for subsequent analysis
NOTE: Escherichia.coli.001566675 is identical to Escherichia.coli.001617565 but kept for subsequent analysis
NOTE: Streptococcus.pyogenes.000011665 is identical to Streptococcus.pyogenes.001547715 but kept for subsequent analysis
NOTE: Streptococcus.mutans.000817065 is identical to Streptococcus.mutans.000091645 but kept for subsequent analysis
NOTE: Streptococcus.thermophilus.000971665 is identical to Streptococcus.thermophilus.000014485 but kept for subsequent analysis
NOTE: Streptococcus.pneumoniae.900476475 is identical to Streptococcus.pneumoniae.900475805 but kept for subsequent analysis
NOTE: Staphylococcus.lugdunensis.002073395 is identical to Staphylococcus.lugdunensis.900478255 but kept for subsequent analysis
NOTE: Klebsiella.quasipneumoniae.002953295 is identical to Klebsiella.quasipneumoniae.003146655 but kept for subsequent analysis
NOTE: Streptococcus.suis.001640765 is identical to Streptococcus.suis.001721625 but kept for subsequent analysis
NOTE: Klebsiella_B.aerogenes.001559215 is identical to Klebsiella_B.aerogenes.002796425 but kept for subsequent analysis
NOTE: Klebsiella_A.michiganensis.002906415 is identical to Klebsiella_A.michiganensis.002906435 but kept for subsequent analysis
NOTE: Staphylococcus.epidermidis.900086615 is identical to Staphylococcus.epidermidis.000011925 but kept for subsequent analysis
NOTE: Enterococcus_B.faecium.900092475 is identical to Enterococcus_B.faecium.001587115 but kept for subsequent analysis
NOTE: Staphylococcus.aureus.001018655 is identical to Staphylococcus.aureus.900475245 but kept for subsequent analysis
NOTE: Escherichia.coli_D.003180995 is identical to Escherichia.coli_D.002787215 but kept for subsequent analysis
NOTE: Pseudomonas_E.avellanae.900235835 is identical to Pseudomonas_E.avellanae.002966555 but kept for subsequent analysis
NOTE: Streptococcus.iniae.001885145 is identical to Streptococcus.iniae.000831485 but kept for subsequent analysis
NOTE: Streptococcus.sobrinus.900475365 is identical to Streptococcus.sobrinus.003176795 but kept for subsequent analysis
NOTE: Streptococcus.gordonii.900475385 is identical to Streptococcus.gordonii.900475015 but kept for subsequent analysis
NOTE: Klebsiella_A.michiganensis.000632415 is identical to Klebsiella_A.michiganensis.000276705 but kept for subsequent analysis
NOTE: Streptococcus.anginosus.001412635 is identical to Streptococcus.anginosus.000463465 but kept for subsequent analysis
NOTE: Streptococcus.thermophilus.000011845 is identical to Streptococcus.thermophilus.000011825 but kept for subsequent analysis
NOTE: 166 identical sequences (see below) will be ignored for subsequent analysis
NOTE: Streptococcus.intermedius.000306805 (identical to Streptococcus.intermedius.000463385) is ignored but added at the end
NOTE: Streptococcus.intermedius.900475975 (identical to Streptococcus.intermedius.000463385) is ignored but added at the end
NOTE: Pseudomonas_E.avellanae.000648735 (identical to Pseudomonas_E.avellanae.002024285) is ignored but added at the end
NOTE: Pseudomonas_E.avellanae.001913235 (identical to Pseudomonas_E.avellanae.002024285) is ignored but added at the end
NOTE: Pseudomonas_E.avellanae.000344355 (identical to Pseudomonas_E.avellanae.002024285) is ignored but added at the end
NOTE: Escherichia.dysenteriae.001865295 (identical to Escherichia.dysenteriae.000803705) is ignored but added at the end
NOTE: Escherichia.dysenteriae.001695515 (identical to Escherichia.dysenteriae.000803705) is ignored but added at the end
NOTE: Escherichia.dysenteriae.001651965 (identical to Escherichia.dysenteriae.000803705) is ignored but added at the end
NOTE: Streptococcus.pneumoniae.900475305 (identical to Streptococcus.pneumoniae.000014365) is ignored but added at the end
NOTE: Streptococcus.suis.000231885 (identical to Streptococcus.suis.001572685) is ignored but added at the end
NOTE: Streptococcus.suis.002736265 (identical to Streptococcus.suis.001572685) is ignored but added at the end
NOTE: Streptococcus.suis.001272635 (identical to Streptococcus.suis.001572685) is ignored but added at the end
NOTE: Streptococcus.suis.001610935 (identical to Streptococcus.suis.001572685) is ignored but added at the end
NOTE: Streptococcus.pneumoniae.001896085 (identical to Streptococcus.pneumoniae.000147095) is ignored but added at the end
NOTE: Streptococcus.pneumoniae.000251085 (identical to Streptococcus.pneumoniae.000147095) is ignored but added at the end
NOTE: Streptococcus.pneumoniae.001902455 (identical to Streptococcus.pneumoniae.000147095) is ignored but added at the end
NOTE: Streptococcus.pneumoniae.001896065 (identical to Streptococcus.pneumoniae.000147095) is ignored but added at the end
NOTE: Streptococcus.mutans.001558215 (identical to Streptococcus.mutans.000271865) is ignored but added at the end
NOTE: Streptococcus.agalactiae.001712835 (identical to Streptococcus.agalactiae.900155855) is ignored but added at the end
NOTE: Streptococcus.agalactiae.001026925 (identical to Streptococcus.agalactiae.900155855) is ignored but added at the end
NOTE: Streptococcus.agalactiae.000689235 (identical to Streptococcus.agalactiae.900155855) is ignored but added at the end
NOTE: Streptococcus.agalactiae.000730215 (identical to Streptococcus.agalactiae.900155855) is ignored but added at the end
NOTE: Streptococcus.agalactiae.000427035 (identical to Streptococcus.agalactiae.900155855) is ignored but added at the end
NOTE: Streptococcus.agalactiae.002073795 (identical to Streptococcus.agalactiae.900155855) is ignored but added at the end
NOTE: Streptococcus.agalactiae.000831125 (identical to Streptococcus.agalactiae.900155855) is ignored but added at the end
NOTE: Streptococcus.agalactiae.002289205 (identical to Streptococcus.agalactiae.900155855) is ignored but added at the end
NOTE: Streptococcus.agalactiae.002197365 (identical to Streptococcus.agalactiae.900155855) is ignored but added at the end
NOTE: Streptococcus.agalactiae.001190885 (identical to Streptococcus.agalactiae.900155855) is ignored but added at the end
NOTE: Escherichia.dysenteriae.000732965 (identical to Escherichia.dysenteriae.000262125) is ignored but added at the end
NOTE: Escherichia.dysenteriae.001612495 (identical to Escherichia.dysenteriae.000262125) is ignored but added at the end
NOTE: Escherichia.dysenteriae.001753545 (identical to Escherichia.dysenteriae.000262125) is ignored but added at the end
NOTE: Streptococcus.agalactiae.001683515 (identical to Streptococcus.agalactiae.002812425) is ignored but added at the end
NOTE: Streptococcus.agalactiae.002197265 (identical to Streptococcus.agalactiae.002812425) is ignored but added at the end
NOTE: Streptococcus.agalactiae.002812505 (identical to Streptococcus.agalactiae.002812425) is ignored but added at the end
NOTE: Streptococcus.agalactiae.002197425 (identical to Streptococcus.agalactiae.002812425) is ignored but added at the end
NOTE: Streptococcus.agalactiae.000012705 (identical to Streptococcus.agalactiae.002812425) is ignored but added at the end
NOTE: Streptococcus.agalactiae.002812465 (identical to Streptococcus.agalactiae.002812425) is ignored but added at the end
NOTE: Streptococcus.agalactiae.002197245 (identical to Streptococcus.agalactiae.002812425) is ignored but added at the end
NOTE: Enterococcus_B.faecium.000250945 (identical to Enterococcus_B.faecium.000336405) is ignored but added at the end
NOTE: Enterococcus.faecalis.003030425 (identical to Enterococcus.faecalis.002289045) is ignored but added at the end
NOTE: Enterococcus.faecalis.001886675 (identical to Enterococcus.faecalis.002289045) is ignored but added at the end
NOTE: Enterococcus.faecalis.002355755 (identical to Enterococcus.faecalis.002289045) is ignored but added at the end
NOTE: Enterococcus.faecalis.001878735 (identical to Enterococcus.faecalis.002289045) is ignored but added at the end
NOTE: Enterococcus.faecalis.001989555 (identical to Enterococcus.faecalis.002289045) is ignored but added at the end
NOTE: Enterococcus.faecalis.000281195 (identical to Enterococcus.faecalis.002289045) is ignored but added at the end
NOTE: Enterococcus.faecalis.001598635 (identical to Enterococcus.faecalis.002289045) is ignored but added at the end
NOTE: Enterococcus.faecalis.000317915 (identical to Enterococcus.faecalis.002289045) is ignored but added at the end
NOTE: Pseudomonas.aeruginosa.001879525 (identical to Pseudomonas.aeruginosa.001516105) is ignored but added at the end
NOTE: Pseudomonas.aeruginosa.000504045 (identical to Pseudomonas.aeruginosa.001516105) is ignored but added at the end
NOTE: Pseudomonas.aeruginosa.002104595 (identical to Pseudomonas.aeruginosa.001516105) is ignored but added at the end
NOTE: Pseudomonas.aeruginosa.000026645 (identical to Pseudomonas.aeruginosa.001516105) is ignored but added at the end
NOTE: Pseudomonas.aeruginosa.001077475 (identical to Pseudomonas.aeruginosa.001516105) is ignored but added at the end
NOTE: Pseudomonas.aeruginosa_A.000017205 (identical to Pseudomonas.aeruginosa.001516105) is ignored but added at the end
NOTE: Pseudomonas.aeruginosa.002085605 (identical to Pseudomonas.aeruginosa.001516105) is ignored but added at the end
NOTE: Pseudomonas.aeruginosa.002192495 (identical to Pseudomonas.aeruginosa.001516105) is ignored but added at the end
NOTE: Pseudomonas.aeruginosa.002205335 (identical to Pseudomonas.aeruginosa.001516105) is ignored but added at the end
NOTE: Pseudomonas.aeruginosa.002237405 (identical to Pseudomonas.aeruginosa.001516105) is ignored but added at the end
NOTE: Pseudomonas.aeruginosa.001547955 (identical to Pseudomonas.aeruginosa.001516105) is ignored but added at the end
NOTE: Pseudomonas.aeruginosa.001874465 (identical to Pseudomonas.aeruginosa.001516105) is ignored but added at the end
NOTE: Pseudomonas.aeruginosa.001792855 (identical to Pseudomonas.aeruginosa.001516105) is ignored but added at the end
NOTE: Pseudomonas.aeruginosa.001447845 (identical to Pseudomonas.aeruginosa.001516105) is ignored but added at the end
NOTE: Enterococcus_B.faecium.002761275 (identical to Enterococcus_B.faecium.002848665) is ignored but added at the end
NOTE: Enterococcus_B.faecium.002777275 (identical to Enterococcus_B.faecium.002848665) is ignored but added at the end
NOTE: Enterococcus_B.faecium.002761255 (identical to Enterococcus_B.faecium.002848665) is ignored but added at the end
NOTE: Enterococcus_B.faecium.002848625 (identical to Enterococcus_B.faecium.002848665) is ignored but added at the end
NOTE: Staphylococcus.aureus.003030065 (identical to Staphylococcus.aureus.001018975) is ignored but added at the end
NOTE: Streptococcus.suis.000344765 (identical to Streptococcus.suis.002111405) is ignored but added at the end
NOTE: Streptococcus.suis.000026725 (identical to Streptococcus.suis.002111405) is ignored but added at the end
NOTE: Streptococcus.suis.002189695 (identical to Streptococcus.suis.002111405) is ignored but added at the end
NOTE: Streptococcus.suis.900475585 (identical to Streptococcus.suis.002111405) is ignored but added at the end
NOTE: Streptococcus.suis.000018185 (identical to Streptococcus.suis.002111405) is ignored but added at the end
NOTE: Streptococcus.suis.001936415 (identical to Streptococcus.suis.002111405) is ignored but added at the end
NOTE: Streptococcus.suis.000233575 (identical to Streptococcus.suis.002111405) is ignored but added at the end
NOTE: Streptococcus.suis.000091905 (identical to Streptococcus.suis.002111405) is ignored but added at the end
NOTE: Streptococcus.suis.000494895 (identical to Streptococcus.suis.002111405) is ignored but added at the end
NOTE: Streptococcus.suis.000993745 (identical to Streptococcus.suis.002111405) is ignored but added at the end
NOTE: Streptococcus.suis.002688665 (identical to Streptococcus.suis.002111405) is ignored but added at the end
NOTE: Streptococcus.suis.000294495 (identical to Streptococcus.suis.002111405) is ignored but added at the end
NOTE: Streptococcus.thermophilus.002846155 (identical to Streptococcus.thermophilus.002286255) is ignored but added at the end
NOTE: Streptococcus.thermophilus.001008015 (identical to Streptococcus.thermophilus.002286255) is ignored but added at the end
NOTE: Streptococcus.thermophilus.002012365 (identical to Streptococcus.thermophilus.002286255) is ignored but added at the end
NOTE: Streptococcus.thermophilus.002843115 (identical to Streptococcus.thermophilus.002286255) is ignored but added at the end
NOTE: Streptococcus.thermophilus.001855705 (identical to Streptococcus.thermophilus.002286255) is ignored but added at the end
NOTE: Streptococcus.thermophilus.900094135 (identical to Streptococcus.thermophilus.002286255) is ignored but added at the end
NOTE: Streptococcus.thermophilus.001514435 (identical to Streptococcus.thermophilus.002286255) is ignored but added at the end
NOTE: Streptococcus.thermophilus.900474985 (identical to Streptococcus.thermophilus.002286255) is ignored but added at the end
NOTE: Streptococcus.thermophilus.000698885 (identical to Streptococcus.thermophilus.002286255) is ignored but added at the end
NOTE: Escherichia.dysenteriae.001890225 (identical to Escherichia.dysenteriae.001753445) is ignored but added at the end
NOTE: Escherichia.dysenteriae.001753525 (identical to Escherichia.dysenteriae.001753445) is ignored but added at the end
NOTE: Escherichia.dysenteriae.001753465 (identical to Escherichia.dysenteriae.001753445) is ignored but added at the end
NOTE: Escherichia.dysenteriae.001753565 (identical to Escherichia.dysenteriae.001753445) is ignored but added at the end
NOTE: Escherichia.coli.002056635 (identical to Escherichia.coli.003181035) is ignored but added at the end
NOTE: Staphylococcus.aureus.000969225 (identical to Staphylococcus.aureus.002209325) is ignored but added at the end
NOTE: Staphylococcus.aureus.000011265 (identical to Staphylococcus.aureus.002209325) is ignored but added at the end
NOTE: Staphylococcus.aureus.001594205 (identical to Staphylococcus.aureus.002209325) is ignored but added at the end
NOTE: Staphylococcus.aureus.000597965 (identical to Staphylococcus.aureus.002209325) is ignored but added at the end
NOTE: Staphylococcus.aureus.000953255 (identical to Staphylococcus.aureus.002209325) is ignored but added at the end
NOTE: Staphylococcus.aureus.000815245 (identical to Staphylococcus.aureus.002209325) is ignored but added at the end
NOTE: Staphylococcus.aureus.001465675 (identical to Staphylococcus.aureus.002209325) is ignored but added at the end
NOTE: Staphylococcus.aureus.001457495 (identical to Staphylococcus.aureus.002209325) is ignored but added at the end
NOTE: Streptococcus.uberis.900475695 (identical to Streptococcus.uberis.000009545) is ignored but added at the end
NOTE: Escherichia.dysenteriae.001650275 (identical to Escherichia.dysenteriae.001650295) is ignored but added at the end
NOTE: Klebsiella.pneumoniae.000417225 (identical to Klebsiella.pneumoniae.001908895) is ignored but added at the end
NOTE: Klebsiella.pneumoniae.000417265 (identical to Klebsiella.pneumoniae.001908895) is ignored but added at the end
NOTE: Klebsiella.pneumoniae.000417085 (identical to Klebsiella.pneumoniae.001908895) is ignored but added at the end
NOTE: Klebsiella.variicola.001989535 (identical to Klebsiella.variicola.001989515) is ignored but added at the end
NOTE: Pseudomonas_E.protegens.000012265 (identical to Pseudomonas_E.protegens.000397205) is ignored but added at the end
NOTE: Enterococcus_B.faecium.001635875 (identical to Enterococcus_B.faecium.001953235) is ignored but added at the end
NOTE: Streptococcus.dysgalactiae.900475255 (identical to Streptococcus.dysgalactiae.900474785) is ignored but added at the end
NOTE: Streptococcus.dysgalactiae.000307185 (identical to Streptococcus.dysgalactiae.900474785) is ignored but added at the end
NOTE: Streptococcus.salivarius.000448685 (identical to Streptococcus.salivarius.002094955) is ignored but added at the end
NOTE: Streptococcus.salivarius.000253315 (identical to Streptococcus.salivarius.002094955) is ignored but added at the end
NOTE: Pseudomonas_E.ficuserectae.002905685 (identical to Pseudomonas_E.ficuserectae.900235815) is ignored but added at the end
NOTE: Streptococcus.pyogenes.900474845 (identical to Streptococcus.pyogenes.900475565) is ignored but added at the end
NOTE: Streptococcus.pyogenes.900475425 (identical to Streptococcus.pyogenes.900475565) is ignored but added at the end
NOTE: Streptococcus.pyogenes.900475455 (identical to Streptococcus.pyogenes.900475565) is ignored but added at the end
NOTE: Streptococcus.pyogenes.900475115 (identical to Streptococcus.pyogenes.900475565) is ignored but added at the end
NOTE: Streptococcus.pyogenes.900475765 (identical to Streptococcus.pyogenes.900475565) is ignored but added at the end
NOTE: Streptococcus.pyogenes.000732425 (identical to Streptococcus.pyogenes.900475565) is ignored but added at the end
NOTE: Streptococcus.pyogenes.003203475 (identical to Streptococcus.pyogenes.900475565) is ignored but added at the end
NOTE: Streptococcus.pyogenes.900475085 (identical to Streptococcus.pyogenes.900475565) is ignored but added at the end
NOTE: Streptococcus.pyogenes.900475795 (identical to Streptococcus.pyogenes.900475565) is ignored but added at the end
NOTE: Streptococcus.pyogenes.000767505 (identical to Streptococcus.pyogenes.900475565) is ignored but added at the end
NOTE: Streptococcus.pyogenes.900474975 (identical to Streptococcus.pyogenes.900475565) is ignored but added at the end
NOTE: Streptococcus.pyogenes.000756485 (identical to Streptococcus.pyogenes.900475565) is ignored but added at the end
NOTE: Streptococcus.pyogenes.001635895 (identical to Streptococcus.pyogenes.900475565) is ignored but added at the end
NOTE: Streptococcus.pyogenes.900474865 (identical to Streptococcus.pyogenes.900475565) is ignored but added at the end
NOTE: Streptococcus.pyogenes.900474765 (identical to Streptococcus.pyogenes.900475565) is ignored but added at the end
NOTE: Streptococcus.pyogenes.002355175 (identical to Streptococcus.pyogenes.900475565) is ignored but added at the end
NOTE: Streptococcus.pyogenes.000743015 (identical to Streptococcus.pyogenes.900475565) is ignored but added at the end
NOTE: Streptococcus.pyogenes.900474815 (identical to Streptococcus.pyogenes.900475565) is ignored but added at the end
NOTE: Streptococcus.pyogenes.900474795 (identical to Streptococcus.pyogenes.900475565) is ignored but added at the end
NOTE: Streptococcus.pyogenes.000013485 (identical to Streptococcus.pyogenes.900475565) is ignored but added at the end
NOTE: Streptococcus.pyogenes.000011285 (identical to Streptococcus.pyogenes.900475565) is ignored but added at the end
NOTE: Streptococcus.pyogenes.000993765 (identical to Streptococcus.pyogenes.900475565) is ignored but added at the end
NOTE: Staphylococcus.aureus.002000765 (identical to Staphylococcus.aureus.001045795) is ignored but added at the end
NOTE: Streptococcus.agalactiae.001729925 (identical to Streptococcus.agalactiae.001932715) is ignored but added at the end
NOTE: Streptococcus.agalactiae.001592385 (identical to Streptococcus.agalactiae.001932715) is ignored but added at the end
NOTE: Staphylococcus.simulans.003076375 (identical to Staphylococcus.simulans.003096155) is ignored but added at the end
NOTE: Staphylococcus.xylosus.000953575 (identical to Staphylococcus.xylosus.000706685) is ignored but added at the end
NOTE: Staphylococcus.xylosus.000709415 (identical to Staphylococcus.xylosus.000706685) is ignored but added at the end
NOTE: Streptococcus.pneumoniae.000146975 (identical to Streptococcus.pneumoniae.000211055) is ignored but added at the end
NOTE: Streptococcus.pneumoniae.000210995 (identical to Streptococcus.pneumoniae.000211055) is ignored but added at the end
NOTE: Streptococcus.pneumoniae.000211015 (identical to Streptococcus.pneumoniae.000211055) is ignored but added at the end
NOTE: Escherichia.coli.000813165 (identical to Escherichia.coli.002012145) is ignored but added at the end
NOTE: Enterococcus_B.faecium.003020765 (identical to Enterococcus_B.faecium.002983785) is ignored but added at the end
NOTE: Pseudomonas.aeruginosa_A.003025345 (identical to Pseudomonas.aeruginosa.002997005) is ignored but added at the end
NOTE: Pseudomonas.aeruginosa.003206535 (identical to Pseudomonas.aeruginosa.002997005) is ignored but added at the end
NOTE: Pseudomonas.aeruginosa.002812905 (identical to Pseudomonas.aeruginosa.002997005) is ignored but added at the end
NOTE: Pseudomonas.aeruginosa.002812825 (identical to Pseudomonas.aeruginosa.002997005) is ignored but added at the end
NOTE: Pseudomonas.aeruginosa.003060845 (identical to Pseudomonas.aeruginosa.002997005) is ignored but added at the end
NOTE: Streptococcus.gallolyticus.002000985 (identical to Streptococcus.gallolyticus.000270145) is ignored but added at the end
NOTE: Streptococcus.gallolyticus.000027185 (identical to Streptococcus.gallolyticus.000270145) is ignored but added at the end
NOTE: Streptococcus.gallolyticus.900475715 (identical to Streptococcus.gallolyticus.000270145) is ignored but added at the end
NOTE: Streptococcus.salivarius.900475225 (identical to Streptococcus.salivarius.000253335) is ignored but added at the end
NOTE: Escherichia.flexneri.002899495 (identical to Escherichia.flexneri.002953055) is ignored but added at the end
NOTE: Streptococcus.equi.000219765 (identical to Streptococcus.equi.000026605) is ignored but added at the end
NOTE: Pseudomonas_E.monteilii_B.000831585 (identical to Pseudomonas_E.monteilii_B.000510325) is ignored but added at the end
NOTE: Streptococcus.pyogenes.001014305 (identical to Streptococcus.pyogenes.001547715) is ignored but added at the end
NOTE: Streptococcus.pneumoniae.000018965 (identical to Streptococcus.pneumoniae.900475805) is ignored but added at the end
NOTE: Streptococcus.pneumoniae.002357995 (identical to Streptococcus.pneumoniae.900475805) is ignored but added at the end
NOTE: Klebsiella.quasipneumoniae.003146685 (identical to Klebsiella.quasipneumoniae.003146655) is ignored but added at the end
NOTE: Streptococcus.suis.003144175 (identical to Streptococcus.suis.001721625) is ignored but added at the end
NOTE: Klebsiella_B.aerogenes.001593585 (identical to Klebsiella_B.aerogenes.002796425) is ignored but added at the end
NOTE: Klebsiella_B.aerogenes.002796525 (identical to Klebsiella_B.aerogenes.002796425) is ignored but added at the end
NOTE: Streptococcus.gordonii.002386285 (identical to Streptococcus.gordonii.900475015) is ignored but added at the end

For your convenience alignment with unique sequences printed to ./026_results/16S_long.fasta.uniqueseq.phy

Create initial parsimony tree by phylogenetic likelihood library (PLL)... 0.118 seconds

NOTE: 58 MB RAM (0 GB) is required!
Estimate model parameters (epsilon = 0.100)
1. Initial log-likelihood: -18088.792
2. Current log-likelihood: -17008.491
3. Current log-likelihood: -16944.487
4. Current log-likelihood: -16941.229
5. Current log-likelihood: -16941.002
Optimal log-likelihood: -16940.971
Rate parameters:  A-C: 1.00000  A-G: 2.75327  A-T: 1.00000  C-G: 1.00000  C-T: 2.75327  G-T: 1.00000
Base frequencies:  A: 0.257  C: 0.225  G: 0.308  T: 0.211
Gamma shape alpha: 0.280
Parameters optimization took 5 rounds (1.095 sec)
Computing ML distances based on estimated model parameters... 4.533 sec
Computing BIONJ tree...
0.206 seconds
Log-likelihood of BIONJ tree: -17576.004
--------------------------------------------------------------------
|             INITIALIZING CANDIDATE TREE SET                      |
--------------------------------------------------------------------
Generating 98 parsimony trees... 13.015 second
Computing log-likelihood of 98 initial trees ... 12.133 seconds
Current best score: -16917.647

Do NNI search on 20 best initial trees
Estimate model parameters (epsilon = 0.100)
BETTER TREE FOUND at iteration 1: -16882.710
Iteration 10 / LogL: -16890.918 / Time: 0h:0m:37s
Estimate model parameters (epsilon = 0.100)
BETTER TREE FOUND at iteration 15: -16877.319
Iteration 20 / LogL: -16905.730 / Time: 0h:0m:49s
Finish initializing candidate tree set (20)
Current best tree score: -16877.319 / CPU time: 46.712
Number of iterations: 20
--------------------------------------------------------------------
|               OPTIMIZING CANDIDATE TREE SET                      |
--------------------------------------------------------------------
Iteration 30 / LogL: -16962.076 / Time: 0h:1m:4s (0h:3m:7s left)
Iteration 40 / LogL: -17624.090 / Time: 0h:1m:20s (0h:2m:35s left)
Estimate model parameters (epsilon = 0.100)
BETTER TREE FOUND at iteration 47: -16875.301
Iteration 50 / LogL: -16897.589 / Time: 0h:1m:35s (0h:3m:9s left)
Iteration 60 / LogL: -16887.629 / Time: 0h:1m:52s (0h:2m:45s left)
Iteration 70 / LogL: -17005.435 / Time: 0h:2m:7s (0h:2m:22s left)
Estimate model parameters (epsilon = 0.100)
BETTER TREE FOUND at iteration 72: -16873.048
Iteration 80 / LogL: -16881.704 / Time: 0h:2m:23s (0h:2m:46s left)
Estimate model parameters (epsilon = 0.100)
BETTER TREE FOUND at iteration 82: -16872.597
Estimate model parameters (epsilon = 0.100)
BETTER TREE FOUND at iteration 84: -16871.069
Iteration 90 / LogL: -17243.185 / Time: 0h:2m:39s (0h:2m:47s left)
Estimate model parameters (epsilon = 0.100)
BETTER TREE FOUND at iteration 97: -16870.313
Iteration 100 / LogL: -16906.804 / Time: 0h:2m:54s (0h:2m:51s left)
Iteration 110 / LogL: -16937.104 / Time: 0h:3m:11s (0h:2m:32s left)
Estimate model parameters (epsilon = 0.100)
BETTER TREE FOUND at iteration 118: -16859.658
Iteration 120 / LogL: -16860.733 / Time: 0h:3m:27s (0h:2m:51s left)
Iteration 130 / LogL: -17055.634 / Time: 0h:3m:43s (0h:2m:32s left)
Iteration 140 / LogL: -16866.924 / Time: 0h:3m:57s (0h:2m:13s left)
Estimate model parameters (epsilon = 0.100)
BETTER TREE FOUND at iteration 142: -16853.689
Iteration 150 / LogL: -16919.577 / Time: 0h:4m:13s (0h:2m:36s left)
Iteration 160 / LogL: -16889.155 / Time: 0h:4m:28s (0h:2m:18s left)
Iteration 170 / LogL: -16926.979 / Time: 0h:4m:44s (0h:2m:0s left)
Iteration 180 / LogL: -16868.892 / Time: 0h:4m:59s (0h:1m:43s left)
Iteration 190 / LogL: -16923.295 / Time: 0h:5m:16s (0h:1m:27s left)
Iteration 200 / LogL: -16878.091 / Time: 0h:5m:33s (0h:1m:10s left)
Iteration 210 / LogL: -16853.847 / Time: 0h:5m:48s (0h:0m:53s left)
Estimate model parameters (epsilon = 0.100)
BETTER TREE FOUND at iteration 217: -16851.456
Iteration 220 / LogL: -16881.723 / Time: 0h:6m:3s (0h:2m:40s left)
Estimate model parameters (epsilon = 0.100)
BETTER TREE FOUND at iteration 223: -16847.383
Iteration 230 / LogL: -16860.905 / Time: 0h:6m:19s (0h:2m:34s left)
Iteration 240 / LogL: -16855.301 / Time: 0h:6m:36s (0h:2m:17s left)
Iteration 250 / LogL: -16852.604 / Time: 0h:6m:53s (0h:2m:1s left)
Estimate model parameters (epsilon = 0.100)
BETTER TREE FOUND at iteration 252: -16844.587
Iteration 260 / LogL: -16886.585 / Time: 0h:7m:9s (0h:2m:32s left)
Iteration 270 / LogL: -16979.797 / Time: 0h:7m:29s (0h:2m:16s left)
Iteration 280 / LogL: -16906.329 / Time: 0h:7m:44s (0h:1m:59s left)
Iteration 290 / LogL: -16874.241 / Time: 0h:7m:58s (0h:1m:42s left)
Iteration 300 / LogL: -16872.562 / Time: 0h:8m:12s (0h:1m:25s left)
Iteration 310 / LogL: -16928.346 / Time: 0h:8m:27s (0h:1m:8s left)
Iteration 320 / LogL: -17166.410 / Time: 0h:8m:41s (0h:0m:52s left)
Iteration 330 / LogL: -17088.198 / Time: 0h:8m:58s (0h:0m:35s left)
Iteration 340 / LogL: -16911.438 / Time: 0h:9m:14s (0h:0m:19s left)
Iteration 350 / LogL: -16867.560 / Time: 0h:9m:32s (0h:0m:3s left)
TREE SEARCH COMPLETED AFTER 353 ITERATIONS / Time: 0h:9m:37s

--------------------------------------------------------------------
|                    FINALIZING TREE SEARCH                        |
--------------------------------------------------------------------
Performs final model parameters optimization
Estimate model parameters (epsilon = 0.010)
1. Initial log-likelihood: -16844.587
Optimal log-likelihood: -16844.585
Rate parameters:  A-C: 1.00000  A-G: 2.82615  A-T: 1.00000  C-G: 1.00000  C-T: 2.82615  G-T: 1.00000
Base frequencies:  A: 0.257  C: 0.225  G: 0.308  T: 0.211
Gamma shape alpha: 0.262
Parameters optimization took 1 rounds (0.122 sec)
BEST SCORE FOUND : -16844.585
Total tree length: 5.307

Total number of iterations: 353
CPU time used for tree search: 4345.587 sec (1h:12m:25s)
Wall-clock time used for tree search: 574.598 sec (0h:9m:34s)
Total CPU time used: 4362.911 sec (1h:12m:42s)
Total wall-clock time used: 577.140 sec (0h:9m:37s)

Analysis results written to: 
  IQ-TREE report:                ./026_results/16S_long.fasta.iqtree
  Maximum-likelihood tree:       ./026_results/16S_long.fasta.treefile
  Likelihood distances:          ./026_results/16S_long.fasta.mldist
  Screen log file:               ./026_results/16S_long.fasta.log

Date and Time: Mon Sep  9 13:22:28 2019
