IQ-TREE multicore version 1.6.12 for Linux 64-bit built Aug 15 2019
Developed by Bui Quang Minh, Nguyen Lam Tung, Olga Chernomor,
Heiko Schmidt, Dominik Schrempf, Michael Woodhams.

Host:    n114312.nbi.ac.uk (AVX2, FMA3, 15 GB RAM)
Command: iqtree -s ./026_results/23S_consensus.fasta -nt 8 -redo -m HKY+G
Seed:    166686 (Using SPRNG - Scalable Parallel Random Number Generator)
Time:    Tue Sep 10 10:08:07 2019
Kernel:  AVX+FMA - 8 threads (8 CPU cores detected)

Reading alignment file ./026_results/23S_consensus.fasta ... Fasta format detected
Alignment most likely contains DNA/RNA sequences
Alignment has 691 sequences with 5555 columns, 1549 distinct patterns
1282 parsimony-informative, 69 singleton sites, 4204 constant sites
                                           Gap/Ambiguity  Composition  p-value
   1  Escherichia.flexneri.003017975              47.33%    passed     23.72%
   2  Klebsiella.pneumoniae.000445405             47.63%    passed     27.36%
   3  Escherichia.coli.000148605                  47.29%    passed     24.67%
   4  Streptococcus.intermedius.000463385         47.67%    passed     50.76%
   5  Pseudomonas_E.avellanae.002024285           47.49%    passed     85.27%
   6  Escherichia.dysenteriae.000803705           47.27%    passed     23.83%
   7  Streptococcus.mutans.002995555              47.72%    passed     65.27%
   8  Pseudomonas.aeruginosa_A.003073695          47.61%    passed     63.48%
   9  Escherichia.coli_D.002310595                47.58%    passed     27.28%
  10  Streptococcus.pneumoniae.000014365          47.72%    passed     40.66%
  11  Escherichia.dysenteriae.000025165           47.33%    passed     23.13%
  12  Streptococcus.suis.001572685                47.69%    passed     69.04%
  13  Streptococcus.pneumoniae.000147095          47.72%    passed     43.66%
  14  Streptococcus.mutans.000271865              47.70%    passed     62.73%
  15  Staphylococcus.pseudintermedius.000185885   47.49%    passed     53.68%
  16  Streptococcus.agalactiae.900155855          47.69%    passed     20.49%
  17  Escherichia.dysenteriae.000262125           47.31%    passed     25.32%
  18  Pseudomonas_E.ficuserectae.900235885        47.51%    passed     86.69%
  19  Streptococcus.agalactiae.002812425          47.69%    passed     20.49%
  20  Escherichia.albertii.002895205              47.40%    passed     15.40%
  21  Enterococcus_B.faecium.000336405            47.52%    passed     74.43%
  22  Escherichia.flexneri.000599645               7.22%    failed      3.12%
  23  Klebsiella.pneumoniae.001956965             47.94%    passed     28.29%
  24  Pseudomonas_E.syringae_M.002905815          47.60%    passed     84.92%
  25  Klebsiella.pneumoniae.001456135             47.70%    passed     27.50%
  26  Enterococcus.faecalis.002289045             47.56%    passed     81.55%
  27  Escherichia.flexneri.001860505              47.49%    passed     23.03%
  28  Escherichia.coli_D.002357875                47.67%    passed     24.67%
  29  Streptococcus.suis.000168355                47.69%    passed     66.44%
  30  Klebsiella.pneumoniae.001709295             47.78%    passed     32.94%
  31  Klebsiella.variicola.000019565              47.60%    passed     29.95%
  32  Klebsiella.pneumoniae.002202255             47.74%    passed     29.14%
  33  Streptococcus.pneumoniae.001457635          47.72%    passed     37.98%
  34  Pseudomonas.aeruginosa.001516105            47.58%    passed     65.11%
  35  Escherichia.flexneri.003018275              47.52%    passed     24.58%
  36  Pseudomonas_E.hunanensis.001655295          47.60%    passed     91.56%
  37  Enterococcus_B.faecium.003071445            47.54%    passed     73.80%
  38  Enterococcus_B.faecium.002848665            47.67%    passed     68.44%
  39  Staphylococcus.aureus.001018975             47.33%    passed     39.67%
  40  Streptococcus.suis.002111405                47.60%    passed     57.89%
  41  Enterococcus_B.faecium.002848385            47.56%    passed     72.84%
  42  Staphylococcus.lugdunensis.002250095        47.56%    passed     33.04%
  43  Streptococcus.thermophilus.002286255        47.83%    passed     39.43%
  44  Escherichia.dysenteriae.001753445           47.20%    passed     21.18%
  45  Staphylococcus.epidermidis.000751035        47.22%    passed     56.34%
  46  Escherichia.coli.003181035                  47.49%    passed     20.77%
  47  Escherichia.coli.002796585                  47.49%    passed     25.29%
  48  Escherichia.dysenteriae.001651925           47.29%    passed     23.02%
  49  Staphylococcus.saprophyticus.001558375      47.29%    passed     30.69%
  50  Escherichia.flexneri.000010245              47.76%    passed     26.68%
  51  Streptococcus.thermophilus.002443035        47.76%    passed     44.01%
  52  Streptococcus.suis.000231865                47.60%    passed     57.89%
  53  Streptococcus.pyogenes.900475155            47.69%    passed     32.00%
  54  Klebsiella_B.aerogenes.000334515            47.52%    passed     49.25%
  55  Klebsiella_A.michiganensis.000724525        47.56%    passed     23.23%
  56  Staphylococcus.schleiferi.001188875         47.25%    passed     58.24%
  57  Streptococcus.thermophilus.001685375        47.76%    passed     44.01%
  58  Escherichia.coli_D.002012225                47.45%    passed     28.35%
  59  Staphylococcus.saprophyticus.002209265      47.38%    passed     26.44%
  60  Staphylococcus.aureus.002209325             47.40%    passed     45.16%
  61  Klebsiella.pneumoniae.002951555             47.78%    passed     25.69%
  62  Streptococcus.uberis.000009545              47.72%    passed     53.90%
  63  Streptococcus.sobrinus.003176815            47.74%    passed     76.76%
  64  Klebsiella.variicola.000828055              47.69%    passed     33.94%
  65  Escherichia.dysenteriae.002196475           47.67%    passed     33.27%
  66  Escherichia.coli_D.002788115                47.61%    passed     30.74%
  67  Escherichia.dysenteriae.001650295           47.29%    passed     24.46%
  68  Pseudomonas_E.protegens.002208745           47.51%    passed     87.60%
  69  Streptococcus.pneumoniae.000019025          47.74%    passed     35.91%
  70  Streptococcus.pyogenes.900474455            47.70%    passed     36.93%
  71  Klebsiella.pneumoniae.001908895             47.74%    passed     27.39%
  72  Klebsiella.variicola.001989515              47.54%    passed     29.20%
  73  Escherichia.flexneri.003112205              47.52%    passed     23.26%
  74  Streptococcus.intermedius.002356055         47.63%    passed     48.44%
  75  Escherichia.dysenteriae.002208865           47.29%    passed     24.46%
  76  Pseudomonas_E.protegens.000397205           47.51%    passed     87.60%
  77  Streptococcus.gordonii.002073435            47.72%    passed     87.10%
  78  Escherichia.albertii.002741375              47.49%    passed     13.55%
  79  Staphylococcus.aureus.001019255             47.34%    passed     43.75%
  80  Enterococcus_B.faecium.001953235            47.60%    passed     71.18%
  81  Streptococcus.dysgalactiae.900474785        47.70%    passed     49.24%
  82  Staphylococcus.simulans.900474685           47.42%    passed     70.28%
  83  Staphylococcus.aureus.900474665             47.51%    passed     38.13%
  84  Streptococcus.salivarius.002094955          47.79%    passed     42.12%
  85  Pseudomonas_E.hunanensis.002948105          47.60%    passed     92.45%
  86  Staphylococcus.schleiferi.001188915         47.27%    passed     54.80%
  87  Klebsiella.pneumoniae.002202275             47.72%    passed     28.56%
  88  Pseudomonas_E.ficuserectae.900235815        47.52%    passed     88.54%
  89  Staphylococcus.aureus.000012045             47.42%    passed     39.92%
  90  Klebsiella.pneumoniae.002948565             47.76%    passed     33.62%
  91  Klebsiella.pneumoniae.000364385             47.43%    passed     30.62%
  92  Streptococcus.pyogenes.900475565            47.69%    passed     33.50%
  93  Escherichia.dysenteriae.001307215           47.29%    passed     24.46%
  94  Streptococcus.pneumoniae.000211095          47.70%    passed     49.84%
  95  Staphylococcus.aureus.001045795             47.45%    passed     38.10%
  96  Streptococcus.agalactiae.001932715          47.69%    passed     17.93%
  97  Escherichia.coli.002157245                  47.47%    passed     20.18%
  98  Enterococcus_B.faecium.002007625            47.60%    passed     71.18%
  99  Streptococcus.pneumoniae.001896085          47.74%    passed     36.23%
 100  Streptococcus.thermophilus.002846155        47.78%    passed     42.75%
 101  Escherichia.dysenteriae.001890325           47.29%    passed     24.46%
 102  Pseudomonas_E.piscium.002844145             47.54%    passed     86.82%
 103  Klebsiella.pneumoniae.002753035             47.43%    passed     29.05%
 104  Streptococcus.pneumoniae.000817005          47.72%    passed     35.97%
 105  Escherichia.coli_D.002164645                47.24%    passed     28.75%
 106  Pseudomonas_E.avellanae.000007805           47.79%    passed     82.44%
 107  Streptococcus.agalactiae.002073695          47.70%    passed     19.50%
 108  Escherichia.coli.002887715                  47.54%    passed     24.39%
 109  Staphylococcus.simulans.003096155           47.40%    passed     70.01%
 110  Staphylococcus.lugdunensis.001558775        47.52%    passed     32.84%
 111  Klebsiella.pneumoniae.001482345             47.70%    passed     31.10%
 112  Streptococcus.pyogenes.001635935            47.70%    passed     32.47%
 113  Staphylococcus.simulans.003006055           47.40%    passed     70.01%
 114  Streptococcus.pneumoniae.900476465          47.72%    passed     41.80%
 115  Pseudomonas.aeruginosa.000473745            47.58%    passed     67.34%
 116  Streptococcus.pneumoniae.000019265          47.76%    passed     42.25%
 117  Escherichia.coli_D.000219515                47.42%    passed     28.38%
 118  Klebsiella.variicola.000812205              47.63%    passed     25.00%
 119  Streptococcus.pyogenes.001051095            47.56%    passed     30.21%
 120  Escherichia.dysenteriae.002741555           47.70%    passed     29.51%
 121  Streptococcus.pyogenes.900474845            47.72%    passed     29.87%
 122  Staphylococcus.aureus.002355355             47.47%    passed     36.69%
 123  Pseudomonas.aeruginosa.001879525            47.52%    passed     69.98%
 124  Klebsiella.pneumoniae.001902415             47.74%    passed     27.39%
 125  Streptococcus.suis.000231885                47.69%    passed     69.04%
 126  Klebsiella.pneumoniae.002903025             47.70%    passed     29.49%
 127  Escherichia.dysenteriae.000021125           47.33%    passed     27.68%
 128  Pseudomonas_E.hunanensis.000495455          47.54%    passed     90.54%
 129  Escherichia.flexneri.002589795              47.56%    passed     19.78%
 130  Streptococcus.pyogenes.900475425            47.70%    passed     32.47%
 131  Streptococcus.pneumoniae.000211075          47.76%    passed     48.99%
 132  Klebsiella.pneumoniae.000417225             47.74%    passed     25.80%
 133  Enterococcus_B.faecium.002850515            47.61%    passed     74.96%
 134  Klebsiella.pneumoniae.000764615             47.69%    passed     30.36%
 135  Pseudomonas_E.ficuserectae.000164015        47.49%    passed     88.49%
 136  Streptococcus.pyogenes.000250905            47.70%    passed     30.39%
 137  Streptococcus.iniae.002787125               47.72%    passed     30.67%
 138  Pseudomonas.aeruginosa.000504045            47.60%    passed     63.90%
 139  Klebsiella.pneumoniae.002903005             47.61%    passed     32.11%
 140  Streptococcus.sobrinus.900475395            47.88%    passed     78.59%
 141  Staphylococcus.haemolyticus.000009865       47.56%    passed     39.97%
 142  Staphylococcus.xylosus.000706685            47.31%    passed     24.01%
 143  Escherichia.coli.002193095                  47.49%    passed     19.48%
 144  Enterococcus.faecalis.002208945             47.67%    passed     81.25%
 145  Staphylococcus.haemolyticus.002906595       47.38%    passed     45.58%
 146  Staphylococcus.xylosus.002078255            47.40%    passed     23.44%
 147  Streptococcus.dysgalactiae.900475725        47.70%    passed     57.62%
 148  Streptococcus.pneumoniae.000251085          47.72%    passed     37.02%
 149  Pseudomonas.aeruginosa.002104595            47.61%    passed     67.94%
 150  Pseudomonas_E.monteilii_B.000325725         47.72%    passed     88.15%
 151  Streptococcus.suis.000344765                47.60%    passed     57.89%
 152  Escherichia.coli.002011965                  47.45%    passed     20.90%
 153  Pseudomonas_E.monteilii_B.000219705         47.49%    passed     85.26%
 154  Streptococcus.thermophilus.001008015        47.76%    passed     41.67%
 155  Klebsiella.quasipneumoniae.001596075        47.72%    passed     28.56%
 156  Escherichia.coli.002944935                  47.43%    passed     18.95%
 157  Streptococcus.agalactiae.002197285          47.69%    passed     20.49%
 158  Escherichia.coli.900149875                  47.47%    passed     21.65%
 159  Streptococcus.suis.000026725                47.60%    passed     57.89%
 160  Staphylococcus.pseudintermedius.001685665   47.74%    passed     53.64%
 161  Streptococcus.pneumoniae.000211055          47.74%    passed     40.35%
 162  Staphylococcus.aureus.003193705             47.42%    passed     42.85%
 163  Escherichia.coli.000284495                  47.76%    passed     25.53%
 164  Escherichia.coli.002012145                  47.45%    passed     20.85%
 165  Streptococcus.thermophilus.001705585        47.78%    passed     45.01%
 166  Escherichia.albertii.000512125              47.13%    passed     17.25%
 167  Escherichia.dysenteriae.000732965           47.29%    passed     24.46%
 168  Streptococcus.thermophilus.000182875        47.94%    passed     43.28%
 169  Enterococcus_B.faecium.001720945            47.56%    passed     72.84%
 170  Escherichia.flexneri.001901465              47.42%    passed     16.36%
 171  Streptococcus.agalactiae.001712835          47.69%    passed     19.31%
 172  Klebsiella.pneumoniae.001708225             47.74%    passed     29.55%
 173  Klebsiella_A.oxytoca.001870185              45.72%    passed     22.42%
 174  Streptococcus.pneumoniae.000019005          47.72%    passed     38.58%
 175  Streptococcus.mutans.900475095              47.70%    passed     61.06%
 176  Escherichia.flexneri.001900885              47.16%    passed     22.27%
 177  Enterococcus_B.faecium.000174395            47.61%    passed     71.47%
 178  Pseudomonas.aeruginosa.000026645            47.60%    passed     65.70%
 179  Enterococcus_B.faecium.002983785            47.52%    passed     74.69%
 180  Streptococcus.suis.002189695                47.60%    passed     57.89%
 181  Escherichia.coli.001618365                  47.49%    passed     20.86%
 182  Escherichia.dysenteriae.002058765           47.87%    passed     35.53%
 183  Streptococcus.pyogenes.900475455            47.69%    passed     35.65%
 184  Streptococcus.agalactiae.001592425          47.67%    passed     20.70%
 185  Escherichia.coli_D.002587005                47.38%    passed     28.63%
 186  Klebsiella_B.aerogenes.000215745            47.87%    passed     51.41%
 187  Klebsiella.pneumoniae.001648215             47.85%    passed     31.23%
 188  Staphylococcus.schleiferi.001548255         47.24%    passed     59.05%
 189  Klebsiella_A.oxytoca.001022115              45.74%    passed     23.21%
 190  Streptococcus.pyogenes.900475115            47.69%    passed     37.63%
 191  Klebsiella_A.michiganensis.001022195        45.98%    passed     23.76%
 192  Escherichia.coli.001663475                  47.47%    passed     20.16%
 193  Streptococcus.suis.000471985                47.69%    passed     66.44%
 194  Escherichia.dysenteriae.000662395           47.36%    passed     29.19%
 195  Staphylococcus.epidermidis.000759555        47.34%    passed     58.50%
 196  Streptococcus.thermophilus.001280285        47.79%    passed     41.48%
 197  Escherichia.flexneri.001969285              47.43%    passed     21.06%
 198  Klebsiella.quasipneumoniae.003181175        47.72%    passed     28.56%
 199  Pseudomonas.aeruginosa.002997005            47.65%    passed     65.01%
 200  Escherichia.coli_D.002009315                47.54%    passed     27.33%
 201  Escherichia.flexneri.000599625              47.52%    passed     18.88%
 202  Streptococcus.pneumoniae.000019985          47.72%    passed     44.30%
 203  Streptococcus.suis.000390245                47.60%    passed     55.83%
 204  Streptococcus.agalactiae.001190805          47.69%    passed     19.31%
 205  Streptococcus.suis.900475585                47.61%    passed     58.93%
 206  Enterococcus_B.faecium.001721905            47.60%    passed     71.18%
 207  Streptococcus.gallolyticus.000270145        47.78%    passed     41.07%
 208  Escherichia.dysenteriae.001865295           47.27%    passed     23.83%
 209  Streptococcus.salivarius.000253335          47.78%    passed     39.11%
 210  Staphylococcus.aureus.001611345             47.42%    passed     39.73%
 211  Staphylococcus.aureus.000969225             47.33%    passed     43.22%
 212  Enterococcus.faecalis.000550745             47.49%    passed     78.43%
 213  Streptococcus.pyogenes.001267805            47.69%    passed     28.22%
 214  Staphylococcus.schleiferi.001188855         47.33%    passed     53.95%
 215  Pseudomonas.aeruginosa.003193645            47.58%    passed     65.11%
 216  Escherichia.dysenteriae.001612495           47.31%    passed     25.32%
 217  Escherichia.dysenteriae.001890225           47.33%    passed     26.18%
 218  Escherichia.coli_D.002946715                47.24%    passed     25.24%
 219  Escherichia.flexneri.002953055              47.79%    passed     25.00%
 220  Staphylococcus.saprophyticus.000010125      47.38%    passed     26.44%
 221  Escherichia.coli_D.003030245                47.36%    passed     31.01%
 222  Streptococcus.equi.000026605                47.74%    passed     61.13%
 223  Pseudomonas_E.syringae_M.900235825          47.60%    passed     86.95%
 224  Streptococcus.pyogenes.900475765            47.69%    passed     33.50%
 225  Streptococcus.pneumoniae.900476445          47.72%    passed     42.37%
 226  Streptococcus.equi.900475435                47.74%    passed     46.50%
 227  Escherichia.coli_D.002310695                47.69%    passed     28.98%
 228  Pseudomonas_E.piscium.002355875             47.51%    passed     87.31%
 229  Escherichia.coli.001577325                  47.45%    passed     22.26%
 230  Pseudomonas_E.hunanensis.000264665          47.51%    passed     92.14%
 231  Pseudomonas_A.stutzeri.000013785            47.90%    passed     74.90%
 232  Streptococcus.dysgalactiae.000317855        47.65%    passed     55.86%
 233  Escherichia.flexneri.000023365              47.79%    passed     28.06%
 234  Escherichia.dysenteriae.001806285           47.29%    passed     24.46%
 235  Klebsiella.pneumoniae.000474015             48.24%    passed     36.42%
 236  Streptococcus.gallolyticus.000203195        47.79%    passed     40.31%
 237  Staphylococcus.pseudintermedius.000189495   47.34%    passed     53.07%
 238  Streptococcus.pneumoniae.000007045          47.76%    passed     43.14%
 239  Streptococcus.thermophilus.000262675        47.79%    passed     41.48%
 240  Staphylococcus.schleiferi.001188895         47.25%    passed     56.66%
 241  Escherichia.coli_D.002787645                47.67%    passed     23.27%
 242  Klebsiella_A.michiganensis.002290285        45.63%    passed     17.65%
 243  Streptococcus.agalactiae.001026925          47.69%    passed     19.31%
 244  Streptococcus.pyogenes.900475955            47.69%    passed     33.50%
 245  Staphylococcus.epidermidis.002085695        47.27%    passed     62.30%
 246  Streptococcus.suis.002736265                47.69%    passed     66.44%
 247  Pseudomonas.aeruginosa.001077475            47.60%    passed     65.13%
 248  Escherichia.flexneri.002761835              47.40%    passed     18.47%
 249  Streptococcus.gordonii.000970665            47.96%    passed     86.47%
 250  Staphylococcus.aureus.000011265             47.38%    passed     44.72%
 251  Escherichia.dysenteriae.000520055           47.36%    passed     29.19%
 252  Staphylococcus.epidermidis.002215535        47.51%    passed     54.14%
 253  Streptococcus.suis.000231925                47.60%    passed     62.22%
 254  Pseudomonas_E.avellanae.002763655           47.49%    passed     83.68%
 255  Escherichia.albertii.002872455              47.27%    passed     16.18%
 256  Streptococcus.agalactiae.000007265          47.74%    passed     21.72%
 257  Escherichia.coli_D.000227625                47.31%    passed     28.91%
 258  Klebsiella_A.michiganensis.002947505        47.63%    passed     20.21%
 259  Klebsiella.variicola.001548315              47.54%    passed     40.15%
 260  Klebsiella.pneumoniae.002753165             47.43%    passed     30.62%
 261  Escherichia.coli.003020885                  47.43%    passed     26.20%
 262  Streptococcus.pyogenes.000732425            47.69%    passed     33.50%
 263  Pseudomonas_E.monteilii_B.000510325         47.52%    passed     85.48%
 264  Pseudomonas_E.avellanae.002024305           47.49%    passed     85.27%
 265  Klebsiella.quasipneumoniae.001280925        47.47%    passed     27.20%
 266  Enterococcus.faecalis.000742975             47.61%    passed     80.96%
 267  Escherichia.dysenteriae.001753525           47.20%    passed     21.18%
 268  Staphylococcus.equorum_B.001682235          47.18%    passed     13.86%
 269  Escherichia.coli.003019095                  47.34%    passed     22.38%
 270  Escherichia.coli_D.002310615                47.47%    passed     24.35%
 271  Escherichia.coli.001900735                  47.20%    passed     32.18%
 272  Enterococcus.faecalis.003030425             47.60%    passed     82.88%
 273  Staphylococcus.aureus.001594205             47.34%    passed     37.73%
 274  Pseudomonas.aeruginosa_A.000017205          47.58%    passed     62.81%
 275  Escherichia.flexneri.002180095              47.63%    passed     27.75%
 276  Escherichia.albertii.001549955              47.27%    passed     16.00%
 277  Klebsiella.variicola.002156765              47.54%    passed     30.87%
 278  Escherichia.albertii.002285475              47.18%    passed     16.63%
 279  Escherichia.coli.001617565                  47.45%    passed     20.90%
 280  Pseudomonas_E.syringae_M.900235865          47.52%    passed     83.02%
 281  Streptococcus.pyogenes.001547715            47.69%    passed     35.65%
 282  Escherichia.coli_D.002011985                47.65%    passed     27.29%
 283  Klebsiella_A.michiganensis.003074075        45.74%    passed     21.97%
 284  Streptococcus.anginosus.000463505           47.70%    passed     62.54%
 285  Klebsiella.pneumoniae.002192375             47.87%    passed     28.29%
 286  Staphylococcus.pseudintermedius.001682335   47.47%    passed     53.48%
 287  Escherichia.coli_D.000784925                47.52%    passed     30.08%
 288  Pseudomonas.aeruginosa.001515845            47.60%    passed     65.13%
 289  Streptococcus.mutans.000091645              47.70%    passed     65.72%
 290  Streptococcus.thermophilus.000014485        47.78%    passed     42.75%
 291  Enterococcus.faecalis.001689055             47.54%    passed     80.40%
 292  Enterococcus_B.faecium.002848745            47.67%    passed     68.44%
 293  Escherichia.coli.900149915                  47.47%    passed     21.65%
 294  Streptococcus.pneumoniae.001902455          47.72%    passed     37.02%
 295  Streptococcus.agalactiae.001683515          47.69%    passed     20.49%
 296  Streptococcus.pyogenes.900475485            47.69%    passed     35.65%
 297  Streptococcus.equi.900475295                47.63%    passed     61.00%
 298  Pseudomonas_E.avellanae.001913215           47.49%    passed     85.27%
 299  Escherichia.flexneri.001678965              47.61%    passed     28.58%
 300  Pseudomonas.aeruginosa.002085605            47.58%    passed     65.11%
 301  Streptococcus.suis.000186405                47.69%    passed     55.99%
 302  Streptococcus.suis.000732355                47.70%    passed     68.33%
 303  Streptococcus.pneumoniae.900475805          47.76%    passed     37.78%
 304  Staphylococcus.lugdunensis.002407165        47.52%    passed     31.43%
 305  Staphylococcus.lugdunensis.000025085        47.47%    passed     36.44%
 306  Klebsiella_A.oxytoca.001022295              45.72%    passed     22.42%
 307  Streptococcus.uberis.002814135              47.72%    passed     53.90%
 308  Pseudomonas_A.stutzeri.003008495            47.54%    passed     71.73%
 309  Streptococcus.thermophilus.002012365        47.79%    passed     41.93%
 310  Escherichia.coli.002180195                  47.45%    passed     20.90%
 311  Staphylococcus.lugdunensis.900478255        47.47%    passed     38.00%
 312  Pseudomonas.aeruginosa.001548135            47.63%    passed     66.26%
 313  Streptococcus.salivarius.000785515          47.76%    passed     42.36%
 314  Escherichia.coli.001675145                  47.40%    passed     21.73%
 315  Escherichia.flexneri.002163935              47.58%    passed     27.04%
 316  Staphylococcus.aureus.000597965             47.42%    passed     41.40%
 317  Streptococcus.pyogenes.003203475            47.69%    passed     33.50%
 318  Streptococcus.pneumoniae.900476475          47.72%    passed     39.40%
 319  Pseudomonas_E.ficuserectae.900289125        47.51%    passed     88.19%
 320  Enterococcus_B.faecium.002761275            47.63%    passed     70.17%
 321  Streptococcus.agalactiae.000730255          47.69%    passed     20.49%
 322  Streptococcus.lutetiensis.000441535         47.74%    passed     28.16%
 323  Enterococcus.faecalis.002163735             47.58%    passed     79.42%
 324  Staphylococcus.simulans.003006075           47.40%    passed     70.01%
 325  Pseudomonas.aeruginosa_A.003025345          47.61%    passed     63.95%
 326  Pseudomonas.aeruginosa.003206535            47.58%    passed     67.34%
 327  Staphylococcus.lugdunensis.001558815        47.47%    passed     37.81%
 328  Klebsiella_B.aerogenes.002591115            47.36%    passed     48.07%
 329  Streptococcus.thermophilus.002846075        47.76%    passed     44.01%
 330  Klebsiella_A.michiganensis.000714655        47.60%    passed     20.24%
 331  Streptococcus.agalactiae.000689235          47.69%    passed     20.49%
 332  Streptococcus.sobrinus.003172975            47.74%    passed     76.72%
 333  Pseudomonas_E.avellanae.000648735           47.49%    passed     85.27%
 334  Streptococcus.agalactiae.000730215          47.69%    passed     19.31%
 335  Escherichia.coli_D.001900315                47.33%    passed     24.57%
 336  Escherichia.dysenteriae.000730345           47.27%    passed     27.06%
 337  Escherichia.coli_D.003095635                47.45%    passed     28.47%
 338  Pseudomonas_E.hunanensis.000271965          47.52%    passed     91.42%
 339  Pseudomonas_A.stutzeri.000195105            47.52%    passed     72.76%
 340  Klebsiella.variicola.001989495              47.54%    passed     29.20%
 341  Streptococcus.agalactiae.002197265          47.69%    passed     20.49%
 342  Staphylococcus.aureus.002000765             47.42%    passed     42.42%
 343  Streptococcus.intermedius.002073355         47.70%    passed     46.26%
 344  Klebsiella.pneumoniae.001709275             47.81%    passed     36.51%
 345  Escherichia.flexneri.001721225              47.38%    passed     18.86%
 346  Streptococcus.agalactiae.000427075          48.08%    passed     23.96%
 347  Escherichia.coli.002996945                  47.51%    passed     22.92%
 348  Enterococcus.faecalis.001886675             47.63%    passed     78.83%
 349  Streptococcus.agalactiae.002812505          47.69%    passed     20.49%
 350  Staphylococcus.aureus.000953255             47.33%    passed     39.67%
 351  Streptococcus.equi.000020765                47.74%    passed     49.79%
 352  Streptococcus.salivarius.002094975          47.81%    passed     35.01%
 353  Streptococcus.thermophilus.002843115        47.76%    passed     41.67%
 354  Escherichia.flexneri.002952855              47.79%    passed     25.00%
 355  Streptococcus.equi.000696505                47.52%    passed     42.79%
 356  Streptococcus.pyogenes.900475075            47.69%    passed     37.82%
 357  Streptococcus.dysgalactiae.900475145        47.72%    passed     54.18%
 358  Staphylococcus.aureus.003203635             47.43%    passed     43.01%
 359  Enterococcus_B.faecium.003020685            47.60%    passed     71.44%
 360  Klebsiella.quasipneumoniae.003146655        47.63%    passed     25.78%
 361  Streptococcus.gallolyticus.002000985        47.81%    passed     42.87%
 362  Escherichia.dysenteriae.001753545           47.29%    passed     24.46%
 363  Staphylococcus.lugdunensis.000270465        47.40%    passed     35.58%
 364  Streptococcus.suis.000018185                47.60%    passed     57.89%
 365  Pseudomonas_E.hunanensis.000007565          47.87%    passed     86.35%
 366  Klebsiella.pneumoniae.002833425             47.54%    passed     23.36%
 367  Streptococcus.uberis.900475595              47.81%    passed     53.95%
 368  Pseudomonas_E.piscium.000761195             47.52%    passed     87.50%
 369  Staphylococcus.aureus.000815245             47.40%    passed     40.90%
 370  Escherichia.flexneri.003018215              47.56%    passed     24.41%
 371  Streptococcus.dysgalactiae.900475255        47.69%    passed     54.58%
 372  Klebsiella.pneumoniae.002202195             47.78%    passed     30.97%
 373  Pseudomonas_E.hunanensis.001767335          47.43%    passed     89.30%
 374  Klebsiella.quasipneumoniae.003146635        47.63%    passed     25.78%
 375  Escherichia.flexneri.002899495              47.79%    passed     25.00%
 376  Klebsiella_B.aerogenes.001021995            47.38%    passed     47.24%
 377  Pseudomonas_E.ficuserectae.000012205        47.49%    passed     86.42%
 378  Streptococcus.sanguinis.900475045           47.74%    passed     90.66%
 379  Staphylococcus.aureus.001298325             47.38%    passed     36.44%
 380  Escherichia.coli.003018255                  47.76%    passed     21.04%
 381  Streptococcus.mutans.000284575              47.70%    passed     68.39%
 382  Klebsiella.pneumoniae.000417265             47.78%    passed     27.12%
 383  Pseudomonas.aeruginosa.002192495            47.65%    passed     67.86%
 384  Staphylococcus.lugdunensis.002591215        47.52%    passed     31.43%
 385  Streptococcus.pneumoniae.000211035          47.72%    passed     41.52%
 386  Enterococcus.faecalis.002814115             47.56%    passed     80.70%
 387  Klebsiella_A.michiganensis.002906395        47.60%    passed     20.24%
 388  Streptococcus.pneumoniae.000018965          47.72%    passed     44.30%
 389  Enterococcus_B.faecium.001953255            47.60%    passed     71.18%
 390  Streptococcus.pyogenes.900475085            47.69%    passed     31.62%
 391  Escherichia.coli.002056635                  47.42%    passed     22.38%
 392  Escherichia.coli.001566675                  47.45%    passed     20.90%
 393  Streptococcus.agalactiae.000427035          47.69%    passed     19.31%
 394  Streptococcus.equi.900474875                47.72%    passed     60.57%
 395  Enterococcus.faecalis.002355755             47.60%    passed     81.44%
 396  Streptococcus.sobrinus.003172995            47.74%    passed     75.40%
 397  Pseudomonas.aeruginosa.002205335            47.61%    passed     65.75%
 398  Streptococcus.equi.900475125                47.74%    passed     49.79%
 399  Escherichia.dysenteriae.001753465           47.20%    passed     21.18%
 400  Pseudomonas_E.avellanae.900235905           47.47%    passed     88.22%
 401  Streptococcus.mutans.001558215              47.70%    passed     63.05%
 402  Enterococcus.faecalis.001878735             47.63%    passed     80.43%
 403  Pseudomonas.aeruginosa.002192475            47.60%    passed     65.13%
 404  Pseudomonas.aeruginosa.002237405            47.58%    passed     65.11%
 405  Streptococcus.mutans.000007465              47.79%    passed     73.16%
 406  Escherichia.coli.002012065                  47.45%    passed     20.90%
 407  Staphylococcus.aureus.001465675             47.42%    passed     37.92%
 408  Escherichia.dysenteriae.001753565           47.22%    passed     20.41%
 409  Escherichia.coli_D.000026345                47.78%    passed     27.59%
 410  Enterococcus_B.faecium.003020765            47.56%    passed     75.54%
 411  Staphylococcus.aureus.003185005             47.43%    passed     38.07%
 412  Pseudomonas_A.stutzeri.001038645            47.56%    passed     75.35%
 413  Streptococcus.agalactiae.002881315          47.69%    passed     19.74%
 414  Streptococcus.dysgalactiae.000307185        47.72%    passed     53.74%
 415  Enterococcus.faecalis.001989555             47.58%    passed     81.09%
 416  Streptococcus.agalactiae.002073795          47.69%    passed     20.49%
 417  Enterococcus_B.faecium.002777275            47.61%    passed     70.47%
 418  Streptococcus.agalactiae.000831125          47.70%    passed     19.50%
 419  Enterococcus_B.faecium.002334625            47.60%    passed     71.18%
 420  Staphylococcus.simulans.001559115           47.36%    passed     71.02%
 421  Streptococcus.pyogenes.900475795            47.69%    passed     37.82%
 422  Escherichia.coli.001660585                  47.34%    passed     27.21%
 423  Enterococcus_B.faecium.000444405            47.54%    passed     78.03%
 424  Escherichia.coli.002853715                  47.27%    passed     30.24%
 425  Streptococcus.salivarius.002073815          47.76%    passed     42.36%
 426  Escherichia.coli_D.000027125                47.81%    passed     22.96%
 427  Staphylococcus.epidermidis.002954055        47.43%    passed     58.79%
 428  Staphylococcus.haemolyticus.001611955       47.51%    passed     40.29%
 429  Streptococcus.lutetiensis.900475675         47.74%    passed     28.16%
 430  Streptococcus.salivarius.001543085          47.87%    passed     40.10%
 431  Escherichia.dysenteriae.001695515           47.31%    passed     22.17%
 432  Streptococcus.thermophilus.001855705        47.79%    passed     41.93%
 433  Staphylococcus.epidermidis.002850315        47.38%    passed     59.08%
 434  Klebsiella.quasipneumoniae.001278905        47.45%    passed     25.07%
 435  Streptococcus.suis.001721625                47.69%    passed     56.03%
 436  Streptococcus.pneumoniae.000146975          47.69%    passed     38.94%
 437  Klebsiella_B.aerogenes.001571545            47.60%    passed     48.57%
 438  Streptococcus.lutetiensis.900475065         47.74%    passed     28.16%
 439  Streptococcus.salivarius.000448685          47.76%    passed     42.36%
 440  Escherichia.coli.001021595                  47.43%    passed     23.13%
 441  Klebsiella.variicola.002852915              47.40%    passed     27.64%
 442  Klebsiella_B.aerogenes.002796425            47.36%    passed     50.85%
 443  Klebsiella.pneumoniae.000742755             47.60%    passed     31.78%
 444  Streptococcus.gordonii.000017005            47.72%    passed     85.58%
 445  Streptococcus.pneumoniae.001896045          47.72%    passed     42.18%
 446  Pseudomonas.aeruginosa.001900225            47.63%    passed     66.91%
 447  Streptococcus.sanguinis.000014205           47.96%    passed     91.78%
 448  Streptococcus.pyogenes.000011665            47.69%    passed     35.65%
 449  Klebsiella.variicola.001989535              47.54%    passed     29.20%
 450  Staphylococcus.epidermidis.000007645        49.11%    passed     75.60%
 451  Staphylococcus.xylosus.000953575            47.33%    passed     25.26%
 452  Escherichia.flexneri.002741255              47.61%    passed     27.43%
 453  Klebsiella.quasipneumoniae.002240295        47.43%    passed     29.05%
 454  Streptococcus.pneumoniae.000018985          47.72%    passed     35.97%
 455  Pseudomonas.aeruginosa.001547955            47.67%    passed     63.41%
 456  Pseudomonas.aeruginosa.001542835            47.60%    passed     65.13%
 457  Escherichia.flexneri.002211725              47.65%    passed     24.01%
 458  Escherichia.dysenteriae.002741495           47.70%    passed     29.51%
 459  Klebsiella_A.michiganensis.002906435        45.62%    passed     20.64%
 460  Streptococcus.pneumoniae.900476505          47.72%    passed     42.37%
 461  Streptococcus.suis.001936415                47.60%    passed     57.89%
 462  Streptococcus.suis.000233575                47.65%    passed     60.93%
 463  Streptococcus.agalactiae.002197425          47.69%    passed     20.49%
 464  Escherichia.coli_D.001890365                47.60%    passed     26.21%
 465  Pseudomonas_E.hunanensis.002953115          47.49%    passed     89.44%
 466  Escherichia.flexneri.002870165              47.24%    passed     23.47%
 467  Escherichia.dysenteriae.001651965           47.29%    passed     23.02%
 468  Staphylococcus.epidermidis.000011925        47.36%    passed     62.92%
 469  Klebsiella_B.aerogenes.003071285            47.40%    passed     48.18%
 470  Enterococcus_B.faecium.001587115            47.58%    passed     74.41%
 471  Staphylococcus.saprophyticus.001558275      47.34%    passed     32.72%
 472  Streptococcus.agalactiae.001552035          47.69%    passed     20.49%
 473  Escherichia.albertii.002285455              47.52%    passed     12.28%
 474  Streptococcus.pyogenes.001014305            47.69%    passed     35.65%
 475  Pseudomonas.aeruginosa.001874465            47.67%    passed     66.27%
 476  Streptococcus.suis.001272635                47.69%    passed     66.44%
 477  Staphylococcus.epidermidis.900086615        47.40%    passed     60.73%
 478  Streptococcus.pyogenes.000767505            47.69%    passed     33.50%
 479  Streptococcus.pyogenes.900474975            47.72%    passed     31.69%
 480  Streptococcus.pyogenes.000756485            47.69%    passed     33.50%
 481  Pseudomonas.aeruginosa_A.002968755          47.61%    passed     63.48%
 482  Pseudomonas_E.avellanae.002905795           47.51%    passed     89.68%
 483  Enterococcus_B.faecium.002761255            47.63%    passed     70.17%
 484  Streptococcus.pyogenes.001635895            47.60%    passed     29.27%
 485  Staphylococcus.aureus.900475245             47.42%    passed     39.92%
 486  Pseudomonas_E.protegens.000828695           47.51%    passed     86.42%
 487  Enterococcus_B.faecium.001518735            47.61%    passed     70.87%
 488  Streptococcus.suis.000026745                47.70%    passed     64.22%
 489  Staphylococcus.aureus.001975005             47.43%    passed     40.42%
 490  Klebsiella.quasipneumoniae.002953295        47.72%    passed     28.56%
 491  Escherichia.coli_D.000019645                47.76%    passed     22.52%
 492  Streptococcus.pyogenes.900474865            47.70%    passed     32.47%
 493  Escherichia.coli_D.002787215                47.78%    passed     27.56%
 494  Staphylococcus.lugdunensis.900474705        47.45%    passed     37.32%
 495  Enterococcus_B.faecium.900066025            47.51%    passed     75.34%
 496  Pseudomonas_E.avellanae.002966555           47.51%    passed     85.76%
 497  Streptococcus.gallolyticus.000027185        47.78%    passed     41.07%
 498  Streptococcus.dysgalactiae.000188715        47.72%    passed     54.18%
 499  Streptococcus.uberis.900475695              47.72%    passed     53.90%
 500  Pseudomonas_E.avellanae.001913235           47.49%    passed     85.27%
 501  Streptococcus.lutetiensis.001477615         47.70%    passed     24.78%
 502  Pseudomonas_A.stutzeri.000219605            47.56%    passed     71.00%
 503  Klebsiella.pneumoniae.002180175             47.63%    passed     27.63%
 504  Staphylococcus.equorum_B.001683315          47.13%    passed     15.34%
 505  Escherichia.coli_D.003180995                47.65%    passed     32.47%
 506  Streptococcus.iniae.000831485               47.69%    passed     31.34%
 507  Klebsiella.pneumoniae.002852945             47.43%    passed     26.76%
 508  Streptococcus.thermophilus.900094135        47.76%    passed     42.07%
 509  Streptococcus.suis.000091905                47.60%    passed     57.89%
 510  Klebsiella_B.aerogenes.001559215            47.65%    passed     51.75%
 511  Enterococcus_B.faecium.003071425            47.54%    passed     73.80%
 512  Staphylococcus.aureus.003031425             47.38%    passed     39.38%
 513  Streptococcus.sobrinus.003176795            47.74%    passed     76.76%
 514  Streptococcus.thermophilus.001514435        47.76%    passed     44.01%
 515  Escherichia.dysenteriae.003018995           47.45%    passed     27.92%
 516  Klebsiella.quasipneumoniae.003020825        47.56%    passed     30.92%
 517  Enterococcus_B.faecium.001721065            47.60%    passed     71.18%
 518  Streptococcus.agalactiae.001729925          47.76%    passed     19.28%
 519  Streptococcus.pyogenes.900474765            47.69%    passed     31.62%
 520  Streptococcus.gordonii.900475015            47.72%    passed     87.10%
 521  Streptococcus.agalactiae.000012705          47.69%    passed     19.31%
 522  Streptococcus.thermophilus.900474985        47.81%    passed     40.96%
 523  Streptococcus.gordonii.001281105            47.74%    passed     86.08%
 524  Klebsiella.variicola.002164805              47.27%    passed     33.74%
 525  Pseudomonas_E.avellanae.900235835           47.49%    passed     87.10%
 526  Streptococcus.intermedius.000463355         47.70%    passed     48.59%
 527  Pseudomonas_E.monteilii_B.000510285         47.52%    passed     85.48%
 528  Streptococcus.dysgalactiae.900475185        47.70%    passed     55.05%
 529  Pseudomonas_E.ficuserectae.002905685        47.51%    passed     88.19%
 530  Streptococcus.agalactiae.002812465          47.69%    passed     20.49%
 531  Pseudomonas_E.ficuserectae.002068135        47.61%    passed     89.22%
 532  Streptococcus.suis.000494895                47.69%    passed     63.16%
 533  Enterococcus_B.faecium.003020705            47.61%    passed     70.14%
 534  Klebsiella.variicola.000025465              47.43%    passed     32.98%
 535  Staphylococcus.aureus.900017775             47.40%    passed     42.37%
 536  Staphylococcus.aureus.001018655             47.45%    passed     38.10%
 537  Escherichia.coli.003194345                  47.45%    passed     22.35%
 538  Enterococcus_B.faecium.002848625            47.60%    passed     71.18%
 539  Streptococcus.pneumoniae.000026665          47.74%    passed     37.66%
 540  Pseudomonas_E.syringae_M.000012245          47.88%    passed     78.07%
 541  Escherichia.coli_D.001677475                47.79%    passed     32.11%
 542  Pseudomonas_E.piscium.003008635             47.51%    passed     88.59%
 543  Escherichia.flexneri.001900535              47.24%    passed     22.17%
 544  Klebsiella_A.michiganensis.002072655        45.98%    passed     19.50%
 545  Klebsiella.pneumoniae.001908655             47.94%    passed     28.29%
 546  Klebsiella_A.michiganensis.001970835        47.74%    passed     19.73%
 547  Streptococcus.sanguinis.900475505           47.74%    passed     91.01%
 548  Streptococcus.equi.900474805                47.74%    passed     56.54%
 549  Escherichia.dysenteriae.001650275           47.29%    passed     24.46%
 550  Streptococcus.pyogenes.002355175            47.69%    passed     33.50%
 551  Pseudomonas.aeruginosa.002812905            47.58%    passed     67.34%
 552  Streptococcus.intermedius.000306805         47.70%    passed     46.37%
 553  Staphylococcus.aureus.002952015             47.33%    passed     39.67%
 554  Staphylococcus.pseudintermedius.001682435   47.36%    passed     52.64%
 555  Pseudomonas_E.protegens.002006545           47.56%    passed     87.78%
 556  Streptococcus.agalactiae.000299135          47.65%    passed     19.48%
 557  Streptococcus.pyogenes.000250925            47.69%    passed     29.78%
 558  Streptococcus.gallolyticus.900475715        47.81%    passed     42.87%
 559  Staphylococcus.equorum_B.001663395          47.18%    passed     13.86%
 560  Escherichia.dysenteriae.001890245           47.33%    passed     25.98%
 561  Escherichia.flexneri.002903125              47.54%    passed     23.36%
 562  Pseudomonas.aeruginosa.001721845            47.63%    passed     62.19%
 563  Escherichia.flexneri.003017455              47.38%    passed     24.39%
 564  Klebsiella_A.michiganensis.000276705        45.63%    passed     18.76%
 565  Streptococcus.salivarius.000253315          47.76%    passed     40.11%
 566  Staphylococcus.aureus.001956755             47.36%    passed     40.54%
 567  Escherichia.coli_D.002966755                47.56%    passed     26.67%
 568  Pseudomonas_E.hunanensis.000016865          47.63%    passed     90.73%
 569  Enterococcus_B.faecium.001635875            47.60%    passed     71.18%
 570  Streptococcus.pneumoniae.003003495          47.72%    passed     40.66%
 571  Streptococcus.pyogenes.000743015            47.72%    passed     35.70%
 572  Escherichia.coli_D.001485455                47.40%    passed     29.37%
 573  Pseudomonas.aeruginosa.002812825            47.61%    passed     65.75%
 574  Streptococcus.pyogenes.900474815            47.70%    passed     34.38%
 575  Escherichia.flexneri.003019215              47.45%    passed     20.28%
 576  Klebsiella_A.michiganensis.001753185        45.60%    passed     20.12%
 577  Klebsiella.pneumoniae.002752815             47.56%    passed     29.14%
 578  Klebsiella.pneumoniae.002752975             47.45%    passed     29.65%
 579  Streptococcus.pneumoniae.002357995          47.72%    passed     44.00%
 580  Klebsiella_A.oxytoca.002984395              45.80%    passed     25.47%
 581  Klebsiella.pneumoniae.003031325             47.67%    passed     29.40%
 582  Streptococcus.sobrinus.900475365            47.85%    passed     72.57%
 583  Klebsiella.quasipneumoniae.003146685        47.63%    passed     25.78%
 584  Klebsiella_A.oxytoca.003073975              45.71%    passed     24.78%
 585  Streptococcus.iniae.001885145               47.72%    passed     30.67%
 586  Klebsiella_B.aerogenes.001593585            47.47%    passed     45.85%
 587  Streptococcus.intermedius.900475975         47.70%    passed     46.37%
 588  Streptococcus.pneumoniae.900476455          47.72%    passed     43.66%
 589  Escherichia.coli_D.001900295                47.24%    passed     23.99%
 590  Pseudomonas_E.piscium.000698865             47.52%    passed     86.15%
 591  Streptococcus.pyogenes.900474795            47.70%    passed     32.70%
 592  Klebsiella_A.michiganensis.000632415        45.26%    passed     18.79%
 593  Escherichia.flexneri.001900985              47.31%    passed     17.56%
 594  Staphylococcus.simulans.003076375           47.40%    passed     70.01%
 595  Staphylococcus.aureus.001457495             47.40%    passed     44.83%
 596  Streptococcus.pyogenes.000013485            47.69%    passed     35.22%
 597  Streptococcus.pneumoniae.001896065          47.72%    passed     37.02%
 598  Enterococcus.faecalis.000281195             47.60%    passed     82.16%
 599  Streptococcus.suis.001640765                47.69%    passed     56.03%
 600  Pseudomonas.aeruginosa.001792855            47.58%    passed     66.13%
 601  Streptococcus.pneumoniae.900475305          47.74%    passed     39.81%
 602  Streptococcus.pyogenes.000011285            47.69%    passed     33.50%
 603  Pseudomonas_E.avellanae.000344355           47.49%    passed     85.27%
 604  Streptococcus.pneumoniae.000196595          47.87%    passed     34.45%
 605  Enterococcus.faecalis.000007785             47.69%    passed     80.02%
 606  Streptococcus.agalactiae.002197245          47.69%    passed     20.49%
 607  Pseudomonas_E.hunanensis.000183645          47.60%    passed     90.76%
 608  Pseudomonas_E.protegens.000012265           47.51%    passed     87.60%
 609  Streptococcus.thermophilus.001663795        47.79%    passed     41.93%
 610  Staphylococcus.haemolyticus.002906615       47.45%    passed     42.25%
 611  Streptococcus.suis.000231905                47.74%    passed     64.42%
 612  Streptococcus.dysgalactiae.000010705        47.72%    passed     53.74%
 613  Enterococcus.faecalis.001598635             47.60%    passed     80.59%
 614  Enterococcus.faecalis.000172575             47.58%    passed     83.38%
 615  Streptococcus.iniae.002220115               47.72%    passed     31.64%
 616  Escherichia.coli_D.003019035                47.42%    passed     23.76%
 617  Pseudomonas.aeruginosa.001447845            47.58%    passed     63.95%
 618  Streptococcus.agalactiae.002289205          47.70%    passed     19.80%
 619  Staphylococcus.aureus.000025145             47.40%    passed     42.37%
 620  Streptococcus.agalactiae.002197365          47.69%    passed     20.49%
 621  Pseudomonas.aeruginosa.003060845            49.02%    passed     60.13%
 622  Enterococcus_B.faecium.000250945            47.52%    passed     72.39%
 623  Streptococcus.anginosus.000463465           47.65%    passed     63.07%
 624  Escherichia.flexneri.001900335              47.36%    passed     19.71%
 625  Streptococcus.anginosus.000478925           47.72%    passed     62.17%
 626  Streptococcus.anginosus.001412635           47.65%    passed     63.07%
 627  Streptococcus.salivarius.900475225          47.76%    passed     38.12%
 628  Streptococcus.suis.000204625                47.69%    passed     65.37%
 629  Klebsiella_B.aerogenes.002796405            47.51%    passed     44.14%
 630  Streptococcus.pneumoniae.000210995          47.72%    passed     40.07%
 631  Escherichia.coli_D.002012045                47.56%    passed     26.39%
 632  Escherichia.flexneri.003073815              47.54%    passed     20.58%
 633  Enterococcus.faecalis.000317915             47.60%    passed     81.44%
 634  Pseudomonas_E.monteilii_B.000831585         47.58%    passed     87.79%
 635  Escherichia.flexneri.001559675              47.74%    passed     25.99%
 636  Streptococcus.suis.003144175                47.70%    passed     61.61%
 637  Streptococcus.mutans.000817065              47.70%    passed     69.53%
 638  Streptococcus.thermophilus.000971665        47.78%    passed     42.75%
 639  Streptococcus.equi.000219765                47.52%    passed     42.79%
 640  Enterococcus_B.faecium.002880635            47.52%    passed     70.81%
 641  Pseudomonas.aeruginosa.000006765            47.94%    passed     57.53%
 642  Streptococcus.suis.001610935                47.69%    passed     66.44%
 643  Escherichia.flexneri.003112165              47.49%    passed     22.74%
 644  Klebsiella_A.michiganensis.002216835        45.63%    passed     17.65%
 645  Klebsiella.pneumoniae.003073315             47.88%    passed     26.38%
 646  Escherichia.flexneri.001900945              47.25%    passed     22.75%
 647  Staphylococcus.xylosus.000709415            47.36%    passed     23.64%
 648  Streptococcus.pneumoniae.000210975          47.78%    passed     41.95%
 649  Klebsiella_A.michiganensis.000240325        45.90%    passed     18.14%
 650  Staphylococcus.epidermidis.002944995        47.34%    passed     61.26%
 651  Klebsiella.pneumoniae.000417085             47.76%    passed     26.46%
 652  Klebsiella_A.michiganensis.002906415        46.03%    passed     21.10%
 653  Pseudomonas_E.syringae_M.000988485          47.47%    passed     84.51%
 654  Streptococcus.suis.000993745                47.60%    passed     57.89%
 655  Enterococcus_B.faecium.001750885            47.58%    passed     72.49%
 656  Streptococcus.agalactiae.001592385          47.69%    passed     19.00%
 657  Pseudomonas_E.avellanae.000344335           47.54%    passed     85.67%
 658  Staphylococcus.saprophyticus.002208905      47.36%    passed     28.21%
 659  Streptococcus.gordonii.900475385            47.72%    passed     89.70%
 660  Klebsiella.pneumoniae.002587885             47.76%    passed     26.46%
 661  Staphylococcus.simulans.002386185           47.36%    passed     70.33%
 662  Streptococcus.thermophilus.000011825        47.69%    passed     43.59%
 663  Staphylococcus.haemolyticus.002952715       47.49%    passed     46.81%
 664  Streptococcus.thermophilus.000011845        47.76%    passed     44.01%
 665  Streptococcus.thermophilus.000698885        47.78%    passed     40.85%
 666  Pseudomonas.aeruginosa.001721805            47.63%    passed     62.19%
 667  Streptococcus.pyogenes.000993765            47.70%    passed     32.70%
 668  Streptococcus.agalactiae.001266635          47.58%    passed     15.46%
 669  Escherichia.flexneri.000299255              47.56%    passed     27.25%
 670  Enterococcus_B.faecium.900092475            47.61%    passed     71.13%
 671  Escherichia.coli.000813165                  47.22%    passed     23.11%
 672  Pseudomonas_E.monteilii_B.000511325         47.58%    passed     87.65%
 673  Streptococcus.suis.002688665                47.60%    passed     57.89%
 674  Klebsiella.pneumoniae.000775375             47.74%    passed     25.80%
 675  Staphylococcus.lugdunensis.002073395        47.47%    passed     38.00%
 676  Streptococcus.suis.000294495                47.60%    passed     57.89%
 677  Staphylococcus.aureus.003030065             47.34%    passed     40.11%
 678  Streptococcus.agalactiae.001190885          47.69%    passed     19.31%
 679  Streptococcus.gordonii.002386285            47.74%    passed     86.08%
 680  Staphylococcus.equorum_B.001432245          47.13%    passed     14.16%
 681  Enterococcus_B.faecium.002761555            47.54%    passed     73.80%
 682  Klebsiella.pneumoniae.002197505             47.74%    passed     25.55%
 683  Klebsiella_B.aerogenes.002796525            47.65%    passed     49.45%
 684  Streptococcus.sanguinis.900475275           47.76%    passed     92.21%
 685  Escherichia.coli_D.001721525                47.49%    passed     28.33%
 686  Streptococcus.pyogenes.001559175            47.70%    passed     34.18%
 687  Streptococcus.thermophilus.000253395        47.78%    passed     42.75%
 688  Streptococcus.pneumoniae.000211015          47.72%    passed     41.52%
 689  Escherichia.coli.002012205                  47.49%    passed     22.32%
 690  Klebsiella.pneumoniae.002752995             47.60%    passed     33.16%
 691  Escherichia.coli.002237305                  47.42%    passed     18.25%
****  TOTAL                                       47.49%  1 sequences failed composition chi2 test (p-value<5%; df=3)
NOTE: Pseudomonas_E.avellanae.002024305 is identical to Pseudomonas_E.avellanae.002024285 but kept for subsequent analysis
NOTE: Pseudomonas.aeruginosa_A.002968755 is identical to Pseudomonas.aeruginosa_A.003073695 but kept for subsequent analysis
NOTE: Streptococcus.pneumoniae.003003495 is identical to Streptococcus.pneumoniae.000014365 but kept for subsequent analysis
NOTE: Streptococcus.pneumoniae.900476455 is identical to Streptococcus.pneumoniae.000147095 but kept for subsequent analysis
NOTE: Streptococcus.agalactiae.002812425 is identical to Streptococcus.agalactiae.900155855 but kept for subsequent analysis
NOTE: Escherichia.dysenteriae.001612495 is identical to Escherichia.dysenteriae.000262125 but kept for subsequent analysis
NOTE: Klebsiella.pneumoniae.001908655 is identical to Klebsiella.pneumoniae.001956965 but kept for subsequent analysis
NOTE: Streptococcus.suis.000471985 is identical to Streptococcus.suis.000168355 but kept for subsequent analysis
NOTE: Pseudomonas.aeruginosa.002085605 is identical to Pseudomonas.aeruginosa.001516105 but kept for subsequent analysis
NOTE: Enterococcus_B.faecium.003071425 is identical to Enterococcus_B.faecium.003071445 but kept for subsequent analysis
NOTE: Enterococcus_B.faecium.002848745 is identical to Enterococcus_B.faecium.002848665 but kept for subsequent analysis
NOTE: Staphylococcus.aureus.000953255 is identical to Staphylococcus.aureus.001018975 but kept for subsequent analysis
NOTE: Streptococcus.suis.000231865 is identical to Streptococcus.suis.002111405 but kept for subsequent analysis
NOTE: Escherichia.dysenteriae.001753525 is identical to Escherichia.dysenteriae.001753445 but kept for subsequent analysis
NOTE: Escherichia.dysenteriae.001651965 is identical to Escherichia.dysenteriae.001651925 but kept for subsequent analysis
NOTE: Streptococcus.thermophilus.001685375 is identical to Streptococcus.thermophilus.002443035 but kept for subsequent analysis
NOTE: Staphylococcus.saprophyticus.000010125 is identical to Staphylococcus.saprophyticus.002209265 but kept for subsequent analysis
NOTE: Streptococcus.uberis.002814135 is identical to Streptococcus.uberis.000009545 but kept for subsequent analysis
NOTE: Streptococcus.sobrinus.003176795 is identical to Streptococcus.sobrinus.003176815 but kept for subsequent analysis
NOTE: Escherichia.dysenteriae.001890325 is identical to Escherichia.dysenteriae.001650295 but kept for subsequent analysis
NOTE: Pseudomonas_E.protegens.000397205 is identical to Pseudomonas_E.protegens.002208745 but kept for subsequent analysis
NOTE: Klebsiella.pneumoniae.001902415 is identical to Klebsiella.pneumoniae.001908895 but kept for subsequent analysis
NOTE: Klebsiella.variicola.001989495 is identical to Klebsiella.variicola.001989515 but kept for subsequent analysis
NOTE: Escherichia.dysenteriae.001307215 is identical to Escherichia.dysenteriae.002208865 but kept for subsequent analysis
NOTE: Streptococcus.gordonii.900475015 is identical to Streptococcus.gordonii.002073435 but kept for subsequent analysis
NOTE: Enterococcus_B.faecium.001953255 is identical to Enterococcus_B.faecium.001953235 but kept for subsequent analysis
NOTE: Streptococcus.pyogenes.900475765 is identical to Streptococcus.pyogenes.900475565 but kept for subsequent analysis
NOTE: Streptococcus.agalactiae.000831125 is identical to Streptococcus.agalactiae.002073695 but kept for subsequent analysis
NOTE: Staphylococcus.simulans.003006055 is identical to Staphylococcus.simulans.003096155 but kept for subsequent analysis
NOTE: Pseudomonas.aeruginosa.002812905 is identical to Pseudomonas.aeruginosa.000473745 but kept for subsequent analysis
NOTE: Escherichia.dysenteriae.002741495 is identical to Escherichia.dysenteriae.002741555 but kept for subsequent analysis
NOTE: Streptococcus.iniae.001885145 is identical to Streptococcus.iniae.002787125 but kept for subsequent analysis
NOTE: Streptococcus.pneumoniae.001902455 is identical to Streptococcus.pneumoniae.000251085 but kept for subsequent analysis
NOTE: Escherichia.coli.001617565 is identical to Escherichia.coli.002011965 but kept for subsequent analysis
NOTE: Streptococcus.thermophilus.002843115 is identical to Streptococcus.thermophilus.001008015 but kept for subsequent analysis
NOTE: Klebsiella.quasipneumoniae.003181175 is identical to Klebsiella.quasipneumoniae.001596075 but kept for subsequent analysis
NOTE: Escherichia.coli.900149915 is identical to Escherichia.coli.900149875 but kept for subsequent analysis
NOTE: Streptococcus.agalactiae.001190805 is identical to Streptococcus.agalactiae.001712835 but kept for subsequent analysis
NOTE: Klebsiella_A.oxytoca.001022295 is identical to Klebsiella_A.oxytoca.001870185 but kept for subsequent analysis
NOTE: Escherichia.dysenteriae.000520055 is identical to Escherichia.dysenteriae.000662395 but kept for subsequent analysis
NOTE: Streptococcus.thermophilus.000262675 is identical to Streptococcus.thermophilus.001280285 but kept for subsequent analysis
NOTE: Streptococcus.gallolyticus.000027185 is identical to Streptococcus.gallolyticus.000270145 but kept for subsequent analysis
NOTE: Escherichia.flexneri.002952855 is identical to Escherichia.flexneri.002953055 but kept for subsequent analysis
NOTE: Streptococcus.pneumoniae.900476505 is identical to Streptococcus.pneumoniae.900476445 but kept for subsequent analysis
NOTE: Klebsiella_A.michiganensis.002216835 is identical to Klebsiella_A.michiganensis.002290285 but kept for subsequent analysis
NOTE: Pseudomonas_E.monteilii_B.000510285 is identical to Pseudomonas_E.monteilii_B.000510325 but kept for subsequent analysis
NOTE: Streptococcus.pyogenes.900475485 is identical to Streptococcus.pyogenes.001547715 but kept for subsequent analysis
NOTE: Pseudomonas.aeruginosa.001542835 is identical to Pseudomonas.aeruginosa.001515845 but kept for subsequent analysis
NOTE: Streptococcus.thermophilus.000971665 is identical to Streptococcus.thermophilus.000014485 but kept for subsequent analysis
NOTE: Staphylococcus.lugdunensis.002073395 is identical to Staphylococcus.lugdunensis.900478255 but kept for subsequent analysis
NOTE: Streptococcus.salivarius.002073815 is identical to Streptococcus.salivarius.000785515 but kept for subsequent analysis
NOTE: Pseudomonas_E.ficuserectae.002905685 is identical to Pseudomonas_E.ficuserectae.900289125 but kept for subsequent analysis
NOTE: Enterococcus_B.faecium.002761255 is identical to Enterococcus_B.faecium.002761275 but kept for subsequent analysis
NOTE: Streptococcus.lutetiensis.900475675 is identical to Streptococcus.lutetiensis.000441535 but kept for subsequent analysis
NOTE: Klebsiella_A.michiganensis.002906395 is identical to Klebsiella_A.michiganensis.000714655 but kept for subsequent analysis
NOTE: Streptococcus.equi.900475125 is identical to Streptococcus.equi.000020765 but kept for subsequent analysis
NOTE: Streptococcus.equi.000219765 is identical to Streptococcus.equi.000696505 but kept for subsequent analysis
NOTE: Klebsiella.quasipneumoniae.003146635 is identical to Klebsiella.quasipneumoniae.003146655 but kept for subsequent analysis
NOTE: Streptococcus.gallolyticus.900475715 is identical to Streptococcus.gallolyticus.002000985 but kept for subsequent analysis
NOTE: Streptococcus.pneumoniae.000211015 is identical to Streptococcus.pneumoniae.000211035 but kept for subsequent analysis
NOTE: Streptococcus.thermophilus.001663795 is identical to Streptococcus.thermophilus.001855705 but kept for subsequent analysis
NOTE: Streptococcus.suis.001640765 is identical to Streptococcus.suis.001721625 but kept for subsequent analysis
NOTE: Staphylococcus.aureus.000025145 is identical to Staphylococcus.aureus.900017775 but kept for subsequent analysis
NOTE: Streptococcus.intermedius.900475975 is identical to Streptococcus.intermedius.000306805 but kept for subsequent analysis
NOTE: Pseudomonas.aeruginosa.001721805 is identical to Pseudomonas.aeruginosa.001721845 but kept for subsequent analysis
NOTE: Streptococcus.anginosus.001412635 is identical to Streptococcus.anginosus.000463465 but kept for subsequent analysis
NOTE: Klebsiella.pneumoniae.002587885 is identical to Klebsiella.pneumoniae.000417085 but kept for subsequent analysis
NOTE: 68 identical sequences (see below) will be ignored for subsequent analysis
NOTE: Pseudomonas_E.avellanae.001913215 (identical to Pseudomonas_E.avellanae.002024285) is ignored but added at the end
NOTE: Pseudomonas_E.avellanae.000648735 (identical to Pseudomonas_E.avellanae.002024285) is ignored but added at the end
NOTE: Pseudomonas_E.avellanae.001913235 (identical to Pseudomonas_E.avellanae.002024285) is ignored but added at the end
NOTE: Pseudomonas_E.avellanae.000344355 (identical to Pseudomonas_E.avellanae.002024285) is ignored but added at the end
NOTE: Streptococcus.agalactiae.002197285 (identical to Streptococcus.agalactiae.900155855) is ignored but added at the end
NOTE: Streptococcus.agalactiae.001683515 (identical to Streptococcus.agalactiae.900155855) is ignored but added at the end
NOTE: Streptococcus.agalactiae.000730255 (identical to Streptococcus.agalactiae.900155855) is ignored but added at the end
NOTE: Streptococcus.agalactiae.000689235 (identical to Streptococcus.agalactiae.900155855) is ignored but added at the end
NOTE: Streptococcus.agalactiae.002197265 (identical to Streptococcus.agalactiae.900155855) is ignored but added at the end
NOTE: Streptococcus.agalactiae.002812505 (identical to Streptococcus.agalactiae.900155855) is ignored but added at the end
NOTE: Streptococcus.agalactiae.002073795 (identical to Streptococcus.agalactiae.900155855) is ignored but added at the end
NOTE: Streptococcus.agalactiae.002197425 (identical to Streptococcus.agalactiae.900155855) is ignored but added at the end
NOTE: Streptococcus.agalactiae.001552035 (identical to Streptococcus.agalactiae.900155855) is ignored but added at the end
NOTE: Streptococcus.agalactiae.002812465 (identical to Streptococcus.agalactiae.900155855) is ignored but added at the end
NOTE: Streptococcus.agalactiae.002197245 (identical to Streptococcus.agalactiae.900155855) is ignored but added at the end
NOTE: Streptococcus.agalactiae.002197365 (identical to Streptococcus.agalactiae.900155855) is ignored but added at the end
NOTE: Streptococcus.suis.002736265 (identical to Streptococcus.suis.000168355) is ignored but added at the end
NOTE: Streptococcus.suis.001272635 (identical to Streptococcus.suis.000168355) is ignored but added at the end
NOTE: Streptococcus.suis.001610935 (identical to Streptococcus.suis.000168355) is ignored but added at the end
NOTE: Streptococcus.suis.000344765 (identical to Streptococcus.suis.002111405) is ignored but added at the end
NOTE: Streptococcus.suis.000026725 (identical to Streptococcus.suis.002111405) is ignored but added at the end
NOTE: Streptococcus.suis.002189695 (identical to Streptococcus.suis.002111405) is ignored but added at the end
NOTE: Streptococcus.suis.000018185 (identical to Streptococcus.suis.002111405) is ignored but added at the end
NOTE: Streptococcus.suis.001936415 (identical to Streptococcus.suis.002111405) is ignored but added at the end
NOTE: Streptococcus.suis.000091905 (identical to Streptococcus.suis.002111405) is ignored but added at the end
NOTE: Streptococcus.suis.000993745 (identical to Streptococcus.suis.002111405) is ignored but added at the end
NOTE: Streptococcus.suis.002688665 (identical to Streptococcus.suis.002111405) is ignored but added at the end
NOTE: Streptococcus.suis.000294495 (identical to Streptococcus.suis.002111405) is ignored but added at the end
NOTE: Escherichia.dysenteriae.001753465 (identical to Escherichia.dysenteriae.001753445) is ignored but added at the end
NOTE: Streptococcus.thermophilus.002846075 (identical to Streptococcus.thermophilus.002443035) is ignored but added at the end
NOTE: Streptococcus.thermophilus.001514435 (identical to Streptococcus.thermophilus.002443035) is ignored but added at the end
NOTE: Streptococcus.thermophilus.000011845 (identical to Streptococcus.thermophilus.002443035) is ignored but added at the end
NOTE: Streptococcus.uberis.900475695 (identical to Streptococcus.uberis.000009545) is ignored but added at the end
NOTE: Escherichia.dysenteriae.001650275 (identical to Escherichia.dysenteriae.001650295) is ignored but added at the end
NOTE: Pseudomonas_E.protegens.000012265 (identical to Pseudomonas_E.protegens.002208745) is ignored but added at the end
NOTE: Klebsiella.variicola.001989535 (identical to Klebsiella.variicola.001989515) is ignored but added at the end
NOTE: Escherichia.dysenteriae.000732965 (identical to Escherichia.dysenteriae.002208865) is ignored but added at the end
NOTE: Escherichia.dysenteriae.001806285 (identical to Escherichia.dysenteriae.002208865) is ignored but added at the end
NOTE: Escherichia.dysenteriae.001753545 (identical to Escherichia.dysenteriae.002208865) is ignored but added at the end
NOTE: Enterococcus_B.faecium.001721065 (identical to Enterococcus_B.faecium.001953235) is ignored but added at the end
NOTE: Enterococcus_B.faecium.002848625 (identical to Enterococcus_B.faecium.001953235) is ignored but added at the end
NOTE: Enterococcus_B.faecium.001635875 (identical to Enterococcus_B.faecium.001953235) is ignored but added at the end
NOTE: Streptococcus.pyogenes.900475955 (identical to Streptococcus.pyogenes.900475565) is ignored but added at the end
NOTE: Streptococcus.pyogenes.000732425 (identical to Streptococcus.pyogenes.900475565) is ignored but added at the end
NOTE: Streptococcus.pyogenes.003203475 (identical to Streptococcus.pyogenes.900475565) is ignored but added at the end
NOTE: Streptococcus.pyogenes.000767505 (identical to Streptococcus.pyogenes.900475565) is ignored but added at the end
NOTE: Streptococcus.pyogenes.000756485 (identical to Streptococcus.pyogenes.900475565) is ignored but added at the end
NOTE: Streptococcus.pyogenes.002355175 (identical to Streptococcus.pyogenes.900475565) is ignored but added at the end
NOTE: Streptococcus.pyogenes.000011285 (identical to Streptococcus.pyogenes.900475565) is ignored but added at the end
NOTE: Staphylococcus.simulans.003006075 (identical to Staphylococcus.simulans.003096155) is ignored but added at the end
NOTE: Staphylococcus.simulans.003076375 (identical to Staphylococcus.simulans.003096155) is ignored but added at the end
NOTE: Streptococcus.pneumoniae.001896065 (identical to Streptococcus.pneumoniae.000251085) is ignored but added at the end
NOTE: Escherichia.coli.002180195 (identical to Escherichia.coli.002011965) is ignored but added at the end
NOTE: Escherichia.coli.001566675 (identical to Escherichia.coli.002011965) is ignored but added at the end
NOTE: Escherichia.coli.002012065 (identical to Escherichia.coli.002011965) is ignored but added at the end
NOTE: Klebsiella.quasipneumoniae.002953295 (identical to Klebsiella.quasipneumoniae.001596075) is ignored but added at the end
NOTE: Streptococcus.agalactiae.001026925 (identical to Streptococcus.agalactiae.001712835) is ignored but added at the end
NOTE: Streptococcus.agalactiae.000730215 (identical to Streptococcus.agalactiae.001712835) is ignored but added at the end
NOTE: Streptococcus.agalactiae.000427035 (identical to Streptococcus.agalactiae.001712835) is ignored but added at the end
NOTE: Streptococcus.agalactiae.000012705 (identical to Streptococcus.agalactiae.001712835) is ignored but added at the end
NOTE: Streptococcus.agalactiae.001190885 (identical to Streptococcus.agalactiae.001712835) is ignored but added at the end
NOTE: Escherichia.flexneri.002899495 (identical to Escherichia.flexneri.002953055) is ignored but added at the end
NOTE: Streptococcus.pyogenes.000011665 (identical to Streptococcus.pyogenes.001547715) is ignored but added at the end
NOTE: Streptococcus.pyogenes.001014305 (identical to Streptococcus.pyogenes.001547715) is ignored but added at the end
NOTE: Streptococcus.thermophilus.000253395 (identical to Streptococcus.thermophilus.000014485) is ignored but added at the end
NOTE: Streptococcus.salivarius.000448685 (identical to Streptococcus.salivarius.000785515) is ignored but added at the end
NOTE: Streptococcus.lutetiensis.900475065 (identical to Streptococcus.lutetiensis.000441535) is ignored but added at the end
NOTE: Klebsiella.quasipneumoniae.003146685 (identical to Klebsiella.quasipneumoniae.003146655) is ignored but added at the end

For your convenience alignment with unique sequences printed to ./026_results/23S_consensus.fasta.uniqueseq.phy

Create initial parsimony tree by phylogenetic likelihood library (PLL)... 0.190 seconds

NOTE: 125 MB RAM (0 GB) is required!
Estimate model parameters (epsilon = 0.100)
1. Initial log-likelihood: -33382.905
2. Current log-likelihood: -31241.087
3. Current log-likelihood: -31070.336
4. Current log-likelihood: -31065.549
5. Current log-likelihood: -31065.367
Optimal log-likelihood: -31065.359
Rate parameters:  A-C: 1.00000  A-G: 2.34013  A-T: 1.00000  C-G: 1.00000  C-T: 2.34013  G-T: 1.00000
Base frequencies:  A: 0.272  C: 0.210  G: 0.305  T: 0.213
Gamma shape alpha: 0.218
Parameters optimization took 5 rounds (2.563 sec)
Computing ML distances based on estimated model parameters... 13.983 sec
Computing BIONJ tree...
0.338 seconds
Log-likelihood of BIONJ tree: -32654.020
--------------------------------------------------------------------
|             INITIALIZING CANDIDATE TREE SET                      |
--------------------------------------------------------------------
Generating 98 parsimony trees... 22.178 second
Computing log-likelihood of 98 initial trees ... 20.241 seconds
Current best score: -31005.416

Do NNI search on 20 best initial trees
Estimate model parameters (epsilon = 0.100)
BETTER TREE FOUND at iteration 1: -30911.825
Estimate model parameters (epsilon = 0.100)
BETTER TREE FOUND at iteration 3: -30895.855
Iteration 10 / LogL: -30949.455 / Time: 0h:1m:15s
Estimate model parameters (epsilon = 0.100)
BETTER TREE FOUND at iteration 11: -30890.233
Iteration 20 / LogL: -30932.498 / Time: 0h:1m:43s
Finish initializing candidate tree set (20)
Current best tree score: -30890.233 / CPU time: 97.968
Number of iterations: 20
--------------------------------------------------------------------
|               OPTIMIZING CANDIDATE TREE SET                      |
--------------------------------------------------------------------
Iteration 30 / LogL: -31259.626 / Time: 0h:2m:19s (0h:6m:29s left)
Iteration 40 / LogL: -30904.130 / Time: 0h:3m:0s (0h:5m:28s left)
Iteration 50 / LogL: -30953.741 / Time: 0h:3m:45s (0h:4m:40s left)
Estimate model parameters (epsilon = 0.100)
BETTER TREE FOUND at iteration 53: -30878.843
Iteration 60 / LogL: -30973.405 / Time: 0h:4m:23s (0h:6m:54s left)
Iteration 70 / LogL: -30887.319 / Time: 0h:4m:59s (0h:6m:0s left)
Iteration 80 / LogL: -30881.279 / Time: 0h:5m:35s (0h:5m:10s left)
Iteration 90 / LogL: -31625.996 / Time: 0h:6m:6s (0h:4m:19s left)
Iteration 100 / LogL: -30931.610 / Time: 0h:6m:37s (0h:3m:32s left)
Iteration 110 / LogL: -30891.354 / Time: 0h:7m:9s (0h:2m:49s left)
Iteration 120 / LogL: -31004.078 / Time: 0h:7m:40s (0h:2m:7s left)
Iteration 130 / LogL: -30891.842 / Time: 0h:8m:14s (0h:1m:28s left)
Estimate model parameters (epsilon = 0.100)
BETTER TREE FOUND at iteration 140: -30875.378
Iteration 140 / LogL: -30875.378 / Time: 0h:8m:45s (0h:6m:17s left)
Iteration 150 / LogL: -30898.949 / Time: 0h:9m:14s (0h:5m:34s left)
Iteration 160 / LogL: -30935.180 / Time: 0h:9m:44s (0h:4m:53s left)
Iteration 170 / LogL: -30963.784 / Time: 0h:10m:14s (0h:4m:14s left)
Iteration 180 / LogL: -30921.293 / Time: 0h:10m:47s (0h:3m:37s left)
Iteration 190 / LogL: -30933.089 / Time: 0h:11m:16s (0h:2m:58s left)
Iteration 200 / LogL: -30899.411 / Time: 0h:11m:45s (0h:2m:21s left)
Iteration 210 / LogL: -31483.002 / Time: 0h:12m:15s (0h:1m:45s left)
Estimate model parameters (epsilon = 0.100)
BETTER TREE FOUND at iteration 216: -30868.338
Iteration 220 / LogL: -30899.338 / Time: 0h:12m:46s (0h:5m:35s left)
Iteration 230 / LogL: -30882.446 / Time: 0h:13m:15s (0h:4m:58s left)
Iteration 240 / LogL: -30920.798 / Time: 0h:13m:50s (0h:4m:24s left)
Iteration 250 / LogL: -31107.297 / Time: 0h:14m:23s (0h:3m:48s left)
Iteration 260 / LogL: -30895.861 / Time: 0h:14m:51s (0h:3m:12s left)
Estimate model parameters (epsilon = 0.100)
BETTER TREE FOUND at iteration 268: -30866.739
Iteration 270 / LogL: -30960.114 / Time: 0h:15m:21s (0h:5m:35s left)
Iteration 280 / LogL: -30866.776 / Time: 0h:15m:54s (0h:5m:0s left)
Iteration 290 / LogL: -30870.717 / Time: 0h:16m:23s (0h:4m:25s left)
Iteration 300 / LogL: -30947.096 / Time: 0h:16m:49s (0h:3m:49s left)
Iteration 310 / LogL: -31553.647 / Time: 0h:17m:20s (0h:3m:15s left)
Iteration 320 / LogL: -30937.599 / Time: 0h:17m:49s (0h:2m:40s left)
Iteration 330 / LogL: -30878.613 / Time: 0h:18m:17s (0h:2m:6s left)
Iteration 340 / LogL: -30920.789 / Time: 0h:18m:47s (0h:1m:33s left)
Iteration 350 / LogL: -30881.285 / Time: 0h:19m:18s (0h:0m:59s left)
Iteration 360 / LogL: -30891.240 / Time: 0h:19m:50s (0h:0m:26s left)
TREE SEARCH COMPLETED AFTER 369 ITERATIONS / Time: 0h:20m:20s

--------------------------------------------------------------------
|                    FINALIZING TREE SEARCH                        |
--------------------------------------------------------------------
Performs final model parameters optimization
Estimate model parameters (epsilon = 0.010)
1. Initial log-likelihood: -30866.739
Optimal log-likelihood: -30866.738
Rate parameters:  A-C: 1.00000  A-G: 2.32520  A-T: 1.00000  C-G: 1.00000  C-T: 2.32520  G-T: 1.00000
Base frequencies:  A: 0.272  C: 0.210  G: 0.305  T: 0.213
Gamma shape alpha: 0.220
Parameters optimization took 1 rounds (0.271 sec)
BEST SCORE FOUND : -30866.738
Total tree length: 4.714

Total number of iterations: 369
CPU time used for tree search: 9266.933 sec (2h:34m:26s)
Wall-clock time used for tree search: 1214.830 sec (0h:20m:14s)
Total CPU time used: 9309.315 sec (2h:35m:9s)
Total wall-clock time used: 1220.757 sec (0h:20m:20s)

Analysis results written to: 
  IQ-TREE report:                ./026_results/23S_consensus.fasta.iqtree
  Maximum-likelihood tree:       ./026_results/23S_consensus.fasta.treefile
  Likelihood distances:          ./026_results/23S_consensus.fasta.mldist
  Screen log file:               ./026_results/23S_consensus.fasta.log

Date and Time: Tue Sep 10 10:28:28 2019
