IQ-TREE multicore version 1.3.11.1 for Linux 64-bit built Feb  1 2016
Copyright (c) 2011-2015 Nguyen Lam Tung, Olga Chernomor, Arndt von Haeseler and Bui Quang Minh.

Host:    n114312.nbi.ac.uk (AVX2, FMA3, 15 GB RAM)
Command: iqtree-omp -s ./016_results/16S23S_long.fasta -nt 8 -m HKY+G
Seed:    29259 (Using SPRNG - Scalable Parallel Random Number Generator)
Time:    Tue Feb 26 08:52:38 2019
Kernel:  AVX - 8 threads (8 CPU cores detected)

Reading alignment file ./016_results/16S23S_long.fasta ... Fasta format detected
Alignment most likely contains DNA/RNA sequences
Alignment has 758 sequences with 5499 columns and 2382 patterns (2117 informative sites)
                                          Gap/Ambiguity  Composition  p-value
   1  Pseudomonas_putida_002736045               18.84%    passed     98.82%
   2  Salmonella_enterica_003589865              18.51%    passed     36.12%
   3  Escherichia_coli_003180975                 18.46%    passed     40.93%
   4  Pseudomonas_aeruginosa_001516165           18.99%    passed     94.66%
   5  Neisseria_meningitidis_001697305           19.09%    passed     91.73%
   6  Neisseria_gonorrhoeae_001661115            19.09%    passed     87.16%
   7  Leptospira_mayottensis_003429525           18.49%    passed     70.27%
   8  Neisseria_meningitidis_001697525           19.09%    passed     91.73%
   9  Escherichia_coli_002870165                 18.44%    passed     46.79%
  10  Pseudomonas_putida_003671955               18.99%    passed     98.28%
  11  Salmonella_enterica_001975365              18.55%    passed     28.91%
  12  Salmonella_enterica_003071485              18.59%    passed     25.44%
  13  Neisseria_meningitidis_003355215           19.15%    passed     94.04%
  14  Escherichia_coli_000599645                 34.10%    passed     33.92%
  15  Helicobacter_pylori_000148895              19.95%    failed      0.05%
  16  Pseudomonas_aeruginosa_001516205           18.97%    passed     93.39%
  17  Pseudomonas_aeruginosa_001548135           18.99%    passed     93.97%
  18  Salmonella_enterica_003324955              18.53%    passed     39.16%
  19  Salmonella_enterica_000245535              16.66%    passed     26.72%
  20  Salmonella_enterica_003717675              16.71%    passed     24.84%
  21  Pseudomonas_putida_003228315               19.00%    passed     92.42%
  22  Salmonella_enterica_900477885              18.57%    passed     30.26%
  23  Neisseria_meningitidis_001697485           19.09%    passed     91.24%
  24  Pseudomonas_aeruginosa_003369755           19.09%    passed     92.53%
  25  Helicobacter_pylori_000178935              19.99%    failed      0.03%
  26  Pseudomonas_parafulva_003410295            19.02%    passed     96.45%
  27  Neisseria_meningitidis_000191505           19.09%    passed     94.06%
  28  Pseudomonas_aeruginosa_001900265           26.24%    passed     77.31%
  29  Neisseria_meningitidis_001697425           19.09%    passed     91.73%
  30  Pseudomonas_syringae_002905815             18.93%    passed     97.21%
  31  Pseudomonas_koreensis_001654515            18.84%    passed     94.87%
  32  Salmonella_enterica_001121865              16.75%    passed     28.78%
  33  Escherichia_coli_002786655                 18.48%    passed     49.74%
  34  Escherichia_coli_002812545                 18.55%    passed     53.80%
  35  Pseudomonas_synxantha_003851495            19.00%    passed     87.76%
  36  Escherichia_coli_001566615                 18.53%    passed     51.80%
  37  Pseudomonas_stutzeri_000327065             18.91%    passed     97.28%
  38  Pseudomonas_aeruginosa_000504045           18.97%    passed     92.89%
  39  Pseudomonas_syringae_900235885             18.95%    passed     93.94%
  40  Pseudomonas_aeruginosa_002812905           19.11%    passed     94.09%
  41  Neisseria_meningitidis_900638595           19.15%    passed     98.27%
  42  Neisseria_meningitidis_002073675           19.15%    passed     92.47%
  43  Neisseria_gonorrhoeae_001047225            19.09%    passed     87.84%
  44  Pseudomonas_aeruginosa_001482325           18.97%    passed     91.00%
  45  Pseudomonas_aeruginosa_002085605           18.99%    passed     93.86%
  46  Helicobacter_pylori_002952495              20.02%    failed      0.06%
  47  Pseudomonas_chlororaphis_003851985         19.00%    passed     90.55%
  48  Salmonella_enterica_003717955              16.69%    passed     23.45%
  49  Pseudomonas_aeruginosa_001792855           18.97%    passed     93.50%
  50  Pseudomonas_fluorescens_000963495          18.84%    passed     87.47%
  51  Neisseria_gonorrhoeae_000020105            19.09%    passed     83.19%
  52  Helicobacter_cinaedi_000284635             20.13%    failed      0.03%
  53  Escherichia_coli_002142695                 18.53%    passed     50.55%
  54  Neisseria_meningitidis_001029815           19.11%    passed     94.55%
  55  Escherichia_albertii_003312545             18.57%    passed     46.09%
  56  Escherichia_coli_002741255                 18.46%    passed     53.07%
  57  Escherichia_coli_000014845                 18.57%    passed     56.87%
  58  Pseudomonas_aeruginosa_002215345           18.97%    passed     94.43%
  59  Pseudomonas_aeruginosa_001687285           19.09%    passed     91.32%
  60  Pseudomonas_aeruginosa_003812885           19.11%    passed     94.09%
  61  Helicobacter_pylori_000277365              19.88%    failed      0.04%
  62  Neisseria_meningitidis_001974965           19.09%    passed     85.55%
  63  Pseudomonas_aeruginosa_002237405           18.99%    passed     93.86%
  64  Helicobacter_pylori_900120135              20.00%    failed      0.07%
  65  Escherichia_albertii_003860385             18.60%    passed     42.20%
  66  Pseudomonas_parafulva_002021815            18.82%    passed     96.89%
  67  Pseudomonas_stutzeri_900636845             19.02%    passed     96.68%
  68  Pseudomonas_chlororaphis_003850405         19.00%    passed     91.27%
  69  Neisseria_meningitidis_001697685           19.13%    passed     92.02%
  70  Pseudomonas_aeruginosa_000510305           18.97%    passed     94.43%
  71  Salmonella_enterica_001705055              18.59%    passed     33.96%
  72  Escherichia_albertii_003312525             18.59%    passed     52.12%
  73  Pseudomonas_synxantha_003852025            19.00%    passed     90.06%
  74  Pseudomonas_aeruginosa_003206535           19.11%    passed     94.09%
  75  Pseudomonas_aeruginosa_000473745           18.97%    passed     94.43%
  76  Escherichia_albertii_001549955             20.22%    passed     46.93%
  77  Pseudomonas_aeruginosa_001750705           18.97%    passed     93.39%
  78  Escherichia_coli_003956305                 18.48%    passed     61.53%
  79  Escherichia_coli_002011965                 18.51%    passed     56.95%
  80  Pseudomonas_fluorescens_003410335          19.00%    passed     91.77%
  81  Salmonella_bongori_002211925               18.53%    passed      6.59%
  82  Escherichia_coli_000597845                 18.55%    passed     48.79%
  83  Neisseria_meningitidis_000800315           19.59%    passed     89.69%
  84  Neisseria_gonorrhoeae_001661135            19.09%    passed     85.68%
  85  Neisseria_meningitidis_001698065           19.09%    passed     92.39%
  86  Pseudomonas_aeruginosa_900636755           19.09%    passed     91.32%
  87  Pseudomonas_aeruginosa_003641125           19.09%    passed     93.65%
  88  Helicobacter_cinaedi_003574195             20.19%    failed      0.02%
  89  Pseudomonas_chlororaphis_001023535         19.13%    passed     92.12%
  90  Pseudomonas_chlororaphis_002844145         19.68%    passed     83.65%
  91  Escherichia_albertii_003312485             18.60%    passed     41.34%
  92  Salmonella_enterica_002760915              18.62%    passed     29.28%
  93  Pseudomonas_aeruginosa_003952325           19.13%    passed     93.50%
  94  Neisseria_meningitidis_002556585           19.09%    passed     91.73%
  95  Pseudomonas_protegens_002208745            19.02%    passed     89.55%
  96  Salmonella_enterica_002224405              18.57%    passed     28.38%
  97  Pseudomonas_chlororaphis_003850425         19.02%    passed     91.43%
  98  Salmonella_enterica_001629755              18.46%    passed     32.93%
  99  Pseudomonas_chlororaphis_003851225         19.00%    passed     90.10%
 100  Escherichia_coli_001280405                 18.55%    passed     56.36%
 101  Pseudomonas_putida_000410575               18.88%    passed     99.06%
 102  Escherichia_coli_000022665                 18.51%    passed     50.70%
 103  Helicobacter_pylori_003957395              20.00%    failed      0.05%
 104  Neisseria_meningitidis_003355295           19.15%    passed     98.41%
 105  Pseudomonas_aeruginosa_900618325           19.09%    passed     92.65%
 106  Salmonella_enterica_000009505              18.55%    passed     29.73%
 107  Salmonella_enterica_001447095              18.88%    passed     28.72%
 108  Pseudomonas_brassicacearum_001449085       18.86%    passed     92.99%
 109  Helicobacter_pylori_002952575              20.02%    failed      0.06%
 110  Neisseria_gonorrhoeae_900637245            19.15%    passed     83.17%
 111  Salmonella_enterica_002208255              18.57%    passed     32.65%
 112  Pseudomonas_aeruginosa_900636735           19.09%    passed     93.65%
 113  Neisseria_meningitidis_001697885           19.09%    passed     91.24%
 114  Escherichia_coli_000025165                 18.46%    passed     59.36%
 115  Escherichia_coli_900636065                 18.59%    passed     48.75%
 116  Escherichia_coli_003367885                 18.55%    passed     45.43%
 117  Pseudomonas_stutzeri_000279165             19.08%    passed     79.61%
 118  Escherichia_coli_002249955                 18.46%    passed     63.24%
 119  Pseudomonas_syringae_002966555             18.95%    passed     96.76%
 120  Pseudomonas_putida_000183645               18.88%    passed     99.43%
 121  Salmonella_enterica_002761155              18.59%    passed     32.68%
 122  Pseudomonas_orientalis_003851585           19.00%    passed     93.17%
 123  Neisseria_meningitidis_000008805           19.35%    passed     93.23%
 124  Neisseria_meningitidis_000800355           28.95%    passed     64.08%
 125  Pseudomonas_chlororaphis_000963835         18.89%    passed     95.22%
 126  Neisseria_meningitidis_002951575           19.15%    passed     92.47%
 127  Helicobacter_pylori_900120205              20.00%    failed      0.07%
 128  Pseudomonas_chlororaphis_003852005         19.00%    passed     89.29%
 129  Neisseria_gonorrhoeae_001047275            19.09%    passed     83.92%
 130  Neisseria_meningitidis_001698085           19.09%    passed     98.42%
 131  Salmonella_enterica_001361075              16.66%    passed     25.18%
 132  Pseudomonas_fluorescens_001747385          18.86%    passed     84.32%
 133  Pseudomonas_aeruginosa_002812925           19.11%    passed     94.09%
 134  Salmonella_enterica_001577505              17.02%    passed     41.28%
 135  Salmonella_enterica_001623775              18.51%    passed     33.74%
 136  Escherichia_albertii_002872455             18.57%    passed     43.09%
 137  Escherichia_coli_002952875                 18.55%    passed     51.50%
 138  Pseudomonas_aeruginosa_000829255           18.97%    passed     94.43%
 139  Pseudomonas_aeruginosa_000524595           18.97%    passed     93.19%
 140  Escherichia_coli_001618325                 18.51%    passed     49.11%
 141  Salmonella_enterica_001447115              32.86%    passed     29.21%
 142  Pseudomonas_chlororaphis_003850585         19.00%    passed     91.27%
 143  Pseudomonas_aeruginosa_002812865           19.09%    passed     92.53%
 144  Escherichia_coli_002012265                 18.55%    passed     43.81%
 145  Helicobacter_cinaedi_003213725             20.17%    failed      0.02%
 146  Salmonella_bongori_000709535               18.53%    failed      4.48%
 147  Pseudomonas_aeruginosa_003798125           19.09%    passed     92.33%
 148  Pseudomonas_putida_001515585               18.88%    passed     97.90%
 149  Salmonella_enterica_003429445              18.53%    passed     34.26%
 150  Salmonella_enterica_001975515              18.53%    passed     43.09%
 151  Neisseria_meningitidis_000191525           19.09%    passed     96.41%
 152  Helicobacter_pylori_000021165              20.02%    failed      0.05%
 153  Pseudomonas_aeruginosa_000006765           19.53%    passed     88.14%
 154  Pseudomonas_chlororaphis_003851445         19.00%    passed     89.29%
 155  Helicobacter_pylori_000196755              20.00%    failed      0.05%
 156  Salmonella_enterica_900205265              16.69%    passed     26.19%
 157  Pseudomonas_putida_002025705               18.84%    passed     99.54%
 158  Pseudomonas_aeruginosa_001632245           18.99%    passed     93.66%
 159  Pseudomonas_chlororaphis_003851365         19.00%    passed     90.84%
 160  Helicobacter_pylori_000255955              20.02%    failed      0.03%
 161  Pseudomonas_monteilii_003671975            18.99%    passed     98.74%
 162  Helicobacter_pylori_002951975              20.08%    failed      0.06%
 163  Helicobacter_pylori_000827025              21.48%    failed      0.08%
 164  Neisseria_meningitidis_000009465           19.11%    passed     91.02%
 165  Helicobacter_pylori_002906555              20.04%    failed      0.05%
 166  Helicobacter_pylori_900120315              20.00%    failed      0.07%
 167  Neisseria_meningitidis_001697785           19.09%    passed     92.49%
 168  Pseudomonas_chlororaphis_900636995         19.00%    passed     91.27%
 169  Neisseria_gonorrhoeae_001047255            19.09%    passed     84.89%
 170  Salmonella_enterica_003710205              18.55%    passed     20.73%
 171  Pseudomonas_fluorescens_001307275          19.00%    passed     91.81%
 172  Neisseria_meningitidis_003355435           19.15%    passed     94.86%
 173  Helicobacter_pylori_000307835              20.13%    failed      0.03%
 174  Salmonella_enterica_002210025              18.51%    passed     35.92%
 175  Pseudomonas_syringae_900235835             18.95%    passed     97.04%
 176  Pseudomonas_mendocina_002442555            18.89%    passed     94.31%
 177  Pseudomonas_orientalis_003851605           19.00%    passed     94.17%
 178  Neisseria_meningitidis_001697385           19.09%    passed     91.73%
 179  Neisseria_meningitidis_001029835           19.09%    passed     96.22%
 180  Salmonella_enterica_000623615              18.55%    passed     29.73%
 181  Escherichia_coli_900635325                 18.51%    passed     54.31%
 182  Helicobacter_pylori_000093185              19.97%    failed      0.07%
 183  Salmonella_enterica_000626375              18.55%    passed     32.09%
 184  Escherichia_coli_002953435                 18.55%    passed     47.03%
 185  Escherichia_albertii_002285455             18.59%    passed     40.10%
 186  Neisseria_meningitidis_002073235           19.15%    passed     96.85%
 187  Escherichia_coli_000147855                 18.44%    passed     46.32%
 188  Pseudomonas_aeruginosa_001900225           30.95%    passed     89.15%
 189  Pseudomonas_fluorescens_000293885          18.84%    passed     94.87%
 190  Pseudomonas_chlororaphis_003851905         19.00%    passed     90.84%
 191  Pseudomonas_aeruginosa_003028335           19.11%    passed     94.09%
 192  Pseudomonas_chlororaphis_003851805         19.00%    passed     89.48%
 193  Pseudomonas_mendocina_000733715            18.89%    passed     95.05%
 194  Escherichia_coli_004010655                 18.49%    passed     57.60%
 195  Pseudomonas_syringae_002024305             18.80%    passed     98.01%
 196  Pseudomonas_syringae_001482725             18.79%    passed     95.94%
 197  Pseudomonas_aeruginosa_001516265           18.97%    passed     93.39%
 198  Salmonella_enterica_000007545              16.66%    passed     25.18%
 199  Neisseria_meningitidis_000009105           19.09%    passed     93.21%
 200  Helicobacter_pylori_000224555              19.99%    failed      0.05%
 201  Escherichia_coli_003073955                 18.49%    passed     46.18%
 202  Neisseria_meningitidis_001697985           19.09%    passed     91.24%
 203  Escherichia_coli_001900885                 18.40%    passed     51.56%
 204  Salmonella_enterica_003718655              16.69%    passed     23.45%
 205  Neisseria_meningitidis_001697545           19.09%    passed     97.24%
 206  Salmonella_enterica_001975345              18.48%    passed     29.96%
 207  Helicobacter_pylori_000600145              20.00%    failed      0.05%
 208  Pseudomonas_stutzeri_003952685             18.99%    passed     93.87%
 209  Pseudomonas_fluorescens_003626995          18.97%    passed     88.68%
 210  Salmonella_bongori_000252995               18.53%    failed      4.22%
 211  Pseudomonas_brassicacearum_001746815       18.86%    passed     92.50%
 212  Pseudomonas_aeruginosa_000026645           18.97%    passed     93.39%
 213  Pseudomonas_aeruginosa_001792835           18.97%    passed     93.50%
 214  Pseudomonas_stutzeri_003047145             19.04%    passed     97.00%
 215  Pseudomonas_aeruginosa_900618315           19.09%    passed     92.65%
 216  Pseudomonas_aeruginosa_001515915           18.99%    passed     92.76%
 217  Pseudomonas_chlororaphis_003851865         19.00%    passed     90.84%
 218  Pseudomonas_aeruginosa_002104595           18.97%    passed     94.43%
 219  Neisseria_gonorrhoeae_002073655            19.15%    passed     84.02%
 220  Helicobacter_pylori_000685745              19.99%    failed      0.02%
 221  Escherichia_coli_001900675                 18.49%    passed     51.10%
 222  Escherichia_coli_002591135                 18.62%    passed     57.66%
 223  Pseudomonas_aeruginosa_001721825           18.97%    passed     92.04%
 224  Pseudomonas_chlororaphis_003851305         19.02%    passed     90.27%
 225  Pseudomonas_synxantha_003851525            19.00%    passed     89.29%
 226  Pseudomonas_monteilii_001534745            31.61%    passed     98.25%
 227  Salmonella_enterica_002211865              18.35%    passed     39.86%
 228  Salmonella_enterica_001441205              18.53%    passed     30.28%
 229  Helicobacter_pylori_000829095              21.55%    failed      0.10%
 230  Pseudomonas_fluorescens_000730425          18.80%    passed     90.31%
 231  Neisseria_meningitidis_001697725           19.09%    passed     91.24%
 232  Helicobacter_pylori_003050665              20.06%    failed      0.04%
 233  Salmonella_enterica_001119245              16.66%    passed     26.15%
 234  Leptospira_interrogans_000231175           18.51%    passed     67.30%
 235  Escherichia_coli_002846135                 18.71%    passed     60.91%
 236  Leptospira_interrogans_001047655           18.51%    passed     65.81%
 237  Pseudomonas_stutzeri_000267545             18.88%    passed     99.07%
 238  Neisseria_meningitidis_001750825           19.17%    passed     93.57%
 239  Escherichia_coli_002056635                 18.55%    passed     46.73%
 240  Pseudomonas_syringae_001913215             18.82%    passed     98.23%
 241  Pseudomonas_chlororaphis_002355875         18.84%    passed     91.76%
 242  Escherichia_coli_002357915                 18.49%    passed     53.67%
 243  Neisseria_meningitidis_001697605           19.09%    passed     96.77%
 244  Helicobacter_pylori_000600045              20.02%    failed      0.05%
 245  Escherichia_coli_001900615                 18.55%    passed     39.53%
 246  Neisseria_meningitidis_001697765           19.09%    passed     96.21%
 247  Pseudomonas_aeruginosa_000284555           18.97%    passed     94.43%
 248  Neisseria_meningitidis_001697505           19.09%    passed     95.99%
 249  Escherichia_coli_001675145                 18.51%    passed     53.56%
 250  Escherichia_coli_003018535                 18.46%    passed     45.17%
 251  Pseudomonas_aeruginosa_000359505           18.99%    passed     95.29%
 252  Salmonella_enterica_001975265              18.62%    passed     26.12%
 253  Salmonella_enterica_001362195              16.71%    passed     28.86%
 254  Pseudomonas_aeruginosa_000829885           18.97%    passed     93.39%
 255  Pseudomonas_chlororaphis_003851835         19.00%    passed     90.10%
 256  Escherichia_coli_000833635                 18.51%    passed     55.40%
 257  Salmonella_enterica_003718195              16.69%    passed     23.45%
 258  Pseudomonas_aeruginosa_900618305           21.22%    passed     94.36%
 259  Helicobacter_pylori_000270005              19.99%    failed      0.04%
 260  Salmonella_enterica_001623685              16.98%    passed     38.74%
 261  Pseudomonas_putida_002736125               18.86%    passed     98.37%
 262  Helicobacter_pylori_000828955              20.04%    failed      0.04%
 263  Neisseria_meningitidis_000191465           19.09%    passed     96.65%
 264  Salmonella_enterica_000623375              18.51%    passed     30.04%
 265  Salmonella_enterica_000020885              18.49%    passed     37.12%
 266  Neisseria_meningitidis_002073275           19.15%    passed     96.85%
 267  Pseudomonas_aeruginosa_001518975           18.97%    passed     93.19%
 268  Salmonella_enterica_002761075              18.60%    passed     30.06%
 269  Salmonella_enterica_002119485              18.57%    passed     40.73%
 270  Escherichia_coli_002850675                 18.51%    passed     43.92%
 271  Pseudomonas_aeruginosa_001516185           18.97%    passed     93.39%
 272  Pseudomonas_fluorescens_003612935          19.00%    passed     84.55%
 273  Salmonella_enterica_003717075              16.69%    passed     24.36%
 274  Salmonella_enterica_001890165              18.53%    passed     42.36%
 275  Salmonella_enterica_003032035              18.59%    passed     27.37%
 276  Helicobacter_pylori_000091345              19.99%    failed      0.05%
 277  Salmonella_enterica_000623335              18.53%    passed     28.67%
 278  Helicobacter_pylori_000498315              20.02%    failed      0.04%
 279  Salmonella_enterica_002762135              18.57%    passed     37.61%
 280  Helicobacter_pylori_000317875              19.97%    failed      0.03%
 281  Salmonella_enterica_001953695              18.53%    passed     40.67%
 282  Leptospira_interrogans_000941035           18.51%    passed     67.90%
 283  Pseudomonas_aeruginosa_001879525           18.99%    passed     93.86%
 284  Neisseria_meningitidis_000800235           19.15%    passed     94.90%
 285  Neisseria_meningitidis_001697445           19.09%    passed     92.49%
 286  Pseudomonas_aeruginosa_002075065           18.97%    passed     95.36%
 287  Escherichia_albertii_002741375             18.57%    passed     40.44%
 288  Pseudomonas_syringae_000452705             18.82%    passed     98.16%
 289  Escherichia_coli_001280325                 18.62%    passed     54.86%
 290  Neisseria_meningitidis_001697405           19.09%    passed     91.24%
 291  Escherichia_coli_001020945                 18.42%    passed     52.39%
 292  Pseudomonas_aeruginosa_900185255           18.97%    passed     93.39%
 293  Salmonella_enterica_002313105              18.55%    passed     32.59%
 294  Neisseria_meningitidis_001697205           19.09%    passed     91.24%
 295  Pseudomonas_putida_000412675               18.84%    passed     99.24%
 296  Pseudomonas_putida_002356095               18.84%    passed     98.20%
 297  Neisseria_meningitidis_000191485           19.09%    passed     93.97%
 298  Pseudomonas_chlororaphis_003850485         19.00%    passed     91.27%
 299  Pseudomonas_fluorescens_900475215          19.00%    passed     90.74%
 300  Pseudomonas_syringae_001281365             18.80%    passed     96.40%
 301  Pseudomonas_aeruginosa_003332705           19.09%    passed     92.53%
 302  Pseudomonas_fluorescens_000237065          18.86%    passed     93.46%
 303  Helicobacter_pylori_000008785              20.04%    failed      0.05%
 304  Helicobacter_pylori_900119955              20.00%    failed      0.07%
 305  Escherichia_coli_003017805                 18.44%    passed     45.60%
 306  Pseudomonas_putida_003290365               19.29%    passed     98.39%
 307  Leptospira_borgpetersenii_000013965         6.40%    failed      0.81%
 308  Escherichia_albertii_003864095             18.51%    passed     46.52%
 309  Pseudomonas_synxantha_003851465            19.02%    passed     88.64%
 310  Pseudomonas_aeruginosa_000829275           18.97%    passed     94.43%
 311  Pseudomonas_fluorescens_001307155          19.08%    passed     93.77%
 312  Neisseria_meningitidis_001697825           19.09%    passed     92.92%
 313  Neisseria_meningitidis_900638575           19.15%    passed     94.04%
 314  Salmonella_enterica_003718555              16.69%    passed     23.45%
 315  Pseudomonas_aeruginosa_003288355           19.26%    passed     93.37%
 316  Helicobacter_pylori_900119995              20.00%    failed      0.07%
 317  Leptospira_interrogans_001293065           18.49%    passed     64.19%
 318  Pseudomonas_aeruginosa_003991465           19.11%    passed     93.90%
 319  Salmonella_enterica_000272895              18.53%    passed     36.95%
 320  Helicobacter_pylori_000392455              19.99%    failed      0.05%
 321  Escherichia_coli_001559615                 18.51%    passed     46.62%
 322  Salmonella_enterica_001729225              16.98%    passed     43.85%
 323  Escherichia_coli_002011985                 18.60%    passed     61.95%
 324  Pseudomonas_syringae_900235815             18.95%    passed     97.25%
 325  Helicobacter_pylori_000498335              20.02%    failed      0.04%
 326  Helicobacter_pylori_000192335              20.00%    failed      0.03%
 327  Pseudomonas_koreensis_001605965            18.80%    passed     89.60%
 328  Pseudomonas_putida_001636055               18.88%    passed     96.17%
 329  Neisseria_meningitidis_002073595           19.17%    passed     93.46%
 330  Helicobacter_pylori_000020245              19.88%    failed      0.04%
 331  Pseudomonas_fluorescens_001708445          18.84%    passed     92.33%
 332  Salmonella_enterica_003717795              16.69%    passed     23.45%
 333  Helicobacter_pylori_000192315              20.00%    failed      0.03%
 334  Escherichia_coli_002999075                 18.57%    passed     46.82%
 335  Pseudomonas_syringae_000452445             18.95%    passed     95.98%
 336  Helicobacter_pylori_000392535              19.95%    failed      0.03%
 337  Neisseria_meningitidis_000816165           19.09%    passed     92.71%
 338  Pseudomonas_aeruginosa_003193645           19.09%    passed     92.53%
 339  Pseudomonas_aeruginosa_002968695           19.11%    passed     94.09%
 340  Helicobacter_pylori_000148915              19.91%    failed      0.04%
 341  Pseudomonas_stutzeri_003952645             18.99%    passed     92.74%
 342  Pseudomonas_aeruginosa_900618275           19.09%    passed     92.65%
 343  Pseudomonas_putida_002741075               18.86%    passed     98.18%
 344  Salmonella_enterica_001623625              18.51%    passed     28.28%
 345  Escherichia_coli_002105735                 18.57%    passed     56.33%
 346  Escherichia_coli_900635215                 18.48%    passed     48.88%
 347  Pseudomonas_koreensis_003049825            19.08%    passed     93.19%
 348  Pseudomonas_synxantha_000968415            19.00%    passed     89.87%
 349  Salmonella_enterica_000271905              18.55%    passed     35.59%
 350  Pseudomonas_entomophila_003940825          18.99%    passed     98.14%
 351  Neisseria_meningitidis_003355375           19.15%    passed     93.68%
 352  Pseudomonas_parafulva_000800255            36.72%    passed     99.56%
 353  Pseudomonas_fluorescens_001708465          18.84%    passed     92.33%
 354  Salmonella_enterica_000027025              16.98%    passed     38.16%
 355  Leptospira_interrogans_000092565           19.62%    passed     57.62%
 356  Neisseria_meningitidis_001697625           19.09%    passed     98.21%
 357  Salmonella_enterica_000624395              18.55%    passed     30.95%
 358  Pseudomonas_protegens_000397205            18.80%    passed     91.05%
 359  Neisseria_meningitidis_001697165           19.09%    passed     91.24%
 360  Helicobacter_pylori_000270025              19.95%    failed      0.05%
 361  Helicobacter_pylori_000600205              19.97%    failed      0.05%
 362  Neisseria_meningitidis_000014105           19.09%    passed     90.23%
 363  Pseudomonas_entomophila_003940785          19.02%    passed     98.11%
 364  Pseudomonas_entomophila_000026105          18.88%    passed     97.67%
 365  Salmonella_enterica_003325015              18.59%    passed     20.74%
 366  Pseudomonas_aeruginosa_002812825           19.09%    passed     92.53%
 367  Helicobacter_pylori_000185185              19.99%    failed      0.08%
 368  Neisseria_meningitidis_002073575           19.17%    passed     93.91%
 369  Pseudomonas_chlororaphis_003851925         19.02%    passed     90.04%
 370  Helicobacter_pylori_000270045              19.97%    failed      0.03%
 371  Neisseria_meningitidis_000800275           19.09%    passed     93.56%
 372  Pseudomonas_putida_000325725               18.88%    passed     99.22%
 373  Neisseria_meningitidis_003355275           19.15%    passed     92.03%
 374  Pseudomonas_aeruginosa_000496605           18.97%    passed     93.19%
 375  Escherichia_coli_001900415                 18.40%    passed     49.09%
 376  Pseudomonas_chlororaphis_003851955         19.00%    passed     89.29%
 377  Pseudomonas_syringae_000344475             18.97%    passed     98.06%
 378  Escherichia_coli_003112185                 18.62%    passed     46.20%
 379  Salmonella_enterica_000623275              18.51%    passed     35.92%
 380  Escherichia_coli_001900905                 18.82%    passed     49.14%
 381  Pseudomonas_mendocina_000016565            18.89%    passed     95.31%
 382  Pseudomonas_aeruginosa_003957825           19.09%    passed     93.45%
 383  Neisseria_lactamica_002022745              19.09%    passed     71.11%
 384  Salmonella_enterica_001127485              16.66%    passed     26.15%
 385  Neisseria_meningitidis_001697365           19.09%    passed     98.21%
 386  Pseudomonas_aeruginosa_003194245           19.09%    passed     92.53%
 387  Escherichia_coli_002741455                 18.55%    passed     55.37%
 388  Pseudomonas_chlororaphis_003850385         19.00%    passed     91.27%
 389  Pseudomonas_aeruginosa_001515845           26.04%    passed     89.42%
 390  Helicobacter_pylori_001653475              19.97%    failed      0.05%
 391  Salmonella_enterica_003030125              18.62%    passed     20.87%
 392  Salmonella_enterica_003031875              18.49%    passed     30.16%
 393  Escherichia_albertii_002285475             18.53%    passed     45.38%
 394  Pseudomonas_syringae_000648735             18.80%    passed     98.01%
 395  Neisseria_meningitidis_000026965           19.09%    passed     94.90%
 396  Salmonella_enterica_002234775              18.55%    passed     33.83%
 397  Pseudomonas_chlororaphis_003851165         19.00%    passed     90.10%
 398  Escherichia_coli_003019115                 18.57%    passed     50.82%
 399  Helicobacter_pylori_002356595              19.95%    failed      0.03%
 400  Escherichia_coli_003856695                 18.57%    passed     44.71%
 401  Salmonella_enterica_001095585              16.66%    passed     27.75%
 402  Pseudomonas_putida_000264665               19.02%    passed     99.04%
 403  Pseudomonas_aeruginosa_003571505           19.09%    passed     93.04%
 404  Helicobacter_pylori_002952555              20.02%    failed      0.06%
 405  Salmonella_enterica_003717855              16.69%    passed     24.36%
 406  Pseudomonas_monteilii_002943995            19.00%    passed     97.74%
 407  Pseudomonas_chlororaphis_003850605         19.06%    passed     93.64%
 408  Helicobacter_pylori_000307815              20.13%    failed      0.03%
 409  Escherichia_coli_002165115                 18.46%    passed     46.10%
 410  Pseudomonas_aeruginosa_002208645           18.99%    passed     93.86%
 411  Pseudomonas_stutzeri_003008495             19.08%    passed     97.90%
 412  Pseudomonas_chlororaphis_003850365         19.00%    passed     91.27%
 413  Neisseria_meningitidis_000626595           19.09%    passed     94.50%
 414  Pseudomonas_aeruginosa_000496455           18.97%    passed     94.43%
 415  Helicobacter_pylori_002952355              20.02%    failed      0.06%
 416  Leptospira_mayottensis_003429505           18.53%    passed     70.07%
 417  Escherichia_coli_002012185                 18.42%    passed     43.20%
 418  Salmonella_enterica_000750375              18.55%    passed     34.28%
 419  Escherichia_coli_900174625                 18.51%    passed     46.50%
 420  Neisseria_meningitidis_001697325           19.09%    passed     91.24%
 421  Neisseria_meningitidis_002073555           19.17%    passed     96.76%
 422  Neisseria_elongata_000818035               19.09%    passed     94.69%
 423  Helicobacter_pylori_000439295              19.99%    failed      0.05%
 424  Helicobacter_pylori_000392515              20.04%    failed      0.07%
 425  Helicobacter_cinaedi_003213825             20.19%    failed      0.02%
 426  Pseudomonas_aeruginosa_004010895           19.11%    passed     93.90%
 427  Leptospira_interrogans_002073495           18.53%    passed     65.70%
 428  Pseudomonas_aeruginosa_002237425           18.97%    passed     93.39%
 429  Neisseria_meningitidis_001697965           19.09%    passed     92.49%
 430  Escherichia_coli_003856675                 18.59%    passed     57.95%
 431  Pseudomonas_chlororaphis_003851145         19.02%    passed     93.51%
 432  Helicobacter_pylori_000348865              19.95%    failed      0.06%
 433  Salmonella_enterica_002946375              18.75%    passed     46.05%
 434  Pseudomonas_aeruginosa_003073735           19.09%    passed     92.53%
 435  Pseudomonas_protegens_003363755            18.97%    passed     87.31%
 436  Pseudomonas_syringae_000344355             18.80%    passed     98.01%
 437  Pseudomonas_putida_000007565               19.55%    passed     97.88%
 438  Pseudomonas_aeruginosa_003073895           19.09%    passed     91.32%
 439  Escherichia_coli_900636195                 18.57%    passed     48.21%
 440  Pseudomonas_syringae_000007805             19.60%    passed     94.79%
 441  Pseudomonas_aeruginosa_001077475           18.97%    passed     93.39%
 442  Helicobacter_pylori_002952475              20.02%    failed      0.06%
 443  Neisseria_elongata_003351545               19.19%    passed     95.66%
 444  Neisseria_meningitidis_000083565           19.09%    passed     95.27%
 445  Pseudomonas_chlororaphis_001602135         18.84%    passed     93.95%
 446  Pseudomonas_aeruginosa_001516365           18.99%    passed     93.66%
 447  Salmonella_enterica_003718615              16.69%    passed     23.45%
 448  Pseudomonas_frederiksbergensis_001952935   18.89%    passed     93.94%
 449  Neisseria_gonorrhoeae_003571465            19.15%    passed     84.02%
 450  Escherichia_coli_000814145                 18.42%    passed     46.52%
 451  Helicobacter_pylori_000600165              20.02%    failed      0.05%
 452  Pseudomonas_syringae_000988395             18.79%    passed     97.04%
 453  Pseudomonas_aeruginosa_900637045           19.09%    passed     92.53%
 454  Pseudomonas_aeruginosa_001874465           18.97%    passed     93.19%
 455  Pseudomonas_putida_000226035               23.26%    passed     93.05%
 456  Escherichia_coli_003722195                 18.66%    passed     59.82%
 457  Pseudomonas_putida_000691565               18.86%    passed     99.55%
 458  Salmonella_enterica_003595645              18.55%    passed     37.72%
 459  Pseudomonas_syringae_000988485             18.79%    passed     96.03%
 460  Helicobacter_pylori_000011725              19.97%    failed      0.03%
 461  Pseudomonas_fluorescens_900636825          18.97%    passed     89.26%
 462  Pseudomonas_aeruginosa_001618925           18.97%    passed     92.04%
 463  Pseudomonas_orientalis_002934065           19.00%    passed     93.67%
 464  Escherichia_albertii_000512125             18.49%    passed     42.26%
 465  Pseudomonas_aeruginosa_003073795           19.09%    passed     94.66%
 466  Escherichia_albertii_003860365             18.49%    passed     47.15%
 467  Salmonella_enterica_000623135              18.55%    passed     29.73%
 468  Helicobacter_pylori_900176185              20.00%    failed      0.07%
 469  Helicobacter_pylori_002983705              20.08%    failed      0.06%
 470  Salmonella_enterica_900185485              16.69%    passed     23.45%
 471  Salmonella_enterica_001620115              18.51%    passed     28.28%
 472  Neisseria_elongata_900475815               19.19%    passed     95.66%
 473  Helicobacter_pylori_003939085              20.04%    failed      0.04%
 474  Pseudomonas_chlororaphis_003945765         19.00%    passed     93.01%
 475  Pseudomonas_synxantha_003851555            19.00%    passed     89.02%
 476  Pseudomonas_fluorescens_003055645          19.11%    passed     95.86%
 477  Helicobacter_pylori_000148875              20.00%    failed      0.03%
 478  Helicobacter_pylori_000277385              19.95%    failed      0.04%
 479  Salmonella_enterica_001973275              18.55%    passed     34.65%
 480  Salmonella_enterica_000330485              16.98%    passed     43.21%
 481  Neisseria_gonorrhoeae_900186935            19.09%    passed     82.38%
 482  Salmonella_enterica_000272715              18.53%    passed     36.95%
 483  Pseudomonas_frederiksbergensis_001874645   18.82%    passed     96.72%
 484  Salmonella_enterica_001362335              16.66%    passed     25.18%
 485  Escherichia_albertii_003316815             18.60%    passed     41.65%
 486  Escherichia_coli_900474495                 18.51%    passed     43.11%
 487  Pseudomonas_stutzeri_000661915             18.88%    passed     97.08%
 488  Pseudomonas_aeruginosa_001547955           18.97%    passed     92.51%
 489  Escherichia_coli_002163935                 18.55%    passed     49.46%
 490  Pseudomonas_stutzeri_003001655             19.04%    passed     96.07%
 491  Salmonella_enterica_001690115              18.53%    passed     33.58%
 492  Salmonella_enterica_003717355              16.69%    passed     23.45%
 493  Salmonella_enterica_000272755              18.55%    passed     37.68%
 494  Escherichia_coli_000520035                 18.48%    passed     57.01%
 495  Neisseria_meningitidis_001698105           19.09%    passed     92.39%
 496  Pseudomonas_aeruginosa_003813025           19.11%    passed     94.87%
 497  Neisseria_meningitidis_001697105           19.09%    passed     96.41%
 498  Helicobacter_pylori_900120055              20.00%    failed      0.07%
 499  Neisseria_meningitidis_001697465           19.09%    passed     91.24%
 500  Pseudomonas_fluorescens_000934565          18.84%    passed     85.66%
 501  Pseudomonas_aeruginosa_001729505           18.97%    passed     94.23%
 502  Salmonella_enterica_003324935              18.59%    passed     24.80%
 503  Pseudomonas_aeruginosa_003073695           19.19%    passed     93.43%
 504  Pseudomonas_aeruginosa_003433235           19.11%    passed     94.09%
 505  Escherichia_coli_001723505                 18.51%    passed     49.92%
 506  Pseudomonas_aeruginosa_003369735           19.09%    passed     92.65%
 507  Pseudomonas_fluorescens_000009225          18.84%    passed     91.67%
 508  Pseudomonas_monteilii_000510285            18.84%    passed     99.10%
 509  Neisseria_meningitidis_001697665           19.09%    passed     96.21%
 510  Salmonella_enterica_000494385              18.48%    passed     34.83%
 511  Pseudomonas_putida_900636645               19.04%    passed     99.18%
 512  Pseudomonas_chlororaphis_003850465         19.00%    passed     91.27%
 513  Pseudomonas_aeruginosa_001722025           18.97%    passed     92.04%
 514  Escherichia_coli_002090355                 18.51%    passed     50.70%
 515  Escherichia_coli_003017935                 18.46%    passed     47.47%
 516  Neisseria_meningitidis_001697905           19.09%    passed     91.24%
 517  Neisseria_meningitidis_003355235           19.15%    passed     93.16%
 518  Neisseria_meningitidis_003355395           19.15%    passed     92.02%
 519  Helicobacter_pylori_000259235              20.02%    failed      0.05%
 520  Helicobacter_pylori_000685625              20.00%    failed      0.03%
 521  Escherichia_coli_002741215                 18.46%    passed     40.79%
 522  Escherichia_coli_002953075                 18.55%    passed     51.50%
 523  Pseudomonas_chlororaphis_003851265         19.02%    passed     90.91%
 524  Neisseria_meningitidis_001698045           19.09%    passed     91.24%
 525  Pseudomonas_syringae_000344335             18.80%    passed     97.57%
 526  Pseudomonas_syringae_900235905             18.93%    passed     97.57%
 527  Helicobacter_pylori_000023805              19.99%    failed      0.05%
 528  Escherichia_coli_001901315                 18.51%    passed     49.01%
 529  Neisseria_meningitidis_001697125           19.09%    passed     96.27%
 530  Salmonella_enterica_002761015              18.59%    passed     30.63%
 531  Neisseria_meningitidis_001697945           19.09%    passed     92.92%
 532  Pseudomonas_aeruginosa_001516005           18.97%    passed     93.50%
 533  Neisseria_elongata_003351685               19.19%    passed     97.57%
 534  Pseudomonas_mendocina_000204295            18.88%    passed     95.13%
 535  Pseudomonas_aeruginosa_900618285           19.09%    passed     92.53%
 536  Pseudomonas_syringae_900235865             18.93%    passed     95.11%
 537  Pseudomonas_syringae_900289125             18.97%    passed     96.91%
 538  Pseudomonas_aeruginosa_000271365           18.97%    passed     93.39%
 539  Pseudomonas_aeruginosa_002968955           19.11%    passed     94.09%
 540  Escherichia_coli_002211725                 18.51%    passed     51.85%
 541  Escherichia_coli_000022225                 18.46%    passed     62.68%
 542  Pseudomonas_chlororaphis_003850445         19.00%    passed     91.27%
 543  Pseudomonas_chlororaphis_003850505         19.00%    passed     91.27%
 544  Pseudomonas_aeruginosa_001542835           18.99%    passed     92.76%
 545  Helicobacter_pylori_000829115              22.04%    failed      0.07%
 546  Pseudomonas_fluorescens_001708485          18.84%    passed     87.47%
 547  Helicobacter_pylori_000600225              20.02%    failed      0.05%
 548  Pseudomonas_mendocina_900636545            19.06%    passed     93.66%
 549  Helicobacter_pylori_000600085              20.02%    failed      0.05%
 550  Neisseria_meningitidis_001698005           19.09%    passed     91.24%
 551  Pseudomonas_chlororaphis_003850345         19.00%    passed     88.87%
 552  Leptospira_interrogans_000007685           18.53%    passed     66.33%
 553  Escherichia_coli_003591595                 18.57%    passed     56.33%
 554  Pseudomonas_syringae_003665415             18.95%    passed     97.83%
 555  Escherichia_coli_000219515                 18.59%    passed     62.93%
 556  Escherichia_coli_002899495                 18.55%    passed     51.50%
 557  Pseudomonas_syringae_004006335             19.08%    passed     92.90%
 558  Escherichia_coli_002164595                 18.57%    passed     56.23%
 559  Pseudomonas_chlororaphis_003851205         19.00%    passed     89.48%
 560  Escherichia_coli_002741555                 18.53%    passed     47.79%
 561  Helicobacter_pylori_000224535              19.99%    failed      0.04%
 562  Neisseria_gonorrhoeae_002073535            19.15%    passed     87.23%
 563  Pseudomonas_aeruginosa_001722005           18.97%    passed     93.39%
 564  Salmonella_enterica_000973665              18.55%    passed     21.73%
 565  Pseudomonas_putida_000498395               18.84%    passed     98.96%
 566  Pseudomonas_chlororaphis_003851405         19.00%    passed     91.44%
 567  Salmonella_enterica_003589805              18.51%    passed     36.19%
 568  Pseudomonas_stutzeri_001648195             18.88%    passed     94.42%
 569  Neisseria_gonorrhoeae_900186875            19.09%    passed     81.49%
 570  Escherichia_coli_001677475                 18.57%    passed     54.87%
 571  Helicobacter_pylori_001991095              20.02%    failed      0.05%
 572  Helicobacter_pylori_000315955              19.93%    failed      0.04%
 573  Pseudomonas_protegens_000012265            18.80%    passed     91.05%
 574  Salmonella_enterica_003718235              16.68%    passed     24.43%
 575  Helicobacter_pylori_001653395              19.99%    failed      0.03%
 576  Escherichia_coli_003018395                 18.44%    passed     47.73%
 577  Neisseria_meningitidis_900638605           19.15%    passed     96.85%
 578  Leptospira_borgpetersenii_003254845         6.42%    failed      0.77%
 579  Helicobacter_cinaedi_003214155             20.17%    failed      0.02%
 580  Salmonella_enterica_000973685              18.57%    passed     31.83%
 581  Pseudomonas_putida_000016865               18.88%    passed     98.70%
 582  Neisseria_meningitidis_001697585           19.09%    passed     91.73%
 583  Helicobacter_pylori_000829135              21.49%    failed      0.10%
 584  Salmonella_enterica_002234755              18.51%    passed     28.80%
 585  Helicobacter_pylori_001433495              20.04%    failed      0.03%
 586  Pseudomonas_mendocina_003008615            19.00%    passed     93.02%
 587  Neisseria_gonorrhoeae_001661085            19.09%    passed     86.48%
 588  Escherichia_coli_000148605                 25.28%    passed     43.18%
 589  Helicobacter_pylori_000185225              20.06%    failed      0.05%
 590  Helicobacter_pylori_002952455              20.02%    failed      0.06%
 591  Neisseria_meningitidis_000191445           19.09%    passed     92.71%
 592  Helicobacter_pylori_000185245              20.02%    failed      0.02%
 593  Pseudomonas_frederiksbergensis_002355315   18.82%    passed     94.14%
 594  Leptospira_borgpetersenii_000013945         6.40%    failed      0.73%
 595  Neisseria_meningitidis_001697865           19.09%    passed     98.21%
 596  Helicobacter_pylori_001653375              19.99%    failed      0.04%
 597  Leptospira_mayottensis_000306675           18.49%    passed     72.19%
 598  Pseudomonas_protegens_000828695            18.80%    passed     90.64%
 599  Salmonella_enterica_003073555              18.60%    passed     28.11%
 600  Pseudomonas_aeruginosa_000014625           19.11%    passed     94.27%
 601  Pseudomonas_putida_000019445               18.84%    passed     98.21%
 602  Pseudomonas_stutzeri_001038645             18.99%    passed     99.26%
 603  Pseudomonas_protegens_002006545            18.99%    passed     90.26%
 604  Pseudomonas_aeruginosa_001516325           18.99%    passed     93.66%
 605  Escherichia_coli_001558995                 18.46%    passed     64.27%
 606  Helicobacter_pylori_000185205              19.99%    failed      0.05%
 607  Escherichia_coli_003018275                 18.57%    passed     57.14%
 608  Neisseria_meningitidis_001698025           19.09%    passed     96.37%
 609  Helicobacter_pylori_900120335              20.00%    failed      0.07%
 610  Neisseria_meningitidis_003355415           19.15%    passed     93.51%
 611  Escherichia_coli_001651965                 18.42%    passed     58.76%
 612  Escherichia_coli_003018095                 18.53%    passed     50.16%
 613  Pseudomonas_aeruginosa_002205375           18.99%    passed     93.97%
 614  Escherichia_coli_001890265                 18.46%    passed     59.77%
 615  Helicobacter_pylori_000213135              19.97%    failed      0.05%
 616  Escherichia_coli_002201835                 18.53%    passed     48.33%
 617  Neisseria_gonorrhoeae_900186915            19.09%    passed     82.38%
 618  Pseudomonas_syringae_900235825             18.93%    passed     96.62%
 619  Escherichia_coli_000023365                 18.51%    passed     49.25%
 620  Neisseria_lactamica_000196295              19.09%    passed     77.23%
 621  Neisseria_meningitidis_001697845           19.09%    passed     98.21%
 622  Pseudomonas_chlororaphis_003851345         19.00%    passed     90.10%
 623  Escherichia_coli_001682305                 18.46%    passed     44.18%
 624  Pseudomonas_aeruginosa_001516245           18.99%    passed     94.66%
 625  Pseudomonas_putida_000019125               18.82%    passed     97.53%
 626  Helicobacter_pylori_002906515              20.04%    failed      0.05%
 627  Pseudomonas_fluorescens_000012445          18.91%    passed     95.18%
 628  Helicobacter_pylori_001653415              20.00%    failed      0.03%
 629  Pseudomonas_fluorescens_900636635          19.09%    passed     93.65%
 630  Salmonella_enterica_000018705              18.49%    passed     48.67%
 631  Helicobacter_pylori_002906535              20.04%    failed      0.05%
 632  Pseudomonas_aeruginosa_000508765           19.71%    passed     91.87%
 633  Pseudomonas_putida_000495455               18.82%    passed     99.10%
 634  Escherichia_coli_900636055                 18.53%    passed     47.29%
 635  Neisseria_meningitidis_002075815           19.09%    passed     91.24%
 636  Escherichia_coli_003018935                 18.46%    passed     48.55%
 637  Helicobacter_pylori_900478295              20.04%    failed      0.04%
 638  Neisseria_meningitidis_000152165           19.09%    passed     93.56%
 639  Pseudomonas_aeruginosa_001594325           18.97%    passed     92.39%
 640  Leptospira_borgpetersenii_003516145        18.53%    passed     85.92%
 641  Salmonella_enterica_000430165              32.46%    passed     26.77%
 642  Pseudomonas_aeruginosa_003429185           19.15%    passed     94.90%
 643  Neisseria_gonorrhoeae_003855435            19.15%    passed     83.08%
 644  Salmonella_enterica_900635725              16.71%    passed      5.39%
 645  Salmonella_enterica_003717475              16.69%    passed     23.45%
 646  Pseudomonas_aeruginosa_900069025           30.95%    passed     89.15%
 647  Pseudomonas_syringae_002024285             18.80%    passed     98.01%
 648  Pseudomonas_stutzeri_000013785             18.88%    passed     95.82%
 649  Salmonella_enterica_001975445              18.53%    passed     28.29%
 650  Salmonella_enterica_001540845              18.51%    passed     34.58%
 651  Pseudomonas_syringae_001913235             18.80%    passed     98.01%
 652  Salmonella_bongori_000439255               18.57%    failed      4.35%
 653  Pseudomonas_putida_001886975               18.82%    passed     97.61%
 654  Neisseria_lactamica_003351565              19.20%    passed     62.11%
 655  Helicobacter_pylori_000013245              20.00%    failed      0.05%
 656  Salmonella_enterica_000623295              18.57%    passed     36.71%
 657  Pseudomonas_stutzeri_000219605             18.82%    passed     97.65%
 658  Neisseria_gonorrhoeae_000006845            19.11%    passed     80.33%
 659  Neisseria_meningitidis_000800415           19.11%    passed     91.17%
 660  Salmonella_enterica_001956735              18.57%    passed     31.61%
 661  Pseudomonas_aeruginosa_900636975           19.09%    passed     93.45%
 662  Pseudomonas_aeruginosa_001606045           18.97%    passed     93.50%
 663  Helicobacter_pylori_002906495              20.04%    failed      0.05%
 664  Pseudomonas_aeruginosa_003204335           19.11%    passed     93.75%
 665  Escherichia_coli_002903125                 18.46%    passed     45.58%
 666  Leptospira_interrogans_001047635           18.53%    passed     63.24%
 667  Helicobacter_pylori_003640585              20.09%    failed      0.03%
 668  Helicobacter_pylori_000348885              19.97%    failed      0.04%
 669  Pseudomonas_aeruginosa_001721765           18.97%    passed     92.04%
 670  Pseudomonas_syringae_000012245             19.24%    passed     94.93%
 671  Pseudomonas_syringae_003047185             18.95%    passed     96.61%
 672  Helicobacter_pylori_000148855              20.00%    failed      0.06%
 673  Salmonella_enterica_000272735              18.53%    passed     36.95%
 674  Pseudomonas_aeruginosa_001045685           18.97%    passed     93.39%
 675  Pseudomonas_putida_000219705               18.82%    passed     97.24%
 676  Salmonella_enterica_003073575              18.59%    passed     25.44%
 677  Pseudomonas_stutzeri_000590475             18.88%    passed     95.34%
 678  Escherichia_coli_001753525                 18.46%    passed     52.46%
 679  Helicobacter_cinaedi_000349975             20.13%    failed      0.01%
 680  Neisseria_meningitidis_003355255           19.15%    passed     92.03%
 681  Pseudomonas_stutzeri_900638035             19.02%    passed     98.41%
 682  Leptospira_interrogans_001010765           18.51%    passed     67.58%
 683  Pseudomonas_fluorescens_000262325          18.84%    passed     85.16%
 684  Helicobacter_pylori_000826985              21.55%    failed      0.10%
 685  Pseudomonas_orientalis_003851645           19.00%    passed     93.67%
 686  Pseudomonas_putida_001767335               18.84%    passed     99.42%
 687  Pseudomonas_aeruginosa_900618255           19.26%    passed     90.19%
 688  Escherichia_coli_000184185                 18.44%    passed     56.23%
 689  Pseudomonas_aeruginosa_003319235           19.11%    passed     93.03%
 690  Helicobacter_pylori_001433515              20.09%    failed      0.04%
 691  Escherichia_coli_002009315                 18.55%    passed     53.44%
 692  Escherichia_coli_003111785                 18.55%    passed     45.38%
 693  Pseudomonas_brassicacearum_000194805       18.86%    passed     92.47%
 694  Pseudomonas_brassicacearum_000585995       18.86%    passed     92.12%
 695  Neisseria_meningitidis_001697345           19.09%    passed     98.42%
 696  Escherichia_coli_002853655                 18.62%    passed     52.72%
 697  Escherichia_coli_001936315                 18.55%    passed     41.36%
 698  Escherichia_coli_003966775                 18.55%    passed     48.35%
 699  Pseudomonas_aeruginosa_900149285           18.97%    passed     93.39%
 700  Escherichia_coli_000010485                 18.51%    passed     45.91%
 701  Neisseria_meningitidis_003355315           19.15%    passed     92.44%
 702  Salmonella_enterica_001620155              18.77%    passed     28.24%
 703  Pseudomonas_aeruginosa_003798105           19.09%    passed     92.53%
 704  Helicobacter_pylori_900120225              20.00%    failed      0.07%
 705  Helicobacter_pylori_900638475              20.00%    failed      0.03%
 706  Pseudomonas_aeruginosa_900095805           18.97%    passed     93.19%
 707  Helicobacter_pylori_002952615              20.02%    failed      0.06%
 708  Pseudomonas_aeruginosa_000271985           18.97%    passed     93.50%
 709  Escherichia_coli_001280385                 18.57%    passed     56.87%
 710  Pseudomonas_chlororaphis_003008635         19.00%    passed     90.64%
 711  Neisseria_meningitidis_000191425           19.09%    passed     95.50%
 712  Neisseria_meningitidis_001697805           19.09%    passed     97.24%
 713  Pseudomonas_aeruginosa_003812905           19.13%    passed     94.51%
 714  Helicobacter_pylori_900120255              20.00%    failed      0.07%
 715  Leptospira_borgpetersenii_003716785         6.42%    failed      0.71%
 716  Neisseria_meningitidis_001697745           19.09%    passed     92.49%
 717  Salmonella_enterica_000486445              18.48%    passed     29.03%
 718  Helicobacter_pylori_002222575              19.97%    failed      0.06%
 719  Pseudomonas_chlororaphis_003851385         19.00%    passed     88.00%
 720  Helicobacter_pylori_000277425              20.04%    failed      0.09%
 721  Salmonella_enterica_001975325              18.51%    passed     25.74%
 722  Pseudomonas_chlororaphis_003851785         19.00%    passed     95.03%
 723  Neisseria_meningitidis_003355335           19.15%    passed     92.03%
 724  Pseudomonas_aeruginosa_003408495           19.09%    passed     92.65%
 725  Salmonella_enterica_002763415              18.59%    passed     27.88%
 726  Neisseria_meningitidis_001697645           19.09%    passed     92.92%
 727  Salmonella_enterica_001305235              18.55%    passed     30.91%
 728  Pseudomonas_chlororaphis_003850525         19.00%    passed     90.70%
 729  Helicobacter_pylori_000224575              19.97%    failed      0.02%
 730  Neisseria_gonorrhoeae_003571445            19.15%    passed     81.37%
 731  Salmonella_enterica_003718595              16.69%    passed     23.45%
 732  Escherichia_coli_003204155                 18.55%    passed     51.27%
 733  Neisseria_gonorrhoeae_002073615            19.17%    passed     86.12%
 734  Neisseria_meningitidis_001697925           19.09%    passed     91.24%
 735  Salmonella_enterica_002386325              18.51%    passed     37.24%
 736  Escherichia_coli_000671295                 18.48%    passed     57.01%
 737  Pseudomonas_aeruginosa_003073615           19.09%    passed     93.65%
 738  Pseudomonas_orientalis_003852045           19.00%    passed     94.13%
 739  Pseudomonas_monteilii_000510325            18.84%    passed     99.10%
 740  Pseudomonas_syringae_002763655             19.20%    passed     98.95%
 741  Salmonella_enterica_002984035              18.62%    passed     33.00%
 742  Leptospira_borgpetersenii_001444465        18.55%    passed     85.09%
 743  Escherichia_coli_003410275                 18.59%    passed     56.16%
 744  Neisseria_meningitidis_000253215           19.09%    passed     94.50%
 745  Escherichia_coli_003571665                 18.57%    passed     51.31%
 746  Escherichia_albertii_002895205             18.51%    passed     40.43%
 747  Neisseria_meningitidis_001697705           19.09%    passed     92.49%
 748  Pseudomonas_putida_000271965               18.88%    passed     99.64%
 749  Helicobacter_pylori_000008525              18.69%    failed      0.01%
 750  Salmonella_enterica_000940895              18.51%    passed     29.35%
 751  Pseudomonas_chlororaphis_000761195         18.86%    passed     93.35%
 752  Neisseria_meningitidis_001697565           19.09%    passed     91.73%
 753  Helicobacter_pylori_000277405              19.97%    failed      0.04%
 754  Pseudomonas_stutzeri_000195105             18.82%    passed     98.02%
 755  Pseudomonas_aeruginosa_001721805           18.97%    passed     92.04%
 756  Pseudomonas_chlororaphis_000698865         18.97%    passed     91.05%
 757  Neisseria_meningitidis_000787195           19.09%    passed     89.98%
 758  Helicobacter_pylori_000685705              20.02%    failed      0.04%
****  TOTAL                                      19.06%  112 sequences failed composition chi2 test (p-value<5%; df=3)
NOTE: 147 identical sequences will be ignored during tree search

Create initial parsimony tree by phylogenetic likelihood library (PLL)... 0.363 seconds

NOTE: 182 MB RAM is required!
Estimate model parameters (epsilon = 0.100)
1. Initial log-likelihood: -59861.867
2. Current log-likelihood: -56845.387
3. Current log-likelihood: -56066.746
4. Current log-likelihood: -56033.010
5. Current log-likelihood: -56032.134
Optimal log-likelihood: -56032.095
Rate parameters:  A-C: 1.000  A-G: 3.597  A-T: 1.000  C-G: 1.000  C-T: 3.597  G-T: 1.000
Base frequencies:   A: 0.264  C: 0.218  G: 0.308  T: 0.210
Gamma shape alpha: 0.195
Parameters optimization took 5 rounds (5.255 sec)

--------------------------------------------------------------------
|             INITIALIZING CANDIDATE TREE SET                      |
--------------------------------------------------------------------
Computing ML distances based on estimated model parameters... 10.220 sec
Computing BIONJ tree...
0.387 seconds
Log-likelihood of BIONJ tree: -58132.649
Generating 98 parsimony trees... 39.693 seconds 100 distinct starting trees
Computing log-likelihood of 100 initial trees ... 36.599 seconds
Optimizing top 20 initial trees with NNI...
Iteration 1 / LogL: -55803.316 / Time: 0h:1m:28s
Estimate model parameters (epsilon = 0.100)
BETTER TREE FOUND at iteration 1: -55802.813
Iteration 2 / LogL: -55775.114 / Time: 0h:1m:32s
Estimate model parameters (epsilon = 0.100)
BETTER TREE FOUND at iteration 2: -55774.973
Iteration 3 / LogL: -55784.152 / Time: 0h:1m:36s
Iteration 4 / LogL: -55760.993 / Time: 0h:1m:39s
Estimate model parameters (epsilon = 0.100)
BETTER TREE FOUND at iteration 4: -55760.586
Iteration 5 / LogL: -55815.487 / Time: 0h:1m:42s
Iteration 6 / LogL: -55849.117 / Time: 0h:1m:46s
Iteration 7 / LogL: -55818.435 / Time: 0h:1m:48s
Iteration 8 / LogL: -55866.486 / Time: 0h:1m:51s
Iteration 9 / LogL: -55856.950 / Time: 0h:1m:54s
Iteration 10 / LogL: -55866.336 / Time: 0h:1m:57s
Iteration 11 / LogL: -55812.733 / Time: 0h:2m:1s
Iteration 12 / LogL: -55850.549 / Time: 0h:2m:3s
Iteration 13 / LogL: -55863.625 / Time: 0h:2m:5s
Iteration 14 / LogL: -55845.367 / Time: 0h:2m:8s
Iteration 15 / LogL: -55823.419 / Time: 0h:2m:10s
Iteration 16 / LogL: -55845.447 / Time: 0h:2m:14s
Iteration 17 / LogL: -55851.567 / Time: 0h:2m:16s
Iteration 18 / LogL: -55842.795 / Time: 0h:2m:19s
Iteration 19 / LogL: -55869.542 / Time: 0h:2m:21s
Iteration 20 / LogL: -55849.937 / Time: 0h:2m:23s
Average CPU time for 1 NNI search: 21.692
Finish initializing candidate tree set. Number of distinct locally optimal trees: 20
Current best tree score: -55760.586 / CPU time: 752.212
--------------------------------------------------------------------
|               OPTIMIZING CANDIDATE TREE SET                      |
--------------------------------------------------------------------
Iteration 30 / LogL: -55865.753 / Time: 0h:3m:4s (0h:7m:30s left)
Iteration 40 / LogL: -55840.478 / Time: 0h:3m:58s (0h:6m:11s left)
Iteration 50 / LogL: -56045.749 / Time: 0h:4m:31s (0h:4m:42s left)
Estimate model parameters (epsilon = 0.010)
BETTER TREE FOUND at iteration 53: -55754.984
Iteration 60 / LogL: -55891.679 / Time: 0h:5m:16s (0h:8m:17s left)
Iteration 70 / LogL: -55744.589 / Time: 0h:6m:0s (0h:7m:13s left)
Estimate model parameters (epsilon = 0.010)
BETTER TREE FOUND at iteration 70: -55744.544
Iteration 80 / LogL: -56363.025 / Time: 0h:6m:34s (0h:7m:29s left)
Iteration 90 / LogL: -55967.044 / Time: 0h:7m:11s (0h:6m:27s left)
Iteration 100 / LogL: -56086.571 / Time: 0h:7m:45s (0h:5m:29s left)
Iteration 110 / LogL: -55781.274 / Time: 0h:12m:16s (0h:6m:44s left)
Iteration 120 / LogL: -55798.068 / Time: 0h:16m:2s (0h:6m:44s left)
Iteration 130 / LogL: -55786.372 / Time: 0h:16m:37s (0h:5m:9s left)
Estimate model parameters (epsilon = 0.010)
BETTER TREE FOUND at iteration 131: -55731.984
Iteration 140 / LogL: -55893.469 / Time: 0h:17m:13s (0h:11m:16s left)
Iteration 150 / LogL: -56093.881 / Time: 0h:17m:43s (0h:9m:37s left)
Iteration 160 / LogL: -55804.619 / Time: 0h:18m:14s (0h:8m:8s left)
Iteration 170 / LogL: -55859.240 / Time: 0h:18m:49s (0h:6m:47s left)
Iteration 180 / LogL: -55835.768 / Time: 0h:19m:28s (0h:5m:32s left)
Iteration 190 / LogL: -55798.427 / Time: 0h:20m:14s (0h:4m:23s left)
Iteration 200 / LogL: -55878.179 / Time: 0h:21m:0s (0h:3m:16s left)
Iteration 210 / LogL: -55817.272 / Time: 0h:21m:40s (0h:2m:10s left)
Iteration 220 / LogL: -55794.101 / Time: 0h:22m:29s (0h:1m:7s left)
Iteration 230 / LogL: -55800.545 / Time: 0h:23m:20s (0h:0m:6s left)
TREE SEARCH COMPLETED AFTER 231 ITERATIONS / Time: 0h:23m:24s

--------------------------------------------------------------------
|                    FINALIZING TREE SEARCH                        |
--------------------------------------------------------------------
Performs final model parameters optimization
Estimate model parameters (epsilon = 0.010)
1. Initial log-likelihood: -55731.978
2. Current log-likelihood: -55731.954
Optimal log-likelihood: -55731.953
Rate parameters:  A-C: 1.000  A-G: 3.639  A-T: 1.000  C-G: 1.000  C-T: 3.639  G-T: 1.000
Base frequencies:   A: 0.264  C: 0.218  G: 0.308  T: 0.210
Gamma shape alpha: 0.195
Parameters optimization took 2 rounds (1.373 sec)

BEST SCORE FOUND : -55731.953
Total tree length: 11.867

Total number of iterations: 231
CPU time used for tree search: 9980.952 sec (2h:46m:20s)
Wall-clock time used for tree search: 1393.508 sec (0h:23m:13s)
Total CPU time used: 10067.520 sec (2h:47m:47s)
Total wall-clock time used: 1405.460 sec (0h:23m:25s)

Analysis results written to: 
  IQ-TREE report:                ./016_results/16S23S_long.fasta.iqtree
  Maximum-likelihood tree:       ./016_results/16S23S_long.fasta.treefile
  Likelihood distances:          ./016_results/16S23S_long.fasta.mldist
  Screen log file:               ./016_results/16S23S_long.fasta.log

Date and Time: Tue Feb 26 09:16:03 2019
