IQ-TREE multicore version 1.6.1 for Linux 64-bit built Feb 16 2018
Developed by Bui Quang Minh, Nguyen Lam Tung, Olga Chernomor,
Heiko Schmidt, Dominik Schrempf, Michael Woodhams.

Host:    n114312.nbi.ac.uk (AVX2, FMA3, 15 GB RAM)
Command: iqtree-omp -s ./016_results/16S_consensus.fasta -nt 8 -m HKY+G
Seed:    179946 (Using SPRNG - Scalable Parallel Random Number Generator)
Time:    Tue Feb 26 14:54:24 2019
Kernel:  AVX+FMA - 8 threads (8 CPU cores detected)

Reading alignment file ./016_results/16S_consensus.fasta ... Fasta format detected
Alignment most likely contains DNA/RNA sequences
Alignment has 758 sequences with 1709 columns, 826 distinct patterns
658 parsimony-informative, 84 singleton sites, 967 constant sites
                                          Gap/Ambiguity  Composition  p-value
   1  Pseudomonas_putida_002736045                9.71%    passed     99.91%
   2  Salmonella_enterica_003589865               9.30%    passed     93.50%
   3  Escherichia_coli_003180975                 10.18%    passed     88.56%
   4  Pseudomonas_aeruginosa_001516165            9.65%    passed     96.33%
   5  Neisseria_meningitidis_001697305            9.95%    passed     99.32%
   6  Neisseria_gonorrhoeae_001661115             9.36%    passed     76.41%
   7  Leptospira_mayottensis_003429525           12.00%    passed     94.49%
   8  Neisseria_meningitidis_001697525            9.89%    passed     99.33%
   9  Escherichia_coli_002870165                  9.65%    passed     89.78%
  10  Pseudomonas_putida_003671955               10.06%    passed     98.80%
  11  Salmonella_enterica_001975365               9.60%    passed     94.01%
  12  Salmonella_enterica_003071485              10.12%    passed     85.07%
  13  Neisseria_meningitidis_003355215            9.42%    passed     96.45%
  14  Escherichia_coli_000599645                  8.84%    passed     82.45%
  15  Helicobacter_pylori_000148895              11.59%    passed      8.32%
  16  Pseudomonas_aeruginosa_001516205            9.71%    passed     96.85%
  17  Pseudomonas_aeruginosa_001548135            9.71%    passed     96.33%
  18  Salmonella_enterica_003324955               9.65%    passed     89.59%
  19  Salmonella_enterica_000245535               9.07%    passed     92.37%
  20  Salmonella_enterica_003717675               9.13%    passed     90.41%
  21  Pseudomonas_putida_003228315               10.06%    passed     99.50%
  22  Salmonella_enterica_900477885              10.47%    passed     85.13%
  23  Neisseria_meningitidis_001697485            9.25%    passed     99.06%
  24  Pseudomonas_aeruginosa_003369755           10.12%    passed     96.25%
  25  Helicobacter_pylori_000178935              11.82%    passed      6.73%
  26  Pseudomonas_parafulva_003410295            10.12%    passed     98.77%
  27  Neisseria_meningitidis_000191505            9.25%    passed     99.25%
  28  Pseudomonas_aeruginosa_001900265            9.65%    passed     96.33%
  29  Neisseria_meningitidis_001697425            9.95%    passed     99.32%
  30  Pseudomonas_syringae_002905815             10.01%    passed     98.06%
  31  Pseudomonas_koreensis_001654515             9.60%    passed     99.83%
  32  Salmonella_enterica_001121865               8.66%    passed     95.07%
  33  Escherichia_coli_002786655                 10.30%    passed     90.13%
  34  Escherichia_coli_002812545                 10.24%    passed     91.43%
  35  Pseudomonas_synxantha_003851495            10.06%    passed     95.46%
  36  Escherichia_coli_001566615                  9.48%    passed     94.54%
  37  Pseudomonas_stutzeri_000327065              9.54%    passed     99.46%
  38  Pseudomonas_aeruginosa_000504045            9.65%    passed     96.33%
  39  Pseudomonas_syringae_900235885              9.89%    passed     92.87%
  40  Pseudomonas_aeruginosa_002812905           10.06%    passed     96.43%
  41  Neisseria_meningitidis_900638595            9.42%    passed     98.80%
  42  Neisseria_meningitidis_002073675            9.42%    passed     98.94%
  43  Neisseria_gonorrhoeae_001047225             9.30%    passed     80.36%
  44  Pseudomonas_aeruginosa_001482325            9.77%    passed     96.28%
  45  Pseudomonas_aeruginosa_002085605            9.65%    passed     96.33%
  46  Helicobacter_pylori_002952495              11.70%    passed      8.47%
  47  Pseudomonas_chlororaphis_003851985         10.01%    passed     98.46%
  48  Salmonella_enterica_003717955               9.13%    passed     89.31%
  49  Pseudomonas_aeruginosa_001792855            9.65%    passed     96.33%
  50  Pseudomonas_fluorescens_000963495           9.48%    passed     97.80%
  51  Neisseria_gonorrhoeae_000020105             9.25%    passed     73.94%
  52  Helicobacter_cinaedi_000284635             12.00%    passed      7.13%
  53  Escherichia_coli_002142695                 10.18%    passed     91.47%
  54  Neisseria_meningitidis_001029815            9.25%    passed     99.24%
  55  Escherichia_albertii_003312545              9.25%    passed     96.07%
  56  Escherichia_coli_002741255                  9.77%    passed     94.04%
  57  Escherichia_coli_000014845                  9.54%    passed     95.15%
  58  Pseudomonas_aeruginosa_002215345            9.65%    passed     96.33%
  59  Pseudomonas_aeruginosa_001687285           10.12%    passed     96.25%
  60  Pseudomonas_aeruginosa_003812885           10.06%    passed     96.43%
  61  Helicobacter_pylori_000277365              11.59%    passed      9.37%
  62  Neisseria_meningitidis_001974965           10.12%    passed     95.11%
  63  Pseudomonas_aeruginosa_002237405            9.65%    passed     96.33%
  64  Helicobacter_pylori_900120135              11.70%    passed      9.88%
  65  Escherichia_albertii_003860385              9.19%    passed     93.05%
  66  Pseudomonas_parafulva_002021815             9.77%    passed     99.59%
  67  Pseudomonas_stutzeri_900636845             10.06%    passed     99.60%
  68  Pseudomonas_chlororaphis_003850405         10.01%    passed     99.30%
  69  Neisseria_meningitidis_001697685            9.95%    passed     99.32%
  70  Pseudomonas_aeruginosa_000510305            9.65%    passed     96.33%
  71  Salmonella_enterica_001705055               9.13%    passed     91.75%
  72  Escherichia_albertii_003312525              9.25%    passed     95.21%
  73  Pseudomonas_synxantha_003852025            10.12%    passed     97.30%
  74  Pseudomonas_aeruginosa_003206535           10.06%    passed     96.43%
  75  Pseudomonas_aeruginosa_000473745            9.65%    passed     96.33%
  76  Escherichia_albertii_001549955              9.36%    passed     96.39%
  77  Pseudomonas_aeruginosa_001750705            9.71%    passed     96.85%
  78  Escherichia_coli_003956305                 10.18%    passed     87.18%
  79  Escherichia_coli_002011965                  9.42%    passed     93.81%
  80  Pseudomonas_fluorescens_003410335          10.06%    passed     97.28%
  81  Salmonella_bongori_002211925               10.94%    passed     62.27%
  82  Escherichia_coli_000597845                  9.60%    passed     91.19%
  83  Neisseria_meningitidis_000800315            9.25%    passed     99.06%
  84  Neisseria_gonorrhoeae_001661135             9.30%    passed     75.08%
  85  Neisseria_meningitidis_001698065            9.30%    passed     98.89%
  86  Pseudomonas_aeruginosa_900636755           10.12%    passed     96.25%
  87  Pseudomonas_aeruginosa_003641125           10.06%    passed     96.43%
  88  Helicobacter_cinaedi_003574195             12.17%    passed      7.67%
  89  Pseudomonas_chlororaphis_001023535         11.41%    passed     99.63%
  90  Pseudomonas_chlororaphis_002844145         10.71%    passed     95.99%
  91  Escherichia_albertii_003312485              9.42%    passed     96.79%
  92  Salmonella_enterica_002760915               9.19%    passed     92.25%
  93  Pseudomonas_aeruginosa_003952325            9.77%    passed     94.48%
  94  Neisseria_meningitidis_002556585            9.54%    passed     98.73%
  95  Pseudomonas_protegens_002208745             9.95%    passed     98.38%
  96  Salmonella_enterica_002224405               9.60%    passed     93.80%
  97  Pseudomonas_chlororaphis_003850425         10.01%    passed     99.30%
  98  Salmonella_enterica_001629755               9.13%    passed     90.88%
  99  Pseudomonas_chlororaphis_003851225         10.06%    passed     99.11%
 100  Escherichia_coli_001280405                  9.30%    passed     96.60%
 101  Pseudomonas_putida_000410575               10.30%    passed     99.61%
 102  Escherichia_coli_000022665                  9.71%    passed     93.07%
 103  Helicobacter_pylori_003957395              11.64%    passed      9.03%
 104  Neisseria_meningitidis_003355295            9.42%    passed     97.57%
 105  Pseudomonas_aeruginosa_900618325           10.06%    passed     96.43%
 106  Salmonella_enterica_000009505               9.07%    passed     93.08%
 107  Salmonella_enterica_001447095               8.95%    passed     95.90%
 108  Pseudomonas_brassicacearum_001449085        9.65%    passed     97.99%
 109  Helicobacter_pylori_002952575              11.70%    passed      8.47%
 110  Neisseria_gonorrhoeae_900637245             9.42%    passed     72.02%
 111  Salmonella_enterica_002208255               9.48%    passed     94.46%
 112  Pseudomonas_aeruginosa_900636735           10.06%    passed     96.43%
 113  Neisseria_meningitidis_001697885            9.83%    passed     99.12%
 114  Escherichia_coli_000025165                  9.65%    passed     96.53%
 115  Escherichia_coli_900636065                 10.12%    passed     92.99%
 116  Escherichia_coli_003367885                 10.36%    passed     89.67%
 117  Pseudomonas_stutzeri_000279165             10.30%    passed     97.03%
 118  Escherichia_coli_002249955                  9.71%    passed     96.90%
 119  Pseudomonas_syringae_002966555              9.89%    passed     97.29%
 120  Pseudomonas_putida_000183645                9.65%    passed     99.09%
 121  Salmonella_enterica_002761155               9.25%    passed     92.64%
 122  Pseudomonas_orientalis_003851585           10.53%    passed     99.33%
 123  Neisseria_meningitidis_000008805            9.65%    passed     95.82%
 124  Neisseria_meningitidis_000800355            9.30%    passed     99.15%
 125  Pseudomonas_chlororaphis_000963835          9.48%    passed     98.42%
 126  Neisseria_meningitidis_002951575            9.54%    passed     98.89%
 127  Helicobacter_pylori_900120205              11.70%    passed      9.88%
 128  Pseudomonas_chlororaphis_003852005         10.01%    passed     99.09%
 129  Neisseria_gonorrhoeae_001047275             9.25%    passed     73.94%
 130  Neisseria_meningitidis_001698085            9.77%    passed     98.22%
 131  Salmonella_enterica_001361075               8.95%    passed     90.89%
 132  Pseudomonas_fluorescens_001747385           9.48%    passed     95.96%
 133  Pseudomonas_aeruginosa_002812925           10.06%    passed     96.43%
 134  Salmonella_enterica_001577505               9.54%    passed     91.38%
 135  Salmonella_enterica_001623775               9.60%    passed     93.04%
 136  Escherichia_albertii_002872455              9.36%    passed     96.39%
 137  Escherichia_coli_002952875                 10.42%    passed     90.39%
 138  Pseudomonas_aeruginosa_000829255            9.65%    passed     96.33%
 139  Pseudomonas_aeruginosa_000524595            9.65%    passed     96.33%
 140  Escherichia_coli_001618325                  9.42%    passed     93.98%
 141  Salmonella_enterica_001447115               8.84%    passed     96.41%
 142  Pseudomonas_chlororaphis_003850585         10.06%    passed     99.13%
 143  Pseudomonas_aeruginosa_002812865           10.06%    passed     96.43%
 144  Escherichia_coli_002012265                  9.65%    passed     92.61%
 145  Helicobacter_cinaedi_003213725             12.11%    passed      5.13%
 146  Salmonella_bongori_000709535               10.94%    passed     62.27%
 147  Pseudomonas_aeruginosa_003798125           10.12%    passed     96.96%
 148  Pseudomonas_putida_001515585                9.65%    passed     99.59%
 149  Salmonella_enterica_003429445               9.19%    passed     89.30%
 150  Salmonella_enterica_001975515              10.12%    passed     88.97%
 151  Neisseria_meningitidis_000191525            9.25%    passed     99.19%
 152  Helicobacter_pylori_000021165              11.64%    passed      9.83%
 153  Pseudomonas_aeruginosa_000006765           10.12%    passed     95.57%
 154  Pseudomonas_chlororaphis_003851445         10.01%    passed     99.09%
 155  Helicobacter_pylori_000196755              11.64%    passed      7.79%
 156  Salmonella_enterica_900205265               9.01%    passed     91.69%
 157  Pseudomonas_putida_002025705                9.54%    passed     99.69%
 158  Pseudomonas_aeruginosa_001632245            9.71%    passed     96.26%
 159  Pseudomonas_chlororaphis_003851365         10.01%    passed     99.08%
 160  Helicobacter_pylori_000255955              11.70%    passed      7.83%
 161  Pseudomonas_monteilii_003671975            10.01%    passed     98.63%
 162  Helicobacter_pylori_002951975              11.76%    passed      7.92%
 163  Helicobacter_pylori_000827025              11.64%    passed      7.62%
 164  Neisseria_meningitidis_000009465            9.54%    passed     99.34%
 165  Helicobacter_pylori_002906555              11.70%    passed      8.30%
 166  Helicobacter_pylori_900120315              11.70%    passed      9.88%
 167  Neisseria_meningitidis_001697785           10.01%    passed     99.27%
 168  Pseudomonas_chlororaphis_900636995         10.01%    passed     99.30%
 169  Neisseria_gonorrhoeae_001047255             9.25%    passed     76.62%
 170  Salmonella_enterica_003710205              10.53%    passed     85.98%
 171  Pseudomonas_fluorescens_001307275          10.01%    passed     97.80%
 172  Neisseria_meningitidis_003355435            9.42%    passed     98.94%
 173  Helicobacter_pylori_000307835              11.76%    passed      6.85%
 174  Salmonella_enterica_002210025               9.54%    passed     92.48%
 175  Pseudomonas_syringae_900235835              9.95%    passed     96.87%
 176  Pseudomonas_mendocina_002442555            10.88%    passed     99.92%
 177  Pseudomonas_orientalis_003851605           10.06%    passed     99.33%
 178  Neisseria_meningitidis_001697385            9.25%    passed     99.06%
 179  Neisseria_meningitidis_001029835            9.30%    passed     99.81%
 180  Salmonella_enterica_000623615               9.07%    passed     93.08%
 181  Escherichia_coli_900635325                  9.77%    passed     93.83%
 182  Helicobacter_pylori_000093185              11.59%    passed     10.35%
 183  Salmonella_enterica_000626375               9.01%    passed     94.26%
 184  Escherichia_coli_002953435                  9.30%    passed     91.91%
 185  Escherichia_albertii_002285455             10.12%    passed     94.64%
 186  Neisseria_meningitidis_002073235            9.71%    passed     99.08%
 187  Escherichia_coli_000147855                 10.01%    passed     92.34%
 188  Pseudomonas_aeruginosa_001900225            9.65%    passed     96.33%
 189  Pseudomonas_fluorescens_000293885           9.54%    passed     99.51%
 190  Pseudomonas_chlororaphis_003851905         10.06%    passed     98.80%
 191  Pseudomonas_aeruginosa_003028335           10.12%    passed     96.96%
 192  Pseudomonas_chlororaphis_003851805         10.06%    passed     98.80%
 193  Pseudomonas_mendocina_000733715             9.54%    passed     99.55%
 194  Escherichia_coli_004010655                  9.83%    passed     95.01%
 195  Pseudomonas_syringae_002024305              9.48%    passed     97.61%
 196  Pseudomonas_syringae_001482725              9.77%    passed     97.27%
 197  Pseudomonas_aeruginosa_001516265            9.71%    passed     96.26%
 198  Salmonella_enterica_000007545               9.01%    passed     91.69%
 199  Neisseria_meningitidis_000009105            9.25%    passed     94.84%
 200  Helicobacter_pylori_000224555              11.59%    passed      9.37%
 201  Escherichia_coli_003073955                  9.71%    passed     89.03%
 202  Neisseria_meningitidis_001697985            9.25%    passed     99.06%
 203  Escherichia_coli_001900885                  8.89%    passed     94.45%
 204  Salmonella_enterica_003718655               9.07%    passed     88.42%
 205  Neisseria_meningitidis_001697545           10.01%    passed     99.27%
 206  Salmonella_enterica_001975345              10.36%    passed     87.27%
 207  Helicobacter_pylori_000600145              11.59%    passed      7.50%
 208  Pseudomonas_stutzeri_003952685             10.53%    passed     99.64%
 209  Pseudomonas_fluorescens_003626995          10.01%    passed     98.09%
 210  Salmonella_bongori_000252995               10.94%    passed     62.27%
 211  Pseudomonas_brassicacearum_001746815        9.60%    passed     98.45%
 212  Pseudomonas_aeruginosa_000026645            9.71%    passed     96.26%
 213  Pseudomonas_aeruginosa_001792835            9.65%    passed     96.33%
 214  Pseudomonas_stutzeri_003047145             10.06%    passed     99.79%
 215  Pseudomonas_aeruginosa_900618315           10.06%    passed     96.43%
 216  Pseudomonas_aeruginosa_001515915            9.71%    passed     96.26%
 217  Pseudomonas_chlororaphis_003851865         10.06%    passed     98.80%
 218  Pseudomonas_aeruginosa_002104595            9.65%    passed     96.33%
 219  Neisseria_gonorrhoeae_002073655             9.42%    passed     74.68%
 220  Helicobacter_pylori_000685745              11.64%    passed      6.88%
 221  Escherichia_coli_001900675                  8.95%    passed     94.94%
 222  Escherichia_coli_002591135                  9.77%    passed     93.53%
 223  Pseudomonas_aeruginosa_001721825            9.71%    passed     96.33%
 224  Pseudomonas_chlororaphis_003851305         10.01%    passed     99.08%
 225  Pseudomonas_synxantha_003851525            10.12%    passed     97.10%
 226  Pseudomonas_monteilii_001534745             9.83%    passed     99.85%
 227  Salmonella_enterica_002211865               8.95%    passed     93.64%
 228  Salmonella_enterica_001441205              10.42%    passed     90.42%
 229  Helicobacter_pylori_000829095              11.64%    passed      7.62%
 230  Pseudomonas_fluorescens_000730425           9.48%    passed     98.21%
 231  Neisseria_meningitidis_001697725            9.30%    passed     99.30%
 232  Helicobacter_pylori_003050665              11.70%    passed      7.49%
 233  Salmonella_enterica_001119245               8.95%    passed     92.19%
 234  Leptospira_interrogans_000231175           11.41%    passed     92.74%
 235  Escherichia_coli_002846135                  9.54%    passed     94.04%
 236  Leptospira_interrogans_001047655           11.59%    passed     91.54%
 237  Pseudomonas_stutzeri_000267545              9.60%    passed     99.79%
 238  Neisseria_meningitidis_001750825            9.30%    passed     96.87%
 239  Escherichia_coli_002056635                  9.60%    passed     91.83%
 240  Pseudomonas_syringae_001913215              9.48%    passed     97.61%
 241  Pseudomonas_chlororaphis_002355875          9.30%    passed     99.74%
 242  Escherichia_coli_002357915                 10.01%    passed     94.50%
 243  Neisseria_meningitidis_001697605            9.89%    passed     99.06%
 244  Helicobacter_pylori_000600045              11.64%    passed      9.72%
 245  Escherichia_coli_001900615                  9.07%    passed     88.87%
 246  Neisseria_meningitidis_001697765           10.01%    passed     99.27%
 247  Pseudomonas_aeruginosa_000284555            9.65%    passed     96.33%
 248  Neisseria_meningitidis_001697505           10.01%    passed     98.67%
 249  Escherichia_coli_001675145                 10.01%    passed     90.52%
 250  Escherichia_coli_003018535                 10.24%    passed     91.50%
 251  Pseudomonas_aeruginosa_000359505            9.71%    passed     96.67%
 252  Salmonella_enterica_001975265               9.89%    passed     92.48%
 253  Salmonella_enterica_001362195               9.13%    passed     92.66%
 254  Pseudomonas_aeruginosa_000829885            9.65%    passed     96.33%
 255  Pseudomonas_chlororaphis_003851835         10.01%    passed     99.08%
 256  Escherichia_coli_000833635                 10.36%    passed     93.54%
 257  Salmonella_enterica_003718195               9.07%    passed     88.42%
 258  Pseudomonas_aeruginosa_900618305           10.12%    passed     96.25%
 259  Helicobacter_pylori_000270005              11.59%    passed      8.32%
 260  Salmonella_enterica_001623685               9.36%    passed     94.29%
 261  Pseudomonas_putida_002736125                9.65%    passed     99.83%
 262  Helicobacter_pylori_000828955              11.70%    passed      7.91%
 263  Neisseria_meningitidis_000191465            9.30%    passed     99.74%
 264  Salmonella_enterica_000623375               8.78%    passed     92.48%
 265  Salmonella_enterica_000020885              10.42%    passed     88.05%
 266  Neisseria_meningitidis_002073275            9.42%    passed     99.29%
 267  Pseudomonas_aeruginosa_001518975            9.71%    passed     96.26%
 268  Salmonella_enterica_002761075               9.19%    passed     92.25%
 269  Salmonella_enterica_002119485              10.18%    passed     88.31%
 270  Escherichia_coli_002850675                  9.07%    passed     94.01%
 271  Pseudomonas_aeruginosa_001516185            9.71%    passed     96.85%
 272  Pseudomonas_fluorescens_003612935          10.06%    passed     97.56%
 273  Salmonella_enterica_003717075               9.07%    passed     89.78%
 274  Salmonella_enterica_001890165              10.06%    passed     87.91%
 275  Salmonella_enterica_003032035               9.19%    passed     90.26%
 276  Helicobacter_pylori_000091345              11.64%    passed      9.72%
 277  Salmonella_enterica_000623335               9.07%    passed     92.85%
 278  Helicobacter_pylori_000498315              11.64%    passed      8.78%
 279  Salmonella_enterica_002762135               9.60%    passed     93.04%
 280  Helicobacter_pylori_000317875              11.59%    passed      7.50%
 281  Salmonella_enterica_001953695              10.06%    passed     84.17%
 282  Leptospira_interrogans_000941035           11.41%    passed     92.74%
 283  Pseudomonas_aeruginosa_001879525            9.65%    passed     96.33%
 284  Neisseria_meningitidis_000800235            9.42%    passed     98.86%
 285  Neisseria_meningitidis_001697445            9.83%    passed     99.12%
 286  Pseudomonas_aeruginosa_002075065            9.65%    passed     96.82%
 287  Escherichia_albertii_002741375              9.89%    passed     93.39%
 288  Pseudomonas_syringae_000452705              9.65%    passed     98.09%
 289  Escherichia_coli_001280325                  9.48%    passed     93.60%
 290  Neisseria_meningitidis_001697405            9.25%    passed     99.06%
 291  Escherichia_coli_001020945                 10.18%    passed     93.30%
 292  Pseudomonas_aeruginosa_900185255            9.65%    passed     96.33%
 293  Salmonella_enterica_002313105               9.07%    passed     93.08%
 294  Neisseria_meningitidis_001697205            9.25%    passed     99.06%
 295  Pseudomonas_putida_000412675                9.54%    passed     99.94%
 296  Pseudomonas_putida_002356095                9.83%    passed     99.85%
 297  Neisseria_meningitidis_000191485            9.25%    passed     98.74%
 298  Pseudomonas_chlororaphis_003850485         10.01%    passed     99.30%
 299  Pseudomonas_fluorescens_900475215          10.12%    passed     99.18%
 300  Pseudomonas_syringae_001281365              9.42%    passed     98.46%
 301  Pseudomonas_aeruginosa_003332705           10.06%    passed     96.43%
 302  Pseudomonas_fluorescens_000237065           9.54%    passed     98.61%
 303  Helicobacter_pylori_000008785              11.76%    passed      9.25%
 304  Helicobacter_pylori_900119955              11.70%    passed      9.88%
 305  Escherichia_coli_003017805                  9.25%    passed     92.09%
 306  Pseudomonas_putida_003290365               10.06%    passed     98.24%
 307  Leptospira_borgpetersenii_000013965        11.35%    passed     95.99%
 308  Escherichia_albertii_003864095              9.25%    passed     94.52%
 309  Pseudomonas_synxantha_003851465            10.12%    passed     95.79%
 310  Pseudomonas_aeruginosa_000829275            9.65%    passed     96.33%
 311  Pseudomonas_fluorescens_001307155          10.18%    passed     97.80%
 312  Neisseria_meningitidis_001697825           10.01%    passed     99.27%
 313  Neisseria_meningitidis_900638575            9.42%    passed     94.20%
 314  Salmonella_enterica_003718555               9.19%    passed     90.07%
 315  Pseudomonas_aeruginosa_003288355           10.12%    passed     96.96%
 316  Helicobacter_pylori_900119995              11.70%    passed      9.88%
 317  Leptospira_interrogans_001293065           11.47%    passed     93.20%
 318  Pseudomonas_aeruginosa_003991465            9.83%    passed     94.58%
 319  Salmonella_enterica_000272895               9.25%    passed     94.01%
 320  Helicobacter_pylori_000392455              11.59%    passed     10.35%
 321  Escherichia_coli_001559615                  9.71%    passed     93.07%
 322  Salmonella_enterica_001729225               9.48%    passed     91.85%
 323  Escherichia_coli_002011985                 10.24%    passed     94.19%
 324  Pseudomonas_syringae_900235815             10.01%    passed     95.97%
 325  Helicobacter_pylori_000498335              11.64%    passed      8.78%
 326  Helicobacter_pylori_000192335              11.70%    passed      8.82%
 327  Pseudomonas_koreensis_001605965             9.95%    passed     99.53%
 328  Pseudomonas_putida_001636055                9.60%    passed     99.42%
 329  Neisseria_meningitidis_002073595            9.42%    passed     96.99%
 330  Helicobacter_pylori_000020245              11.59%    passed      8.45%
 331  Pseudomonas_fluorescens_001708445           9.48%    passed     98.35%
 332  Salmonella_enterica_003717795               9.13%    passed     89.31%
 333  Helicobacter_pylori_000192315              11.70%    passed      8.82%
 334  Escherichia_coli_002999075                 10.24%    passed     91.50%
 335  Pseudomonas_syringae_000452445              9.89%    passed     97.09%
 336  Helicobacter_pylori_000392535              11.59%    passed      7.35%
 337  Neisseria_meningitidis_000816165            9.25%    passed     97.32%
 338  Pseudomonas_aeruginosa_003193645           10.06%    passed     96.43%
 339  Pseudomonas_aeruginosa_002968695           10.06%    passed     96.43%
 340  Helicobacter_pylori_000148915              11.59%    passed      8.45%
 341  Pseudomonas_stutzeri_003952645             10.53%    passed     99.64%
 342  Pseudomonas_aeruginosa_900618275           10.06%    passed     96.43%
 343  Pseudomonas_putida_002741075                9.54%    passed     98.98%
 344  Salmonella_enterica_001623625               9.95%    passed     86.35%
 345  Escherichia_coli_002105735                  9.89%    passed     94.97%
 346  Escherichia_coli_900635215                 10.30%    passed     88.87%
 347  Pseudomonas_koreensis_003049825             9.60%    passed     99.81%
 348  Pseudomonas_synxantha_000968415            10.18%    passed     95.96%
 349  Salmonella_enterica_000271905               9.60%    passed     90.98%
 350  Pseudomonas_entomophila_003940825           9.30%    passed     94.54%
 351  Neisseria_meningitidis_003355375            9.65%    passed     96.79%
 352  Pseudomonas_parafulva_000800255             9.60%    passed     98.81%
 353  Pseudomonas_fluorescens_001708465           9.48%    passed     98.35%
 354  Salmonella_enterica_000027025               9.36%    passed     91.98%
 355  Leptospira_interrogans_000092565           11.70%    passed     90.92%
 356  Neisseria_meningitidis_001697625           10.01%    passed     98.67%
 357  Salmonella_enterica_000624395               9.07%    passed     94.67%
 358  Pseudomonas_protegens_000397205             9.36%    passed     99.35%
 359  Neisseria_meningitidis_001697165            9.25%    passed     99.06%
 360  Helicobacter_pylori_000270025              11.59%    passed     10.49%
 361  Helicobacter_pylori_000600205              11.59%    passed      9.37%
 362  Neisseria_meningitidis_000014105            9.42%    passed     98.45%
 363  Pseudomonas_entomophila_003940785          10.12%    passed     98.78%
 364  Pseudomonas_entomophila_000026105           9.54%    passed     98.27%
 365  Salmonella_enterica_003325015              10.77%    passed     83.54%
 366  Pseudomonas_aeruginosa_002812825           10.12%    passed     96.25%
 367  Helicobacter_pylori_000185185              11.64%    passed     10.95%
 368  Neisseria_meningitidis_002073575            9.42%    passed     94.20%
 369  Pseudomonas_chlororaphis_003851925         10.01%    passed     99.09%
 370  Helicobacter_pylori_000270045              11.59%    passed      6.73%
 371  Neisseria_meningitidis_000800275            9.60%    passed     99.32%
 372  Pseudomonas_putida_000325725                9.71%    passed     98.78%
 373  Neisseria_meningitidis_003355275            9.71%    passed     98.59%
 374  Pseudomonas_aeruginosa_000496605            9.65%    passed     96.33%
 375  Escherichia_coli_001900415                  8.95%    passed     95.90%
 376  Pseudomonas_chlororaphis_003851955         10.06%    passed     98.88%
 377  Pseudomonas_syringae_000344475              9.89%    passed     97.95%
 378  Escherichia_coli_003112185                 10.18%    passed     90.44%
 379  Salmonella_enterica_000623275               9.07%    passed     94.67%
 380  Escherichia_coli_001900905                  8.95%    passed     94.64%
 381  Pseudomonas_mendocina_000016565             9.71%    passed     99.91%
 382  Pseudomonas_aeruginosa_003957825           10.06%    passed     96.43%
 383  Neisseria_lactamica_002022745               9.25%    passed     73.67%
 384  Salmonella_enterica_001127485               9.01%    passed     91.69%
 385  Neisseria_meningitidis_001697365           10.01%    passed     98.67%
 386  Pseudomonas_aeruginosa_003194245           10.12%    passed     96.96%
 387  Escherichia_coli_002741455                  9.95%    passed     90.20%
 388  Pseudomonas_chlororaphis_003850385         10.01%    passed     99.30%
 389  Pseudomonas_aeruginosa_001515845            9.83%    passed     96.17%
 390  Helicobacter_pylori_001653475              11.64%    passed      7.01%
 391  Salmonella_enterica_003030125              10.42%    passed     86.94%
 392  Salmonella_enterica_003031875              10.06%    passed     85.31%
 393  Escherichia_albertii_002285475              9.83%    passed     95.68%
 394  Pseudomonas_syringae_000648735              9.48%    passed     97.61%
 395  Neisseria_meningitidis_000026965            9.30%    passed     98.44%
 396  Salmonella_enterica_002234775               9.71%    passed     93.87%
 397  Pseudomonas_chlororaphis_003851165         10.06%    passed     99.11%
 398  Escherichia_coli_003019115                 10.18%    passed     90.44%
 399  Helicobacter_pylori_002356595              11.59%    passed      8.32%
 400  Escherichia_coli_003856695                  9.54%    passed     91.38%
 401  Salmonella_enterica_001095585               9.01%    passed     91.69%
 402  Pseudomonas_putida_000264665               10.06%    passed     98.56%
 403  Pseudomonas_aeruginosa_003571505           10.12%    passed     96.96%
 404  Helicobacter_pylori_002952555              11.70%    passed      8.47%
 405  Salmonella_enterica_003717855               9.07%    passed     89.78%
 406  Pseudomonas_monteilii_002943995            10.12%    passed     97.83%
 407  Pseudomonas_chlororaphis_003850605         10.18%    passed     99.61%
 408  Helicobacter_pylori_000307815              11.76%    passed      6.85%
 409  Escherichia_coli_002165115                  9.19%    passed     90.98%
 410  Pseudomonas_aeruginosa_002208645            9.71%    passed     96.26%
 411  Pseudomonas_stutzeri_003008495             10.01%    passed     99.65%
 412  Pseudomonas_chlororaphis_003850365         10.01%    passed     99.30%
 413  Neisseria_meningitidis_000626595            9.30%    passed     95.57%
 414  Pseudomonas_aeruginosa_000496455            9.83%    passed     97.35%
 415  Helicobacter_pylori_002952355              11.70%    passed      8.47%
 416  Leptospira_mayottensis_003429505           11.41%    passed     92.82%
 417  Escherichia_coli_002012185                 10.12%    passed     90.02%
 418  Salmonella_enterica_000750375               9.30%    passed     89.21%
 419  Escherichia_coli_900174625                  9.25%    passed     94.79%
 420  Neisseria_meningitidis_001697325            9.95%    passed     99.32%
 421  Neisseria_meningitidis_002073555            9.42%    passed     99.29%
 422  Neisseria_elongata_000818035                9.30%    passed     99.95%
 423  Helicobacter_pylori_000439295              11.59%    passed     10.35%
 424  Helicobacter_pylori_000392515              11.64%    passed      9.51%
 425  Helicobacter_cinaedi_003213825             12.17%    passed      7.67%
 426  Pseudomonas_aeruginosa_004010895           10.06%    passed     96.43%
 427  Leptospira_interrogans_002073495           11.41%    passed     92.74%
 428  Pseudomonas_aeruginosa_002237425            9.65%    passed     96.33%
 429  Neisseria_meningitidis_001697965            9.83%    passed     99.12%
 430  Escherichia_coli_003856675                  9.83%    passed     90.60%
 431  Pseudomonas_chlororaphis_003851145         10.06%    passed     99.60%
 432  Helicobacter_pylori_000348865              11.64%    passed      9.98%
 433  Salmonella_enterica_002946375              10.12%    passed     86.11%
 434  Pseudomonas_aeruginosa_003073735           10.12%    passed     96.25%
 435  Pseudomonas_protegens_003363755             9.95%    passed     97.90%
 436  Pseudomonas_syringae_000344355              9.48%    passed     97.61%
 437  Pseudomonas_putida_000007565               11.12%    passed     97.66%
 438  Pseudomonas_aeruginosa_003073895           10.12%    passed     96.25%
 439  Escherichia_coli_900636195                 10.24%    passed     89.01%
 440  Pseudomonas_syringae_000007805             11.18%    passed     94.21%
 441  Pseudomonas_aeruginosa_001077475            9.65%    passed     96.33%
 442  Helicobacter_pylori_002952475              11.70%    passed      8.47%
 443  Neisseria_elongata_003351545                9.54%    passed     99.87%
 444  Neisseria_meningitidis_000083565            9.25%    passed     97.43%
 445  Pseudomonas_chlororaphis_001602135          9.48%    passed     99.22%
 446  Pseudomonas_aeruginosa_001516365            9.65%    passed     96.33%
 447  Salmonella_enterica_003718615               9.13%    passed     89.31%
 448  Pseudomonas_frederiksbergensis_001952935    9.36%    passed     98.27%
 449  Neisseria_gonorrhoeae_003571465             9.54%    passed     74.65%
 450  Escherichia_coli_000814145                  9.60%    passed     93.02%
 451  Helicobacter_pylori_000600165              11.64%    passed      8.78%
 452  Pseudomonas_syringae_000988395              9.36%    passed     96.23%
 453  Pseudomonas_aeruginosa_900637045           10.12%    passed     96.25%
 454  Pseudomonas_aeruginosa_001874465            9.65%    passed     96.33%
 455  Pseudomonas_putida_000226035               10.24%    passed     97.43%
 456  Escherichia_coli_003722195                  9.77%    passed     94.64%
 457  Pseudomonas_putida_000691565               10.42%    passed     97.33%
 458  Salmonella_enterica_003595645               9.30%    passed     93.50%
 459  Pseudomonas_syringae_000988485              9.42%    passed     97.57%
 460  Helicobacter_pylori_000011725              11.59%    passed      9.37%
 461  Pseudomonas_fluorescens_900636825          10.06%    passed     99.50%
 462  Pseudomonas_aeruginosa_001618925            9.65%    passed     95.63%
 463  Pseudomonas_orientalis_002934065           10.42%    passed     99.28%
 464  Escherichia_albertii_000512125              9.25%    passed     94.84%
 465  Pseudomonas_aeruginosa_003073795           10.24%    passed     97.53%
 466  Escherichia_albertii_003860365              9.30%    passed     95.92%
 467  Salmonella_enterica_000623135               9.07%    passed     93.08%
 468  Helicobacter_pylori_900176185              11.70%    passed      9.88%
 469  Helicobacter_pylori_002983705              11.76%    passed     10.64%
 470  Salmonella_enterica_900185485               9.01%    passed     87.60%
 471  Salmonella_enterica_001620115              10.01%    passed     86.04%
 472  Neisseria_elongata_900475815                9.60%    passed     99.88%
 473  Helicobacter_pylori_003939085              11.70%    passed      8.56%
 474  Pseudomonas_chlororaphis_003945765         10.18%    passed     97.76%
 475  Pseudomonas_synxantha_003851555            10.12%    passed     96.72%
 476  Pseudomonas_fluorescens_003055645          10.12%    passed     99.24%
 477  Helicobacter_pylori_000148875              11.59%    passed      7.82%
 478  Helicobacter_pylori_000277385              11.59%    passed      7.50%
 479  Salmonella_enterica_001973275               9.07%    passed     94.67%
 480  Salmonella_enterica_000330485               9.01%    passed     97.04%
 481  Neisseria_gonorrhoeae_900186935             9.25%    passed     73.94%
 482  Salmonella_enterica_000272715               9.25%    passed     94.01%
 483  Pseudomonas_frederiksbergensis_001874645    9.48%    passed     97.75%
 484  Salmonella_enterica_001362335               8.89%    passed     90.16%
 485  Escherichia_albertii_003316815              9.30%    passed     94.53%
 486  Escherichia_coli_900474495                 10.18%    passed     88.56%
 487  Pseudomonas_stutzeri_000661915              9.54%    passed     99.87%
 488  Pseudomonas_aeruginosa_001547955            9.65%    passed     96.33%
 489  Escherichia_coli_002163935                  9.54%    passed     91.11%
 490  Pseudomonas_stutzeri_003001655             10.06%    passed     99.10%
 491  Salmonella_enterica_001690115              10.42%    passed     90.42%
 492  Salmonella_enterica_003717355               9.07%    passed     88.42%
 493  Salmonella_enterica_000272755               9.25%    passed     94.01%
 494  Escherichia_coli_000520035                  9.77%    passed     90.82%
 495  Neisseria_meningitidis_001698105            9.25%    passed     99.06%
 496  Pseudomonas_aeruginosa_003813025           10.06%    passed     96.43%
 497  Neisseria_meningitidis_001697105            9.19%    passed     99.41%
 498  Helicobacter_pylori_900120055              11.70%    passed      9.88%
 499  Neisseria_meningitidis_001697465            9.30%    passed     98.89%
 500  Pseudomonas_fluorescens_000934565           9.60%    passed     98.38%
 501  Pseudomonas_aeruginosa_001729505            9.71%    passed     95.40%
 502  Salmonella_enterica_003324935               9.77%    passed     92.13%
 503  Pseudomonas_aeruginosa_003073695           10.18%    passed     96.81%
 504  Pseudomonas_aeruginosa_003433235           10.06%    passed     96.43%
 505  Escherichia_coli_001723505                 10.42%    passed     92.43%
 506  Pseudomonas_aeruginosa_003369735           10.06%    passed     96.43%
 507  Pseudomonas_fluorescens_000009225           9.48%    passed     99.42%
 508  Pseudomonas_monteilii_000510285             9.48%    passed     99.39%
 509  Neisseria_meningitidis_001697665           10.01%    passed     99.27%
 510  Salmonella_enterica_000494385              10.36%    passed     87.27%
 511  Pseudomonas_putida_900636645               10.18%    passed     98.52%
 512  Pseudomonas_chlororaphis_003850465         10.01%    passed     99.30%
 513  Pseudomonas_aeruginosa_001722025            9.71%    passed     96.33%
 514  Escherichia_coli_002090355                  9.71%    passed     93.07%
 515  Escherichia_coli_003017935                 10.12%    passed     89.83%
 516  Neisseria_meningitidis_001697905            9.25%    passed     99.06%
 517  Neisseria_meningitidis_003355235            9.42%    passed     98.81%
 518  Neisseria_meningitidis_003355395            9.42%    passed     98.05%
 519  Helicobacter_pylori_000259235              11.64%    passed      7.90%
 520  Helicobacter_pylori_000685625              11.64%    passed      6.88%
 521  Escherichia_coli_002741215                 10.18%    passed     91.47%
 522  Escherichia_coli_002953075                 10.42%    passed     90.39%
 523  Pseudomonas_chlororaphis_003851265         10.65%    passed     98.69%
 524  Neisseria_meningitidis_001698045            9.25%    passed     99.06%
 525  Pseudomonas_syringae_000344335              9.48%    passed     97.08%
 526  Pseudomonas_syringae_900235905              9.89%    passed     97.57%
 527  Helicobacter_pylori_000023805              11.59%    passed     10.49%
 528  Escherichia_coli_001901315                  8.95%    passed     94.64%
 529  Neisseria_meningitidis_001697125            9.25%    passed     97.97%
 530  Salmonella_enterica_002761015              10.06%    passed     90.16%
 531  Neisseria_meningitidis_001697945           10.01%    passed     99.27%
 532  Pseudomonas_aeruginosa_001516005            9.71%    passed     96.26%
 533  Neisseria_elongata_003351685                9.54%    passed     99.61%
 534  Pseudomonas_mendocina_000204295             9.77%    passed     99.17%
 535  Pseudomonas_aeruginosa_900618285           10.06%    passed     96.43%
 536  Pseudomonas_syringae_900235865             10.01%    passed     98.63%
 537  Pseudomonas_syringae_900289125              9.95%    passed     96.06%
 538  Pseudomonas_aeruginosa_000271365            9.65%    passed     96.33%
 539  Pseudomonas_aeruginosa_002968955           10.06%    passed     96.43%
 540  Escherichia_coli_002211725                  9.71%    passed     93.07%
 541  Escherichia_coli_000022225                  9.71%    passed     96.67%
 542  Pseudomonas_chlororaphis_003850445         10.01%    passed     99.30%
 543  Pseudomonas_chlororaphis_003850505         10.01%    passed     99.30%
 544  Pseudomonas_aeruginosa_001542835            9.71%    passed     96.26%
 545  Helicobacter_pylori_000829115              11.70%    passed      7.89%
 546  Pseudomonas_fluorescens_001708485           9.48%    passed     98.81%
 547  Helicobacter_pylori_000600225              11.64%    passed      9.72%
 548  Pseudomonas_mendocina_900636545            11.29%    passed     99.40%
 549  Helicobacter_pylori_000600085              11.64%    passed      8.78%
 550  Neisseria_meningitidis_001698005            9.95%    passed     99.32%
 551  Pseudomonas_chlororaphis_003850345         10.01%    passed     99.09%
 552  Leptospira_interrogans_000007685           11.41%    passed     92.74%
 553  Escherichia_coli_003591595                 10.06%    passed     86.61%
 554  Pseudomonas_syringae_003665415              9.89%    passed     97.95%
 555  Escherichia_coli_000219515                 10.06%    passed     95.07%
 556  Escherichia_coli_002899495                 10.42%    passed     90.39%
 557  Pseudomonas_syringae_004006335             10.24%    passed     98.72%
 558  Escherichia_coli_002164595                  9.25%    passed     91.22%
 559  Pseudomonas_chlororaphis_003851205         10.06%    passed     98.80%
 560  Escherichia_coli_002741555                 10.24%    passed     91.35%
 561  Helicobacter_pylori_000224535              11.59%    passed      7.16%
 562  Neisseria_gonorrhoeae_002073535             9.42%    passed     74.68%
 563  Pseudomonas_aeruginosa_001722005            9.65%    passed     96.33%
 564  Salmonella_enterica_000973665               9.89%    passed     92.48%
 565  Pseudomonas_putida_000498395                9.65%    passed     99.96%
 566  Pseudomonas_chlororaphis_003851405         10.01%    passed     99.08%
 567  Salmonella_enterica_003589805               9.30%    passed     93.50%
 568  Pseudomonas_stutzeri_001648195              9.89%    passed     99.88%
 569  Neisseria_gonorrhoeae_900186875             9.25%    passed     73.94%
 570  Escherichia_coli_001677475                  9.89%    passed     93.88%
 571  Helicobacter_pylori_001991095              11.64%    passed      7.79%
 572  Helicobacter_pylori_000315955              11.59%    passed      8.45%
 573  Pseudomonas_protegens_000012265             9.42%    passed     99.15%
 574  Salmonella_enterica_003718235               9.01%    passed     89.77%
 575  Helicobacter_pylori_001653395              11.59%    passed      7.35%
 576  Escherichia_coli_003018395                  9.42%    passed     88.92%
 577  Neisseria_meningitidis_900638605            9.42%    passed     99.29%
 578  Leptospira_borgpetersenii_003254845        11.41%    passed     97.10%
 579  Helicobacter_cinaedi_003214155             12.11%    passed      5.51%
 580  Salmonella_enterica_000973685               9.54%    passed     86.97%
 581  Pseudomonas_putida_000016865                9.60%    passed     99.09%
 582  Neisseria_meningitidis_001697585            9.54%    passed     98.84%
 583  Helicobacter_pylori_000829135              11.64%    passed      7.62%
 584  Salmonella_enterica_002234755              10.12%    passed     90.03%
 585  Helicobacter_pylori_001433495              11.64%    passed      7.01%
 586  Pseudomonas_mendocina_003008615            10.01%    passed     98.83%
 587  Neisseria_gonorrhoeae_001661085             9.25%    passed     76.62%
 588  Escherichia_coli_000148605                  9.25%    passed     94.64%
 589  Helicobacter_pylori_000185225              11.64%    passed      8.39%
 590  Helicobacter_pylori_002952455              11.70%    passed      8.47%
 591  Neisseria_meningitidis_000191445            9.25%    passed     97.32%
 592  Helicobacter_pylori_000185245              11.70%    passed      5.53%
 593  Pseudomonas_frederiksbergensis_002355315    9.54%    passed     98.82%
 594  Leptospira_borgpetersenii_000013945        11.23%    passed     94.83%
 595  Neisseria_meningitidis_001697865            9.95%    passed     98.50%
 596  Helicobacter_pylori_001653375              11.64%    passed     11.32%
 597  Leptospira_mayottensis_000306675           12.00%    passed     94.49%
 598  Pseudomonas_protegens_000828695             9.30%    passed     99.48%
 599  Salmonella_enterica_003073555              10.36%    passed     82.71%
 600  Pseudomonas_aeruginosa_000014625            9.65%    passed     96.33%
 601  Pseudomonas_putida_000019445                9.60%    passed     99.95%
 602  Pseudomonas_stutzeri_001038645              9.42%    passed     99.89%
 603  Pseudomonas_protegens_002006545             9.30%    passed     99.29%
 604  Pseudomonas_aeruginosa_001516325            9.65%    passed     96.33%
 605  Escherichia_coli_001558995                  9.77%    passed     96.91%
 606  Helicobacter_pylori_000185205              11.70%    passed     10.80%
 607  Escherichia_coli_003018275                  9.89%    passed     91.46%
 608  Neisseria_meningitidis_001698025            9.48%    passed     99.33%
 609  Helicobacter_pylori_900120335              11.70%    passed      9.88%
 610  Neisseria_meningitidis_003355415            9.42%    passed     96.99%
 611  Escherichia_coli_001651965                  9.54%    passed     96.32%
 612  Escherichia_coli_003018095                  9.48%    passed     91.85%
 613  Pseudomonas_aeruginosa_002205375            9.65%    passed     96.33%
 614  Escherichia_coli_001890265                  9.54%    passed     95.40%
 615  Helicobacter_pylori_000213135              11.59%    passed      9.37%
 616  Escherichia_coli_002201835                 10.12%    passed     90.58%
 617  Neisseria_gonorrhoeae_900186915             9.30%    passed     75.22%
 618  Pseudomonas_syringae_900235825             10.01%    passed     98.63%
 619  Escherichia_coli_000023365                 10.42%    passed     92.43%
 620  Neisseria_lactamica_000196295               9.30%    passed     80.26%
 621  Neisseria_meningitidis_001697845           10.01%    passed     98.67%
 622  Pseudomonas_chlororaphis_003851345         10.01%    passed     99.08%
 623  Escherichia_coli_001682305                 10.18%    passed     88.36%
 624  Pseudomonas_aeruginosa_001516245            9.83%    passed     96.85%
 625  Pseudomonas_putida_000019125                9.89%    passed     99.42%
 626  Helicobacter_pylori_002906515              11.70%    passed      8.30%
 627  Pseudomonas_fluorescens_000012445           9.60%    passed     99.62%
 628  Helicobacter_pylori_001653415              11.64%    passed      8.78%
 629  Pseudomonas_fluorescens_900636635          10.06%    passed     96.43%
 630  Salmonella_enterica_000018705               9.60%    passed     94.00%
 631  Helicobacter_pylori_002906535              11.70%    passed      8.30%
 632  Pseudomonas_aeruginosa_000508765            9.54%    passed     95.67%
 633  Pseudomonas_putida_000495455                9.54%    passed     99.04%
 634  Escherichia_coli_900636055                 10.24%    passed     89.37%
 635  Neisseria_meningitidis_002075815            9.30%    passed     99.30%
 636  Escherichia_coli_003018935                  9.60%    passed     93.11%
 637  Helicobacter_pylori_900478295              11.70%    passed      7.49%
 638  Neisseria_meningitidis_000152165            9.25%    passed     99.06%
 639  Pseudomonas_aeruginosa_001594325            9.71%    passed     96.26%
 640  Leptospira_borgpetersenii_003516145        11.41%    passed     97.38%
 641  Salmonella_enterica_000430165               9.60%    passed     88.79%
 642  Pseudomonas_aeruginosa_003429185           10.18%    passed     96.81%
 643  Neisseria_gonorrhoeae_003855435             9.42%    passed     74.68%
 644  Salmonella_enterica_900635725               9.48%    passed     68.59%
 645  Salmonella_enterica_003717475               9.07%    passed     88.42%
 646  Pseudomonas_aeruginosa_900069025            9.65%    passed     96.33%
 647  Pseudomonas_syringae_002024285              9.48%    passed     97.61%
 648  Pseudomonas_stutzeri_000013785             10.47%    passed     99.65%
 649  Salmonella_enterica_001975445              10.18%    passed     90.62%
 650  Salmonella_enterica_001540845               9.54%    passed     92.48%
 651  Pseudomonas_syringae_001913235              9.48%    passed     97.61%
 652  Salmonella_bongori_000439255               10.30%    passed     72.64%
 653  Pseudomonas_putida_001886975               10.06%    passed     99.13%
 654  Neisseria_lactamica_003351565               9.60%    passed     54.52%
 655  Helicobacter_pylori_000013245              11.70%    passed      7.61%
 656  Salmonella_enterica_000623295               9.13%    passed     93.53%
 657  Pseudomonas_stutzeri_000219605              9.60%    passed     99.84%
 658  Neisseria_gonorrhoeae_000006845             9.60%    passed     72.94%
 659  Neisseria_meningitidis_000800415            9.25%    passed     99.06%
 660  Salmonella_enterica_001956735              10.06%    passed     88.22%
 661  Pseudomonas_aeruginosa_900636975           10.12%    passed     96.49%
 662  Pseudomonas_aeruginosa_001606045            9.65%    passed     96.33%
 663  Helicobacter_pylori_002906495              11.70%    passed      8.30%
 664  Pseudomonas_aeruginosa_003204335           10.06%    passed     96.43%
 665  Escherichia_coli_002903125                  9.71%    passed     90.53%
 666  Leptospira_interrogans_001047635           11.59%    passed     91.54%
 667  Helicobacter_pylori_003640585              11.88%    passed      5.01%
 668  Helicobacter_pylori_000348885              11.59%    passed      9.37%
 669  Pseudomonas_aeruginosa_001721765            9.71%    passed     96.33%
 670  Pseudomonas_syringae_000012245             10.18%    passed     98.19%
 671  Pseudomonas_syringae_003047185             10.06%    passed     97.64%
 672  Helicobacter_pylori_000148855              11.64%    passed      8.85%
 673  Salmonella_enterica_000272735               9.25%    passed     94.01%
 674  Pseudomonas_aeruginosa_001045685            9.65%    passed     96.33%
 675  Pseudomonas_putida_000219705               10.53%    passed     96.74%
 676  Salmonella_enterica_003073575              10.06%    passed     84.16%
 677  Pseudomonas_stutzeri_000590475              9.60%    passed     99.70%
 678  Escherichia_coli_001753525                  9.54%    passed     95.40%
 679  Helicobacter_cinaedi_000349975             12.00%    failed      4.91%
 680  Neisseria_meningitidis_003355255            9.42%    passed     98.81%
 681  Pseudomonas_stutzeri_900638035             10.06%    passed     99.97%
 682  Leptospira_interrogans_001010765           11.41%    passed     92.74%
 683  Pseudomonas_fluorescens_000262325           9.60%    passed     95.98%
 684  Helicobacter_pylori_000826985              11.64%    passed      7.62%
 685  Pseudomonas_orientalis_003851645           10.36%    passed     99.30%
 686  Pseudomonas_putida_001767335                9.54%    passed     99.49%
 687  Pseudomonas_aeruginosa_900618255           10.12%    passed     96.25%
 688  Escherichia_coli_000184185                 10.01%    passed     92.34%
 689  Pseudomonas_aeruginosa_003319235           10.12%    passed     96.96%
 690  Helicobacter_pylori_001433515              11.64%    passed      8.78%
 691  Escherichia_coli_002009315                  9.42%    passed     91.20%
 692  Escherichia_coli_003111785                  9.36%    passed     92.54%
 693  Pseudomonas_brassicacearum_000194805        9.65%    passed     97.99%
 694  Pseudomonas_brassicacearum_000585995        9.60%    passed     99.26%
 695  Neisseria_meningitidis_001697345            9.89%    passed     98.70%
 696  Escherichia_coli_002853655                 10.24%    passed     89.30%
 697  Escherichia_coli_001936315                 10.18%    passed     88.36%
 698  Escherichia_coli_003966775                  9.60%    passed     92.23%
 699  Pseudomonas_aeruginosa_900149285            9.65%    passed     96.33%
 700  Escherichia_coli_000010485                  9.42%    passed     93.98%
 701  Neisseria_meningitidis_003355315            9.48%    passed     98.04%
 702  Salmonella_enterica_001620155               9.95%    passed     86.35%
 703  Pseudomonas_aeruginosa_003798105           10.12%    passed     96.96%
 704  Helicobacter_pylori_900120225              11.70%    passed      9.88%
 705  Helicobacter_pylori_900638475              11.82%    passed      9.92%
 706  Pseudomonas_aeruginosa_900095805            9.65%    passed     96.33%
 707  Helicobacter_pylori_002952615              11.70%    passed      8.47%
 708  Pseudomonas_aeruginosa_000271985            9.65%    passed     96.33%
 709  Escherichia_coli_001280385                  9.36%    passed     95.78%
 710  Pseudomonas_chlororaphis_003008635         10.01%    passed     99.08%
 711  Neisseria_meningitidis_000191425            9.30%    passed     99.46%
 712  Neisseria_meningitidis_001697805           10.01%    passed     99.27%
 713  Pseudomonas_aeruginosa_003812905           10.06%    passed     96.43%
 714  Helicobacter_pylori_900120255              11.70%    passed      9.88%
 715  Leptospira_borgpetersenii_003716785        11.35%    passed     95.20%
 716  Neisseria_meningitidis_001697745            9.83%    passed     99.12%
 717  Salmonella_enterica_000486445               9.95%    passed     92.18%
 718  Helicobacter_pylori_002222575              11.64%    passed     12.49%
 719  Pseudomonas_chlororaphis_003851385         10.06%    passed     98.88%
 720  Helicobacter_pylori_000277425              11.70%    passed      9.88%
 721  Salmonella_enterica_001975325               9.89%    passed     89.38%
 722  Pseudomonas_chlororaphis_003851785         10.01%    passed     99.22%
 723  Neisseria_meningitidis_003355335            9.36%    passed     98.67%
 724  Pseudomonas_aeruginosa_003408495           10.06%    passed     96.43%
 725  Salmonella_enterica_002763415              10.06%    passed     90.16%
 726  Neisseria_meningitidis_001697645           10.01%    passed     99.27%
 727  Salmonella_enterica_001305235               9.07%    passed     93.08%
 728  Pseudomonas_chlororaphis_003850525         10.06%    passed     99.11%
 729  Helicobacter_pylori_000224575              11.64%    passed      6.03%
 730  Neisseria_gonorrhoeae_003571445             9.48%    passed     73.38%
 731  Salmonella_enterica_003718595               9.19%    passed     90.07%
 732  Escherichia_coli_003204155                 10.30%    passed     88.87%
 733  Neisseria_gonorrhoeae_002073615             9.48%    passed     73.38%
 734  Neisseria_meningitidis_001697925            9.25%    passed     99.06%
 735  Salmonella_enterica_002386325               9.13%    passed     91.76%
 736  Escherichia_coli_000671295                  9.77%    passed     90.82%
 737  Pseudomonas_aeruginosa_003073615           10.06%    passed     96.43%
 738  Pseudomonas_orientalis_003852045           10.06%    passed     99.30%
 739  Pseudomonas_monteilii_000510325             9.48%    passed     99.39%
 740  Pseudomonas_syringae_002763655              9.89%    passed     98.15%
 741  Salmonella_enterica_002984035              10.53%    passed     87.07%
 742  Leptospira_borgpetersenii_001444465        11.41%    passed     96.18%
 743  Escherichia_coli_003410275                 10.12%    passed     93.98%
 744  Neisseria_meningitidis_000253215            9.30%    passed     93.92%
 745  Escherichia_coli_003571665                  9.60%    passed     91.01%
 746  Escherichia_albertii_002895205              9.54%    passed     94.79%
 747  Neisseria_meningitidis_001697705           10.01%    passed     99.27%
 748  Pseudomonas_putida_000271965                9.65%    passed     99.47%
 749  Helicobacter_pylori_000008525              12.23%    passed      9.32%
 750  Salmonella_enterica_000940895              10.53%    passed     85.16%
 751  Pseudomonas_chlororaphis_000761195          9.77%    passed     99.07%
 752  Neisseria_meningitidis_001697565            9.30%    passed     98.89%
 753  Helicobacter_pylori_000277405              11.59%    passed      7.82%
 754  Pseudomonas_stutzeri_000195105              9.36%    passed     99.82%
 755  Pseudomonas_aeruginosa_001721805            9.71%    passed     96.33%
 756  Pseudomonas_chlororaphis_000698865          9.54%    passed     99.41%
 757  Neisseria_meningitidis_000787195            9.25%    passed     99.06%
 758  Helicobacter_pylori_000685705              11.64%    passed      7.90%
****  TOTAL                                      10.04%  1 sequences failed composition chi2 test (p-value<5%; df=3)
NOTE: Salmonella_enterica_003595645 is identical to Salmonella_enterica_003589865 but kept for subsequent analysis
NOTE: Pseudomonas_aeruginosa_001900265 is identical to Pseudomonas_aeruginosa_001516165 but kept for subsequent analysis
NOTE: Neisseria_meningitidis_001697425 is identical to Neisseria_meningitidis_001697305 but kept for subsequent analysis
NOTE: Leptospira_mayottensis_000306675 is identical to Leptospira_mayottensis_003429525 but kept for subsequent analysis
NOTE: Pseudomonas_aeruginosa_001750705 is identical to Pseudomonas_aeruginosa_001516205 but kept for subsequent analysis
NOTE: Neisseria_meningitidis_000800315 is identical to Neisseria_meningitidis_001697485 but kept for subsequent analysis
NOTE: Pseudomonas_aeruginosa_003073735 is identical to Pseudomonas_aeruginosa_003369755 but kept for subsequent analysis
NOTE: Pseudomonas_aeruginosa_003812885 is identical to Pseudomonas_aeruginosa_002812905 but kept for subsequent analysis
NOTE: Helicobacter_pylori_002952575 is identical to Helicobacter_pylori_002952495 but kept for subsequent analysis
NOTE: Salmonella_enterica_003717795 is identical to Salmonella_enterica_003717955 but kept for subsequent analysis
NOTE: Neisseria_gonorrhoeae_001047275 is identical to Neisseria_gonorrhoeae_000020105 but kept for subsequent analysis
NOTE: Pseudomonas_aeruginosa_900636755 is identical to Pseudomonas_aeruginosa_001687285 but kept for subsequent analysis
NOTE: Helicobacter_pylori_000224555 is identical to Helicobacter_pylori_000277365 but kept for subsequent analysis
NOTE: Helicobacter_pylori_900120205 is identical to Helicobacter_pylori_900120135 but kept for subsequent analysis
NOTE: Pseudomonas_chlororaphis_003850425 is identical to Pseudomonas_chlororaphis_003850405 but kept for subsequent analysis
NOTE: Escherichia_albertii_002872455 is identical to Escherichia_albertii_001549955 but kept for subsequent analysis
NOTE: Salmonella_bongori_000709535 is identical to Salmonella_bongori_002211925 but kept for subsequent analysis
NOTE: Neisseria_meningitidis_001697465 is identical to Neisseria_meningitidis_001698065 but kept for subsequent analysis
NOTE: Helicobacter_cinaedi_003213825 is identical to Helicobacter_cinaedi_003574195 but kept for subsequent analysis
NOTE: Salmonella_enterica_002761075 is identical to Salmonella_enterica_002760915 but kept for subsequent analysis
NOTE: Pseudomonas_chlororaphis_003851165 is identical to Pseudomonas_chlororaphis_003851225 but kept for subsequent analysis
NOTE: Escherichia_coli_001559615 is identical to Escherichia_coli_000022665 but kept for subsequent analysis
NOTE: Salmonella_enterica_000623615 is identical to Salmonella_enterica_000009505 but kept for subsequent analysis
NOTE: Neisseria_meningitidis_001697445 is identical to Neisseria_meningitidis_001697885 but kept for subsequent analysis
NOTE: Pseudomonas_chlororaphis_003851445 is identical to Pseudomonas_chlororaphis_003852005 but kept for subsequent analysis
NOTE: Escherichia_coli_002953075 is identical to Escherichia_coli_002952875 but kept for subsequent analysis
NOTE: Escherichia_coli_000010485 is identical to Escherichia_coli_001618325 but kept for subsequent analysis
NOTE: Salmonella_enterica_000007545 is identical to Salmonella_enterica_900205265 but kept for subsequent analysis
NOTE: Pseudomonas_chlororaphis_003851405 is identical to Pseudomonas_chlororaphis_003851365 but kept for subsequent analysis
NOTE: Helicobacter_pylori_000829095 is identical to Helicobacter_pylori_000827025 but kept for subsequent analysis
NOTE: Helicobacter_pylori_002906515 is identical to Helicobacter_pylori_002906555 but kept for subsequent analysis
NOTE: Neisseria_meningitidis_001697545 is identical to Neisseria_meningitidis_001697785 but kept for subsequent analysis
NOTE: Neisseria_gonorrhoeae_001661085 is identical to Neisseria_gonorrhoeae_001047255 but kept for subsequent analysis
NOTE: Helicobacter_pylori_000307815 is identical to Helicobacter_pylori_000307835 but kept for subsequent analysis
NOTE: Salmonella_enterica_001540845 is identical to Salmonella_enterica_002210025 but kept for subsequent analysis
NOTE: Pseudomonas_chlororaphis_003851205 is identical to Pseudomonas_chlororaphis_003851805 but kept for subsequent analysis
NOTE: Pseudomonas_syringae_001913215 is identical to Pseudomonas_syringae_002024305 but kept for subsequent analysis
NOTE: Salmonella_enterica_003718195 is identical to Salmonella_enterica_003718655 but kept for subsequent analysis
NOTE: Salmonella_enterica_000494385 is identical to Salmonella_enterica_001975345 but kept for subsequent analysis
NOTE: Pseudomonas_stutzeri_003952645 is identical to Pseudomonas_stutzeri_003952685 but kept for subsequent analysis
NOTE: Pseudomonas_aeruginosa_001518975 is identical to Pseudomonas_aeruginosa_001515915 but kept for subsequent analysis
NOTE: Neisseria_gonorrhoeae_002073535 is identical to Neisseria_gonorrhoeae_002073655 but kept for subsequent analysis
NOTE: Pseudomonas_aeruginosa_001722025 is identical to Pseudomonas_aeruginosa_001721825 but kept for subsequent analysis
NOTE: Pseudomonas_chlororaphis_003851835 is identical to Pseudomonas_chlororaphis_003851305 but kept for subsequent analysis
NOTE: Salmonella_enterica_001690115 is identical to Salmonella_enterica_001441205 but kept for subsequent analysis
NOTE: Helicobacter_pylori_900478295 is identical to Helicobacter_pylori_003050665 but kept for subsequent analysis
NOTE: Leptospira_interrogans_000941035 is identical to Leptospira_interrogans_000231175 but kept for subsequent analysis
NOTE: Leptospira_interrogans_001047635 is identical to Leptospira_interrogans_001047655 but kept for subsequent analysis
NOTE: Helicobacter_pylori_000091345 is identical to Helicobacter_pylori_000600045 but kept for subsequent analysis
NOTE: Neisseria_meningitidis_001697625 is identical to Neisseria_meningitidis_001697505 but kept for subsequent analysis
NOTE: Pseudomonas_aeruginosa_002812825 is identical to Pseudomonas_aeruginosa_900618305 but kept for subsequent analysis
NOTE: Neisseria_meningitidis_002073555 is identical to Neisseria_meningitidis_002073275 but kept for subsequent analysis
NOTE: Salmonella_enterica_003717855 is identical to Salmonella_enterica_003717075 but kept for subsequent analysis
NOTE: Helicobacter_pylori_000498335 is identical to Helicobacter_pylori_000498315 but kept for subsequent analysis
NOTE: Neisseria_meningitidis_002073575 is identical to Neisseria_meningitidis_900638575 but kept for subsequent analysis
NOTE: Salmonella_enterica_003718595 is identical to Salmonella_enterica_003718555 but kept for subsequent analysis
NOTE: Salmonella_enterica_000272715 is identical to Salmonella_enterica_000272895 but kept for subsequent analysis
NOTE: Helicobacter_pylori_000439295 is identical to Helicobacter_pylori_000392455 but kept for subsequent analysis
NOTE: Helicobacter_pylori_000192315 is identical to Helicobacter_pylori_000192335 but kept for subsequent analysis
NOTE: Neisseria_meningitidis_003355415 is identical to Neisseria_meningitidis_002073595 but kept for subsequent analysis
NOTE: Pseudomonas_fluorescens_001708465 is identical to Pseudomonas_fluorescens_001708445 but kept for subsequent analysis
NOTE: Neisseria_meningitidis_000191445 is identical to Neisseria_meningitidis_000816165 but kept for subsequent analysis
NOTE: Salmonella_enterica_001620155 is identical to Salmonella_enterica_001623625 but kept for subsequent analysis
NOTE: Salmonella_enterica_000623275 is identical to Salmonella_enterica_000624395 but kept for subsequent analysis
NOTE: Pseudomonas_syringae_003665415 is identical to Pseudomonas_syringae_000344475 but kept for subsequent analysis
NOTE: Escherichia_coli_003019115 is identical to Escherichia_coli_003112185 but kept for subsequent analysis
NOTE: Salmonella_enterica_001095585 is identical to Salmonella_enterica_001127485 but kept for subsequent analysis
NOTE: Escherichia_coli_000671295 is identical to Escherichia_coli_000520035 but kept for subsequent analysis
NOTE: Escherichia_coli_000023365 is identical to Escherichia_coli_001723505 but kept for subsequent analysis
NOTE: Pseudomonas_monteilii_000510325 is identical to Pseudomonas_monteilii_000510285 but kept for subsequent analysis
NOTE: Neisseria_meningitidis_003355255 is identical to Neisseria_meningitidis_003355235 but kept for subsequent analysis
NOTE: Salmonella_enterica_002763415 is identical to Salmonella_enterica_002761015 but kept for subsequent analysis
NOTE: Escherichia_coli_001753525 is identical to Escherichia_coli_001890265 but kept for subsequent analysis
NOTE: Helicobacter_pylori_000348885 is identical to Helicobacter_pylori_000213135 but kept for subsequent analysis
NOTE: 139 identical sequences (see below) will be ignored for subsequent analysis
NOTE: Salmonella_enterica_003589805 (identical to Salmonella_enterica_003589865) is ignored but added at the end
NOTE: Pseudomonas_aeruginosa_000504045 (identical to Pseudomonas_aeruginosa_001516165) is ignored but added at the end
NOTE: Pseudomonas_aeruginosa_002085605 (identical to Pseudomonas_aeruginosa_001516165) is ignored but added at the end
NOTE: Pseudomonas_aeruginosa_001792855 (identical to Pseudomonas_aeruginosa_001516165) is ignored but added at the end
NOTE: Pseudomonas_aeruginosa_002215345 (identical to Pseudomonas_aeruginosa_001516165) is ignored but added at the end
NOTE: Pseudomonas_aeruginosa_002237405 (identical to Pseudomonas_aeruginosa_001516165) is ignored but added at the end
NOTE: Pseudomonas_aeruginosa_000510305 (identical to Pseudomonas_aeruginosa_001516165) is ignored but added at the end
NOTE: Pseudomonas_aeruginosa_000473745 (identical to Pseudomonas_aeruginosa_001516165) is ignored but added at the end
NOTE: Pseudomonas_aeruginosa_000829255 (identical to Pseudomonas_aeruginosa_001516165) is ignored but added at the end
NOTE: Pseudomonas_aeruginosa_000524595 (identical to Pseudomonas_aeruginosa_001516165) is ignored but added at the end
NOTE: Pseudomonas_aeruginosa_001900225 (identical to Pseudomonas_aeruginosa_001516165) is ignored but added at the end
NOTE: Pseudomonas_aeruginosa_001792835 (identical to Pseudomonas_aeruginosa_001516165) is ignored but added at the end
NOTE: Pseudomonas_aeruginosa_002104595 (identical to Pseudomonas_aeruginosa_001516165) is ignored but added at the end
NOTE: Pseudomonas_aeruginosa_000284555 (identical to Pseudomonas_aeruginosa_001516165) is ignored but added at the end
NOTE: Pseudomonas_aeruginosa_000829885 (identical to Pseudomonas_aeruginosa_001516165) is ignored but added at the end
NOTE: Pseudomonas_aeruginosa_001879525 (identical to Pseudomonas_aeruginosa_001516165) is ignored but added at the end
NOTE: Pseudomonas_aeruginosa_900185255 (identical to Pseudomonas_aeruginosa_001516165) is ignored but added at the end
NOTE: Pseudomonas_aeruginosa_000829275 (identical to Pseudomonas_aeruginosa_001516165) is ignored but added at the end
NOTE: Pseudomonas_aeruginosa_000496605 (identical to Pseudomonas_aeruginosa_001516165) is ignored but added at the end
NOTE: Pseudomonas_aeruginosa_002237425 (identical to Pseudomonas_aeruginosa_001516165) is ignored but added at the end
NOTE: Pseudomonas_aeruginosa_001077475 (identical to Pseudomonas_aeruginosa_001516165) is ignored but added at the end
NOTE: Pseudomonas_aeruginosa_001516365 (identical to Pseudomonas_aeruginosa_001516165) is ignored but added at the end
NOTE: Pseudomonas_aeruginosa_001874465 (identical to Pseudomonas_aeruginosa_001516165) is ignored but added at the end
NOTE: Pseudomonas_aeruginosa_001547955 (identical to Pseudomonas_aeruginosa_001516165) is ignored but added at the end
NOTE: Pseudomonas_aeruginosa_000271365 (identical to Pseudomonas_aeruginosa_001516165) is ignored but added at the end
NOTE: Pseudomonas_aeruginosa_001722005 (identical to Pseudomonas_aeruginosa_001516165) is ignored but added at the end
NOTE: Pseudomonas_aeruginosa_000014625 (identical to Pseudomonas_aeruginosa_001516165) is ignored but added at the end
NOTE: Pseudomonas_aeruginosa_001516325 (identical to Pseudomonas_aeruginosa_001516165) is ignored but added at the end
NOTE: Pseudomonas_aeruginosa_002205375 (identical to Pseudomonas_aeruginosa_001516165) is ignored but added at the end
NOTE: Pseudomonas_aeruginosa_900069025 (identical to Pseudomonas_aeruginosa_001516165) is ignored but added at the end
NOTE: Pseudomonas_aeruginosa_001606045 (identical to Pseudomonas_aeruginosa_001516165) is ignored but added at the end
NOTE: Pseudomonas_aeruginosa_001045685 (identical to Pseudomonas_aeruginosa_001516165) is ignored but added at the end
NOTE: Pseudomonas_aeruginosa_900149285 (identical to Pseudomonas_aeruginosa_001516165) is ignored but added at the end
NOTE: Pseudomonas_aeruginosa_900095805 (identical to Pseudomonas_aeruginosa_001516165) is ignored but added at the end
NOTE: Pseudomonas_aeruginosa_000271985 (identical to Pseudomonas_aeruginosa_001516165) is ignored but added at the end
NOTE: Neisseria_meningitidis_001697685 (identical to Neisseria_meningitidis_001697305) is ignored but added at the end
NOTE: Neisseria_meningitidis_001697325 (identical to Neisseria_meningitidis_001697305) is ignored but added at the end
NOTE: Neisseria_meningitidis_001698005 (identical to Neisseria_meningitidis_001697305) is ignored but added at the end
NOTE: Neisseria_meningitidis_001697385 (identical to Neisseria_meningitidis_001697485) is ignored but added at the end
NOTE: Neisseria_meningitidis_001697985 (identical to Neisseria_meningitidis_001697485) is ignored but added at the end
NOTE: Neisseria_meningitidis_001697405 (identical to Neisseria_meningitidis_001697485) is ignored but added at the end
NOTE: Neisseria_meningitidis_001697205 (identical to Neisseria_meningitidis_001697485) is ignored but added at the end
NOTE: Neisseria_meningitidis_001697165 (identical to Neisseria_meningitidis_001697485) is ignored but added at the end
NOTE: Neisseria_meningitidis_001698105 (identical to Neisseria_meningitidis_001697485) is ignored but added at the end
NOTE: Neisseria_meningitidis_001697905 (identical to Neisseria_meningitidis_001697485) is ignored but added at the end
NOTE: Neisseria_meningitidis_001698045 (identical to Neisseria_meningitidis_001697485) is ignored but added at the end
NOTE: Neisseria_meningitidis_000800415 (identical to Neisseria_meningitidis_001697485) is ignored but added at the end
NOTE: Neisseria_meningitidis_001697925 (identical to Neisseria_meningitidis_001697485) is ignored but added at the end
NOTE: Neisseria_meningitidis_000787195 (identical to Neisseria_meningitidis_001697485) is ignored but added at the end
NOTE: Pseudomonas_aeruginosa_003206535 (identical to Pseudomonas_aeruginosa_002812905) is ignored but added at the end
NOTE: Pseudomonas_aeruginosa_003641125 (identical to Pseudomonas_aeruginosa_002812905) is ignored but added at the end
NOTE: Pseudomonas_aeruginosa_900618325 (identical to Pseudomonas_aeruginosa_002812905) is ignored but added at the end
NOTE: Pseudomonas_aeruginosa_900636735 (identical to Pseudomonas_aeruginosa_002812905) is ignored but added at the end
NOTE: Pseudomonas_aeruginosa_002812925 (identical to Pseudomonas_aeruginosa_002812905) is ignored but added at the end
NOTE: Pseudomonas_aeruginosa_002812865 (identical to Pseudomonas_aeruginosa_002812905) is ignored but added at the end
NOTE: Pseudomonas_aeruginosa_900618315 (identical to Pseudomonas_aeruginosa_002812905) is ignored but added at the end
NOTE: Pseudomonas_aeruginosa_003332705 (identical to Pseudomonas_aeruginosa_002812905) is ignored but added at the end
NOTE: Pseudomonas_aeruginosa_003193645 (identical to Pseudomonas_aeruginosa_002812905) is ignored but added at the end
NOTE: Pseudomonas_aeruginosa_002968695 (identical to Pseudomonas_aeruginosa_002812905) is ignored but added at the end
NOTE: Pseudomonas_aeruginosa_900618275 (identical to Pseudomonas_aeruginosa_002812905) is ignored but added at the end
NOTE: Pseudomonas_aeruginosa_003957825 (identical to Pseudomonas_aeruginosa_002812905) is ignored but added at the end
NOTE: Pseudomonas_aeruginosa_004010895 (identical to Pseudomonas_aeruginosa_002812905) is ignored but added at the end
NOTE: Pseudomonas_aeruginosa_003813025 (identical to Pseudomonas_aeruginosa_002812905) is ignored but added at the end
NOTE: Pseudomonas_aeruginosa_003433235 (identical to Pseudomonas_aeruginosa_002812905) is ignored but added at the end
NOTE: Pseudomonas_aeruginosa_003369735 (identical to Pseudomonas_aeruginosa_002812905) is ignored but added at the end
NOTE: Pseudomonas_aeruginosa_900618285 (identical to Pseudomonas_aeruginosa_002812905) is ignored but added at the end
NOTE: Pseudomonas_aeruginosa_002968955 (identical to Pseudomonas_aeruginosa_002812905) is ignored but added at the end
NOTE: Pseudomonas_fluorescens_900636635 (identical to Pseudomonas_aeruginosa_002812905) is ignored but added at the end
NOTE: Pseudomonas_aeruginosa_003204335 (identical to Pseudomonas_aeruginosa_002812905) is ignored but added at the end
NOTE: Pseudomonas_aeruginosa_003812905 (identical to Pseudomonas_aeruginosa_002812905) is ignored but added at the end
NOTE: Pseudomonas_aeruginosa_003408495 (identical to Pseudomonas_aeruginosa_002812905) is ignored but added at the end
NOTE: Pseudomonas_aeruginosa_003073615 (identical to Pseudomonas_aeruginosa_002812905) is ignored but added at the end
NOTE: Helicobacter_pylori_002952555 (identical to Helicobacter_pylori_002952495) is ignored but added at the end
NOTE: Helicobacter_pylori_002952355 (identical to Helicobacter_pylori_002952495) is ignored but added at the end
NOTE: Helicobacter_pylori_002952475 (identical to Helicobacter_pylori_002952495) is ignored but added at the end
NOTE: Helicobacter_pylori_002952455 (identical to Helicobacter_pylori_002952495) is ignored but added at the end
NOTE: Helicobacter_pylori_002952615 (identical to Helicobacter_pylori_002952495) is ignored but added at the end
NOTE: Salmonella_enterica_003718615 (identical to Salmonella_enterica_003717955) is ignored but added at the end
NOTE: Neisseria_gonorrhoeae_900186935 (identical to Neisseria_gonorrhoeae_000020105) is ignored but added at the end
NOTE: Neisseria_gonorrhoeae_900186875 (identical to Neisseria_gonorrhoeae_000020105) is ignored but added at the end
NOTE: Pseudomonas_aeruginosa_003073895 (identical to Pseudomonas_aeruginosa_001687285) is ignored but added at the end
NOTE: Helicobacter_pylori_000600205 (identical to Helicobacter_pylori_000277365) is ignored but added at the end
NOTE: Helicobacter_pylori_900120315 (identical to Helicobacter_pylori_900120135) is ignored but added at the end
NOTE: Helicobacter_pylori_900119955 (identical to Helicobacter_pylori_900120135) is ignored but added at the end
NOTE: Helicobacter_pylori_900119995 (identical to Helicobacter_pylori_900120135) is ignored but added at the end
NOTE: Helicobacter_pylori_900176185 (identical to Helicobacter_pylori_900120135) is ignored but added at the end
NOTE: Helicobacter_pylori_900120055 (identical to Helicobacter_pylori_900120135) is ignored but added at the end
NOTE: Helicobacter_pylori_900120335 (identical to Helicobacter_pylori_900120135) is ignored but added at the end
NOTE: Helicobacter_pylori_900120225 (identical to Helicobacter_pylori_900120135) is ignored but added at the end
NOTE: Helicobacter_pylori_900120255 (identical to Helicobacter_pylori_900120135) is ignored but added at the end
NOTE: Pseudomonas_chlororaphis_900636995 (identical to Pseudomonas_chlororaphis_003850405) is ignored but added at the end
NOTE: Pseudomonas_chlororaphis_003850485 (identical to Pseudomonas_chlororaphis_003850405) is ignored but added at the end
NOTE: Pseudomonas_chlororaphis_003850385 (identical to Pseudomonas_chlororaphis_003850405) is ignored but added at the end
NOTE: Pseudomonas_chlororaphis_003850365 (identical to Pseudomonas_chlororaphis_003850405) is ignored but added at the end
NOTE: Pseudomonas_chlororaphis_003850465 (identical to Pseudomonas_chlororaphis_003850405) is ignored but added at the end
NOTE: Pseudomonas_chlororaphis_003850445 (identical to Pseudomonas_chlororaphis_003850405) is ignored but added at the end
NOTE: Pseudomonas_chlororaphis_003850505 (identical to Pseudomonas_chlororaphis_003850405) is ignored but added at the end
NOTE: Salmonella_bongori_000252995 (identical to Salmonella_bongori_002211925) is ignored but added at the end
NOTE: Neisseria_meningitidis_001697565 (identical to Neisseria_meningitidis_001698065) is ignored but added at the end
NOTE: Escherichia_coli_002090355 (identical to Escherichia_coli_000022665) is ignored but added at the end
NOTE: Salmonella_enterica_002313105 (identical to Salmonella_enterica_000009505) is ignored but added at the end
NOTE: Salmonella_enterica_000623135 (identical to Salmonella_enterica_000009505) is ignored but added at the end
NOTE: Salmonella_enterica_001305235 (identical to Salmonella_enterica_000009505) is ignored but added at the end
NOTE: Neisseria_meningitidis_001697965 (identical to Neisseria_meningitidis_001697885) is ignored but added at the end
NOTE: Neisseria_meningitidis_001697745 (identical to Neisseria_meningitidis_001697885) is ignored but added at the end
NOTE: Pseudomonas_chlororaphis_003851925 (identical to Pseudomonas_chlororaphis_003852005) is ignored but added at the end
NOTE: Escherichia_coli_002899495 (identical to Escherichia_coli_002952875) is ignored but added at the end
NOTE: Helicobacter_pylori_000829135 (identical to Helicobacter_pylori_000827025) is ignored but added at the end
NOTE: Helicobacter_pylori_000826985 (identical to Helicobacter_pylori_000827025) is ignored but added at the end
NOTE: Helicobacter_pylori_002906535 (identical to Helicobacter_pylori_002906555) is ignored but added at the end
NOTE: Helicobacter_pylori_002906495 (identical to Helicobacter_pylori_002906555) is ignored but added at the end
NOTE: Neisseria_meningitidis_001697765 (identical to Neisseria_meningitidis_001697785) is ignored but added at the end
NOTE: Neisseria_meningitidis_001697825 (identical to Neisseria_meningitidis_001697785) is ignored but added at the end
NOTE: Neisseria_meningitidis_001697665 (identical to Neisseria_meningitidis_001697785) is ignored but added at the end
NOTE: Neisseria_meningitidis_001697945 (identical to Neisseria_meningitidis_001697785) is ignored but added at the end
NOTE: Neisseria_meningitidis_001697805 (identical to Neisseria_meningitidis_001697785) is ignored but added at the end
NOTE: Neisseria_meningitidis_001697645 (identical to Neisseria_meningitidis_001697785) is ignored but added at the end
NOTE: Neisseria_meningitidis_001697705 (identical to Neisseria_meningitidis_001697785) is ignored but added at the end
NOTE: Pseudomonas_syringae_000648735 (identical to Pseudomonas_syringae_002024305) is ignored but added at the end
NOTE: Pseudomonas_syringae_000344355 (identical to Pseudomonas_syringae_002024305) is ignored but added at the end
NOTE: Pseudomonas_syringae_002024285 (identical to Pseudomonas_syringae_002024305) is ignored but added at the end
NOTE: Pseudomonas_syringae_001913235 (identical to Pseudomonas_syringae_002024305) is ignored but added at the end
NOTE: Salmonella_enterica_003717355 (identical to Salmonella_enterica_003718655) is ignored but added at the end
NOTE: Salmonella_enterica_003717475 (identical to Salmonella_enterica_003718655) is ignored but added at the end
NOTE: Pseudomonas_aeruginosa_002208645 (identical to Pseudomonas_aeruginosa_001515915) is ignored but added at the end
NOTE: Pseudomonas_aeruginosa_001542835 (identical to Pseudomonas_aeruginosa_001515915) is ignored but added at the end
NOTE: Neisseria_gonorrhoeae_003855435 (identical to Neisseria_gonorrhoeae_002073655) is ignored but added at the end
NOTE: Pseudomonas_aeruginosa_001721765 (identical to Pseudomonas_aeruginosa_001721825) is ignored but added at the end
NOTE: Pseudomonas_aeruginosa_001721805 (identical to Pseudomonas_aeruginosa_001721825) is ignored but added at the end
NOTE: Pseudomonas_chlororaphis_003851345 (identical to Pseudomonas_chlororaphis_003851305) is ignored but added at the end
NOTE: Leptospira_interrogans_002073495 (identical to Leptospira_interrogans_000231175) is ignored but added at the end
NOTE: Leptospira_interrogans_000007685 (identical to Leptospira_interrogans_000231175) is ignored but added at the end
NOTE: Leptospira_interrogans_001010765 (identical to Leptospira_interrogans_000231175) is ignored but added at the end
NOTE: Neisseria_meningitidis_001697365 (identical to Neisseria_meningitidis_001697505) is ignored but added at the end
NOTE: Neisseria_meningitidis_001697845 (identical to Neisseria_meningitidis_001697505) is ignored but added at the end
NOTE: Neisseria_meningitidis_900638605 (identical to Neisseria_meningitidis_002073275) is ignored but added at the end
NOTE: Salmonella_enterica_000272755 (identical to Salmonella_enterica_000272895) is ignored but added at the end
NOTE: Salmonella_enterica_000272735 (identical to Salmonella_enterica_000272895) is ignored but added at the end
NOTE: Salmonella_enterica_001973275 (identical to Salmonella_enterica_000624395) is ignored but added at the end

For your convenience alignment with unique sequences printed to ./016_results/16S_consensus.fasta.uniqueseq.phy

Create initial parsimony tree by phylogenetic likelihood library (PLL)... 0.144 seconds

NOTE: 66 MB RAM (0 GB) is required!
Estimate model parameters (epsilon = 0.100)
1. Initial log-likelihood: -15166.208
2. Current log-likelihood: -13828.081
3. Current log-likelihood: -13541.762
4. Current log-likelihood: -13536.170
5. Current log-likelihood: -13535.692
6. Current log-likelihood: -13535.376
Optimal log-likelihood: -13535.353
Rate parameters:  A-C: 1.00000  A-G: 3.81512  A-T: 1.00000  C-G: 1.00000  C-T: 3.81512  G-T: 1.00000
Base frequencies:  A: 0.255  C: 0.225  G: 0.311  T: 0.209
Gamma shape alpha: 0.211
Parameters optimization took 6 rounds (1.520 sec)
Computing ML distances based on estimated model parameters... 5.744 sec
Computing BIONJ tree...
0.399 seconds
Log-likelihood of BIONJ tree: -14355.088
--------------------------------------------------------------------
|             INITIALIZING CANDIDATE TREE SET                      |
--------------------------------------------------------------------
Generating 98 parsimony trees... 14.874 second
Computing log-likelihood of 98 initial trees ... 15.658 seconds
Current best score: -13456.627

Do NNI search on 20 best initial trees
Estimate model parameters (epsilon = 0.100)
BETTER TREE FOUND at iteration 1: -13429.671
Estimate model parameters (epsilon = 0.100)
BETTER TREE FOUND at iteration 7: -13407.220
Iteration 10 / LogL: -13451.286 / Time: 0h:0m:50s
Iteration 20 / LogL: -13463.780 / Time: 0h:1m:12s
Finish initializing candidate tree set (20)
Current best tree score: -13407.220 / CPU time: 69.529
Number of iterations: 20
--------------------------------------------------------------------
|               OPTIMIZING CANDIDATE TREE SET                      |
--------------------------------------------------------------------
Iteration 30 / LogL: -13556.192 / Time: 0h:1m:32s (0h:4m:6s left)
Iteration 40 / LogL: -13413.875 / Time: 0h:1m:49s (0h:3m:8s left)
Estimate model parameters (epsilon = 0.100)
BETTER TREE FOUND at iteration 42: -13406.499
Iteration 50 / LogL: -13454.848 / Time: 0h:2m:8s (0h:4m:1s left)
Estimate model parameters (epsilon = 0.100)
BETTER TREE FOUND at iteration 58: -13406.133
Iteration 60 / LogL: -13406.506 / Time: 0h:2m:31s (0h:4m:10s left)
Estimate model parameters (epsilon = 0.100)
BETTER TREE FOUND at iteration 64: -13403.420
Estimate model parameters (epsilon = 0.100)
BETTER TREE FOUND at iteration 65: -13394.221
Iteration 70 / LogL: -13396.187 / Time: 0h:2m:51s (0h:3m:55s left)
Iteration 80 / LogL: -13419.340 / Time: 0h:3m:12s (0h:3m:27s left)
Estimate model parameters (epsilon = 0.100)
BETTER TREE FOUND at iteration 88: -13393.927
Iteration 90 / LogL: -13413.489 / Time: 0h:3m:31s (0h:3m:52s left)
Iteration 100 / LogL: -13397.857 / Time: 0h:3m:49s (0h:3m:23s left)
Iteration 110 / LogL: -13402.386 / Time: 0h:4m:8s (0h:2m:57s left)
Estimate model parameters (epsilon = 0.100)
BETTER TREE FOUND at iteration 114: -13391.589
Iteration 120 / LogL: -13393.652 / Time: 0h:4m:27s (0h:3m:31s left)
Estimate model parameters (epsilon = 0.100)
BETTER TREE FOUND at iteration 125: -13390.693
Iteration 130 / LogL: -13413.318 / Time: 0h:4m:46s (0h:3m:31s left)
Estimate model parameters (epsilon = 0.100)
BETTER TREE FOUND at iteration 131: -13390.173
Iteration 140 / LogL: -13393.781 / Time: 0h:5m:4s (0h:3m:18s left)
Iteration 150 / LogL: -13450.796 / Time: 0h:5m:23s (0h:2m:55s left)
Estimate model parameters (epsilon = 0.100)
BETTER TREE FOUND at iteration 159: -13387.815
Iteration 160 / LogL: -13424.960 / Time: 0h:5m:43s (0h:3m:33s left)
Iteration 170 / LogL: -13388.299 / Time: 0h:5m:59s (0h:3m:9s left)
Iteration 180 / LogL: -13408.810 / Time: 0h:6m:23s (0h:2m:49s left)
Iteration 190 / LogL: -13481.889 / Time: 0h:6m:44s (0h:2m:27s left)
Iteration 200 / LogL: -13497.288 / Time: 0h:7m:6s (0h:2m:6s left)
Iteration 210 / LogL: -13437.242 / Time: 0h:7m:26s (0h:1m:44s left)
Estimate model parameters (epsilon = 0.100)
BETTER TREE FOUND at iteration 211: -13386.762
Iteration 220 / LogL: -13459.071 / Time: 0h:7m:47s (0h:3m:14s left)
Estimate model parameters (epsilon = 0.100)
BETTER TREE FOUND at iteration 224: -13385.469
Estimate model parameters (epsilon = 0.100)
BETTER TREE FOUND at iteration 230: -13381.778
Iteration 230 / LogL: -13381.778 / Time: 0h:8m:9s (0h:3m:33s left)
Iteration 240 / LogL: -13427.381 / Time: 0h:8m:31s (0h:3m:12s left)
Iteration 250 / LogL: -13464.968 / Time: 0h:8m:52s (0h:2m:50s left)
Iteration 260 / LogL: -13402.832 / Time: 0h:9m:13s (0h:2m:29s left)
Estimate model parameters (epsilon = 0.100)
BETTER TREE FOUND at iteration 268: -13380.076
Iteration 270 / LogL: -13380.684 / Time: 0h:9m:33s (0h:3m:28s left)
Iteration 280 / LogL: -13385.300 / Time: 0h:9m:58s (0h:3m:8s left)
Iteration 290 / LogL: -13486.453 / Time: 0h:10m:18s (0h:2m:46s left)
Estimate model parameters (epsilon = 0.100)
BETTER TREE FOUND at iteration 294: -13379.563
Estimate model parameters (epsilon = 0.100)
BETTER TREE FOUND at iteration 297: -13376.425
Iteration 300 / LogL: -13379.524 / Time: 0h:10m:40s (0h:3m:27s left)
Iteration 310 / LogL: -13516.969 / Time: 0h:10m:57s (0h:3m:5s left)
Estimate model parameters (epsilon = 0.100)
BETTER TREE FOUND at iteration 314: -13374.546
Iteration 320 / LogL: -14082.643 / Time: 0h:11m:18s (0h:3m:19s left)
Iteration 330 / LogL: -13384.358 / Time: 0h:11m:43s (0h:2m:59s left)
Iteration 340 / LogL: -13376.915 / Time: 0h:12m:4s (0h:2m:38s left)
Iteration 350 / LogL: -13410.118 / Time: 0h:12m:25s (0h:2m:16s left)
Iteration 360 / LogL: -13375.902 / Time: 0h:12m:47s (0h:1m:55s left)
Iteration 370 / LogL: -13440.590 / Time: 0h:13m:13s (0h:1m:34s left)
Iteration 380 / LogL: -13498.291 / Time: 0h:13m:36s (0h:1m:13s left)
Estimate model parameters (epsilon = 0.100)
BETTER TREE FOUND at iteration 385: -13373.953
Iteration 390 / LogL: -13386.688 / Time: 0h:13m:56s (0h:3m:24s left)
Iteration 400 / LogL: -13388.065 / Time: 0h:14m:18s (0h:3m:2s left)
Iteration 410 / LogL: -13375.928 / Time: 0h:14m:42s (0h:2m:41s left)
Iteration 420 / LogL: -13390.207 / Time: 0h:15m:3s (0h:2m:20s left)
Iteration 430 / LogL: -13381.119 / Time: 0h:15m:29s (0h:1m:59s left)
Iteration 440 / LogL: -13392.658 / Time: 0h:15m:50s (0h:1m:37s left)
Iteration 450 / LogL: -13430.164 / Time: 0h:16m:9s (0h:1m:15s left)
Iteration 460 / LogL: -13422.534 / Time: 0h:16m:27s (0h:0m:53s left)
Iteration 470 / LogL: -13377.270 / Time: 0h:16m:46s (0h:0m:32s left)
Iteration 480 / LogL: -13383.319 / Time: 0h:17m:4s (0h:0m:10s left)
TREE SEARCH COMPLETED AFTER 486 ITERATIONS / Time: 0h:17m:13s

--------------------------------------------------------------------
|                    FINALIZING TREE SEARCH                        |
--------------------------------------------------------------------
Performs final model parameters optimization
Estimate model parameters (epsilon = 0.010)
1. Initial log-likelihood: -13373.953
Optimal log-likelihood: -13373.952
Rate parameters:  A-C: 1.00000  A-G: 3.90034  A-T: 1.00000  C-G: 1.00000  C-T: 3.90034  G-T: 1.00000
Base frequencies:  A: 0.255  C: 0.225  G: 0.311  T: 0.209
Gamma shape alpha: 0.205
Parameters optimization took 1 rounds (0.251 sec)
BEST SCORE FOUND : -13373.952
Total tree length: 5.991

Total number of iterations: 486
CPU time used for tree search: 7706.132 sec (2h:8m:26s)
Wall-clock time used for tree search: 1030.034 sec (0h:17m:10s)
Total CPU time used: 7730.816 sec (2h:8m:50s)
Total wall-clock time used: 1033.781 sec (0h:17m:13s)

Analysis results written to: 
  IQ-TREE report:                ./016_results/16S_consensus.fasta.iqtree
  Maximum-likelihood tree:       ./016_results/16S_consensus.fasta.treefile
  Likelihood distances:          ./016_results/16S_consensus.fasta.mldist
  Screen log file:               ./016_results/16S_consensus.fasta.log

Date and Time: Tue Feb 26 15:11:38 2019
