IQ-TREE multicore version 1.3.11.1 for Linux 64-bit built Feb  1 2016
Copyright (c) 2011-2015 Nguyen Lam Tung, Olga Chernomor, Arndt von Haeseler and Bui Quang Minh.

Host:    n114312.nbi.ac.uk (AVX2, FMA3, 15 GB RAM)
Command: iqtree-omp -s ./016_results/23S_long.fasta -nt 8 -m HKY+G
Seed:    617171 (Using SPRNG - Scalable Parallel Random Number Generator)
Time:    Mon Feb 25 18:11:33 2019
Kernel:  AVX - 8 threads (8 CPU cores detected)

Reading alignment file ./016_results/23S_long.fasta ... Fasta format detected
Alignment most likely contains DNA/RNA sequences
Alignment has 758 sequences with 3918 columns and 1622 patterns (1472 informative sites)
                                          Gap/Ambiguity  Composition  p-value
   1  Pseudomonas_putida_002736045               25.57%    passed     97.38%
   2  Salmonella_enterica_003589865              25.24%    passed     35.99%
   3  Escherichia_coli_003180975                 25.22%    passed     48.07%
   4  Pseudomonas_aeruginosa_001516165           25.70%    passed     93.96%
   5  Neisseria_meningitidis_001697305           26.03%    passed     89.09%
   6  Neisseria_gonorrhoeae_001661115            26.03%    passed     97.57%
   7  Leptospira_mayottensis_003429525           24.25%    passed     82.84%
   8  Neisseria_meningitidis_001697525           26.03%    passed     89.09%
   9  Escherichia_coli_002870165                 25.19%    passed     55.69%
  10  Pseudomonas_putida_003671955               25.55%    passed     98.18%
  11  Salmonella_enterica_001975365              25.34%    passed     25.18%
  12  Salmonella_enterica_003071485              25.34%    passed     26.94%
  13  Neisseria_meningitidis_003355215           26.03%    passed     90.10%
  14  Escherichia_coli_000599645                 47.17%    passed     33.30%
  15  Helicobacter_pylori_000148895              26.21%    failed      0.91%
  16  Pseudomonas_aeruginosa_001516205           25.68%    passed     92.15%
  17  Pseudomonas_aeruginosa_001548135           25.70%    passed     92.53%
  18  Salmonella_enterica_003324955              25.24%    passed     39.99%
  19  Salmonella_enterica_000245535              22.74%    passed     29.43%
  20  Salmonella_enterica_003717675              22.74%    passed     27.40%
  21  Pseudomonas_putida_003228315               25.57%    passed     91.73%
  22  Salmonella_enterica_900477885              25.32%    passed     33.01%
  23  Neisseria_meningitidis_001697485           26.03%    passed     89.09%
  24  Pseudomonas_aeruginosa_003369755           25.68%    passed     92.15%
  25  Helicobacter_pylori_000178935              26.26%    failed      0.90%
  26  Pseudomonas_parafulva_003410295            25.57%    passed     95.68%
  27  Neisseria_meningitidis_000191505           26.03%    passed     89.46%
  28  Pseudomonas_aeruginosa_001900265           35.89%    passed     71.23%
  29  Neisseria_meningitidis_001697425           26.03%    passed     89.09%
  30  Pseudomonas_syringae_002905815             25.52%    passed     97.53%
  31  Pseudomonas_koreensis_001654515            25.57%    passed     92.65%
  32  Salmonella_enterica_001121865              22.87%    passed     31.79%
  33  Escherichia_coli_002786655                 25.22%    passed     54.23%
  34  Escherichia_coli_002812545                 25.34%    passed     59.36%
  35  Pseudomonas_synxantha_003851495            25.57%    passed     93.95%
  36  Escherichia_coli_001566615                 25.37%    passed     58.56%
  37  Pseudomonas_stutzeri_000327065             25.63%    passed     96.73%
  38  Pseudomonas_aeruginosa_000504045           25.68%    passed     92.49%
  39  Pseudomonas_syringae_900235885             25.55%    passed     98.87%
  40  Pseudomonas_aeruginosa_002812905           25.70%    passed     93.72%
  41  Neisseria_meningitidis_900638595           26.03%    passed     94.57%
  42  Neisseria_meningitidis_002073675           26.03%    passed     87.68%
  43  Neisseria_gonorrhoeae_001047225            26.03%    passed     96.55%
  44  Pseudomonas_aeruginosa_001482325           25.68%    passed     90.75%
  45  Pseudomonas_aeruginosa_002085605           25.70%    passed     92.53%
  46  Helicobacter_pylori_002952495              26.26%    failed      1.03%
  47  Pseudomonas_chlororaphis_003851985         25.57%    passed     90.67%
  48  Salmonella_enterica_003717955              22.74%    passed     27.40%
  49  Pseudomonas_aeruginosa_001792855           25.68%    passed     91.76%
  50  Pseudomonas_fluorescens_000963495          25.57%    passed     90.38%
  51  Neisseria_gonorrhoeae_000020105            26.03%    passed     95.97%
  52  Helicobacter_cinaedi_000284635             26.29%    failed      0.62%
  53  Escherichia_coli_002142695                 25.32%    passed     54.49%
  54  Neisseria_meningitidis_001029815           26.06%    passed     93.74%
  55  Escherichia_albertii_003312545             25.32%    passed     46.89%
  56  Escherichia_coli_002741255                 25.27%    passed     61.41%
  57  Escherichia_coli_000014845                 25.34%    passed     57.12%
  58  Pseudomonas_aeruginosa_002215345           25.68%    passed     93.40%
  59  Pseudomonas_aeruginosa_001687285           25.68%    passed     92.15%
  60  Pseudomonas_aeruginosa_003812885           25.70%    passed     93.72%
  61  Helicobacter_pylori_000277365              26.11%    failed      0.69%
  62  Neisseria_meningitidis_001974965           26.03%    passed     87.94%
  63  Pseudomonas_aeruginosa_002237405           25.70%    passed     92.53%
  64  Helicobacter_pylori_900120135              26.24%    failed      1.21%
  65  Escherichia_albertii_003860385             25.34%    passed     43.37%
  66  Pseudomonas_parafulva_002021815            25.55%    passed     96.76%
  67  Pseudomonas_stutzeri_900636845             25.60%    passed     96.37%
  68  Pseudomonas_chlororaphis_003850405         25.57%    passed     88.50%
  69  Neisseria_meningitidis_001697685           26.08%    passed     89.10%
  70  Pseudomonas_aeruginosa_000510305           25.68%    passed     93.40%
  71  Salmonella_enterica_001705055              25.34%    passed     35.65%
  72  Escherichia_albertii_003312525             25.34%    passed     54.80%
  73  Pseudomonas_synxantha_003852025            25.57%    passed     95.15%
  74  Pseudomonas_aeruginosa_003206535           25.70%    passed     93.72%
  75  Pseudomonas_aeruginosa_000473745           25.68%    passed     93.40%
  76  Escherichia_albertii_001549955             27.64%    passed     45.06%
  77  Pseudomonas_aeruginosa_001750705           25.68%    passed     92.15%
  78  Escherichia_coli_003956305                 25.24%    passed     66.13%
  79  Escherichia_coli_002011965                 25.34%    passed     59.36%
  80  Pseudomonas_fluorescens_003410335          25.57%    passed     94.08%
  81  Salmonella_bongori_002211925               25.32%    passed      8.36%
  82  Escherichia_coli_000597845                 25.34%    passed     56.69%
  83  Neisseria_meningitidis_000800315           26.67%    passed     86.11%
  84  Neisseria_gonorrhoeae_001661135            26.03%    passed     96.78%
  85  Neisseria_meningitidis_001698065           26.03%    passed     90.33%
  86  Pseudomonas_aeruginosa_900636755           25.68%    passed     92.15%
  87  Pseudomonas_aeruginosa_003641125           25.68%    passed     93.40%
  88  Helicobacter_cinaedi_003574195             26.29%    failed      0.53%
  89  Pseudomonas_chlororaphis_001023535         25.91%    passed     87.14%
  90  Pseudomonas_chlororaphis_002844145         25.73%    passed     89.63%
  91  Escherichia_albertii_003312485             25.37%    passed     40.25%
  92  Salmonella_enterica_002760915              25.40%    passed     28.54%
  93  Pseudomonas_aeruginosa_003952325           25.75%    passed     94.47%
  94  Neisseria_meningitidis_002556585           26.03%    passed     89.09%
  95  Pseudomonas_protegens_002208745            25.63%    passed     87.69%
  96  Salmonella_enterica_002224405              25.37%    passed     24.56%
  97  Pseudomonas_chlororaphis_003850425         25.60%    passed     88.48%
  98  Salmonella_enterica_001629755              25.22%    passed     31.43%
  99  Pseudomonas_chlororaphis_003851225         25.57%    passed     88.50%
 100  Escherichia_coli_001280405                 25.34%    passed     56.46%
 101  Pseudomonas_putida_000410575               25.63%    passed     99.21%
 102  Escherichia_coli_000022665                 25.34%    passed     52.72%
 103  Helicobacter_pylori_003957395              26.26%    failed      0.86%
 104  Neisseria_meningitidis_003355295           26.03%    passed     95.52%
 105  Pseudomonas_aeruginosa_900618325           25.68%    passed     91.76%
 106  Salmonella_enterica_000009505              25.34%    passed     26.27%
 107  Salmonella_enterica_001447095              25.86%    passed     24.67%
 108  Pseudomonas_brassicacearum_001449085       25.57%    passed     94.96%
 109  Helicobacter_pylori_002952575              26.26%    failed      1.03%
 110  Neisseria_gonorrhoeae_900637245            26.03%    passed     95.97%
 111  Salmonella_enterica_002208255              25.37%    passed     29.25%
 112  Pseudomonas_aeruginosa_900636735           25.68%    passed     93.40%
 113  Neisseria_meningitidis_001697885           26.03%    passed     89.09%
 114  Escherichia_coli_000025165                 25.22%    passed     57.26%
 115  Escherichia_coli_900636065                 25.34%    passed     56.04%
 116  Escherichia_coli_003367885                 25.34%    passed     54.23%
 117  Pseudomonas_stutzeri_000279165             25.60%    passed     85.90%
 118  Escherichia_coli_002249955                 25.22%    passed     63.68%
 119  Pseudomonas_syringae_002966555             25.55%    passed     98.14%
 120  Pseudomonas_putida_000183645               25.63%    passed     99.59%
 121  Salmonella_enterica_002761155              25.34%    passed     31.89%
 122  Pseudomonas_orientalis_003851585           25.57%    passed     94.46%
 123  Neisseria_meningitidis_000008805           26.21%    passed     93.73%
 124  Neisseria_meningitidis_000800355           36.24%    passed     49.54%
 125  Pseudomonas_chlororaphis_000963835         25.65%    passed     92.31%
 126  Neisseria_meningitidis_002951575           26.03%    passed     89.09%
 127  Helicobacter_pylori_900120205              26.24%    failed      1.21%
 128  Pseudomonas_chlororaphis_003852005         25.57%    passed     88.05%
 129  Neisseria_gonorrhoeae_001047275            26.03%    passed     95.72%
 130  Neisseria_meningitidis_001698085           26.03%    passed     93.58%
 131  Salmonella_enterica_001361075              22.74%    passed     27.40%
 132  Pseudomonas_fluorescens_001747385          25.60%    passed     90.37%
 133  Pseudomonas_aeruginosa_002812925           25.70%    passed     93.72%
 134  Salmonella_enterica_001577505              23.18%    passed     40.03%
 135  Salmonella_enterica_001623775              25.29%    passed     29.95%
 136  Escherichia_albertii_002872455             25.32%    passed     40.47%
 137  Escherichia_coli_002952875                 25.34%    passed     54.23%
 138  Pseudomonas_aeruginosa_000829255           25.68%    passed     93.40%
 139  Pseudomonas_aeruginosa_000524595           25.68%    passed     92.39%
 140  Escherichia_coli_001618325                 25.34%    passed     57.36%
 141  Salmonella_enterica_001447115              45.33%    passed     22.50%
 142  Pseudomonas_chlororaphis_003850585         25.57%    passed     88.50%
 143  Pseudomonas_aeruginosa_002812865           25.68%    passed     92.15%
 144  Escherichia_coli_002012265                 25.34%    passed     52.95%
 145  Helicobacter_cinaedi_003213725             26.29%    failed      0.61%
 146  Salmonella_bongori_000709535               25.32%    passed      8.94%
 147  Pseudomonas_aeruginosa_003798125           25.68%    passed     92.39%
 148  Pseudomonas_putida_001515585               25.63%    passed     96.95%
 149  Salmonella_enterica_003429445              25.24%    passed     36.05%
 150  Salmonella_enterica_001975515              25.27%    passed     42.89%
 151  Neisseria_meningitidis_000191525           26.03%    passed     91.98%
 152  Helicobacter_pylori_000021165              26.29%    failed      0.87%
 153  Pseudomonas_aeruginosa_000006765           26.26%    passed     89.38%
 154  Pseudomonas_chlororaphis_003851445         25.57%    passed     88.05%
 155  Helicobacter_pylori_000196755              26.26%    failed      1.03%
 156  Salmonella_enterica_900205265              22.77%    passed     28.05%
 157  Pseudomonas_putida_002025705               25.57%    passed     99.19%
 158  Pseudomonas_aeruginosa_001632245           25.70%    passed     92.78%
 159  Pseudomonas_chlororaphis_003851365         25.57%    passed     89.95%
 160  Helicobacter_pylori_000255955              26.26%    failed      0.73%
 161  Pseudomonas_monteilii_003671975            25.55%    passed     98.10%
 162  Helicobacter_pylori_002951975              26.31%    failed      1.16%
 163  Helicobacter_pylori_000827025              26.77%    failed      1.06%
 164  Neisseria_meningitidis_000009465           26.06%    passed     88.20%
 165  Helicobacter_pylori_002906555              26.29%    failed      0.87%
 166  Helicobacter_pylori_900120315              26.24%    failed      1.21%
 167  Neisseria_meningitidis_001697785           26.03%    passed     90.89%
 168  Pseudomonas_chlororaphis_900636995         25.57%    passed     88.50%
 169  Neisseria_gonorrhoeae_001047255            26.03%    passed     95.97%
 170  Salmonella_enterica_003710205              25.29%    passed     20.56%
 171  Pseudomonas_fluorescens_001307275          25.57%    passed     94.48%
 172  Neisseria_meningitidis_003355435           26.03%    passed     89.46%
 173  Helicobacter_pylori_000307835              26.29%    failed      0.87%
 174  Salmonella_enterica_002210025              25.29%    passed     31.90%
 175  Pseudomonas_syringae_900235835             25.55%    passed     97.98%
 176  Pseudomonas_mendocina_002442555            25.63%    passed     90.27%
 177  Pseudomonas_orientalis_003851605           25.57%    passed     94.46%
 178  Neisseria_meningitidis_001697385           26.03%    passed     90.11%
 179  Neisseria_meningitidis_001029835           26.03%    passed     91.98%
 180  Salmonella_enterica_000623615              25.34%    passed     26.27%
 181  Escherichia_coli_900635325                 25.24%    passed     60.51%
 182  Helicobacter_pylori_000093185              26.24%    failed      0.99%
 183  Salmonella_enterica_000626375              25.34%    passed     31.12%
 184  Escherichia_coli_002953435                 25.34%    passed     55.42%
 185  Escherichia_albertii_002285455             25.40%    passed     38.31%
 186  Neisseria_meningitidis_002073235           26.03%    passed     92.37%
 187  Escherichia_coli_000147855                 25.24%    passed     49.61%
 188  Pseudomonas_aeruginosa_001900225           35.89%    passed     71.23%
 189  Pseudomonas_fluorescens_000293885          25.57%    passed     92.59%
 190  Pseudomonas_chlororaphis_003851905         25.57%    passed     89.95%
 191  Pseudomonas_aeruginosa_003028335           25.70%    passed     93.72%
 192  Pseudomonas_chlororaphis_003851805         25.57%    passed     88.05%
 193  Pseudomonas_mendocina_000733715            25.63%    passed     94.81%
 194  Escherichia_coli_004010655                 25.22%    passed     59.76%
 195  Pseudomonas_syringae_002024305             25.55%    passed     99.04%
 196  Pseudomonas_syringae_001482725             25.52%    passed     97.53%
 197  Pseudomonas_aeruginosa_001516265           25.68%    passed     92.15%
 198  Salmonella_enterica_000007545              22.74%    passed     27.40%
 199  Neisseria_meningitidis_000009105           26.03%    passed     89.14%
 200  Helicobacter_pylori_000224555              26.26%    failed      0.82%
 201  Escherichia_coli_003073955                 25.24%    passed     51.54%
 202  Neisseria_meningitidis_001697985           26.03%    passed     89.09%
 203  Escherichia_coli_001900885                 25.19%    passed     58.52%
 204  Salmonella_enterica_003718655              22.74%    passed     27.40%
 205  Neisseria_meningitidis_001697545           26.03%    passed     92.02%
 206  Salmonella_enterica_001975345              25.29%    passed     33.58%
 207  Helicobacter_pylori_000600145              26.29%    failed      1.07%
 208  Pseudomonas_stutzeri_003952685             25.55%    passed     91.60%
 209  Pseudomonas_fluorescens_003626995          25.52%    passed     91.38%
 210  Salmonella_bongori_000252995               25.32%    passed      8.36%
 211  Pseudomonas_brassicacearum_001746815       25.57%    passed     94.84%
 212  Pseudomonas_aeruginosa_000026645           25.68%    passed     92.15%
 213  Pseudomonas_aeruginosa_001792835           25.68%    passed     91.76%
 214  Pseudomonas_stutzeri_003047145             25.60%    passed     96.37%
 215  Pseudomonas_aeruginosa_900618315           25.68%    passed     91.76%
 216  Pseudomonas_aeruginosa_001515915           25.70%    passed     92.53%
 217  Pseudomonas_chlororaphis_003851865         25.57%    passed     89.95%
 218  Pseudomonas_aeruginosa_002104595           25.68%    passed     93.40%
 219  Neisseria_gonorrhoeae_002073655            26.03%    passed     96.12%
 220  Helicobacter_pylori_000685745              26.24%    failed      0.53%
 221  Escherichia_coli_001900675                 25.32%    passed     54.99%
 222  Escherichia_coli_002591135                 25.45%    passed     62.08%
 223  Pseudomonas_aeruginosa_001721825           25.68%    passed     91.11%
 224  Pseudomonas_chlororaphis_003851305         25.60%    passed     88.48%
 225  Pseudomonas_synxantha_003851525            25.57%    passed     93.95%
 226  Pseudomonas_monteilii_001534745            43.47%    passed     92.30%
 227  Salmonella_enterica_002211865              25.11%    passed     40.67%
 228  Salmonella_enterica_001441205              25.32%    passed     29.17%
 229  Helicobacter_pylori_000829095              26.77%    failed      1.06%
 230  Pseudomonas_fluorescens_000730425          25.52%    passed     91.87%
 231  Neisseria_meningitidis_001697725           26.03%    passed     89.09%
 232  Helicobacter_pylori_003050665              26.31%    failed      0.82%
 233  Salmonella_enterica_001119245              22.74%    passed     27.40%
 234  Leptospira_interrogans_000231175           24.27%    passed     77.58%
 235  Escherichia_coli_002846135                 25.50%    passed     65.26%
 236  Leptospira_interrogans_001047655           24.27%    passed     76.89%
 237  Pseudomonas_stutzeri_000267545             25.60%    passed     97.87%
 238  Neisseria_meningitidis_001750825           26.14%    passed     90.62%
 239  Escherichia_coli_002056635                 25.34%    passed     52.95%
 240  Pseudomonas_syringae_001913215             25.55%    passed     99.04%
 241  Pseudomonas_chlororaphis_002355875         25.57%    passed     88.50%
 242  Escherichia_coli_002357915                 25.32%    passed     59.12%
 243  Neisseria_meningitidis_001697605           26.03%    passed     92.02%
 244  Helicobacter_pylori_000600045              26.29%    failed      0.86%
 245  Escherichia_coli_001900615                 25.34%    passed     48.79%
 246  Neisseria_meningitidis_001697765           26.03%    passed     90.33%
 247  Pseudomonas_aeruginosa_000284555           25.68%    passed     93.40%
 248  Neisseria_meningitidis_001697505           26.03%    passed     93.58%
 249  Escherichia_coli_001675145                 25.34%    passed     56.81%
 250  Escherichia_coli_003018535                 25.22%    passed     54.81%
 251  Pseudomonas_aeruginosa_000359505           25.70%    passed     94.05%
 252  Salmonella_enterica_001975265              25.40%    passed     26.62%
 253  Salmonella_enterica_001362195              22.79%    passed     28.93%
 254  Pseudomonas_aeruginosa_000829885           25.68%    passed     92.15%
 255  Pseudomonas_chlororaphis_003851835         25.57%    passed     88.50%
 256  Escherichia_coli_000833635                 25.34%    passed     56.00%
 257  Salmonella_enterica_003718195              22.74%    passed     27.40%
 258  Pseudomonas_aeruginosa_900618305           28.51%    passed     97.86%
 259  Helicobacter_pylori_000270005              26.26%    failed      0.78%
 260  Salmonella_enterica_001623685              23.15%    passed     36.90%
 261  Pseudomonas_putida_002736125               25.60%    passed     96.36%
 262  Helicobacter_pylori_000828955              26.29%    failed      0.87%
 263  Neisseria_meningitidis_000191465           26.03%    passed     91.98%
 264  Salmonella_enterica_000623375              25.29%    passed     28.41%
 265  Salmonella_enterica_000020885              25.29%    passed     33.58%
 266  Neisseria_meningitidis_002073275           26.03%    passed     91.68%
 267  Pseudomonas_aeruginosa_001518975           25.68%    passed     92.39%
 268  Salmonella_enterica_002761075              25.37%    passed     28.87%
 269  Salmonella_enterica_002119485              25.37%    passed     37.35%
 270  Escherichia_coli_002850675                 25.29%    passed     48.02%
 271  Pseudomonas_aeruginosa_001516185           25.68%    passed     92.15%
 272  Pseudomonas_fluorescens_003612935          25.57%    passed     88.83%
 273  Salmonella_enterica_003717075              22.74%    passed     27.40%
 274  Salmonella_enterica_001890165              25.32%    passed     42.18%
 275  Salmonella_enterica_003032035              25.34%    passed     27.68%
 276  Helicobacter_pylori_000091345              26.24%    failed      0.88%
 277  Salmonella_enterica_000623335              25.32%    passed     26.97%
 278  Helicobacter_pylori_000498315              26.29%    failed      0.76%
 279  Salmonella_enterica_002762135              25.32%    passed     37.88%
 280  Helicobacter_pylori_000317875              26.24%    failed      0.60%
 281  Salmonella_enterica_001953695              25.32%    passed     37.04%
 282  Leptospira_interrogans_000941035           24.27%    passed     77.94%
 283  Pseudomonas_aeruginosa_001879525           25.70%    passed     92.53%
 284  Neisseria_meningitidis_000800235           26.11%    passed     93.61%
 285  Neisseria_meningitidis_001697445           26.03%    passed     90.89%
 286  Pseudomonas_aeruginosa_002075065           25.68%    passed     93.40%
 287  Escherichia_albertii_002741375             25.37%    passed     41.49%
 288  Pseudomonas_syringae_000452705             25.52%    passed     98.45%
 289  Escherichia_coli_001280325                 25.40%    passed     57.59%
 290  Neisseria_meningitidis_001697405           26.03%    passed     89.09%
 291  Escherichia_coli_001020945                 25.22%    passed     55.28%
 292  Pseudomonas_aeruginosa_900185255           25.68%    passed     92.15%
 293  Salmonella_enterica_002313105              25.34%    passed     31.60%
 294  Neisseria_meningitidis_001697205           26.03%    passed     89.09%
 295  Pseudomonas_putida_000412675               25.57%    passed     98.71%
 296  Pseudomonas_putida_002356095               25.57%    passed     97.98%
 297  Neisseria_meningitidis_000191485           26.03%    passed     92.02%
 298  Pseudomonas_chlororaphis_003850485         25.57%    passed     88.50%
 299  Pseudomonas_fluorescens_900475215          25.57%    passed     91.80%
 300  Pseudomonas_syringae_001281365             25.55%    passed     96.51%
 301  Pseudomonas_aeruginosa_003332705           25.68%    passed     92.15%
 302  Pseudomonas_fluorescens_000237065          25.57%    passed     94.09%
 303  Helicobacter_pylori_000008785              26.29%    failed      0.88%
 304  Helicobacter_pylori_900119955              26.24%    failed      1.21%
 305  Escherichia_coli_003017805                 25.19%    passed     49.46%
 306  Pseudomonas_putida_003290365               25.91%    passed     97.63%
 307  Leptospira_borgpetersenii_000013965         7.30%    failed      0.34%
 308  Escherichia_albertii_003864095             25.24%    passed     48.79%
 309  Pseudomonas_synxantha_003851465            25.60%    passed     94.74%
 310  Pseudomonas_aeruginosa_000829275           25.68%    passed     93.40%
 311  Pseudomonas_fluorescens_001307155          25.65%    passed     96.89%
 312  Neisseria_meningitidis_001697825           26.03%    passed     90.89%
 313  Neisseria_meningitidis_900638575           26.03%    passed     89.14%
 314  Salmonella_enterica_003718555              22.74%    passed     27.40%
 315  Pseudomonas_aeruginosa_003288355           25.88%    passed     92.19%
 316  Helicobacter_pylori_900119995              26.24%    failed      1.21%
 317  Leptospira_interrogans_001293065           24.27%    passed     74.90%
 318  Pseudomonas_aeruginosa_003991465           25.70%    passed     93.96%
 319  Salmonella_enterica_000272895              25.32%    passed     37.32%
 320  Helicobacter_pylori_000392455              26.26%    failed      0.73%
 321  Escherichia_coli_001559615                 25.34%    passed     52.72%
 322  Salmonella_enterica_001729225              23.15%    passed     41.33%
 323  Escherichia_coli_002011985                 25.37%    passed     65.28%
 324  Pseudomonas_syringae_900235815             25.55%    passed     99.22%
 325  Helicobacter_pylori_000498335              26.29%    failed      0.76%
 326  Helicobacter_pylori_000192335              26.24%    failed      0.55%
 327  Pseudomonas_koreensis_001605965            25.52%    passed     89.04%
 328  Pseudomonas_putida_001636055               25.63%    passed     95.70%
 329  Neisseria_meningitidis_002073595           26.06%    passed     92.33%
 330  Helicobacter_pylori_000020245              26.11%    failed      0.79%
 331  Pseudomonas_fluorescens_001708445          25.57%    passed     95.15%
 332  Salmonella_enterica_003717795              22.74%    passed     27.40%
 333  Helicobacter_pylori_000192315              26.24%    failed      0.61%
 334  Escherichia_coli_002999075                 25.37%    passed     58.25%
 335  Pseudomonas_syringae_000452445             25.55%    passed     97.32%
 336  Helicobacter_pylori_000392535              26.21%    failed      0.70%
 337  Neisseria_meningitidis_000816165           26.03%    passed     92.52%
 338  Pseudomonas_aeruginosa_003193645           25.68%    passed     92.15%
 339  Pseudomonas_aeruginosa_002968695           25.70%    passed     93.72%
 340  Helicobacter_pylori_000148915              26.16%    failed      0.80%
 341  Pseudomonas_stutzeri_003952645             25.55%    passed     91.60%
 342  Pseudomonas_aeruginosa_900618275           25.68%    passed     91.76%
 343  Pseudomonas_putida_002741075               25.60%    passed     98.48%
 344  Salmonella_enterica_001623625              25.29%    passed     30.76%
 345  Escherichia_coli_002105735                 25.37%    passed     57.57%
 346  Escherichia_coli_900635215                 25.24%    passed     55.73%
 347  Pseudomonas_koreensis_003049825            25.65%    passed     94.46%
 348  Pseudomonas_synxantha_000968415            25.57%    passed     93.95%
 349  Salmonella_enterica_000271905              25.34%    passed     33.61%
 350  Pseudomonas_entomophila_003940825          25.55%    passed     98.51%
 351  Neisseria_meningitidis_003355375           26.03%    passed     90.00%
 352  Pseudomonas_parafulva_000800255            38.62%    passed     97.89%
 353  Pseudomonas_fluorescens_001708465          25.57%    passed     95.15%
 354  Salmonella_enterica_000027025              23.15%    passed     36.90%
 355  Leptospira_interrogans_000092565           25.68%    passed     66.64%
 356  Neisseria_meningitidis_001697625           26.03%    passed     93.58%
 357  Salmonella_enterica_000624395              25.34%    passed     27.79%
 358  Pseudomonas_protegens_000397205            25.57%    passed     88.07%
 359  Neisseria_meningitidis_001697165           26.03%    passed     89.09%
 360  Helicobacter_pylori_000270025              26.21%    failed      0.73%
 361  Helicobacter_pylori_000600205              26.24%    failed      0.75%
 362  Neisseria_meningitidis_000014105           26.03%    passed     84.97%
 363  Pseudomonas_entomophila_003940785          25.60%    passed     98.73%
 364  Pseudomonas_entomophila_000026105          25.63%    passed     98.55%
 365  Salmonella_enterica_003325015              25.29%    passed     25.46%
 366  Pseudomonas_aeruginosa_002812825           25.68%    passed     92.15%
 367  Helicobacter_pylori_000185185              26.24%    failed      1.08%
 368  Neisseria_meningitidis_002073575           26.06%    passed     88.68%
 369  Pseudomonas_chlororaphis_003851925         25.60%    passed     88.48%
 370  Helicobacter_pylori_000270045              26.24%    failed      0.83%
 371  Neisseria_meningitidis_000800275           26.03%    passed     92.02%
 372  Pseudomonas_putida_000325725               25.63%    passed     99.18%
 373  Neisseria_meningitidis_003355275           26.03%    passed     89.09%
 374  Pseudomonas_aeruginosa_000496605           25.68%    passed     92.39%
 375  Escherichia_coli_001900415                 25.19%    passed     51.25%
 376  Pseudomonas_chlororaphis_003851955         25.57%    passed     88.05%
 377  Pseudomonas_syringae_000344475             25.55%    passed     99.04%
 378  Escherichia_coli_003112185                 25.40%    passed     50.19%
 379  Salmonella_enterica_000623275              25.29%    passed     35.61%
 380  Escherichia_coli_001900905                 25.78%    passed     52.85%
 381  Pseudomonas_mendocina_000016565            25.63%    passed     93.12%
 382  Pseudomonas_aeruginosa_003957825           25.68%    passed     93.63%
 383  Neisseria_lactamica_002022745              26.03%    passed     86.90%
 384  Salmonella_enterica_001127485              22.74%    passed     27.40%
 385  Neisseria_meningitidis_001697365           26.03%    passed     93.58%
 386  Pseudomonas_aeruginosa_003194245           25.68%    passed     92.15%
 387  Escherichia_coli_002741455                 25.34%    passed     59.41%
 388  Pseudomonas_chlororaphis_003850385         25.57%    passed     88.50%
 389  Pseudomonas_aeruginosa_001515845           25.68%    passed     92.15%
 390  Helicobacter_pylori_001653475              26.21%    failed      1.11%
 391  Salmonella_enterica_003030125              25.34%    passed     20.39%
 392  Salmonella_enterica_003031875              25.27%    passed     34.22%
 393  Escherichia_albertii_002285475             25.32%    passed     42.56%
 394  Pseudomonas_syringae_000648735             25.55%    passed     99.04%
 395  Neisseria_meningitidis_000026965           26.03%    passed     89.82%
 396  Salmonella_enterica_002234775              25.29%    passed     32.42%
 397  Pseudomonas_chlororaphis_003851165         25.57%    passed     88.50%
 398  Escherichia_coli_003019115                 25.37%    passed     58.25%
 399  Helicobacter_pylori_002356595              26.21%    failed      0.65%
 400  Escherichia_coli_003856695                 25.37%    passed     54.17%
 401  Salmonella_enterica_001095585              22.74%    passed     28.62%
 402  Pseudomonas_putida_000264665               25.60%    passed     99.57%
 403  Pseudomonas_aeruginosa_003571505           25.68%    passed     92.15%
 404  Helicobacter_pylori_002952555              26.26%    failed      1.03%
 405  Salmonella_enterica_003717855              22.74%    passed     27.40%
 406  Pseudomonas_monteilii_002943995            25.57%    passed     97.98%
 407  Pseudomonas_chlororaphis_003850605         25.65%    passed     92.12%
 408  Helicobacter_pylori_000307815              26.29%    failed      0.87%
 409  Escherichia_coli_002165115                 25.22%    passed     52.42%
 410  Pseudomonas_aeruginosa_002208645           25.70%    passed     92.53%
 411  Pseudomonas_stutzeri_003008495             25.65%    passed     97.56%
 412  Pseudomonas_chlororaphis_003850365         25.57%    passed     88.50%
 413  Neisseria_meningitidis_000626595           26.03%    passed     92.37%
 414  Pseudomonas_aeruginosa_000496455           25.68%    passed     92.15%
 415  Helicobacter_pylori_002952355              26.26%    failed      1.03%
 416  Leptospira_mayottensis_003429505           24.30%    passed     80.75%
 417  Escherichia_coli_002012185                 25.22%    passed     48.07%
 418  Salmonella_enterica_000750375              25.34%    passed     33.61%
 419  Escherichia_coli_900174625                 25.34%    passed     52.41%
 420  Neisseria_meningitidis_001697325           26.03%    passed     89.09%
 421  Neisseria_meningitidis_002073555           26.06%    passed     91.34%
 422  Neisseria_elongata_000818035               26.03%    passed     91.71%
 423  Helicobacter_pylori_000439295              26.26%    failed      0.73%
 424  Helicobacter_pylori_000392515              26.31%    failed      1.19%
 425  Helicobacter_cinaedi_003213825             26.29%    failed      0.53%
 426  Pseudomonas_aeruginosa_004010895           25.70%    passed     93.96%
 427  Leptospira_interrogans_002073495           24.30%    passed     75.83%
 428  Pseudomonas_aeruginosa_002237425           25.68%    passed     92.15%
 429  Neisseria_meningitidis_001697965           26.03%    passed     90.89%
 430  Escherichia_coli_003856675                 25.34%    passed     66.21%
 431  Pseudomonas_chlororaphis_003851145         25.60%    passed     88.76%
 432  Helicobacter_pylori_000348865              26.19%    failed      0.85%
 433  Salmonella_enterica_002946375              25.42%    passed     40.19%
 434  Pseudomonas_aeruginosa_003073735           25.68%    passed     92.15%
 435  Pseudomonas_protegens_003363755            25.57%    passed     87.84%
 436  Pseudomonas_syringae_000344355             25.55%    passed     99.04%
 437  Pseudomonas_putida_000007565               25.93%    passed     99.31%
 438  Pseudomonas_aeruginosa_003073895           25.68%    passed     92.15%
 439  Escherichia_coli_900636195                 25.37%    passed     59.42%
 440  Pseudomonas_syringae_000007805             25.91%    passed     98.39%
 441  Pseudomonas_aeruginosa_001077475           25.68%    passed     92.15%
 442  Helicobacter_pylori_002952475              26.26%    failed      1.03%
 443  Neisseria_elongata_003351545               26.03%    passed     90.67%
 444  Neisseria_meningitidis_000083565           26.03%    passed     94.38%
 445  Pseudomonas_chlororaphis_001602135         25.57%    passed     88.83%
 446  Pseudomonas_aeruginosa_001516365           25.70%    passed     92.78%
 447  Salmonella_enterica_003718615              22.74%    passed     27.40%
 448  Pseudomonas_frederiksbergensis_001952935   25.57%    passed     93.15%
 449  Neisseria_gonorrhoeae_003571465            26.03%    passed     96.12%
 450  Escherichia_coli_000814145                 25.22%    passed     48.07%
 451  Helicobacter_pylori_000600165              26.29%    failed      0.87%
 452  Pseudomonas_syringae_000988395             25.52%    passed     97.60%
 453  Pseudomonas_aeruginosa_900637045           25.68%    passed     92.15%
 454  Pseudomonas_aeruginosa_001874465           25.68%    passed     92.39%
 455  Pseudomonas_putida_000226035               26.62%    passed     97.72%
 456  Escherichia_coli_003722195                 25.40%    passed     62.82%
 457  Pseudomonas_putida_000691565               25.57%    passed     99.49%
 458  Salmonella_enterica_003595645              25.29%    passed     36.07%
 459  Pseudomonas_syringae_000988485             25.52%    passed     98.03%
 460  Helicobacter_pylori_000011725              26.24%    failed      0.54%
 461  Pseudomonas_fluorescens_900636825          25.52%    passed     88.09%
 462  Pseudomonas_aeruginosa_001618925           25.68%    passed     92.39%
 463  Pseudomonas_orientalis_002934065           25.57%    passed     95.15%
 464  Escherichia_albertii_000512125             25.24%    passed     45.23%
 465  Pseudomonas_aeruginosa_003073795           25.68%    passed     93.40%
 466  Escherichia_albertii_003860365             25.22%    passed     48.65%
 467  Salmonella_enterica_000623135              25.34%    passed     26.27%
 468  Helicobacter_pylori_900176185              26.24%    failed      1.21%
 469  Helicobacter_pylori_002983705              26.31%    failed      0.94%
 470  Salmonella_enterica_900185485              22.74%    passed     27.40%
 471  Salmonella_enterica_001620115              25.29%    passed     30.21%
 472  Neisseria_elongata_900475815               26.03%    passed     91.71%
 473  Helicobacter_pylori_003939085              26.29%    failed      0.73%
 474  Pseudomonas_chlororaphis_003945765         25.57%    passed     89.05%
 475  Pseudomonas_synxantha_003851555            25.57%    passed     93.95%
 476  Pseudomonas_fluorescens_003055645          25.73%    passed     97.04%
 477  Helicobacter_pylori_000148875              26.29%    failed      0.61%
 478  Helicobacter_pylori_000277385              26.21%    failed      0.89%
 479  Salmonella_enterica_001973275              25.34%    passed     31.89%
 480  Salmonella_enterica_000330485              23.18%    passed     37.14%
 481  Neisseria_gonorrhoeae_900186935            26.03%    passed     96.12%
 482  Salmonella_enterica_000272715              25.32%    passed     37.32%
 483  Pseudomonas_frederiksbergensis_001874645   25.60%    passed     95.84%
 484  Salmonella_enterica_001362335              22.74%    passed     27.40%
 485  Escherichia_albertii_003316815             25.37%    passed     45.32%
 486  Escherichia_coli_900474495                 25.29%    passed     50.65%
 487  Pseudomonas_stutzeri_000661915             25.60%    passed     95.92%
 488  Pseudomonas_aeruginosa_001547955           25.68%    passed     92.46%
 489  Escherichia_coli_002163935                 25.29%    passed     53.95%
 490  Pseudomonas_stutzeri_003001655             25.60%    passed     96.43%
 491  Salmonella_enterica_001690115              25.32%    passed     32.97%
 492  Salmonella_enterica_003717355              22.74%    passed     27.40%
 493  Salmonella_enterica_000272755              25.32%    passed     37.32%
 494  Escherichia_coli_000520035                 25.24%    passed     63.19%
 495  Neisseria_meningitidis_001698105           26.03%    passed     90.33%
 496  Pseudomonas_aeruginosa_003813025           25.70%    passed     94.99%
 497  Neisseria_meningitidis_001697105           26.03%    passed     91.98%
 498  Helicobacter_pylori_900120055              26.24%    failed      1.21%
 499  Neisseria_meningitidis_001697465           26.03%    passed     89.09%
 500  Pseudomonas_fluorescens_000934565          25.57%    passed     88.83%
 501  Pseudomonas_aeruginosa_001729505           25.68%    passed     93.63%
 502  Salmonella_enterica_003324935              25.29%    passed     26.14%
 503  Pseudomonas_aeruginosa_003073695           25.78%    passed     92.12%
 504  Pseudomonas_aeruginosa_003433235           25.70%    passed     93.72%
 505  Escherichia_coli_001723505                 25.34%    passed     49.97%
 506  Pseudomonas_aeruginosa_003369735           25.68%    passed     91.76%
 507  Pseudomonas_fluorescens_000009225          25.57%    passed     92.06%
 508  Pseudomonas_monteilii_000510285            25.57%    passed     99.16%
 509  Neisseria_meningitidis_001697665           26.03%    passed     90.33%
 510  Salmonella_enterica_000494385              25.29%    passed     33.58%
 511  Pseudomonas_putida_900636645               25.63%    passed     99.59%
 512  Pseudomonas_chlororaphis_003850465         25.57%    passed     88.50%
 513  Pseudomonas_aeruginosa_001722025           25.68%    passed     91.11%
 514  Escherichia_coli_002090355                 25.34%    passed     52.72%
 515  Escherichia_coli_003017935                 25.22%    passed     53.33%
 516  Neisseria_meningitidis_001697905           26.03%    passed     89.09%
 517  Neisseria_meningitidis_003355235           26.03%    passed     90.33%
 518  Neisseria_meningitidis_003355395           26.03%    passed     90.89%
 519  Helicobacter_pylori_000259235              26.29%    failed      0.97%
 520  Helicobacter_pylori_000685625              26.26%    failed      0.70%
 521  Escherichia_coli_002741215                 25.24%    passed     47.82%
 522  Escherichia_coli_002953075                 25.34%    passed     54.23%
 523  Pseudomonas_chlororaphis_003851265         25.60%    passed     90.51%
 524  Neisseria_meningitidis_001698045           26.03%    passed     89.09%
 525  Pseudomonas_syringae_000344335             25.55%    passed     98.72%
 526  Pseudomonas_syringae_900235905             25.52%    passed     98.23%
 527  Helicobacter_pylori_000023805              26.26%    failed      0.72%
 528  Escherichia_coli_001901315                 25.34%    passed     53.05%
 529  Neisseria_meningitidis_001697125           26.03%    passed     92.35%
 530  Salmonella_enterica_002761015              25.34%    passed     31.60%
 531  Neisseria_meningitidis_001697945           26.03%    passed     90.89%
 532  Pseudomonas_aeruginosa_001516005           25.68%    passed     91.76%
 533  Neisseria_elongata_003351685               26.03%    passed     92.17%
 534  Pseudomonas_mendocina_000204295            25.63%    passed     95.71%
 535  Pseudomonas_aeruginosa_900618285           25.68%    passed     92.15%
 536  Pseudomonas_syringae_900235865             25.52%    passed     96.20%
 537  Pseudomonas_syringae_900289125             25.57%    passed     99.06%
 538  Pseudomonas_aeruginosa_000271365           25.68%    passed     92.15%
 539  Pseudomonas_aeruginosa_002968955           25.70%    passed     93.72%
 540  Escherichia_coli_002211725                 25.34%    passed     55.15%
 541  Escherichia_coli_000022225                 25.22%    passed     65.80%
 542  Pseudomonas_chlororaphis_003850445         25.57%    passed     88.50%
 543  Pseudomonas_chlororaphis_003850505         25.57%    passed     88.50%
 544  Pseudomonas_aeruginosa_001542835           25.70%    passed     92.53%
 545  Helicobacter_pylori_000829115              26.80%    failed      1.00%
 546  Pseudomonas_fluorescens_001708485          25.57%    passed     88.83%
 547  Helicobacter_pylori_000600225              26.29%    failed      0.87%
 548  Pseudomonas_mendocina_900636545            25.63%    passed     92.37%
 549  Helicobacter_pylori_000600085              26.29%    failed      0.86%
 550  Neisseria_meningitidis_001698005           26.03%    passed     89.09%
 551  Pseudomonas_chlororaphis_003850345         25.57%    passed     86.76%
 552  Leptospira_interrogans_000007685           24.27%    passed     76.89%
 553  Escherichia_coli_003591595                 25.37%    passed     67.28%
 554  Pseudomonas_syringae_003665415             25.55%    passed     99.04%
 555  Escherichia_coli_000219515                 25.34%    passed     66.52%
 556  Escherichia_coli_002899495                 25.34%    passed     54.23%
 557  Pseudomonas_syringae_004006335             25.68%    passed     95.12%
 558  Escherichia_coli_002164595                 25.32%    passed     63.34%
 559  Pseudomonas_chlororaphis_003851205         25.57%    passed     88.05%
 560  Escherichia_coli_002741555                 25.37%    passed     54.26%
 561  Helicobacter_pylori_000224535              26.26%    failed      0.80%
 562  Neisseria_gonorrhoeae_002073535            26.03%    passed     96.55%
 563  Pseudomonas_aeruginosa_001722005           25.68%    passed     92.15%
 564  Salmonella_enterica_000973665              25.34%    passed     22.60%
 565  Pseudomonas_putida_000498395               25.57%    passed     97.68%
 566  Pseudomonas_chlororaphis_003851405         25.57%    passed     90.38%
 567  Salmonella_enterica_003589805              25.24%    passed     33.42%
 568  Pseudomonas_stutzeri_001648195             25.60%    passed     92.73%
 569  Neisseria_gonorrhoeae_900186875            26.03%    passed     96.18%
 570  Escherichia_coli_001677475                 25.37%    passed     54.10%
 571  Helicobacter_pylori_001991095              26.29%    failed      0.95%
 572  Helicobacter_pylori_000315955              26.19%    failed      0.85%
 573  Pseudomonas_protegens_000012265            25.57%    passed     88.07%
 574  Salmonella_enterica_003718235              22.74%    passed     27.40%
 575  Helicobacter_pylori_001653395              26.26%    failed      0.71%
 576  Escherichia_coli_003018395                 25.19%    passed     56.04%
 577  Neisseria_meningitidis_900638605           26.03%    passed     91.68%
 578  Leptospira_borgpetersenii_003254845         7.30%    failed      0.30%
 579  Helicobacter_cinaedi_003214155             26.29%    failed      0.54%
 580  Salmonella_enterica_000973685              25.32%    passed     38.41%
 581  Pseudomonas_putida_000016865               25.63%    passed     98.79%
 582  Neisseria_meningitidis_001697585           26.03%    passed     89.09%
 583  Helicobacter_pylori_000829135              26.77%    failed      1.19%
 584  Salmonella_enterica_002234755              25.29%    passed     28.41%
 585  Helicobacter_pylori_001433495              26.31%    failed      0.65%
 586  Pseudomonas_mendocina_003008615            25.57%    passed     93.73%
 587  Neisseria_gonorrhoeae_001661085            26.03%    passed     96.78%
 588  Escherichia_coli_000148605                 34.79%    passed     43.56%
 589  Helicobacter_pylori_000185225              26.34%    failed      0.85%
 590  Helicobacter_pylori_002952455              26.26%    failed      1.03%
 591  Neisseria_meningitidis_000191445           26.03%    passed     92.52%
 592  Helicobacter_pylori_000185245              26.26%    failed      0.51%
 593  Pseudomonas_frederiksbergensis_002355315   25.57%    passed     93.17%
 594  Leptospira_borgpetersenii_000013945         7.30%    failed      0.30%
 595  Neisseria_meningitidis_001697865           26.03%    passed     93.58%
 596  Helicobacter_pylori_001653375              26.24%    failed      0.54%
 597  Leptospira_mayottensis_000306675           24.25%    passed     82.84%
 598  Pseudomonas_protegens_000828695            25.57%    passed     87.84%
 599  Salmonella_enterica_003073555              25.37%    passed     27.75%
 600  Pseudomonas_aeruginosa_000014625           25.88%    passed     93.50%
 601  Pseudomonas_putida_000019445               25.57%    passed     97.38%
 602  Pseudomonas_stutzeri_001038645             25.75%    passed     98.19%
 603  Pseudomonas_protegens_002006545            25.70%    passed     86.50%
 604  Pseudomonas_aeruginosa_001516325           25.70%    passed     92.78%
 605  Escherichia_coli_001558995                 25.22%    passed     65.80%
 606  Helicobacter_pylori_000185205              26.21%    failed      0.72%
 607  Escherichia_coli_003018275                 25.37%    passed     66.23%
 608  Neisseria_meningitidis_001698025           26.03%    passed     93.58%
 609  Helicobacter_pylori_900120335              26.24%    failed      1.21%
 610  Neisseria_meningitidis_003355415           26.03%    passed     92.52%
 611  Escherichia_coli_001651965                 25.17%    passed     58.32%
 612  Escherichia_coli_003018095                 25.32%    passed     57.30%
 613  Pseudomonas_aeruginosa_002205375           25.70%    passed     92.15%
 614  Escherichia_coli_001890265                 25.22%    passed     59.45%
 615  Helicobacter_pylori_000213135              26.24%    failed      0.87%
 616  Escherichia_coli_002201835                 25.32%    passed     51.99%
 617  Neisseria_gonorrhoeae_900186915            26.03%    passed     96.12%
 618  Pseudomonas_syringae_900235825             25.52%    passed     97.37%
 619  Escherichia_coli_000023365                 25.34%    passed     56.00%
 620  Neisseria_lactamica_000196295              26.03%    passed     88.92%
 621  Neisseria_meningitidis_001697845           26.03%    passed     93.58%
 622  Pseudomonas_chlororaphis_003851345         25.57%    passed     88.50%
 623  Escherichia_coli_001682305                 25.22%    passed     48.07%
 624  Pseudomonas_aeruginosa_001516245           25.70%    passed     92.78%
 625  Pseudomonas_putida_000019125               25.55%    passed     97.78%
 626  Helicobacter_pylori_002906515              26.29%    failed      0.87%
 627  Pseudomonas_fluorescens_000012445          25.68%    passed     96.02%
 628  Helicobacter_pylori_001653415              26.26%    failed      0.65%
 629  Pseudomonas_fluorescens_900636635          25.68%    passed     93.40%
 630  Salmonella_enterica_000018705              25.27%    passed     47.26%
 631  Helicobacter_pylori_002906535              26.29%    failed      0.87%
 632  Pseudomonas_aeruginosa_000508765           26.42%    passed     83.44%
 633  Pseudomonas_putida_000495455               25.55%    passed     99.29%
 634  Escherichia_coli_900636055                 25.32%    passed     53.90%
 635  Neisseria_meningitidis_002075815           26.03%    passed     89.09%
 636  Escherichia_coli_003018935                 25.22%    passed     52.84%
 637  Helicobacter_pylori_900478295              26.29%    failed      0.87%
 638  Neisseria_meningitidis_000152165           26.03%    passed     92.02%
 639  Pseudomonas_aeruginosa_001594325           25.68%    passed     91.21%
 640  Leptospira_borgpetersenii_003516145        24.30%    passed     90.10%
 641  Salmonella_enterica_000430165              44.82%    passed     24.02%
 642  Pseudomonas_aeruginosa_003429185           25.73%    passed     92.88%
 643  Neisseria_gonorrhoeae_003855435            26.03%    passed     96.18%
 644  Salmonella_enterica_900635725              22.72%    passed      8.97%
 645  Salmonella_enterica_003717475              22.74%    passed     27.40%
 646  Pseudomonas_aeruginosa_900069025           35.89%    passed     71.23%
 647  Pseudomonas_syringae_002024285             25.55%    passed     99.04%
 648  Pseudomonas_stutzeri_000013785             25.60%    passed     96.20%
 649  Salmonella_enterica_001975445              25.32%    passed     28.07%
 650  Salmonella_enterica_001540845              25.29%    passed     31.90%
 651  Pseudomonas_syringae_001913235             25.55%    passed     99.04%
 652  Salmonella_bongori_000439255               25.37%    passed      7.26%
 653  Pseudomonas_putida_001886975               25.55%    passed     97.67%
 654  Neisseria_lactamica_003351565              26.03%    passed     89.52%
 655  Helicobacter_pylori_000013245              26.24%    failed      1.04%
 656  Salmonella_enterica_000623295              25.34%    passed     33.61%
 657  Pseudomonas_stutzeri_000219605             25.60%    passed     96.28%
 658  Neisseria_gonorrhoeae_000006845            25.91%    passed     93.96%
 659  Neisseria_meningitidis_000800415           26.06%    passed     88.84%
 660  Salmonella_enterica_001956735              25.37%    passed     33.25%
 661  Pseudomonas_aeruginosa_900636975           25.68%    passed     93.63%
 662  Pseudomonas_aeruginosa_001606045           25.68%    passed     91.76%
 663  Helicobacter_pylori_002906495              26.29%    failed      0.87%
 664  Pseudomonas_aeruginosa_003204335           25.70%    passed     93.49%
 665  Escherichia_coli_002903125                 25.22%    passed     49.95%
 666  Leptospira_interrogans_001047635           24.27%    passed     76.89%
 667  Helicobacter_pylori_003640585              26.39%    failed      0.54%
 668  Helicobacter_pylori_000348885              26.24%    failed      0.65%
 669  Pseudomonas_aeruginosa_001721765           25.68%    passed     91.11%
 670  Pseudomonas_syringae_000012245             25.91%    passed     97.53%
 671  Pseudomonas_syringae_003047185             25.55%    passed     97.71%
 672  Helicobacter_pylori_000148855              26.26%    failed      1.04%
 673  Salmonella_enterica_000272735              25.32%    passed     37.32%
 674  Pseudomonas_aeruginosa_001045685           25.68%    passed     92.15%
 675  Pseudomonas_putida_000219705               25.55%    passed     99.23%
 676  Salmonella_enterica_003073575              25.34%    passed     26.94%
 677  Pseudomonas_stutzeri_000590475             25.60%    passed     94.38%
 678  Escherichia_coli_001753525                 25.22%    passed     53.01%
 679  Helicobacter_cinaedi_000349975             26.29%    failed      0.38%
 680  Neisseria_meningitidis_003355255           26.03%    passed     89.09%
 681  Pseudomonas_stutzeri_900638035             25.60%    passed     97.54%
 682  Leptospira_interrogans_001010765           24.27%    passed     77.93%
 683  Pseudomonas_fluorescens_000262325          25.57%    passed     91.43%
 684  Helicobacter_pylori_000826985              26.77%    failed      1.06%
 685  Pseudomonas_orientalis_003851645           25.57%    passed     94.46%
 686  Pseudomonas_putida_001767335               25.55%    passed     99.57%
 687  Pseudomonas_aeruginosa_900618255           25.86%    passed     89.10%
 688  Escherichia_coli_000184185                 25.24%    passed     60.18%
 689  Pseudomonas_aeruginosa_003319235           25.70%    passed     92.53%
 690  Helicobacter_pylori_001433515              26.39%    failed      0.75%
 691  Escherichia_coli_002009315                 25.34%    passed     56.46%
 692  Escherichia_coli_003111785                 25.29%    passed     50.29%
 693  Pseudomonas_brassicacearum_000194805       25.57%    passed     93.18%
 694  Pseudomonas_brassicacearum_000585995       25.57%    passed     93.04%
 695  Neisseria_meningitidis_001697345           26.03%    passed     93.58%
 696  Escherichia_coli_002853655                 25.40%    passed     57.99%
 697  Escherichia_coli_001936315                 25.34%    passed     48.84%
 698  Escherichia_coli_003966775                 25.34%    passed     57.36%
 699  Pseudomonas_aeruginosa_900149285           25.68%    passed     92.15%
 700  Escherichia_coli_000010485                 25.34%    passed     52.95%
 701  Neisseria_meningitidis_003355315           26.03%    passed     89.63%
 702  Salmonella_enterica_001620155              25.29%    passed     27.67%
 703  Pseudomonas_aeruginosa_003798105           25.68%    passed     92.15%
 704  Helicobacter_pylori_900120225              26.24%    failed      1.21%
 705  Helicobacter_pylori_900638475              26.24%    failed      0.60%
 706  Pseudomonas_aeruginosa_900095805           25.68%    passed     92.39%
 707  Helicobacter_pylori_002952615              26.26%    failed      1.03%
 708  Pseudomonas_aeruginosa_000271985           25.68%    passed     91.76%
 709  Escherichia_coli_001280385                 25.37%    passed     58.56%
 710  Pseudomonas_chlororaphis_003008635         25.57%    passed     88.83%
 711  Neisseria_meningitidis_000191425           26.03%    passed     94.01%
 712  Neisseria_meningitidis_001697805           26.03%    passed     92.02%
 713  Pseudomonas_aeruginosa_003812905           25.73%    passed     94.02%
 714  Helicobacter_pylori_900120255              26.24%    failed      1.21%
 715  Leptospira_borgpetersenii_003716785         7.30%    failed      0.30%
 716  Neisseria_meningitidis_001697745           26.03%    passed     90.89%
 717  Salmonella_enterica_000486445              25.24%    passed     30.48%
 718  Helicobacter_pylori_002222575              26.21%    failed      0.73%
 719  Pseudomonas_chlororaphis_003851385         25.57%    passed     88.05%
 720  Helicobacter_pylori_000277425              26.29%    failed      1.49%
 721  Salmonella_enterica_001975325              25.29%    passed     23.32%
 722  Pseudomonas_chlororaphis_003851785         25.57%    passed     94.46%
 723  Neisseria_meningitidis_003355335           26.03%    passed     89.09%
 724  Pseudomonas_aeruginosa_003408495           25.68%    passed     91.76%
 725  Salmonella_enterica_002763415              25.34%    passed     28.13%
 726  Neisseria_meningitidis_001697645           26.03%    passed     90.89%
 727  Salmonella_enterica_001305235              25.34%    passed     29.62%
 728  Pseudomonas_chlororaphis_003850525         25.57%    passed     88.50%
 729  Helicobacter_pylori_000224575              26.21%    failed      0.63%
 730  Neisseria_gonorrhoeae_003571445            26.03%    passed     96.18%
 731  Salmonella_enterica_003718595              22.74%    passed     27.40%
 732  Escherichia_coli_003204155                 25.34%    passed     60.28%
 733  Neisseria_gonorrhoeae_002073615            26.06%    passed     95.77%
 734  Neisseria_meningitidis_001697925           26.03%    passed     89.09%
 735  Salmonella_enterica_002386325              25.27%    passed     38.60%
 736  Escherichia_coli_000671295                 25.24%    passed     63.19%
 737  Pseudomonas_aeruginosa_003073615           25.68%    passed     93.40%
 738  Pseudomonas_orientalis_003852045           25.57%    passed     94.46%
 739  Pseudomonas_monteilii_000510325            25.57%    passed     99.16%
 740  Pseudomonas_syringae_002763655             25.80%    passed     98.74%
 741  Salmonella_enterica_002984035              25.40%    passed     30.62%
 742  Leptospira_borgpetersenii_001444465        24.32%    passed     89.31%
 743  Escherichia_coli_003410275                 25.34%    passed     62.40%
 744  Neisseria_meningitidis_000253215           26.03%    passed     92.37%
 745  Escherichia_coli_003571665                 25.37%    passed     60.59%
 746  Escherichia_albertii_002895205             25.24%    passed     40.62%
 747  Neisseria_meningitidis_001697705           26.03%    passed     90.89%
 748  Pseudomonas_putida_000271965               25.63%    passed     99.50%
 749  Helicobacter_pylori_000008525              24.07%    failed      0.13%
 750  Salmonella_enterica_000940895              25.29%    passed     31.68%
 751  Pseudomonas_chlororaphis_000761195         25.60%    passed     88.76%
 752  Neisseria_meningitidis_001697565           26.03%    passed     89.09%
 753  Helicobacter_pylori_000277405              26.24%    failed      0.77%
 754  Pseudomonas_stutzeri_000195105             25.60%    passed     97.22%
 755  Pseudomonas_aeruginosa_001721805           25.68%    passed     91.11%
 756  Pseudomonas_chlororaphis_000698865         25.57%    passed     88.50%
 757  Neisseria_meningitidis_000787195           26.03%    passed     87.68%
 758  Helicobacter_pylori_000685705              26.29%    failed      0.76%
****  TOTAL                                      25.67%  109 sequences failed composition chi2 test (p-value<5%; df=3)
NOTE: 236 identical sequences will be ignored during tree search

Create initial parsimony tree by phylogenetic likelihood library (PLL)... 0.208 seconds

NOTE: 106 MB RAM is required!
Estimate model parameters (epsilon = 0.100)
1. Initial log-likelihood: -37751.773
2. Current log-likelihood: -35860.199
3. Current log-likelihood: -35434.662
4. Current log-likelihood: -35405.336
5. Current log-likelihood: -35403.920
Optimal log-likelihood: -35403.869
Rate parameters:  A-C: 1.000  A-G: 3.503  A-T: 1.000  C-G: 1.000  C-T: 3.503  G-T: 1.000
Base frequencies:   A: 0.269  C: 0.214  G: 0.306  T: 0.211
Gamma shape alpha: 0.208
Parameters optimization took 5 rounds (2.828 sec)

--------------------------------------------------------------------
|             INITIALIZING CANDIDATE TREE SET                      |
--------------------------------------------------------------------
Computing ML distances based on estimated model parameters... 5.496 sec
Computing BIONJ tree...
0.251 seconds
Log-likelihood of BIONJ tree: -37439.164
Generating 98 parsimony trees... 22.590 seconds 100 distinct starting trees
Computing log-likelihood of 100 initial trees ... 22.273 seconds
Optimizing top 20 initial trees with NNI...
Iteration 1 / LogL: -35257.614 / Time: 0h:0m:51s
Estimate model parameters (epsilon = 0.100)
BETTER TREE FOUND at iteration 1: -35257.483
Iteration 2 / LogL: -35312.382 / Time: 0h:0m:53s
Iteration 3 / LogL: -35331.304 / Time: 0h:0m:54s
Iteration 4 / LogL: -35325.526 / Time: 0h:0m:55s
Iteration 5 / LogL: -35337.114 / Time: 0h:0m:57s
Iteration 6 / LogL: -35240.672 / Time: 0h:0m:58s
Estimate model parameters (epsilon = 0.100)
BETTER TREE FOUND at iteration 6: -35240.577
Iteration 7 / LogL: -35288.096 / Time: 0h:1m:0s
Iteration 8 / LogL: -35327.023 / Time: 0h:1m:1s
Iteration 9 / LogL: -35308.443 / Time: 0h:1m:3s
Iteration 10 / LogL: -35339.960 / Time: 0h:1m:4s
Iteration 11 / LogL: -35319.190 / Time: 0h:1m:5s
Iteration 12 / LogL: -35325.572 / Time: 0h:1m:7s
Iteration 13 / LogL: -35338.317 / Time: 0h:1m:8s
Iteration 14 / LogL: -35313.721 / Time: 0h:1m:10s
Iteration 15 / LogL: -35354.969 / Time: 0h:1m:11s
Iteration 16 / LogL: -35321.222 / Time: 0h:1m:12s
Iteration 17 / LogL: -35317.110 / Time: 0h:1m:13s
Iteration 18 / LogL: -35359.584 / Time: 0h:1m:15s
Iteration 19 / LogL: -35318.830 / Time: 0h:1m:16s
Iteration 20 / LogL: -35332.080 / Time: 0h:1m:18s
Average CPU time for 1 NNI search: 10.875
Finish initializing candidate tree set. Number of distinct locally optimal trees: 20
Current best tree score: -35240.577 / CPU time: 410.456
--------------------------------------------------------------------
|               OPTIMIZING CANDIDATE TREE SET                      |
--------------------------------------------------------------------
Iteration 30 / LogL: -35439.224 / Time: 0h:1m:37s (0h:3m:57s left)
Iteration 40 / LogL: -35363.316 / Time: 0h:1m:58s (0h:3m:5s left)
Iteration 50 / LogL: -35287.020 / Time: 0h:2m:18s (0h:2m:23s left)
Iteration 60 / LogL: -35293.429 / Time: 0h:2m:38s (0h:1m:49s left)
Iteration 70 / LogL: -35380.302 / Time: 0h:2m:58s (0h:1m:19s left)
Iteration 80 / LogL: -35372.675 / Time: 0h:3m:18s (0h:0m:52s left)
Iteration 90 / LogL: -35389.298 / Time: 0h:3m:38s (0h:0m:27s left)
Estimate model parameters (epsilon = 0.010)
BETTER TREE FOUND at iteration 95: -35233.316
Iteration 100 / LogL: -35293.684 / Time: 0h:3m:58s (0h:3m:48s left)
Iteration 110 / LogL: -35329.676 / Time: 0h:4m:31s (0h:3m:31s left)
Iteration 120 / LogL: -35280.102 / Time: 0h:4m:56s (0h:3m:6s left)
Iteration 130 / LogL: -35282.006 / Time: 0h:5m:15s (0h:2m:38s left)
Iteration 140 / LogL: -35358.602 / Time: 0h:5m:34s (0h:2m:12s left)
Iteration 150 / LogL: -35449.990 / Time: 0h:5m:57s (0h:1m:47s left)
Iteration 160 / LogL: -35467.686 / Time: 0h:6m:17s (0h:1m:23s left)
Estimate model parameters (epsilon = 0.010)
BETTER TREE FOUND at iteration 169: -35225.438
Iteration 170 / LogL: -35258.146 / Time: 0h:6m:42s (0h:3m:55s left)
Iteration 180 / LogL: -35258.250 / Time: 0h:7m:1s (0h:3m:29s left)
Iteration 190 / LogL: -35272.284 / Time: 0h:7m:20s (0h:3m:3s left)
Iteration 200 / LogL: -35313.627 / Time: 0h:7m:41s (0h:2m:40s left)
Iteration 210 / LogL: -35244.140 / Time: 0h:8m:2s (0h:2m:16s left)
Iteration 220 / LogL: -35431.919 / Time: 0h:8m:23s (0h:1m:52s left)
Iteration 230 / LogL: -35294.034 / Time: 0h:8m:44s (0h:1m:29s left)
Iteration 240 / LogL: -35374.616 / Time: 0h:9m:4s (0h:1m:6s left)
Iteration 250 / LogL: -35265.504 / Time: 0h:9m:26s (0h:0m:43s left)
Iteration 260 / LogL: -35294.334 / Time: 0h:9m:47s (0h:0m:20s left)
TREE SEARCH COMPLETED AFTER 269 ITERATIONS / Time: 0h:10m:6s

--------------------------------------------------------------------
|                    FINALIZING TREE SEARCH                        |
--------------------------------------------------------------------
Performs final model parameters optimization
Estimate model parameters (epsilon = 0.010)
1. Initial log-likelihood: -35225.439
2. Current log-likelihood: -35225.404
Optimal log-likelihood: -35225.404
Rate parameters:  A-C: 1.000  A-G: 3.500  A-T: 1.000  C-G: 1.000  C-T: 3.500  G-T: 1.000
Base frequencies:   A: 0.269  C: 0.214  G: 0.306  T: 0.211
Gamma shape alpha: 0.204
Parameters optimization took 2 rounds (0.722 sec)

BEST SCORE FOUND : -35225.404
Total tree length: 10.649

Total number of iterations: 269
CPU time used for tree search: 4483.112 sec (1h:14m:43s)
Wall-clock time used for tree search: 601.402 sec (0h:10m:1s)
Total CPU time used: 4526.352 sec (1h:15m:26s)
Total wall-clock time used: 607.421 sec (0h:10m:7s)

Analysis results written to: 
  IQ-TREE report:                ./016_results/23S_long.fasta.iqtree
  Maximum-likelihood tree:       ./016_results/23S_long.fasta.treefile
  Likelihood distances:          ./016_results/23S_long.fasta.mldist
  Screen log file:               ./016_results/23S_long.fasta.log

Date and Time: Mon Feb 25 18:21:41 2019
