IQ-TREE multicore version 1.6.12 for Linux 64-bit built Aug 15 2019
Developed by Bui Quang Minh, Nguyen Lam Tung, Olga Chernomor,
Heiko Schmidt, Dominik Schrempf, Michael Woodhams.

Host:    n114312.nbi.ac.uk (AVX2, FMA3, 15 GB RAM)
Command: iqtree -redo -s ./024_results/Pseudomonas.fasta -nt 8 -m HKY+G
Seed:    623590 (Using SPRNG - Scalable Parallel Random Number Generator)
Time:    Tue Sep 10 15:10:42 2019
Kernel:  AVX+FMA - 8 threads (8 CPU cores detected)

Reading alignment file ./024_results/Pseudomonas.fasta ... Fasta format detected
Alignment most likely contains DNA/RNA sequences
Alignment has 749 sequences with 8410 columns, 1955 distinct patterns
1462 parsimony-informative, 458 singleton sites, 6490 constant sites
                                                 Gap/Ambiguity  Composition  p-value
   1  Pseudomonas.aeruginosa_A.003025345.00             38.70%    passed     95.37%
   2  Pseudomonas.aeruginosa_A.003025345.01             38.70%    passed     94.91%
   3  Pseudomonas.aeruginosa_A.003025345.02             38.70%    passed     94.91%
   4  Pseudomonas.aeruginosa_A.003025345.03             38.72%    passed     95.93%
   5  Pseudomonas.aeruginosa_A.003073695.00             38.74%    passed     95.97%
   6  Pseudomonas.aeruginosa_A.003073695.01             38.75%    passed     97.53%
   7  Pseudomonas.aeruginosa_A.003073695.02             38.69%    passed     94.61%
   8  Pseudomonas.aeruginosa_A.003073695.03             38.75%    passed     95.43%
   9  Pseudomonas_E.marginalis.000009225.00             35.30%    passed     86.20%
  10  Pseudomonas_E.marginalis.000009225.01             37.98%    passed     93.15%
  11  Pseudomonas_E.marginalis.000009225.02             37.98%    passed     94.07%
  12  Pseudomonas_E.marginalis.000009225.03             37.98%    passed     93.85%
  13  Pseudomonas_E.marginalis.000009225.04             37.98%    passed     95.79%
  14  Pseudomonas_E.fluorescens_AR.000012445.00         35.33%    passed     99.20%
  15  Pseudomonas_E.fluorescens_AR.000012445.01         37.95%    passed     99.69%
  16  Pseudomonas_E.fluorescens_AR.000012445.02         37.95%    passed     99.70%
  17  Pseudomonas_E.fluorescens_AR.000012445.03         37.97%    passed     99.90%
  18  Pseudomonas_E.fluorescens_AR.000012445.04         38.07%    passed     99.54%
  19  Pseudomonas_E.fluorescens_AR.000012445.05         37.95%    passed     99.69%
  20  Pseudomonas_E.kilonensis.000237065.00             35.41%    passed     99.95%
  21  Pseudomonas_E.kilonensis.000237065.01             38.06%    passed     98.47%
  22  Pseudomonas_E.kilonensis.000237065.02             38.05%    passed     98.28%
  23  Pseudomonas_E.kilonensis.000237065.03             38.06%    passed     98.47%
  24  Pseudomonas_E.kilonensis.000237065.04             38.06%    passed     98.47%
  25  Pseudomonas_E.fluorescens_B.000293885.01          38.18%    passed     99.46%
  26  Pseudomonas_E.fluorescens_B.000293885.02          35.37%    passed     93.76%
  27  Pseudomonas_E.fluorescens_B.000293885.03          38.49%    passed     98.58%
  28  Pseudomonas_E.fluorescens_B.000293885.04          38.00%    passed     99.14%
  29  Pseudomonas_E.fluorescens_B.000293885.05          38.18%    passed     99.42%
  30  Pseudomonas_E.fluorescens_X.000730425.01          37.85%    passed     97.38%
  31  Pseudomonas_E.fluorescens_X.000730425.02          35.20%    passed     90.31%
  32  Pseudomonas_E.fluorescens_X.000730425.03          37.85%    passed     95.98%
  33  Pseudomonas_E.fluorescens_X.000730425.04          37.85%    passed     96.73%
  34  Pseudomonas_E.fluorescens_X.000730425.05          37.85%    passed     97.38%
  35  Pseudomonas_E.simiae.000934565.00                 35.21%    passed     60.44%
  36  Pseudomonas_E.simiae.000934565.01                 37.99%    passed     79.16%
  37  Pseudomonas_E.simiae.000934565.02                 37.88%    passed     73.20%
  38  Pseudomonas_E.simiae.000934565.03                 40.38%    passed     65.12%
  39  Pseudomonas_E.simiae.000934565.04                 37.88%    passed     77.22%
  40  Pseudomonas_E.simiae.000934565.05                 37.88%    passed     72.18%
  41  Pseudomonas_E.simiae.000963495.00                 37.51%    passed     78.52%
  42  Pseudomonas_E.simiae.000963495.01                 35.32%    passed     71.39%
  43  Pseudomonas_E.simiae.000963495.02                 37.51%    passed     78.52%
  44  Pseudomonas_E.simiae.000963495.03                 37.99%    passed     84.32%
  45  Pseudomonas_E.simiae.000963495.04                 40.38%    passed     68.69%
  46  Pseudomonas_E.simiae.000963495.05                 37.51%    passed     80.17%
  47  Pseudomonas_E.fluorescens_E.001307155.00          38.07%    passed     99.13%
  48  Pseudomonas_E.fluorescens_E.001307155.01          38.11%    passed     99.12%
  49  Pseudomonas_E.fluorescens_E.001307155.02          37.65%    passed     87.14%
  50  Pseudomonas_E.fluorescens_E.001307155.03          38.13%    passed     98.48%
  51  Pseudomonas_E.fluorescens_E.001307155.04          38.07%    passed     99.13%
  52  Pseudomonas_E.fluorescens_E.001307155.05          38.09%    passed     98.96%
  53  Pseudomonas_E.fluorescens_AA.001307275.00         37.66%    passed     99.06%
  54  Pseudomonas_E.fluorescens_AA.001307275.01         35.01%    passed     99.65%
  55  Pseudomonas_E.fluorescens_AA.001307275.02         37.88%    passed     97.51%
  56  Pseudomonas_E.fluorescens_AA.001307275.03         37.67%    passed     98.80%
  57  Pseudomonas_E.fluorescens_AA.001307275.04         37.88%    passed     97.85%
  58  Pseudomonas_E.fluorescens_AN.001708445.00         37.99%    passed     97.02%
  59  Pseudomonas_E.sp002966775.001747385.00            38.07%    passed     92.51%
  60  Pseudomonas_E.sp002966775.001747385.01            38.04%    passed     91.88%
  61  Pseudomonas_E.sp002966775.001747385.02            37.87%    passed     84.76%
  62  Pseudomonas_E.sp002966775.001747385.03            38.01%    passed     90.09%
  63  Pseudomonas_E.sp002966775.001747385.04            35.34%    passed     83.54%
  64  Pseudomonas_E.sp002966775.001747385.05            38.03%    passed     92.15%
  65  Pseudomonas_E.fluorescens_AR.003055645.00         34.93%    passed     98.80%
  66  Pseudomonas_E.fluorescens_AR.003055645.01         38.07%    passed     99.68%
  67  Pseudomonas_E.fluorescens_AR.003055645.02         37.86%    passed     98.77%
  68  Pseudomonas_E.fluorescens_AR.003055645.03         37.56%    passed     99.86%
  69  Pseudomonas_E.fluorescens_AR.003055645.04         37.86%    passed     98.51%
  70  Pseudomonas_E.fluorescens_AR.003055645.05         38.38%    passed     99.26%
  71  Pseudomonas_E.fluorescens.900475215.00            39.96%    passed     66.98%
  72  Pseudomonas_E.fluorescens.900475215.01            35.12%    passed     77.71%
  73  Pseudomonas_E.fluorescens.900475215.02            37.80%    passed     88.18%
  74  Pseudomonas_E.fluorescens.900475215.03            37.80%    passed     85.00%
  75  Pseudomonas_E.fluorescens.900475215.04            37.80%    passed     89.69%
  76  Pseudomonas_E.fluorescens.900475215.05            37.80%    passed     86.47%
  77  Pseudomonas_E.sp000346225.001543265.00            37.53%    passed     57.47%
  78  Pseudomonas_E.sp000346225.001543265.01            37.53%    passed     57.31%
  79  Pseudomonas_E.sp000346225.001543265.02            37.53%    passed     59.23%
  80  Pseudomonas_E.sp000346225.001543265.03            37.91%    passed     55.89%
  81  Pseudomonas_E.sp000346225.001543265.04            32.29%    passed     15.31%
  82  Pseudomonas_E.fragi.002128325.00                  40.33%    passed     44.29%
  83  Pseudomonas_E.fragi.002128325.01                  40.48%    passed     63.24%
  84  Pseudomonas_E.mendocina_A.000016565.00            37.97%    passed     90.41%
  85  Pseudomonas_E.mendocina_A.000016565.01            37.97%    passed     89.09%
  86  Pseudomonas_E.mendocina_A.000016565.02            37.97%    passed     89.09%
  87  Pseudomonas_E.mendocina_A.000016565.03            37.98%    passed     88.43%
  88  Pseudomonas_E.mendocina.000204295.00              38.20%    passed     98.93%
  89  Pseudomonas_E.mendocina.000204295.01              38.20%    passed     99.03%
  90  Pseudomonas_E.mendocina.000204295.02              38.20%    passed     99.26%
  91  Pseudomonas_E.mendocina.000204295.03              38.20%    passed     99.03%
  92  Pseudomonas_E.mendocina.000733715.00              38.22%    passed     98.93%
  93  Pseudomonas_E.mendocina.000733715.01              38.22%    passed     98.93%
  94  Pseudomonas_E.mendocina.000733715.02              38.22%    passed     98.93%
  95  Pseudomonas_E.mendocina.000733715.03              38.22%    passed     99.19%
  96  Pseudomonas_E.mendocina_A.002442555.00            37.98%    passed     85.09%
  97  Pseudomonas_E.mendocina_A.002442555.01            38.31%    passed     90.40%
  98  Pseudomonas_E.mendocina_A.002442555.02            37.98%    passed     85.90%
  99  Pseudomonas_E.mendocina_A.002442555.03            37.97%    passed     85.54%
 100  Pseudomonas_E.mendocina_C.003008615.00            38.17%    passed     99.78%
 101  Pseudomonas_E.mendocina_C.003008615.01            38.17%    passed     99.78%
 102  Pseudomonas_E.mendocina_C.003008615.02            38.17%    passed     99.78%
 103  Pseudomonas_E.mendocina_C.003008615.03            38.17%    passed     99.78%
 104  Pseudomonas_E.putida_P.000019125.01               41.02%    passed     99.98%
 105  Pseudomonas_E.putida_P.000019125.02               38.29%    passed     99.66%
 106  Pseudomonas_E.putida_P.000019125.03               38.29%    passed     99.73%
 107  Pseudomonas_E.putida_P.000019125.04               41.02%    passed     99.99%
 108  Pseudomonas_E.putida_P.000019125.05               41.02%    passed     99.96%
 109  Pseudomonas_E.putida_E.000019445.00               38.47%    passed     98.60%
 110  Pseudomonas_E.putida_E.000019445.01               38.79%    passed     99.41%
 111  Pseudomonas_E.putida_E.000019445.02               38.79%    passed     99.41%
 112  Pseudomonas_E.putida_E.000019445.03               38.47%    passed     98.37%
 113  Pseudomonas_E.putida_E.000019445.04               40.62%    passed     97.44%
 114  Pseudomonas_E.monteilii_B.000325725.01            41.02%    passed     99.98%
 115  Pseudomonas_E.monteilii_B.000325725.02            40.77%    passed     99.49%
 116  Pseudomonas_E.monteilii_B.000325725.03            38.25%    passed     99.42%
 117  Pseudomonas_E.monteilii_B.000325725.04            41.02%    passed     99.99%
 118  Pseudomonas_E.monteilii_B.000325725.05            37.48%    passed     97.66%
 119  Pseudomonas_E.putida_H.000410575.00               38.67%    passed     97.81%
 120  Pseudomonas_E.putida_H.000410575.01               41.02%    passed     99.98%
 121  Pseudomonas_E.putida_H.000410575.02               38.29%    passed     99.66%
 122  Pseudomonas_E.putida_H.000410575.03               38.30%    passed     99.85%
 123  Pseudomonas_E.putida_H.000410575.05               37.48%    passed     97.66%
 124  Pseudomonas_E.putida.000412675.01                 38.76%    passed     99.57%
 125  Pseudomonas_E.putida.000412675.02                 40.52%    passed     99.73%
 126  Pseudomonas_E.putida.000412675.03                 40.52%    passed     99.80%
 127  Pseudomonas_E.putida.000412675.04                 38.34%    passed     99.81%
 128  Pseudomonas_E.putida.000412675.05                 38.32%    passed     99.63%
 129  Pseudomonas_E.putida_Q.000498395.00               40.59%    passed     99.73%
 130  Pseudomonas_E.putida_Q.000498395.01               38.35%    passed     99.41%
 131  Pseudomonas_E.putida_Q.000498395.02               38.35%    passed     99.44%
 132  Pseudomonas_E.putida_Q.000498395.04               40.58%    passed     99.53%
 133  Pseudomonas_E.putida_Q.000498395.05               38.35%    passed     99.44%
 134  Pseudomonas_E.putida_B.001636055.00               35.86%    passed     96.23%
 135  Pseudomonas_E.putida_B.001636055.01               38.93%    passed     94.38%
 136  Pseudomonas_E.putida_B.001636055.02               38.93%    passed     92.79%
 137  Pseudomonas_E.putida_B.001636055.03               38.93%    passed     97.48%
 138  Pseudomonas_E.putida_B.001636055.04               37.73%    passed     94.94%
 139  Pseudomonas_E.putida_B.001636055.05               38.93%    passed     97.70%
 140  Pseudomonas_E.hunanensis.001767335.00             38.07%    passed     98.96%
 141  Pseudomonas_E.hunanensis.001767335.01             40.77%    passed     99.84%
 142  Pseudomonas_E.hunanensis.001767335.02             40.92%    passed     99.69%
 143  Pseudomonas_E.hunanensis.001767335.03             38.25%    passed     99.40%
 144  Pseudomonas_E.hunanensis.001767335.04             40.77%    passed     99.84%
 145  Pseudomonas_E.hunanensis.001767335.05             38.24%    passed     99.36%
 146  Pseudomonas_E.putida_P.001886975.01               41.02%    passed     99.96%
 147  Pseudomonas_E.putida_P.001886975.02               38.29%    passed     99.66%
 148  Pseudomonas_E.putida_P.001886975.03               38.29%    passed     99.76%
 149  Pseudomonas_E.putida_P.001886975.04               41.02%    passed     99.97%
 150  Pseudomonas_E.putida_P.001886975.05               41.02%    passed     99.96%
 151  Pseudomonas_E.putida_J.002025705.00               40.87%    passed     98.02%
 152  Pseudomonas_E.putida_J.002025705.01               38.16%    passed     98.99%
 153  Pseudomonas_E.putida_J.002025705.02               38.04%    passed     98.73%
 154  Pseudomonas_E.putida_J.002025705.03               40.87%    passed     98.00%
 155  Pseudomonas_E.putida_J.002025705.04               40.87%    passed     97.16%
 156  Pseudomonas_E.putida_H.002356095.01               40.59%    passed     97.44%
 157  Pseudomonas_E.putida_H.002356095.02               40.59%    passed     99.41%
 158  Pseudomonas_E.putida_H.002356095.03               37.56%    passed     95.88%
 159  Pseudomonas_E.putida_H.002356095.04               38.35%    passed     99.90%
 160  Pseudomonas_E.putida_H.002356095.05               38.75%    passed     98.84%
 161  Pseudomonas_E.putida_M.002736045.01               38.45%    passed     99.49%
 162  Pseudomonas_E.putida_M.002736045.02               40.71%    passed     95.15%
 163  Pseudomonas_E.putida_M.002736045.03               40.73%    passed     96.71%
 164  Pseudomonas_E.putida_M.002736045.04               38.91%    passed     99.77%
 165  Pseudomonas_E.putida_M.002736045.05               38.89%    passed     99.69%
 166  Pseudomonas_E.putida_M.002736125.01               40.75%    passed     96.86%
 167  Pseudomonas_E.putida_M.002736125.02               37.40%    passed     99.38%
 168  Pseudomonas_E.putida_M.002736125.03               40.74%    passed     96.78%
 169  Pseudomonas_E.putida_M.002736125.04               40.76%    passed     96.78%
 170  Pseudomonas_E.putida_M.002736125.05               38.45%    passed     99.80%
 171  Pseudomonas_E.putida_T.002741075.00               38.57%    passed     94.07%
 172  Pseudomonas_E.putida_T.002741075.01               38.57%    passed     94.47%
 173  Pseudomonas_E.putida_T.002741075.02               38.57%    passed     94.07%
 174  Pseudomonas_E.putida_T.002741075.03               38.57%    passed     94.07%
 175  Pseudomonas_E.putida_T.002741075.04               35.90%    passed     88.03%
 176  Pseudomonas_E.putida_T.002741075.05               38.57%    passed     93.61%
 177  Pseudomonas_E.putida_S.003228315.00               38.22%    passed     99.41%
 178  Pseudomonas_E.putida_S.003228315.01               38.22%    passed     99.02%
 179  Pseudomonas_E.putida_S.003228315.02               38.22%    passed     99.02%
 180  Pseudomonas_E.putida_S.003228315.03               38.22%    passed     99.41%
 181  Pseudomonas_E.putida_S.003228315.04               35.58%    passed     98.77%
 182  Pseudomonas_E.putida_S.003228315.05               38.22%    passed     99.02%
 183  Pseudomonas_A.stutzeri.000013785.00               38.38%    passed     90.52%
 184  Pseudomonas_A.stutzeri.000013785.01               38.38%    passed     93.39%
 185  Pseudomonas_A.stutzeri.000013785.02               38.38%    passed     88.78%
 186  Pseudomonas_A.stutzeri.000013785.03               37.85%    passed     97.49%
 187  Pseudomonas_A.stutzeri.000195105.00               38.38%    passed     89.15%
 188  Pseudomonas_A.stutzeri.000195105.01               38.38%    passed     88.58%
 189  Pseudomonas_A.stutzeri.000195105.02               38.38%    passed     88.58%
 190  Pseudomonas_A.stutzeri.000195105.03               38.38%    passed     89.15%
 191  Pseudomonas_A.stutzeri_U.000267545.00             38.11%    passed     99.02%
 192  Pseudomonas_A.stutzeri_U.000267545.01             38.11%    passed     98.70%
 193  Pseudomonas_A.stutzeri_U.000267545.02             38.10%    passed     98.77%
 194  Pseudomonas_A.stutzeri_U.000267545.03             38.11%    passed     98.70%
 195  Pseudomonas_A.stutzeri_AG.000279165.00            37.94%    passed     64.70%
 196  Pseudomonas_A.stutzeri_AG.000279165.01            37.88%    passed     60.84%
 197  Pseudomonas_A.stutzeri_AG.000279165.02            37.72%    passed     69.19%
 198  Pseudomonas_A.stutzeri_AG.000279165.03            37.75%    passed     50.29%
 199  Pseudomonas_A.stutzeri_AE.000327065.00            38.15%    passed     97.45%
 200  Pseudomonas_A.stutzeri_AE.000327065.01            38.11%    passed     97.50%
 201  Pseudomonas_A.stutzeri_AE.000327065.02            38.12%    passed     97.26%
 202  Pseudomonas_A.stutzeri_AE.000327065.03            38.12%    passed     97.40%
 203  Pseudomonas_A.stutzeri_D.000590475.00             37.86%    passed     95.53%
 204  Pseudomonas_A.stutzeri_D.000590475.01             37.86%    passed     96.16%
 205  Pseudomonas_A.stutzeri_D.000590475.02             37.86%    passed     93.01%
 206  Pseudomonas_A.stutzeri_D.000590475.03             37.86%    passed     95.75%
 207  Pseudomonas_A.stutzeri_A.000661915.00             37.91%    passed     99.12%
 208  Pseudomonas_A.stutzeri_A.000661915.01             37.91%    passed     99.12%
 209  Pseudomonas_A.stutzeri_A.000661915.02             37.91%    passed     99.12%
 210  Pseudomonas_A.stutzeri_A.000661915.03             37.91%    passed     99.12%
 211  Pseudomonas_A.stutzeri.001038645.00               38.48%    passed     94.10%
 212  Pseudomonas_A.stutzeri.001038645.01               38.45%    passed     90.69%
 213  Pseudomonas_A.stutzeri.001038645.02               38.49%    passed     90.96%
 214  Pseudomonas_A.stutzeri.001038645.03               38.45%    passed     92.62%
 215  Pseudomonas_A.zhaodongensis.001648195.00          38.00%    passed     99.22%
 216  Pseudomonas_A.zhaodongensis.001648195.01          38.00%    passed     99.57%
 217  Pseudomonas_A.zhaodongensis.001648195.02          38.00%    passed     99.57%
 218  Pseudomonas_A.zhaodongensis.001648195.03          38.00%    passed     99.22%
 219  Pseudomonas_A.stutzeri_AJ.003001655.00            38.16%    passed     97.45%
 220  Pseudomonas_A.stutzeri_AJ.003001655.01            38.16%    passed     97.45%
 221  Pseudomonas_A.stutzeri_AJ.003001655.02            38.16%    passed     97.45%
 222  Pseudomonas_A.stutzeri_AJ.003001655.03            38.16%    passed     97.45%
 223  Pseudomonas_A.stutzeri.003008495.00               38.41%    passed     88.35%
 224  Pseudomonas_A.stutzeri.003008495.01               38.41%    passed     88.22%
 225  Pseudomonas_A.stutzeri.003008495.02               38.41%    passed     88.35%
 226  Pseudomonas_A.stutzeri.003008495.03               38.41%    passed     88.22%
 227  Pseudomonas_E.syringae_M.000012245.00             37.59%    passed     99.48%
 228  Pseudomonas_E.syringae_M.000012245.01             37.53%    passed     99.44%
 229  Pseudomonas_E.syringae_M.000012245.02             37.72%    passed     98.35%
 230  Pseudomonas_E.syringae_M.000012245.03             37.72%    passed     99.17%
 231  Pseudomonas_E.syringae_M.000012245.04             35.12%    passed     98.29%
 232  Pseudomonas_E.avellanae.000344335.00              37.72%    passed     94.96%
 233  Pseudomonas_E.avellanae.000344335.01              37.72%    passed     94.27%
 234  Pseudomonas_E.avellanae.000344335.02              37.72%    passed     94.98%
 235  Pseudomonas_E.avellanae.000344335.03              37.72%    passed     94.96%
 236  Pseudomonas_E.avellanae.000344335.04              35.07%    passed     98.44%
 237  Pseudomonas_E.avellanae.000344355.00              37.72%    passed     94.24%
 238  Pseudomonas_E.avellanae.000344355.01              37.72%    passed     94.24%
 239  Pseudomonas_E.avellanae.000344355.02              37.72%    passed     94.84%
 240  Pseudomonas_E.avellanae.000344355.03              37.72%    passed     94.24%
 241  Pseudomonas_E.avellanae.000344355.04              35.07%    passed     97.56%
 242  Pseudomonas_E.syringae_F.000452705.00             36.87%    passed     99.76%
 243  Pseudomonas_E.syringae_F.000452705.01             37.54%    passed     99.66%
 244  Pseudomonas_E.syringae_F.000452705.02             36.86%    passed     99.03%
 245  Pseudomonas_E.syringae_F.000452705.03             37.72%    passed     97.79%
 246  Pseudomonas_E.syringae_F.000452705.04             35.04%    passed     98.61%
 247  Pseudomonas_E.syringae.000988395.00               37.51%    passed     97.77%
 248  Pseudomonas_E.syringae.000988395.01               37.51%    passed     97.52%
 249  Pseudomonas_E.syringae.000988395.02               37.50%    passed     97.28%
 250  Pseudomonas_E.syringae.000988395.03               37.51%    passed     98.02%
 251  Pseudomonas_E.syringae.000988395.04               34.86%    passed     98.84%
 252  Pseudomonas_E.cerasi.001281365.00                 37.75%    passed     98.47%
 253  Pseudomonas_E.cerasi.001281365.01                 37.76%    passed     98.33%
 254  Pseudomonas_E.cerasi.001281365.02                 35.11%    passed     98.68%
 255  Pseudomonas_E.cerasi.001281365.03                 37.76%    passed     98.30%
 256  Pseudomonas_E.cerasi.001281365.04                 37.76%    passed     98.30%
 257  Pseudomonas_E.syringae.001482725.00               37.69%    passed     98.74%
 258  Pseudomonas_E.syringae.001482725.01               37.51%    passed     99.35%
 259  Pseudomonas_E.syringae.001482725.02               37.51%    passed     99.68%
 260  Pseudomonas_E.syringae.001482725.03               37.51%    passed     99.35%
 261  Pseudomonas_E.syringae.001482725.04               34.86%    passed     98.11%
 262  Pseudomonas_E.avellanae.001913215.00              37.73%    passed     94.54%
 263  Pseudomonas_E.avellanae.001913215.01              37.72%    passed     94.24%
 264  Pseudomonas_E.avellanae.001913215.02              37.72%    passed     94.84%
 265  Pseudomonas_E.avellanae.001913215.03              37.73%    passed     94.54%
 266  Pseudomonas_E.avellanae.001913215.04              35.08%    passed     97.50%
 267  Pseudomonas_E.avellanae.002024285.00              37.72%    passed     94.24%
 268  Pseudomonas_E.avellanae.002024285.01              37.72%    passed     94.24%
 269  Pseudomonas_E.avellanae.002024285.02              37.72%    passed     94.84%
 270  Pseudomonas_E.avellanae.002024285.03              37.72%    passed     94.24%
 271  Pseudomonas_E.avellanae.002024285.04              35.07%    passed     97.56%
 272  Pseudomonas_E.syringae.003047185.00               37.69%    passed     97.60%
 273  Pseudomonas_E.syringae.003047185.01               37.51%    passed     96.52%
 274  Pseudomonas_E.syringae.003047185.02               37.51%    passed     99.02%
 275  Pseudomonas_E.syringae.003047185.03               34.86%    passed     98.16%
 276  Pseudomonas_E.syringae.003047185.04               37.51%    passed     99.26%
 277  Pseudomonas_E.oleovorans.000297075.00             38.16%    passed     98.41%
 278  Pseudomonas_E.oleovorans.000297075.01             38.01%    passed     97.12%
 279  Pseudomonas_E.oleovorans.000297075.02             38.01%    passed     95.98%
 280  Pseudomonas_E.oleovorans.000297075.03             38.01%    passed     97.12%
 281  Pseudomonas_E.oleovorans.000953455.00             38.13%    passed     97.46%
 282  Pseudomonas_E.oleovorans.000953455.01             38.01%    passed     96.99%
 283  Pseudomonas_E.oleovorans.000953455.02             38.01%    passed     96.75%
 284  Pseudomonas_E.oleovorans.000953455.03             38.01%    passed     96.99%
 285  Pseudomonas_E.ficuserectae.000164015.00           34.90%    passed     98.93%
 286  Pseudomonas_E.ficuserectae.000164015.01           37.54%    passed     98.59%
 287  Pseudomonas_E.ficuserectae.000164015.02           37.68%    passed     97.90%
 288  Pseudomonas_E.ficuserectae.000164015.03           37.54%    passed     98.59%
 289  Pseudomonas_E.ficuserectae.000164015.04           37.54%    passed     98.46%
 290  Pseudomonas_E.viridiflava.900184295.00            37.97%    passed     98.03%
 291  Pseudomonas_E.viridiflava.900184295.01            37.93%    passed     99.29%
 292  Pseudomonas_E.viridiflava.900184295.02            37.97%    passed     96.91%
 293  Pseudomonas_E.viridiflava.900184295.03            38.26%    passed     95.71%
 294  Pseudomonas_E.viridiflava.900184295.04            35.30%    passed     94.82%
 295  Pseudomonas_E.cichorii.000517305.00               38.79%    passed     91.85%
 296  Pseudomonas_E.cichorii.000517305.01               38.83%    passed     90.48%
 297  Pseudomonas_E.cichorii.000517305.02               38.83%    passed     90.05%
 298  Pseudomonas_E.cichorii.000517305.03               38.83%    passed     88.53%
 299  Pseudomonas_E.cichorii.000517305.04               38.83%    passed     88.53%
 300  Pseudomonas_E.cichorii.000517305.05               36.16%    passed     92.70%
 301  Pseudomonas_E.alcaligenes.001597285.00            38.39%    passed     94.03%
 302  Pseudomonas_E.alcaligenes.001597285.01            38.39%    passed     93.56%
 303  Pseudomonas_E.alcaligenes.001597285.02            38.39%    passed     94.03%
 304  Pseudomonas_E.mucidolens.900475945.00             35.45%    passed     90.47%
 305  Pseudomonas_E.mucidolens.900475945.01             38.11%    passed     94.74%
 306  Pseudomonas_E.mucidolens.900475945.02             38.11%    passed     96.73%
 307  Pseudomonas_E.mucidolens.900475945.03             38.11%    passed     95.22%
 308  Pseudomonas_E.mucidolens.900475945.04             38.11%    passed     95.83%
 309  Pseudomonas_E.azotoformans_A.001579805.00         38.01%    passed     87.52%
 310  Pseudomonas_E.azotoformans_A.001579805.01         38.01%    passed     87.52%
 311  Pseudomonas_E.azotoformans_A.001579805.02         37.93%    passed     85.95%
 312  Pseudomonas_E.azotoformans_A.001579805.03         35.24%    passed     81.25%
 313  Pseudomonas_E.azotoformans_A.001579805.04         37.93%    passed     84.61%
 314  Pseudomonas_E.azotoformans_A.001579805.05         38.00%    passed     87.05%
 315  Pseudomonas_E.azotoformans_B.002007785.00         35.32%    passed     84.65%
 316  Pseudomonas_E.azotoformans_B.002007785.01         37.99%    passed     85.57%
 317  Pseudomonas_E.azotoformans_B.002007785.02         37.99%    passed     86.95%
 318  Pseudomonas_E.azotoformans_B.002007785.03         37.99%    passed     85.57%
 319  Pseudomonas_E.azotoformans_B.002007785.04         37.99%    passed     86.95%
 320  Pseudomonas_E.corrugata.001708425.00              38.03%    passed     98.80%
 321  Pseudomonas_E.corrugata.001708425.01              38.04%    passed     98.52%
 322  Pseudomonas_E.corrugata.001708425.02              38.04%    passed     97.00%
 323  Pseudomonas_E.corrugata.001708425.03              35.02%    passed     99.38%
 324  Pseudomonas_E.corrugata.001708425.04              38.04%    passed     97.83%
 325  Pseudomonas_E.fulva_B.000213805.00                38.23%    passed     98.74%
 326  Pseudomonas_E.fulva_B.000213805.01                38.24%    passed     98.62%
 327  Pseudomonas_E.fulva_B.000213805.02                38.23%    passed     97.92%
 328  Pseudomonas_E.fulva_B.000213805.03                38.24%    passed     98.84%
 329  Pseudomonas_E.fulva.002951475.01                  41.06%    passed     98.52%
 330  Pseudomonas_E.fulva.002951475.02                  38.36%    passed     99.78%
 331  Pseudomonas_E.fulva.002951475.03                  38.35%    passed     99.85%
 332  Pseudomonas_E.fulva.002951475.04                  38.35%    passed     99.61%
 333  Pseudomonas_E.fulva.002951475.05                  41.05%    passed     97.21%
 334  Pseudomonas_E.synxantha.000968415.00              37.99%    passed     96.47%
 335  Pseudomonas_E.synxantha.000968415.01              37.99%    passed     96.47%
 336  Pseudomonas_E.synxantha.000968415.02              38.00%    passed     96.37%
 337  Pseudomonas_E.synxantha.000968415.03              38.00%    passed     96.17%
 338  Pseudomonas_E.synxantha.000968415.04              35.21%    passed     81.87%
 339  Pseudomonas_E.synxantha.000968415.05              38.00%    passed     93.65%
 340  Pseudomonas_E.taetrolens.900475285.00             37.67%    passed     80.61%
 341  Pseudomonas_E.taetrolens.900475285.01             40.36%    passed     72.31%
 342  Pseudomonas_E.taetrolens.900475285.02             37.67%    passed     84.22%
 343  Pseudomonas_E.taetrolens.900475285.03             37.67%    passed     84.22%
 344  Pseudomonas_B.oryzihabitans_E.001518815.00        37.53%    passed     45.18%
 345  Pseudomonas_B.oryzihabitans_E.001518815.01        37.62%    passed     47.17%
 346  Pseudomonas_B.oryzihabitans_E.001518815.02        37.51%    passed     51.56%
 347  Pseudomonas_B.oryzihabitans_E.001518815.03        37.54%    passed     51.84%
 348  Pseudomonas_B.oryzihabitans_E.001518815.04        37.53%    passed     45.18%
 349  Pseudomonas.citronellolis.001586155.00            38.66%    passed     52.18%
 350  Pseudomonas.citronellolis.001586155.01            38.66%    passed     52.11%
 351  Pseudomonas.citronellolis.001586155.02            38.66%    passed     50.28%
 352  Pseudomonas.citronellolis.001586155.03            38.66%    passed     49.68%
 353  Pseudomonas.citronellolis.001586155.04            38.64%    passed     50.82%
 354  Pseudomonas.citronellolis.001654435.00            38.73%    passed     54.74%
 355  Pseudomonas.citronellolis.001654435.01            37.71%    passed     39.82%
 356  Pseudomonas.citronellolis.001654435.02            38.16%    passed     45.89%
 357  Pseudomonas.citronellolis.001654435.03            38.66%    passed     44.09%
 358  Pseudomonas.citronellolis.001654435.04            38.67%    passed     43.55%
 359  Pseudomonas_F.resinovorans_A.000412695.00         38.62%    passed     72.69%
 360  Pseudomonas_F.resinovorans_A.000412695.01         38.62%    passed     74.08%
 361  Pseudomonas_F.resinovorans_A.000412695.02         35.58%    passed     60.02%
 362  Pseudomonas.knackmussii.000689415.00              38.70%    passed     96.85%
 363  Pseudomonas.knackmussii.000689415.01              33.80%    passed     93.17%
 364  Pseudomonas.knackmussii.000689415.02              38.70%    passed     96.54%
 365  Pseudomonas.knackmussii.000689415.03              38.69%    passed     97.55%
 366  Pseudomonas_E.taiwanensis.000494915.01            38.83%    passed     99.27%
 367  Pseudomonas_E.taiwanensis.000494915.02            38.83%    passed     99.48%
 368  Pseudomonas_E.taiwanensis.000494915.03            38.38%    passed     99.30%
 369  Pseudomonas_E.taiwanensis.000494915.04            38.38%    passed     99.52%
 370  Pseudomonas_E.taiwanensis.000494915.05            38.83%    passed     99.41%
 371  Pseudomonas_A.balearica.000818015.00              38.60%    passed     64.13%
 372  Pseudomonas_A.balearica.000818015.01              38.56%    passed     66.00%
 373  Pseudomonas_A.balearica.000818015.02              38.60%    passed     68.22%
 374  Pseudomonas_A.balearica.000818015.03              38.60%    passed     65.06%
 375  Pseudomonas_E.mandelii.000257545.00               37.81%    passed     98.56%
 376  Pseudomonas_E.mandelii.000257545.01               37.81%    passed     98.95%
 377  Pseudomonas_E.mandelii.000257545.02               35.34%    passed     94.95%
 378  Pseudomonas_E.mandelii.000257545.03               37.79%    passed     97.86%
 379  Pseudomonas_E.mandelii.000257545.04               37.81%    passed     97.52%
 380  Pseudomonas_E.mandelii.000257545.05               40.32%    passed     93.32%
 381  Pseudomonas_E.orientalis_A.002934065.00           35.34%    passed     90.74%
 382  Pseudomonas_E.orientalis_A.002934065.01           37.86%    passed     94.27%
 383  Pseudomonas_E.orientalis_A.002934065.02           38.04%    passed     99.06%
 384  Pseudomonas_E.orientalis_A.002934065.03           37.86%    passed     94.76%
 385  Pseudomonas_E.orientalis_A.002934065.04           37.88%    passed     93.79%
 386  Pseudomonas_E.orientalis_A.002934065.05           37.75%    passed     95.84%
 387  Pseudomonas_E.monteilii_A.001534745.00            38.25%    passed     71.12%
 388  Pseudomonas_E.monteilii_A.001534745.01            38.41%    passed     71.99%
 389  Pseudomonas_E.monteilii_A.001534745.02            38.24%    passed     75.95%
 390  Pseudomonas_E.monteilii_A.001534745.03            38.25%    passed     69.43%
 391  Pseudomonas_E.monteilii_A.001534745.04            38.25%    passed     74.09%
 392  Pseudomonas_E.monteilii_A.001534745.05            35.59%    passed     68.61%
 393  Pseudomonas_E.monteilii.002943995.00              38.42%    passed     99.72%
 394  Pseudomonas_E.monteilii.002943995.01              38.74%    passed     99.73%
 395  Pseudomonas_E.monteilii.002943995.02              41.03%    passed     96.19%
 396  Pseudomonas_E.monteilii.002943995.04              38.42%    passed     99.80%
 397  Pseudomonas_E.monteilii.002943995.05              41.05%    passed     96.33%
 398  Pseudomonas_E.veronii.002028325.00                35.39%    passed     91.56%
 399  Pseudomonas_E.veronii.002028325.01                38.06%    passed     95.39%
 400  Pseudomonas_E.veronii.002028325.02                38.07%    passed     95.21%
 401  Pseudomonas_E.veronii.002028325.03                40.81%    passed     91.56%
 402  Pseudomonas_E.veronii.002028325.04                38.06%    passed     93.53%
 403  Pseudomonas_E.veronii.002028325.05                38.06%    passed     95.89%
 404  Pseudomonas_E.mosselii.002309555.00               38.32%    passed     97.24%
 405  Pseudomonas_E.mosselii.002309555.01               38.32%    passed     97.10%
 406  Pseudomonas_E.mosselii.002309555.02               38.32%    passed     97.68%
 407  Pseudomonas_E.mosselii.002309555.03               35.65%    passed     89.53%
 408  Pseudomonas_E.mosselii.002309555.04               38.32%    passed     97.10%
 409  Pseudomonas_E.mosselii.002309555.05               35.65%    passed     89.65%
 410  Pseudomonas_E.mosselii.002309555.06               38.32%    passed     98.32%
 411  Pseudomonas_E.mosselii.002736065.00               38.32%    passed     97.68%
 412  Pseudomonas_E.mosselii.002736065.01               38.32%    passed     97.46%
 413  Pseudomonas_E.mosselii.002736065.02               38.35%    passed     95.67%
 414  Pseudomonas_E.mosselii.002736065.03               38.32%    passed     98.32%
 415  Pseudomonas_E.mosselii.002736065.04               38.34%    passed     96.87%
 416  Pseudomonas_E.mosselii.002736065.05               38.32%    passed     96.96%
 417  Pseudomonas_E.mosselii.002736065.06               35.66%    passed     90.37%
 418  Pseudomonas_E.alcaliphila_B.001941865.00          38.01%    passed     98.84%
 419  Pseudomonas_E.alcaliphila_B.001941865.01          38.01%    passed     97.68%
 420  Pseudomonas_E.alcaliphila_B.001941865.02          38.01%    passed     98.84%
 421  Pseudomonas_E.alcaliphila_B.001941865.03          38.01%    passed     98.84%
 422  Pseudomonas_E.frederiksbergensis_B.001874645.00   38.51%    passed     99.26%
 423  Pseudomonas_E.frederiksbergensis_B.001874645.01   37.66%    passed     90.28%
 424  Pseudomonas_E.frederiksbergensis_B.001874645.02   38.51%    passed     99.12%
 425  Pseudomonas_E.frederiksbergensis_B.001874645.03   38.53%    passed     99.36%
 426  Pseudomonas_E.frederiksbergensis_B.001874645.04   37.18%    passed     95.30%
 427  Pseudomonas_E.frederiksbergensis_B.001874645.05   38.51%    passed     99.12%
 428  Pseudomonas_E.frederiksbergensis_B.001874645.06   38.12%    passed     97.56%
 429  Pseudomonas_E.frederiksbergensis_E.001952935.00   40.20%    passed     90.04%
 430  Pseudomonas_E.frederiksbergensis_E.001952935.01   40.19%    passed     94.21%
 431  Pseudomonas_E.frederiksbergensis_E.001952935.02   37.85%    passed     98.60%
 432  Pseudomonas_E.frederiksbergensis_E.001952935.03   35.20%    passed     94.67%
 433  Pseudomonas_E.frederiksbergensis_E.001952935.04   40.20%    passed     92.22%
 434  Pseudomonas_E.frederiksbergensis_E.001952935.05   37.82%    passed     97.17%
 435  Pseudomonas_E.frederiksbergensis_E.001952935.06   37.82%    passed     97.17%
 436  Pseudomonas_E.sp001655615.002355315.00            38.03%    passed     99.76%
 437  Pseudomonas_E.sp001655615.002355315.01            37.15%    passed     97.26%
 438  Pseudomonas_E.sp001655615.002355315.02            37.84%    passed     99.89%
 439  Pseudomonas_E.sp001655615.002355315.03            37.16%    passed     97.37%
 440  Pseudomonas_E.sp001655615.002355315.04            37.15%    passed     97.26%
 441  Pseudomonas_E.sp001655615.002355315.05            37.71%    passed     95.64%
 442  Pseudomonas_E.parafulva_A.000800255.01            38.03%    passed     90.04%
 443  Pseudomonas_E.parafulva_A.000800255.02            38.04%    passed     88.57%
 444  Pseudomonas_E.parafulva_A.000800255.03            38.03%    passed     87.24%
 445  Pseudomonas_E.parafulva_A.000800255.04            38.03%    passed     86.86%
 446  Pseudomonas_E.parafulva_A.000800255.05            35.35%    passed     89.66%
 447  Pseudomonas_E.parafulva_B.002021815.01            41.05%    passed     97.21%
 448  Pseudomonas_E.parafulva_B.002021815.02            38.26%    passed     99.22%
 449  Pseudomonas_E.parafulva_B.002021815.03            41.05%    passed     95.75%
 450  Pseudomonas_E.parafulva_B.002021815.04            38.26%    passed     99.41%
 451  Pseudomonas_E.parafulva_B.002021815.05            38.26%    passed     99.57%
 452  Pseudomonas_E.cremoricolorata_A.000759535.00      38.16%    passed     90.23%
 453  Pseudomonas_E.cremoricolorata_A.000759535.01      38.16%    passed     91.32%
 454  Pseudomonas_E.cremoricolorata_A.000759535.02      35.48%    passed     88.60%
 455  Pseudomonas_E.cremoricolorata_A.000759535.03      38.16%    passed     91.53%
 456  Pseudomonas_E.cremoricolorata_A.000759535.04      38.16%    passed     92.56%
 457  Pseudomonas_E.cremoricolorata_A.000759535.05      38.16%    passed     90.91%
 458  Pseudomonas_E.koreensis_C.001605965.00            35.26%    passed     82.47%
 459  Pseudomonas_E.koreensis_C.001605965.01            37.87%    passed     97.44%
 460  Pseudomonas_E.koreensis_C.001605965.02            37.88%    passed     97.98%
 461  Pseudomonas_E.koreensis_C.001605965.03            37.88%    passed     98.55%
 462  Pseudomonas_E.koreensis_C.001605965.04            38.03%    passed     99.43%
 463  Pseudomonas_E.koreensis_D.001654515.00            35.49%    passed     97.15%
 464  Pseudomonas_E.koreensis_D.001654515.01            38.15%    passed     98.39%
 465  Pseudomonas_E.koreensis_D.001654515.02            38.15%    passed     99.01%
 466  Pseudomonas_E.koreensis_D.001654515.03            37.90%    passed     97.29%
 467  Pseudomonas_E.koreensis_D.001654515.04            38.15%    passed     99.04%
 468  Pseudomonas_E.koreensis_D.001654515.05            38.16%    passed     99.36%
 469  Pseudomonas_E.koreensis_B.003049825.00            35.46%    passed     97.96%
 470  Pseudomonas_E.koreensis_B.003049825.01            38.05%    passed     99.36%
 471  Pseudomonas_E.koreensis_B.003049825.02            37.85%    passed     98.51%
 472  Pseudomonas_E.koreensis_B.003049825.03            40.65%    passed     86.80%
 473  Pseudomonas_E.koreensis_B.003049825.04            38.04%    passed     99.44%
 474  Pseudomonas_E.koreensis_B.003049825.05            37.78%    passed     98.98%
 475  Pseudomonas_E.trivialis_B.001186335.00            37.98%    passed     92.15%
 476  Pseudomonas_E.trivialis_B.001186335.01            37.98%    passed     89.44%
 477  Pseudomonas_E.trivialis_B.001186335.02            35.30%    passed     79.92%
 478  Pseudomonas_E.trivialis_B.001186335.03            37.98%    passed     90.13%
 479  Pseudomonas_E.trivialis_B.001186335.04            37.98%    passed     90.75%
 480  Pseudomonas_E.poae.000336465.00                   38.07%    passed     93.84%
 481  Pseudomonas_E.poae.000336465.01                   38.07%    passed     94.57%
 482  Pseudomonas_E.poae.000336465.02                   38.07%    passed     91.50%
 483  Pseudomonas_E.poae.000336465.03                   35.40%    passed     84.97%
 484  Pseudomonas_E.poae.000336465.04                   38.07%    passed     93.84%
 485  Pseudomonas_E.rhizosphaerae.000761155.01          38.59%    passed     99.86%
 486  Pseudomonas_E.rhizosphaerae.000761155.02          38.60%    passed     98.41%
 487  Pseudomonas_E.rhizosphaerae.000761155.03          37.66%    passed     99.48%
 488  Pseudomonas_E.rhizosphaerae.000761155.04          34.99%    passed     98.03%
 489  Pseudomonas_E.rhizosphaerae.000761155.05          38.57%    passed     98.81%
 490  Pseudomonas_E.antarctica_A.001647715.00           39.99%    passed     74.81%
 491  Pseudomonas_E.antarctica_A.001647715.01           35.17%    passed     85.87%
 492  Pseudomonas_E.antarctica_A.001647715.02           37.84%    passed     94.54%
 493  Pseudomonas_E.antarctica_A.001647715.03           37.84%    passed     94.54%
 494  Pseudomonas_E.antarctica_A.001647715.04           37.84%    passed     94.20%
 495  Pseudomonas_E.antarctica_A.001647715.05           37.84%    passed     95.11%
 496  Pseudomonas_E.alkylphenolica.000746525.00         38.67%    passed     99.48%
 497  Pseudomonas_E.alkylphenolica.000746525.01         38.66%    passed     99.27%
 498  Pseudomonas_E.alkylphenolica.000746525.02         38.66%    passed     99.27%
 499  Pseudomonas_E.alkylphenolica.000746525.03         38.68%    passed     99.40%
 500  Pseudomonas_E.alkylphenolica.000746525.04         38.64%    passed     99.27%
 501  Pseudomonas_E.alkylphenolica.000746525.05         38.67%    passed     99.52%
 502  Pseudomonas_B.psychrotolerans.001913135.00        37.72%    passed     22.63%
 503  Pseudomonas_B.psychrotolerans.001913135.01        37.73%    passed     26.71%
 504  Pseudomonas_B.psychrotolerans.001913135.02        37.73%    passed     26.71%
 505  Pseudomonas_B.psychrotolerans.001913135.03        37.25%    passed     28.62%
 506  Pseudomonas_B.psychrotolerans.001913135.04        37.25%    passed     31.60%
 507  Pseudomonas_E.lurida.002966835.00                 35.28%    passed     83.88%
 508  Pseudomonas_E.lurida.002966835.01                 37.86%    passed     80.06%
 509  Pseudomonas_E.lurida.002966835.02                 37.97%    passed     90.34%
 510  Pseudomonas_E.lurida.002966835.03                 37.97%    passed     90.34%
 511  Pseudomonas_E.lurida.002966835.04                 37.95%    passed     90.67%
 512  Pseudomonas_E.avellanae.002966555.00              37.67%    passed     94.95%
 513  Pseudomonas_E.avellanae.002966555.01              37.67%    passed     94.33%
 514  Pseudomonas_E.avellanae.002966555.02              37.66%    passed     94.72%
 515  Pseudomonas_E.avellanae.002966555.03              37.67%    passed     94.95%
 516  Pseudomonas_E.avellanae.002966555.04              35.02%    passed     98.36%
 517  Pseudomonas_E.entomophila.000026105.00            35.95%    passed     97.72%
 518  Pseudomonas_E.entomophila.000026105.01            38.64%    passed     99.65%
 519  Pseudomonas_E.entomophila.000026105.02            38.63%    passed     99.46%
 520  Pseudomonas_E.entomophila.000026105.03            38.64%    passed     99.58%
 521  Pseudomonas_E.entomophila.000026105.04            38.64%    passed     99.42%
 522  Pseudomonas_E.entomophila.000026105.05            38.64%    passed     99.65%
 523  Pseudomonas_E.entomophila.000026105.06            38.30%    passed     97.04%
 524  Pseudomonas_E.protegens.002006545.00              35.58%    passed     65.99%
 525  Pseudomonas_E.protegens.002006545.01              38.18%    passed     86.57%
 526  Pseudomonas_E.protegens.002006545.02              38.20%    passed     85.60%
 527  Pseudomonas_E.protegens.002006545.03              38.19%    passed     86.21%
 528  Pseudomonas_E.protegens.002006545.04              38.20%    passed     85.68%
 529  Pseudomonas_E.yamanorum.001612705.00              38.19%    passed     93.99%
 530  Pseudomonas_E.yamanorum.001612705.01              38.18%    passed     95.42%
 531  Pseudomonas_E.yamanorum.001612705.02              38.19%    passed     93.99%
 532  Pseudomonas_E.yamanorum.001612705.03              38.18%    passed     94.08%
 533  Pseudomonas_E.yamanorum.001612705.04              35.48%    passed     89.45%
 534  Pseudomonas_E.piscium.000698865.01                38.59%    passed     96.72%
 535  Pseudomonas_E.piscium.000698865.02                38.59%    passed     95.90%
 536  Pseudomonas_E.piscium.000698865.03                38.59%    passed     96.66%
 537  Pseudomonas_E.piscium.000698865.04                38.59%    passed     96.66%
 538  Pseudomonas_E.piscium.000761195.00                38.60%    passed     98.65%
 539  Pseudomonas_E.piscium.000761195.01                38.61%    passed     98.67%
 540  Pseudomonas_E.piscium.000761195.02                38.60%    passed     99.01%
 541  Pseudomonas_E.piscium.000761195.03                38.60%    passed     98.35%
 542  Pseudomonas_E.piscium.000761195.04                35.91%    passed     96.92%
 543  Pseudomonas_E.sp000931465.000963835.00            38.29%    passed     99.96%
 544  Pseudomonas_E.sp000931465.000963835.01            38.29%    passed     99.96%
 545  Pseudomonas_E.sp000931465.000963835.02            38.29%    passed     99.96%
 546  Pseudomonas_E.sp000931465.000963835.03            38.29%    passed     99.93%
 547  Pseudomonas_E.sp000931465.000963835.04            35.58%    passed     96.45%
 548  Pseudomonas_E.chlororaphis_E.001023535.00         38.25%    passed     97.75%
 549  Pseudomonas_E.chlororaphis_E.001023535.01         35.59%    passed     95.56%
 550  Pseudomonas_E.chlororaphis_E.001023535.02         38.44%    passed     99.21%
 551  Pseudomonas_E.chlororaphis_E.001023535.04         38.30%    passed     98.95%
 552  Pseudomonas_E.chlororaphis_E.001023535.05         37.88%    passed     97.51%
 553  Pseudomonas_E.chlororaphis.001602135.00           38.56%    passed     98.49%
 554  Pseudomonas_E.chlororaphis.001602135.01           35.86%    passed     96.99%
 555  Pseudomonas_E.chlororaphis.001602135.02           38.53%    passed     98.88%
 556  Pseudomonas_E.chlororaphis.001602135.03           38.53%    passed     98.88%
 557  Pseudomonas_E.chlororaphis.001602135.04           38.53%    passed     98.88%
 558  Pseudomonas_E.brassicacearum_C.000194805.00       35.26%    passed     99.73%
 559  Pseudomonas_E.brassicacearum_C.000194805.01       37.69%    passed     99.81%
 560  Pseudomonas_E.brassicacearum_C.000194805.02       37.69%    passed     99.49%
 561  Pseudomonas_E.brassicacearum_C.000194805.03       37.90%    passed     99.11%
 562  Pseudomonas_E.brassicacearum_C.000194805.04       36.96%    passed     98.54%
 563  Pseudomonas_E.brassicacearum_A.000585995.00       38.03%    passed     98.55%
 564  Pseudomonas_E.brassicacearum_A.000585995.01       37.88%    passed     99.37%
 565  Pseudomonas_E.brassicacearum_A.000585995.02       37.65%    passed     99.90%
 566  Pseudomonas_E.brassicacearum_A.000585995.03       37.65%    passed     99.96%
 567  Pseudomonas_E.brassicacearum_A.000585995.04       34.98%    passed     97.56%
 568  Pseudomonas_E.brassicacearum_C.001746815.00       37.68%    passed     99.68%
 569  Pseudomonas_E.brassicacearum_C.001746815.01       35.23%    passed     99.67%
 570  Pseudomonas_E.brassicacearum_C.001746815.02       37.40%    passed     99.92%
 571  Pseudomonas_E.brassicacearum_C.001746815.03       37.68%    passed     99.96%
 572  Pseudomonas_E.brassicacearum_C.001746815.04       37.68%    passed     99.73%
 573  Pseudomonas_E.sp000829415.000829415.00            41.03%    passed     97.27%
 574  Pseudomonas_E.sp000829415.000829415.01            37.60%    passed     89.33%
 575  Pseudomonas_E.sp000829415.000829415.02            41.01%    passed     96.25%
 576  Pseudomonas_E.sp000829415.000829415.03            38.41%    passed     93.45%
 577  Pseudomonas_E.sp000829415.000829415.04            41.03%    passed     95.95%
 578  Pseudomonas_E.sp000829415.000829415.05            38.35%    passed     95.23%
 579  Pseudomonas_F.furukawaii.002355475.01             38.61%    passed     56.12%
 580  Pseudomonas_F.furukawaii.002355475.02             38.62%    passed     58.47%
 581  Pseudomonas_F.furukawaii.002355475.03             38.62%    passed     59.33%
 582  Pseudomonas_E.sp000346225.000346225.00            37.48%    passed     67.09%
 583  Pseudomonas_E.sp000346225.000346225.01            40.18%    passed     57.39%
 584  Pseudomonas_E.sp000346225.000346225.02            40.18%    passed     57.39%
 585  Pseudomonas_E.sp000346225.000346225.03            40.19%    passed     53.82%
 586  Pseudomonas_E.sp000346225.000346225.04            37.56%    passed     36.54%
 587  Pseudomonas_E.sp000316175.000316175.00            35.18%    passed     93.54%
 588  Pseudomonas_E.sp000316175.000316175.01            37.65%    passed     95.28%
 589  Pseudomonas_E.sp000316175.000316175.02            37.69%    passed     91.43%
 590  Pseudomonas_E.sp000316175.000316175.03            37.79%    passed     91.95%
 591  Pseudomonas_E.sp000316175.000316175.04            37.85%    passed     97.34%
 592  Pseudomonas_E.sp000316175.000316175.05            37.87%    passed     98.55%
 593  Pseudomonas_E.sp000316175.000316175.06            38.00%    passed     97.60%
 594  Pseudomonas_E.monteilii_B.000511325.01            38.31%    passed     99.75%
 595  Pseudomonas_E.monteilii_B.000511325.02            40.56%    passed     98.62%
 596  Pseudomonas_E.monteilii_B.000511325.03            38.35%    passed     99.21%
 597  Pseudomonas_E.monteilii_B.000511325.04            40.57%    passed     99.39%
 598  Pseudomonas_E.monteilii_B.000511325.05            38.66%    passed     98.32%
 599  Pseudomonas_E.sp001511755.001511755.00            38.03%    passed     96.03%
 600  Pseudomonas_E.sp001511755.001511755.01            37.07%    passed     94.77%
 601  Pseudomonas_E.sp001511755.001511755.02            35.41%    passed     91.69%
 602  Pseudomonas_E.sp001511755.001511755.03            37.07%    passed     94.77%
 603  Pseudomonas_E.sp001511755.001511755.04            37.13%    passed     93.50%
 604  Pseudomonas_E.sp001511755.001511755.05            37.11%    passed     94.50%
 605  Pseudomonas_E.fulva.001511775.00                  38.36%    passed     99.09%
 606  Pseudomonas_E.fulva.001511775.01                  38.35%    passed     99.71%
 607  Pseudomonas_E.fulva.001511775.02                  41.05%    passed     98.60%
 608  Pseudomonas_E.fulva.001511775.04                  41.05%    passed     98.36%
 609  Pseudomonas_E.fulva.001511775.05                  38.35%    passed     99.69%
 610  Pseudomonas.sp000349845.000349845.00              37.73%    passed     77.36%
 611  Pseudomonas.sp000349845.000349845.01              35.15%    passed     69.31%
 612  Pseudomonas.sp000349845.000349845.02              37.74%    passed     78.13%
 613  Pseudomonas.sp000349845.000349845.03              37.74%    passed     73.57%
 614  Pseudomonas.sp000349845.000349845.04              37.72%    passed     77.88%
 615  Pseudomonas_E.hunanensis.001655295.00             38.81%    passed     99.70%
 616  Pseudomonas_E.hunanensis.001655295.01             38.81%    passed     99.82%
 617  Pseudomonas_E.hunanensis.001655295.02             38.81%    passed     99.63%
 618  Pseudomonas_E.hunanensis.001655295.03             38.80%    passed     99.51%
 619  Pseudomonas_E.hunanensis.001655295.04             38.81%    passed     99.81%
 620  Pseudomonas_E.sp001547895.001547895.00            35.55%    passed     85.95%
 621  Pseudomonas_E.sp001547895.001547895.01            38.25%    passed     95.64%
 622  Pseudomonas_E.sp001547895.001547895.02            38.26%    passed     93.96%
 623  Pseudomonas_E.sp001547895.001547895.03            38.24%    passed     93.85%
 624  Pseudomonas_E.sp001547895.001547895.04            38.26%    passed     95.71%
 625  Pseudomonas_E.sp001547895.001547895.05            38.22%    passed     92.92%
 626  Pseudomonas_E.sp001547895.001547915.00            35.42%    passed     88.10%
 627  Pseudomonas_E.sp001547895.001547915.01            38.13%    passed     96.19%
 628  Pseudomonas_E.sp001547895.001547915.02            38.26%    passed     94.95%
 629  Pseudomonas_E.sp001547895.001547915.03            38.15%    passed     95.22%
 630  Pseudomonas_E.sp001547895.001547915.04            38.13%    passed     95.58%
 631  Pseudomonas_E.sp001547895.001547915.05            38.15%    passed     95.88%
 632  Pseudomonas_E.sp001655595.001655595.00            35.26%    passed     94.08%
 633  Pseudomonas_E.sp001655595.001655595.01            37.91%    passed     97.28%
 634  Pseudomonas_E.sp001655595.001655595.02            37.91%    passed     97.17%
 635  Pseudomonas_E.sp001655595.001655595.03            38.10%    passed     99.83%
 636  Pseudomonas_E.sp001655595.001655595.04            38.10%    passed     99.81%
 637  Pseudomonas_E.sp001655595.001655595.05            37.91%    passed     98.67%
 638  Pseudomonas_E.cerasi.900074915.00                 37.60%    passed     98.65%
 639  Pseudomonas_E.cerasi.900074915.01                 37.60%    passed     98.98%
 640  Pseudomonas_E.cerasi.900074915.02                 37.75%    passed     98.74%
 641  Pseudomonas_E.cerasi.900074915.03                 37.60%    passed     98.61%
 642  Pseudomonas_E.cerasi.900074915.04                 37.60%    passed     98.65%
 643  Pseudomonas_E.cerasi.900235895.00                 37.60%    passed     98.98%
 644  Pseudomonas_E.cerasi.900235895.01                 37.60%    passed     98.94%
 645  Pseudomonas_E.cerasi.900235895.02                 37.75%    passed     98.74%
 646  Pseudomonas_E.cerasi.900235895.03                 37.60%    passed     98.61%
 647  Pseudomonas_E.cerasi.900235895.04                 37.60%    passed     98.65%
 648  Pseudomonas_E.sp000931465.000931465.00            35.58%    passed     98.03%
 649  Pseudomonas_E.sp000931465.000931465.01            38.29%    passed     99.97%
 650  Pseudomonas_E.sp000931465.000931465.02            38.29%    passed     99.97%
 651  Pseudomonas_E.sp000931465.000931465.03            38.29%    passed     99.97%
 652  Pseudomonas_E.sp000931465.000931465.04            38.29%    passed     99.97%
 653  Pseudomonas_E.sp001655615.001655615.00            37.68%    passed     86.96%
 654  Pseudomonas_E.sp001655615.001655615.01            38.03%    passed     98.93%
 655  Pseudomonas_E.sp001655615.001655615.02            37.06%    passed     96.14%
 656  Pseudomonas_E.sp001655615.001655615.03            37.87%    passed     98.67%
 657  Pseudomonas_E.sp001655615.001655615.04            38.03%    passed     98.89%
 658  Pseudomonas_E.sp001655615.001655615.05            38.03%    passed     99.48%
 659  Pseudomonas_E.versuta.001294575.00                37.69%    passed     64.58%
 660  Pseudomonas_E.versuta.001294575.04                40.40%    passed     50.87%
 661  Pseudomonas_E.sp002966775.002966775.00            35.41%    passed     86.70%
 662  Pseudomonas_E.sp002966775.002966775.01            37.15%    passed     86.70%
 663  Pseudomonas_E.sp002966775.002966775.02            38.13%    passed     89.09%
 664  Pseudomonas_E.sp002966775.002966775.03            38.09%    passed     90.76%
 665  Pseudomonas_E.sp002966775.002966775.04            37.92%    passed     84.10%
 666  Pseudomonas_E.sp002966775.002966775.05            37.92%    passed     81.61%
 667  Pseudomonas_E.silesiensis.001661075.00            40.39%    passed     91.73%
 668  Pseudomonas_E.silesiensis.001661075.01            38.00%    passed     95.72%
 669  Pseudomonas_E.silesiensis.001661075.02            37.07%    passed     96.69%
 670  Pseudomonas_E.silesiensis.001661075.03            37.94%    passed     97.42%
 671  Pseudomonas_E.silesiensis.001661075.04            40.39%    passed     91.73%
 672  Pseudomonas_E.silesiensis.001661075.05            36.98%    passed     97.42%
 673  Pseudomonas_E.silesiensis.001661075.06            36.97%    passed     97.55%
 674  Pseudomonas_F.sp001708505.001708505.00            38.68%    passed     50.97%
 675  Pseudomonas_F.sp001708505.001708505.01            38.68%    passed     50.97%
 676  Pseudomonas_F.sp001708505.001708505.02            38.68%    passed     50.97%
 677  Pseudomonas_F.sp001708505.001708505.03            34.44%    passed     44.44%
 678  Pseudomonas_F.sp001708505.001708505.04            38.68%    passed     49.31%
 679  Pseudomonas_E.toyotomiensis.002037565.00          38.03%    passed     96.76%
 680  Pseudomonas_E.toyotomiensis.002037565.01          38.03%    passed     96.76%
 681  Pseudomonas_E.toyotomiensis.002037565.02          38.03%    passed     96.16%
 682  Pseudomonas_E.toyotomiensis.002037565.03          38.17%    passed     98.26%
 683  Pseudomonas_E.sp002025205.002025205.01            37.97%    passed     94.49%
 684  Pseudomonas_E.sp002025205.002025205.02            37.97%    passed     94.96%
 685  Pseudomonas_E.sp002025205.002025205.03            37.97%    passed     94.49%
 686  Pseudomonas_E.sp002025205.002025205.04            37.97%    passed     93.70%
 687  Pseudomonas_D.sp002056295.002056295.00            37.24%    passed     58.56%
 688  Pseudomonas_D.sp002056295.002056295.01            37.24%    passed     57.31%
 689  Pseudomonas_D.sp002056295.002056295.02            37.24%    passed     58.56%
 690  Pseudomonas_E.sp002163625.002163625.00            38.35%    passed     56.60%
 691  Pseudomonas_E.sp002163625.002163625.01            38.35%    passed     57.41%
 692  Pseudomonas_E.sp002163625.002163625.02            38.35%    passed     56.60%
 693  Pseudomonas_E.sp002163625.002163625.03            38.35%    passed     57.41%
 694  Pseudomonas_E.lactis.002591235.00                 37.87%    passed     81.02%
 695  Pseudomonas_E.lactis.002591235.01                 35.34%    passed     82.81%
 696  Pseudomonas_E.lactis.002591235.02                 37.86%    passed     78.51%
 697  Pseudomonas_E.lactis.002591235.03                 38.00%    passed     90.08%
 698  Pseudomonas_E.lactis.002591235.04                 37.09%    passed     84.76%
 699  Pseudomonas_E.lactis.002591235.05                 37.07%    passed     89.48%
 700  Pseudomonas_E.sp002753995.002753995.00            35.81%    passed     94.37%
 701  Pseudomonas_E.sp002753995.002753995.01            37.46%    passed     96.58%
 702  Pseudomonas_E.sp002753995.002753995.02            40.44%    passed     92.97%
 703  Pseudomonas_E.sp002753995.002753995.03            37.46%    passed     96.77%
 704  Pseudomonas_E.sp002753995.002753995.04            38.45%    passed     97.14%
 705  Pseudomonas_E.sp002753995.002753995.05            38.47%    passed     98.95%
 706  Pseudomonas_E.sp002753995.002753995.06            38.50%    passed     99.27%
 707  Pseudomonas_E.sp002874965.002874965.00            35.36%    passed     83.99%
 708  Pseudomonas_E.sp002874965.002874965.01            38.05%    passed     94.04%
 709  Pseudomonas_E.sp002874965.002874965.02            38.19%    passed     96.97%
 710  Pseudomonas_E.sp002874965.002874965.03            38.05%    passed     94.04%
 711  Pseudomonas_E.sp002874965.002874965.04            38.05%    passed     92.64%
 712  Pseudomonas_E.taiwanensis.002947975.00            15.26%    passed     99.45%
 713  Pseudomonas_E.taiwanensis.002947975.01            38.38%    passed     98.50%
 714  Pseudomonas_E.taiwanensis.002947975.02            38.83%    passed     97.72%
 715  Pseudomonas_E.taiwanensis.002947975.03            38.38%    passed     99.13%
 716  Pseudomonas_E.taiwanensis.002947975.04            38.83%    passed     99.12%
 717  Pseudomonas_E.taiwanensis.002947975.05            38.83%    passed     99.41%
 718  Pseudomonas_E.hunanensis.002948105.00             40.92%    passed     99.80%
 719  Pseudomonas_E.hunanensis.002948105.01             38.38%    passed     99.22%
 720  Pseudomonas_E.hunanensis.002948105.02             40.92%    passed     99.31%
 721  Pseudomonas_E.hunanensis.002948105.04             38.67%    passed     99.50%
 722  Pseudomonas_E.hunanensis.002948105.05             38.24%    passed     98.91%
 723  Pseudomonas_E.taiwanensis.002947915.00            38.38%    passed     98.79%
 724  Pseudomonas_E.taiwanensis.002947915.01            38.83%    passed     98.86%
 725  Pseudomonas_E.taiwanensis.002947915.02            38.83%    passed     98.47%
 726  Pseudomonas_E.taiwanensis.002947915.04            38.38%    passed     99.08%
 727  Pseudomonas_E.taiwanensis.002947915.05            38.38%    passed     98.78%
 728  Pseudomonas_E.proteolytica.002949995.00           38.06%    passed     94.72%
 729  Pseudomonas_E.proteolytica.002949995.01           35.40%    passed     88.37%
 730  Pseudomonas_E.proteolytica.002949995.02           38.06%    passed     96.50%
 731  Pseudomonas_E.proteolytica.002949995.03           38.05%    passed     94.63%
 732  Pseudomonas_E.proteolytica.002949995.04           38.06%    passed     96.19%
 733  Pseudomonas_E.proteolytica.002949995.05           38.06%    passed     96.19%
 734  Pseudomonas_E.veronii.002949975.00                40.80%    passed     91.32%
 735  Pseudomonas_E.veronii.002949975.01                38.04%    passed     94.98%
 736  Pseudomonas_E.veronii.002949975.02                38.04%    passed     94.21%
 737  Pseudomonas_E.veronii.002949975.03                35.36%    passed     91.48%
 738  Pseudomonas_E.veronii.002949975.04                38.04%    passed     92.85%
 739  Pseudomonas_E.veronii.002949975.05                38.05%    passed     93.03%
 740  Pseudomonas_E.sp003151075.003151075.00            35.15%    passed     96.78%
 741  Pseudomonas_E.sp003151075.003151075.01            37.78%    passed     99.60%
 742  Pseudomonas_E.sp003151075.003151075.02            40.13%    passed     95.07%
 743  Pseudomonas_E.sp003151075.003151075.03            37.78%    passed     99.60%
 744  Pseudomonas_E.sp003151075.003151075.04            37.78%    passed     99.60%
 745  Pseudomonas_E.sp003151075.003151075.05            37.78%    passed     99.60%
 746  Pseudomonas_A.sp003205815.003205815.00            38.36%    passed     81.94%
 747  Pseudomonas_A.sp003205815.003205815.01            38.37%    passed     79.38%
 748  Pseudomonas_A.sp003205815.003205815.02            38.36%    passed     80.15%
 749  Pseudomonas_A.sp003205815.003205815.03            38.36%    passed     83.74%
****  TOTAL                                             37.98%  0 sequences failed composition chi2 test (p-value<5%; df=3)
NOTE: Pseudomonas.aeruginosa_A.003025345.02 is identical to Pseudomonas.aeruginosa_A.003025345.01 but kept for subsequent analysis
NOTE: Pseudomonas_E.fluorescens_AR.000012445.05 is identical to Pseudomonas_E.fluorescens_AR.000012445.01 but kept for subsequent analysis
NOTE: Pseudomonas_E.kilonensis.000237065.03 is identical to Pseudomonas_E.kilonensis.000237065.01 but kept for subsequent analysis
NOTE: Pseudomonas_E.fluorescens_X.000730425.05 is identical to Pseudomonas_E.fluorescens_X.000730425.01 but kept for subsequent analysis
NOTE: Pseudomonas_E.simiae.000963495.02 is identical to Pseudomonas_E.simiae.000963495.00 but kept for subsequent analysis
NOTE: Pseudomonas_E.fluorescens_E.001307155.04 is identical to Pseudomonas_E.fluorescens_E.001307155.00 but kept for subsequent analysis
NOTE: Pseudomonas_E.mendocina.000204295.03 is identical to Pseudomonas_E.mendocina.000204295.01 but kept for subsequent analysis
NOTE: Pseudomonas_E.mendocina.000733715.01 is identical to Pseudomonas_E.mendocina.000733715.00 but kept for subsequent analysis
NOTE: Pseudomonas_E.mendocina_C.003008615.01 is identical to Pseudomonas_E.mendocina_C.003008615.00 but kept for subsequent analysis
NOTE: Pseudomonas_E.monteilii_B.000325725.01 is identical to Pseudomonas_E.putida_P.000019125.01 but kept for subsequent analysis
NOTE: Pseudomonas_E.putida_H.000410575.02 is identical to Pseudomonas_E.putida_P.000019125.02 but kept for subsequent analysis
NOTE: Pseudomonas_E.monteilii_B.000325725.04 is identical to Pseudomonas_E.putida_P.000019125.04 but kept for subsequent analysis
NOTE: Pseudomonas_E.putida_E.000019445.02 is identical to Pseudomonas_E.putida_E.000019445.01 but kept for subsequent analysis
NOTE: Pseudomonas_E.putida_H.000410575.05 is identical to Pseudomonas_E.monteilii_B.000325725.05 but kept for subsequent analysis
NOTE: Pseudomonas_E.hunanensis.001767335.04 is identical to Pseudomonas_E.hunanensis.001767335.01 but kept for subsequent analysis
NOTE: Pseudomonas_E.putida_T.002741075.02 is identical to Pseudomonas_E.putida_T.002741075.00 but kept for subsequent analysis
NOTE: Pseudomonas_E.putida_S.003228315.03 is identical to Pseudomonas_E.putida_S.003228315.00 but kept for subsequent analysis
NOTE: Pseudomonas_E.putida_S.003228315.05 is identical to Pseudomonas_E.putida_S.003228315.02 but kept for subsequent analysis
NOTE: Pseudomonas_A.stutzeri.000195105.03 is identical to Pseudomonas_A.stutzeri.000195105.00 but kept for subsequent analysis
NOTE: Pseudomonas_A.stutzeri.000195105.02 is identical to Pseudomonas_A.stutzeri.000195105.01 but kept for subsequent analysis
NOTE: Pseudomonas_A.stutzeri_A.000661915.01 is identical to Pseudomonas_A.stutzeri_A.000661915.00 but kept for subsequent analysis
NOTE: Pseudomonas_A.zhaodongensis.001648195.03 is identical to Pseudomonas_A.zhaodongensis.001648195.00 but kept for subsequent analysis
NOTE: Pseudomonas_A.stutzeri_AJ.003001655.01 is identical to Pseudomonas_A.stutzeri_AJ.003001655.00 but kept for subsequent analysis
NOTE: Pseudomonas_A.stutzeri.003008495.02 is identical to Pseudomonas_A.stutzeri.003008495.00 but kept for subsequent analysis
NOTE: Pseudomonas_A.stutzeri.003008495.03 is identical to Pseudomonas_A.stutzeri.003008495.01 but kept for subsequent analysis
NOTE: Pseudomonas_E.avellanae.000344335.03 is identical to Pseudomonas_E.avellanae.000344335.00 but kept for subsequent analysis
NOTE: Pseudomonas_E.avellanae.000344355.01 is identical to Pseudomonas_E.avellanae.000344355.00 but kept for subsequent analysis
NOTE: Pseudomonas_E.avellanae.001913215.02 is identical to Pseudomonas_E.avellanae.000344355.02 but kept for subsequent analysis
NOTE: Pseudomonas_E.avellanae.002024285.04 is identical to Pseudomonas_E.avellanae.000344355.04 but kept for subsequent analysis
NOTE: Pseudomonas_E.cerasi.001281365.04 is identical to Pseudomonas_E.cerasi.001281365.03 but kept for subsequent analysis
NOTE: Pseudomonas_E.syringae.001482725.03 is identical to Pseudomonas_E.syringae.001482725.01 but kept for subsequent analysis
NOTE: Pseudomonas_E.avellanae.001913215.03 is identical to Pseudomonas_E.avellanae.001913215.00 but kept for subsequent analysis
NOTE: Pseudomonas_E.oleovorans.000297075.03 is identical to Pseudomonas_E.oleovorans.000297075.01 but kept for subsequent analysis
NOTE: Pseudomonas_E.ficuserectae.000164015.03 is identical to Pseudomonas_E.ficuserectae.000164015.01 but kept for subsequent analysis
NOTE: Pseudomonas_E.cichorii.000517305.04 is identical to Pseudomonas_E.cichorii.000517305.03 but kept for subsequent analysis
NOTE: Pseudomonas_E.alcaligenes.001597285.02 is identical to Pseudomonas_E.alcaligenes.001597285.00 but kept for subsequent analysis
NOTE: Pseudomonas_E.azotoformans_A.001579805.01 is identical to Pseudomonas_E.azotoformans_A.001579805.00 but kept for subsequent analysis
NOTE: Pseudomonas_E.azotoformans_B.002007785.04 is identical to Pseudomonas_E.azotoformans_B.002007785.02 but kept for subsequent analysis
NOTE: Pseudomonas_E.synxantha.000968415.01 is identical to Pseudomonas_E.synxantha.000968415.00 but kept for subsequent analysis
NOTE: Pseudomonas_E.taetrolens.900475285.03 is identical to Pseudomonas_E.taetrolens.900475285.02 but kept for subsequent analysis
NOTE: Pseudomonas_E.mosselii.002309555.04 is identical to Pseudomonas_E.mosselii.002309555.01 but kept for subsequent analysis
NOTE: Pseudomonas_E.mosselii.002736065.00 is identical to Pseudomonas_E.mosselii.002309555.02 but kept for subsequent analysis
NOTE: Pseudomonas_E.mosselii.002736065.03 is identical to Pseudomonas_E.mosselii.002309555.06 but kept for subsequent analysis
NOTE: Pseudomonas_E.alcaliphila_B.001941865.02 is identical to Pseudomonas_E.alcaliphila_B.001941865.00 but kept for subsequent analysis
NOTE: Pseudomonas_E.frederiksbergensis_B.001874645.05 is identical to Pseudomonas_E.frederiksbergensis_B.001874645.02 but kept for subsequent analysis
NOTE: Pseudomonas_E.frederiksbergensis_E.001952935.06 is identical to Pseudomonas_E.frederiksbergensis_E.001952935.05 but kept for subsequent analysis
NOTE: Pseudomonas_E.sp001655615.002355315.04 is identical to Pseudomonas_E.sp001655615.002355315.01 but kept for subsequent analysis
NOTE: Pseudomonas_E.poae.000336465.04 is identical to Pseudomonas_E.poae.000336465.00 but kept for subsequent analysis
NOTE: Pseudomonas_E.antarctica_A.001647715.03 is identical to Pseudomonas_E.antarctica_A.001647715.02 but kept for subsequent analysis
NOTE: Pseudomonas_E.alkylphenolica.000746525.02 is identical to Pseudomonas_E.alkylphenolica.000746525.01 but kept for subsequent analysis
NOTE: Pseudomonas_B.psychrotolerans.001913135.02 is identical to Pseudomonas_B.psychrotolerans.001913135.01 but kept for subsequent analysis
NOTE: Pseudomonas_E.avellanae.002966555.03 is identical to Pseudomonas_E.avellanae.002966555.00 but kept for subsequent analysis
NOTE: Pseudomonas_E.piscium.000698865.04 is identical to Pseudomonas_E.piscium.000698865.03 but kept for subsequent analysis
NOTE: Pseudomonas_E.sp000931465.000963835.02 is identical to Pseudomonas_E.sp000931465.000963835.00 but kept for subsequent analysis
NOTE: Pseudomonas_E.chlororaphis.001602135.03 is identical to Pseudomonas_E.chlororaphis.001602135.02 but kept for subsequent analysis
NOTE: Pseudomonas_E.sp000346225.000346225.02 is identical to Pseudomonas_E.sp000346225.000346225.01 but kept for subsequent analysis
NOTE: Pseudomonas_E.sp001511755.001511755.03 is identical to Pseudomonas_E.sp001511755.001511755.01 but kept for subsequent analysis
NOTE: Pseudomonas_E.cerasi.900074915.04 is identical to Pseudomonas_E.cerasi.900074915.00 but kept for subsequent analysis
NOTE: Pseudomonas_E.cerasi.900235895.00 is identical to Pseudomonas_E.cerasi.900074915.01 but kept for subsequent analysis
NOTE: Pseudomonas_E.cerasi.900235895.02 is identical to Pseudomonas_E.cerasi.900074915.02 but kept for subsequent analysis
NOTE: Pseudomonas_E.cerasi.900235895.03 is identical to Pseudomonas_E.cerasi.900074915.03 but kept for subsequent analysis
NOTE: Pseudomonas_E.sp000931465.000931465.02 is identical to Pseudomonas_E.sp000931465.000931465.01 but kept for subsequent analysis
NOTE: Pseudomonas_E.silesiensis.001661075.04 is identical to Pseudomonas_E.silesiensis.001661075.00 but kept for subsequent analysis
NOTE: Pseudomonas_F.sp001708505.001708505.01 is identical to Pseudomonas_F.sp001708505.001708505.00 but kept for subsequent analysis
NOTE: Pseudomonas_E.toyotomiensis.002037565.01 is identical to Pseudomonas_E.toyotomiensis.002037565.00 but kept for subsequent analysis
NOTE: Pseudomonas_E.sp002025205.002025205.03 is identical to Pseudomonas_E.sp002025205.002025205.01 but kept for subsequent analysis
NOTE: Pseudomonas_D.sp002056295.002056295.02 is identical to Pseudomonas_D.sp002056295.002056295.00 but kept for subsequent analysis
NOTE: Pseudomonas_E.sp002163625.002163625.02 is identical to Pseudomonas_E.sp002163625.002163625.00 but kept for subsequent analysis
NOTE: Pseudomonas_E.sp002163625.002163625.03 is identical to Pseudomonas_E.sp002163625.002163625.01 but kept for subsequent analysis
NOTE: Pseudomonas_E.sp002874965.002874965.03 is identical to Pseudomonas_E.sp002874965.002874965.01 but kept for subsequent analysis
NOTE: Pseudomonas_E.sp003151075.003151075.03 is identical to Pseudomonas_E.sp003151075.003151075.01 but kept for subsequent analysis
NOTE: 24 identical sequences (see below) will be ignored for subsequent analysis
NOTE: Pseudomonas_E.kilonensis.000237065.04 (identical to Pseudomonas_E.kilonensis.000237065.01) is ignored but added at the end
NOTE: Pseudomonas_E.mendocina_C.003008615.02 (identical to Pseudomonas_E.mendocina_C.003008615.00) is ignored but added at the end
NOTE: Pseudomonas_E.mendocina_C.003008615.03 (identical to Pseudomonas_E.mendocina_C.003008615.00) is ignored but added at the end
NOTE: Pseudomonas_E.putida_H.000410575.01 (identical to Pseudomonas_E.putida_P.000019125.01) is ignored but added at the end
NOTE: Pseudomonas_E.putida_P.001886975.02 (identical to Pseudomonas_E.putida_P.000019125.02) is ignored but added at the end
NOTE: Pseudomonas_E.putida_T.002741075.03 (identical to Pseudomonas_E.putida_T.002741075.00) is ignored but added at the end
NOTE: Pseudomonas_A.stutzeri_A.000661915.02 (identical to Pseudomonas_A.stutzeri_A.000661915.00) is ignored but added at the end
NOTE: Pseudomonas_A.stutzeri_A.000661915.03 (identical to Pseudomonas_A.stutzeri_A.000661915.00) is ignored but added at the end
NOTE: Pseudomonas_A.stutzeri_AJ.003001655.02 (identical to Pseudomonas_A.stutzeri_AJ.003001655.00) is ignored but added at the end
NOTE: Pseudomonas_A.stutzeri_AJ.003001655.03 (identical to Pseudomonas_A.stutzeri_AJ.003001655.00) is ignored but added at the end
NOTE: Pseudomonas_E.avellanae.000344355.03 (identical to Pseudomonas_E.avellanae.000344355.00) is ignored but added at the end
NOTE: Pseudomonas_E.avellanae.001913215.01 (identical to Pseudomonas_E.avellanae.000344355.00) is ignored but added at the end
NOTE: Pseudomonas_E.avellanae.002024285.00 (identical to Pseudomonas_E.avellanae.000344355.00) is ignored but added at the end
NOTE: Pseudomonas_E.avellanae.002024285.01 (identical to Pseudomonas_E.avellanae.000344355.00) is ignored but added at the end
NOTE: Pseudomonas_E.avellanae.002024285.03 (identical to Pseudomonas_E.avellanae.000344355.00) is ignored but added at the end
NOTE: Pseudomonas_E.avellanae.002024285.02 (identical to Pseudomonas_E.avellanae.000344355.02) is ignored but added at the end
NOTE: Pseudomonas_E.alcaliphila_B.001941865.03 (identical to Pseudomonas_E.alcaliphila_B.001941865.00) is ignored but added at the end
NOTE: Pseudomonas_E.chlororaphis.001602135.04 (identical to Pseudomonas_E.chlororaphis.001602135.02) is ignored but added at the end
NOTE: Pseudomonas_E.cerasi.900235895.04 (identical to Pseudomonas_E.cerasi.900074915.00) is ignored but added at the end
NOTE: Pseudomonas_E.sp000931465.000931465.03 (identical to Pseudomonas_E.sp000931465.000931465.01) is ignored but added at the end
NOTE: Pseudomonas_E.sp000931465.000931465.04 (identical to Pseudomonas_E.sp000931465.000931465.01) is ignored but added at the end
NOTE: Pseudomonas_F.sp001708505.001708505.02 (identical to Pseudomonas_F.sp001708505.001708505.00) is ignored but added at the end
NOTE: Pseudomonas_E.sp003151075.003151075.04 (identical to Pseudomonas_E.sp003151075.003151075.01) is ignored but added at the end
NOTE: Pseudomonas_E.sp003151075.003151075.05 (identical to Pseudomonas_E.sp003151075.003151075.01) is ignored but added at the end

For your convenience alignment with unique sequences printed to ./024_results/Pseudomonas.fasta.uniqueseq.phy

Create initial parsimony tree by phylogenetic likelihood library (PLL)... 0.433 seconds

NOTE: 184 MB RAM (0 GB) is required!
Estimate model parameters (epsilon = 0.100)
1. Initial log-likelihood: -94141.579
2. Current log-likelihood: -83496.169
3. Current log-likelihood: -83069.673
4. Current log-likelihood: -83053.584
5. Current log-likelihood: -83053.273
Optimal log-likelihood: -83053.209
Rate parameters:  A-C: 1.00000  A-G: 2.77238  A-T: 1.00000  C-G: 1.00000  C-T: 2.77238  G-T: 1.00000
Base frequencies:  A: 0.262  C: 0.219  G: 0.301  T: 0.219
Gamma shape alpha: 0.193
Parameters optimization took 5 rounds (3.471 sec)
Computing ML distances based on estimated model parameters... 21.475 sec
Computing BIONJ tree...
0.488 seconds
Log-likelihood of BIONJ tree: -84489.725
--------------------------------------------------------------------
|             INITIALIZING CANDIDATE TREE SET                      |
--------------------------------------------------------------------
Generating 98 parsimony trees... 47.117 second
Computing log-likelihood of 98 initial trees ... 29.482 seconds
Current best score: -83053.209

Do NNI search on 20 best initial trees
Estimate model parameters (epsilon = 0.100)
BETTER TREE FOUND at iteration 1: -82901.146
Estimate model parameters (epsilon = 0.100)
BETTER TREE FOUND at iteration 2: -82893.091
Estimate model parameters (epsilon = 0.100)
BETTER TREE FOUND at iteration 5: -82816.910
Iteration 10 / LogL: -82949.421 / Time: 0h:2m:2s
Iteration 20 / LogL: -82927.148 / Time: 0h:2m:23s
Finish initializing candidate tree set (20)
Current best tree score: -82816.910 / CPU time: 135.376
Number of iterations: 20
--------------------------------------------------------------------
|               OPTIMIZING CANDIDATE TREE SET                      |
--------------------------------------------------------------------
Iteration 30 / LogL: -82922.403 / Time: 0h:2m:57s (0h:7m:38s left)
Estimate model parameters (epsilon = 0.100)
BETTER TREE FOUND at iteration 37: -82805.680
Iteration 40 / LogL: -82988.379 / Time: 0h:3m:36s (0h:8m:58s left)
Iteration 50 / LogL: -82819.923 / Time: 0h:4m:12s (0h:7m:26s left)
Estimate model parameters (epsilon = 0.100)
BETTER TREE FOUND at iteration 51: -82790.207
Estimate model parameters (epsilon = 0.100)
BETTER TREE FOUND at iteration 56: -82750.031
Iteration 60 / LogL: -82878.638 / Time: 0h:4m:52s (0h:7m:54s left)
Iteration 70 / LogL: -82963.122 / Time: 0h:5m:34s (0h:6m:56s left)
Iteration 80 / LogL: -82910.267 / Time: 0h:6m:14s (0h:5m:59s left)
Iteration 90 / LogL: -82962.418 / Time: 0h:6m:52s (0h:5m:5s left)
Iteration 100 / LogL: -83228.860 / Time: 0h:7m:27s (0h:4m:12s left)
Iteration 110 / LogL: -82794.324 / Time: 0h:8m:10s (0h:3m:26s left)
Iteration 120 / LogL: -82889.865 / Time: 0h:8m:46s (0h:2m:39s left)
Iteration 130 / LogL: -82793.182 / Time: 0h:9m:22s (0h:1m:53s left)
Iteration 140 / LogL: -83146.450 / Time: 0h:10m:3s (0h:1m:9s left)
Iteration 150 / LogL: -83058.184 / Time: 0h:12m:33s (0h:0m:30s left)
TREE SEARCH COMPLETED AFTER 157 ITERATIONS / Time: 0h:12m:57s

--------------------------------------------------------------------
|                    FINALIZING TREE SEARCH                        |
--------------------------------------------------------------------
Performs final model parameters optimization
Estimate model parameters (epsilon = 0.010)
1. Initial log-likelihood: -82750.031
Optimal log-likelihood: -82750.031
Rate parameters:  A-C: 1.00000  A-G: 2.75374  A-T: 1.00000  C-G: 1.00000  C-T: 2.75374  G-T: 1.00000
Base frequencies:  A: 0.262  C: 0.219  G: 0.301  T: 0.219
Gamma shape alpha: 0.190
Parameters optimization took 1 rounds (0.507 sec)
BEST SCORE FOUND : -82750.031
Total tree length: 10.208

Total number of iterations: 157
CPU time used for tree search: 5445.663 sec (1h:30m:45s)
Wall-clock time used for tree search: 769.497 sec (0h:12m:49s)
Total CPU time used: 5508.032 sec (1h:31m:48s)
Total wall-clock time used: 778.379 sec (0h:12m:58s)

Analysis results written to: 
  IQ-TREE report:                ./024_results/Pseudomonas.fasta.iqtree
  Maximum-likelihood tree:       ./024_results/Pseudomonas.fasta.treefile
  Likelihood distances:          ./024_results/Pseudomonas.fasta.mldist
  Screen log file:               ./024_results/Pseudomonas.fasta.log

Date and Time: Tue Sep 10 15:23:41 2019
