IQ-TREE multicore version 1.6.12 for Linux 64-bit built Aug 15 2019
Developed by Bui Quang Minh, Nguyen Lam Tung, Olga Chernomor,
Heiko Schmidt, Dominik Schrempf, Michael Woodhams.

Host:    n114312.nbi.ac.uk (AVX2, FMA3, 15 GB RAM)
Command: iqtree -s ./024_results/Staphylococcus.fasta -nt 8 -m HKY+G
Seed:    894278 (Using SPRNG - Scalable Parallel Random Number Generator)
Time:    Mon Sep  9 11:13:14 2019
Kernel:  AVX+FMA - 8 threads (8 CPU cores detected)

Reading alignment file ./024_results/Staphylococcus.fasta ... Fasta format detected
Alignment most likely contains DNA/RNA sequences
Alignment has 456 sequences with 6895 columns, 1885 distinct patterns
1417 parsimony-informative, 1121 singleton sites, 4357 constant sites
                                              Gap/Ambiguity  Composition  p-value
   1  Staphylococcus.aureus.000011265.00             27.96%    passed     99.66%
   2  Staphylococcus.aureus.000011265.02             24.37%    passed     97.28%
   3  Staphylococcus.aureus.000011265.03             24.42%    passed     51.38%
   4  Staphylococcus.aureus.000011265.04             26.21%    passed     87.94%
   5  Staphylococcus.aureus.000025145.00             25.48%    passed     99.68%
   6  Staphylococcus.aureus.000025145.01             13.36%    passed     52.91%
   7  Staphylococcus.aureus.000025145.02             25.48%    passed     99.53%
   8  Staphylococcus.aureus.000025145.04             25.54%    passed     70.99%
   9  Staphylococcus.aureus.000025145.05             25.54%    passed     72.43%
  10  Staphylococcus.aureus.000253135.00             25.50%    passed     99.56%
  11  Staphylococcus.aureus.000253135.01             13.36%    passed     51.79%
  12  Staphylococcus.aureus.000253135.02             27.08%    passed     92.89%
  13  Staphylococcus.aureus.000253135.03             25.55%    passed     71.71%
  14  Staphylococcus.aureus.000253135.04             25.55%    passed     73.16%
  15  Staphylococcus.aureus.000382985.00             25.57%    passed     99.51%
  16  Staphylococcus.aureus.000382985.01             12.70%    passed     45.56%
  17  Staphylococcus.aureus.000382985.02             25.51%    passed     99.19%
  18  Staphylococcus.aureus.000382985.03             25.55%    passed     70.21%
  19  Staphylococcus.aureus.000382985.04             25.55%    passed     71.71%
  20  Staphylococcus.aureus.000695215.00             25.95%    passed     75.49%
  21  Staphylococcus.aureus.000695215.02             25.48%    passed     99.33%
  22  Staphylococcus.aureus.000695215.03             24.18%    passed     41.26%
  23  Staphylococcus.aureus.000695215.04             27.05%    passed     91.38%
  24  Staphylococcus.aureus.000815165.00             27.08%    passed     91.56%
  25  Staphylococcus.aureus.000815165.01             22.77%    passed     92.97%
  26  Staphylococcus.aureus.000815165.02             25.48%    passed     99.54%
  27  Staphylococcus.aureus.000815165.03             24.26%    passed     38.70%
  28  Staphylococcus.aureus.000815165.04             24.44%    passed     49.17%
  29  Staphylococcus.aureus.001019275.00             24.45%    passed     48.25%
  30  Staphylococcus.aureus.001019275.01             27.08%    passed     91.52%
  31  Staphylococcus.aureus.001019275.02             27.08%    passed     91.76%
  32  Staphylococcus.aureus.001019275.04             25.50%    passed     99.56%
  33  Staphylococcus.aureus.001307235.00             26.13%    passed     96.40%
  34  Staphylococcus.aureus.001307235.01             25.53%    passed     74.80%
  35  Staphylococcus.aureus.001307235.02             27.28%    passed     97.06%
  36  Staphylococcus.aureus.001307235.03             27.06%    passed     93.79%
  37  Staphylococcus.aureus.001558795.00             25.50%    passed     99.33%
  38  Staphylococcus.aureus.001558795.01             25.55%    passed     70.07%
  39  Staphylococcus.aureus.001558795.02             25.55%    passed     76.13%
  40  Staphylococcus.aureus.001558795.03             27.98%    passed     99.76%
  41  Staphylococcus.aureus.001611425.00             25.54%    passed     75.44%
  42  Staphylococcus.aureus.001611425.02             24.37%    passed     97.39%
  43  Staphylococcus.aureus.001611425.03             24.42%    passed     45.53%
  44  Staphylococcus.aureus.001611425.04             24.42%    passed     47.02%
  45  Staphylococcus.aureus.001618305.00             26.15%    passed     96.44%
  46  Staphylococcus.aureus.001618305.01             26.21%    passed     86.89%
  47  Staphylococcus.aureus.001618305.02             12.10%    passed     29.18%
  48  Staphylococcus.aureus.001618305.03             26.15%    passed     96.44%
  49  Staphylococcus.aureus.001618305.04             26.15%    passed     96.44%
  50  Staphylococcus.aureus.001656045.00             24.42%    passed     47.02%
  51  Staphylococcus.aureus.001656045.01             24.37%    passed     98.16%
  52  Staphylococcus.aureus.001656045.03             25.54%    passed     74.04%
  53  Staphylococcus.aureus.001656045.04             24.42%    passed     47.02%
  54  Staphylococcus.aureus.001900185.00             27.06%    passed     90.79%
  55  Staphylococcus.aureus.001900185.01             12.94%    passed     33.81%
  56  Staphylococcus.aureus.001900185.02             25.47%    passed     99.45%
  57  Staphylococcus.aureus.001900185.03             24.39%    passed     48.50%
  58  Staphylococcus.aureus.001900185.04             25.66%    passed     94.02%
  59  Staphylococcus.aureus.001956815.00             27.06%    passed     90.65%
  60  Staphylococcus.aureus.001956815.01             13.34%    passed     49.71%
  61  Staphylococcus.aureus.001956815.02             25.48%    passed     99.54%
  62  Staphylococcus.aureus.001956815.03             25.48%    passed     99.57%
  63  Staphylococcus.aureus.001956815.04             27.96%    passed     99.72%
  64  Staphylococcus.aureus.002000605.00             27.06%    passed     90.65%
  65  Staphylococcus.aureus.002000605.01             13.34%    passed     49.99%
  66  Staphylococcus.aureus.002000605.02             25.48%    passed     99.54%
  67  Staphylococcus.aureus.002000605.03             25.48%    passed     99.57%
  68  Staphylococcus.aureus.002000605.04             27.96%    passed     99.72%
  69  Staphylococcus.aureus.002000685.00             27.06%    passed     90.65%
  70  Staphylococcus.aureus.002000685.01             13.34%    passed     49.99%
  71  Staphylococcus.aureus.002000685.02             25.48%    passed     99.54%
  72  Staphylococcus.aureus.002000685.03             25.48%    passed     99.57%
  73  Staphylococcus.aureus.002000685.04             27.96%    passed     99.72%
  74  Staphylococcus.aureus.002000725.00             27.06%    passed     90.65%
  75  Staphylococcus.aureus.002000725.01             13.34%    passed     49.99%
  76  Staphylococcus.aureus.002000725.02             25.48%    passed     99.54%
  77  Staphylococcus.aureus.002000725.03             25.48%    passed     99.57%
  78  Staphylococcus.aureus.002000725.04             27.96%    passed     99.72%
  79  Staphylococcus.aureus.002000745.00             27.06%    passed     90.65%
  80  Staphylococcus.aureus.002000745.01             13.34%    passed     49.99%
  81  Staphylococcus.aureus.002000745.02             25.48%    passed     99.54%
  82  Staphylococcus.aureus.002000745.03             25.48%    passed     99.57%
  83  Staphylococcus.aureus.002000745.04             27.96%    passed     99.72%
  84  Staphylococcus.aureus.002000825.00             27.06%    passed     90.65%
  85  Staphylococcus.aureus.002000825.01             13.34%    passed     49.99%
  86  Staphylococcus.aureus.002000825.02             25.48%    passed     99.54%
  87  Staphylococcus.aureus.002000825.03             25.48%    passed     99.57%
  88  Staphylococcus.aureus.002000825.04             27.96%    passed     99.72%
  89  Staphylococcus.aureus.002140115.00             27.73%    passed     99.12%
  90  Staphylococcus.aureus.002140115.02             25.48%    passed     99.32%
  91  Staphylococcus.aureus.002140115.03             24.42%    passed     46.64%
  92  Staphylococcus.aureus.002140115.04             24.42%    passed     45.19%
  93  Staphylococcus.aureus.002202095.00             26.21%    passed     92.79%
  94  Staphylococcus.aureus.002202095.02             25.47%    passed     99.17%
  95  Staphylococcus.aureus.002202095.03             27.05%    passed     95.24%
  96  Staphylococcus.aureus.002202095.04             25.29%    passed     72.19%
  97  Staphylococcus.aureus.002786535.00             25.96%    passed     75.88%
  98  Staphylococcus.aureus.002786535.02             25.50%    passed     99.26%
  99  Staphylococcus.aureus.002786535.03             24.19%    passed     41.83%
 100  Staphylococcus.aureus.002786535.04             27.06%    passed     91.01%
 101  Staphylococcus.aureus.002895385.00             25.50%    passed     99.29%
 102  Staphylococcus.aureus.002895385.01             13.36%    passed     50.51%
 103  Staphylococcus.aureus.002895385.02             27.08%    passed     92.64%
 104  Staphylococcus.aureus.002895385.03             24.44%    passed     52.38%
 105  Staphylococcus.aureus.002895385.04             24.42%    passed     46.47%
 106  Staphylococcus.aureus.003030065.00             27.06%    passed     95.43%
 107  Staphylococcus.aureus.003030065.01             25.98%    passed     88.36%
 108  Staphylococcus.aureus.003030065.02             26.25%    passed     94.70%
 109  Staphylococcus.aureus.003030065.04             26.16%    passed     96.56%
 110  Staphylococcus.aureus.003031425.00             26.22%    passed     93.11%
 111  Staphylococcus.aureus.003031425.02             25.48%    passed     99.23%
 112  Staphylococcus.aureus.003031425.03             27.06%    passed     95.43%
 113  Staphylococcus.aureus.003031425.04             25.98%    passed     92.27%
 114  Staphylococcus.aureus.003111725.00             27.08%    passed     90.95%
 115  Staphylococcus.aureus.003111725.02             25.48%    passed     99.47%
 116  Staphylococcus.aureus.003111725.03             26.19%    passed     84.27%
 117  Staphylococcus.aureus.003111725.04             24.44%    passed     49.17%
 118  Staphylococcus.aureus.003193665.01             27.74%    passed     99.16%
 119  Staphylococcus.aureus.003193665.02             24.44%    passed     42.62%
 120  Staphylococcus.aureus.003193665.03             24.21%    passed     41.98%
 121  Staphylococcus.aureus.003193665.04             24.38%    passed     98.31%
 122  Staphylococcus.aureus.003193965.00             28.06%    passed     99.64%
 123  Staphylococcus.aureus.003193965.01             28.05%    passed     99.78%
 124  Staphylococcus.aureus.003193965.02             25.61%    passed     99.39%
 125  Staphylococcus.aureus.003193965.04             27.12%    passed     91.45%
 126  Staphylococcus.aureus.900096745.00             24.51%    passed     44.48%
 127  Staphylococcus.aureus.900096745.02             25.53%    passed     99.29%
 128  Staphylococcus.aureus.900096745.03             25.57%    passed     65.65%
 129  Staphylococcus.aureus.900096745.04             27.16%    passed     88.98%
 130  Staphylococcus.aureus.900474725.00             27.08%    passed     91.11%
 131  Staphylococcus.aureus.900474725.02             25.48%    passed     99.68%
 132  Staphylococcus.aureus.900474725.03             26.19%    passed     81.78%
 133  Staphylococcus.aureus.900474725.04             24.44%    passed     48.98%
 134  Staphylococcus.aureus.900475245.00             27.08%    passed     91.76%
 135  Staphylococcus.aureus.900475245.02             25.50%    passed     99.61%
 136  Staphylococcus.aureus.900475245.03             24.44%    passed     48.88%
 137  Staphylococcus.aureus.900475245.04             27.08%    passed     91.52%
 138  Staphylococcus.aureus.900478245.00             26.22%    passed     92.36%
 139  Staphylococcus.aureus.900478245.01             11.59%    passed     30.65%
 140  Staphylococcus.aureus.900478245.02             25.48%    passed     99.32%
 141  Staphylococcus.aureus.900478245.03             27.05%    passed     95.72%
 142  Staphylococcus.aureus.900478245.04             25.98%    passed     92.27%
 143  Staphylococcus.carnosus.000009405.00           28.85%    passed     44.10%
 144  Staphylococcus.carnosus.000009405.01           14.69%    passed     40.33%
 145  Staphylococcus.carnosus.000009405.02           26.12%    passed     53.12%
 146  Staphylococcus.carnosus.000009405.03           31.43%    passed     22.27%
 147  Staphylococcus.carnosus.000009405.04           27.51%    passed     52.91%
 148  Staphylococcus.carnosus.001701005.00           28.82%    passed     51.95%
 149  Staphylococcus.carnosus.001701005.01           31.43%    passed     28.84%
 150  Staphylococcus.carnosus.001701005.02           26.12%    passed     47.04%
 151  Staphylococcus.carnosus.001701005.04           28.82%    passed     53.47%
 152  Staphylococcus.epidermidis.000007645.00        25.87%    passed     85.02%
 153  Staphylococcus.epidermidis.000007645.01        28.59%    passed     93.91%
 154  Staphylococcus.epidermidis.000007645.02        28.66%    passed     92.20%
 155  Staphylococcus.epidermidis.000007645.03        13.49%    passed     43.93%
 156  Staphylococcus.epidermidis.000007645.04        28.61%    passed     88.88%
 157  Staphylococcus.epidermidis.000011925.00        28.59%    passed     94.73%
 158  Staphylococcus.epidermidis.000011925.02        25.87%    passed     86.49%
 159  Staphylococcus.epidermidis.000011925.03        28.60%    passed     92.73%
 160  Staphylococcus.epidermidis.000011925.04        28.61%    passed     93.34%
 161  Staphylococcus.epidermidis.000751035.00        25.87%    passed     86.49%
 162  Staphylococcus.epidermidis.000751035.01        28.60%    passed     95.08%
 163  Staphylococcus.epidermidis.000751035.02        28.61%    passed     92.65%
 164  Staphylococcus.epidermidis.000751035.04        28.53%    passed     94.18%
 165  Staphylococcus.epidermidis.000759555.00        25.89%    passed     85.84%
 166  Staphylococcus.epidermidis.000759555.01        28.63%    passed     95.65%
 167  Staphylococcus.epidermidis.000759555.02        28.63%    passed     93.81%
 168  Staphylococcus.epidermidis.000759555.03        28.57%    passed     94.34%
 169  Staphylococcus.epidermidis.002085695.00        28.61%    passed     91.44%
 170  Staphylococcus.epidermidis.002085695.01        28.59%    passed     94.48%
 171  Staphylococcus.epidermidis.002085695.02        25.86%    passed     80.94%
 172  Staphylococcus.epidermidis.002085695.04        28.60%    passed     93.39%
 173  Staphylococcus.epidermidis.002215535.00        28.61%    passed     92.21%
 174  Staphylococcus.epidermidis.002215535.01        28.60%    passed     95.16%
 175  Staphylococcus.epidermidis.002215535.02        25.84%    passed     87.61%
 176  Staphylococcus.epidermidis.002215535.04        28.61%    passed     94.16%
 177  Staphylococcus.epidermidis.002850315.00        28.60%    passed     92.42%
 178  Staphylococcus.epidermidis.002850315.02        25.89%    passed     82.27%
 179  Staphylococcus.epidermidis.002850315.03        28.61%    passed     95.14%
 180  Staphylococcus.epidermidis.002850315.04        28.63%    passed     92.84%
 181  Staphylococcus.epidermidis.002944995.00        25.89%    passed     82.27%
 182  Staphylococcus.epidermidis.002944995.01        28.61%    passed     92.16%
 183  Staphylococcus.epidermidis.002944995.02        28.63%    passed     92.13%
 184  Staphylococcus.epidermidis.002944995.03        28.60%    passed     95.03%
 185  Staphylococcus.epidermidis.002954055.00        28.63%    passed     94.85%
 186  Staphylococcus.epidermidis.002954055.02        25.89%    passed     86.92%
 187  Staphylococcus.epidermidis.002954055.03        28.61%    passed     96.44%
 188  Staphylococcus.epidermidis.002954055.04        28.61%    passed     93.38%
 189  Staphylococcus.epidermidis.900086615.00        28.59%    passed     95.29%
 190  Staphylococcus.epidermidis.900086615.01        13.44%    passed     44.45%
 191  Staphylococcus.epidermidis.900086615.02        25.87%    passed     83.89%
 192  Staphylococcus.epidermidis.900086615.03        28.60%    passed     95.58%
 193  Staphylococcus.epidermidis.900086615.04        28.61%    passed     92.37%
 194  Staphylococcus.haemolyticus.000009865.00       27.50%    passed     96.48%
 195  Staphylococcus.haemolyticus.000009865.01       26.03%    passed     73.06%
 196  Staphylococcus.haemolyticus.000009865.02       25.84%    passed     96.77%
 197  Staphylococcus.haemolyticus.000009865.03       13.18%    passed     52.69%
 198  Staphylococcus.haemolyticus.000009865.04       27.51%    passed     97.03%
 199  Staphylococcus.haemolyticus.001611955.00       27.51%    passed     97.12%
 200  Staphylococcus.haemolyticus.001611955.02       25.84%    passed     97.68%
 201  Staphylococcus.haemolyticus.001611955.03       26.03%    passed     76.76%
 202  Staphylococcus.haemolyticus.001611955.04       27.51%    passed     97.55%
 203  Staphylococcus.haemolyticus.002906595.00       27.54%    passed     97.46%
 204  Staphylococcus.haemolyticus.002906595.01       26.05%    passed     80.62%
 205  Staphylococcus.haemolyticus.002906595.02       25.87%    passed     97.50%
 206  Staphylococcus.haemolyticus.002906595.04       27.54%    passed     96.68%
 207  Staphylococcus.haemolyticus.002906615.00       27.54%    passed     97.29%
 208  Staphylococcus.haemolyticus.002906615.01       26.05%    passed     79.95%
 209  Staphylococcus.haemolyticus.002906615.02       25.93%    passed     98.57%
 210  Staphylococcus.haemolyticus.002906615.04       27.54%    passed     97.40%
 211  Staphylococcus.haemolyticus.002952715.00       27.54%    passed     96.39%
 212  Staphylococcus.haemolyticus.002952715.01       27.54%    passed     95.97%
 213  Staphylococcus.haemolyticus.002952715.03       25.86%    passed     96.43%
 214  Staphylococcus.haemolyticus.002952715.04       26.08%    passed     76.63%
 215  Staphylococcus.hyicus.000816085.00             24.34%    passed     88.52%
 216  Staphylococcus.hyicus.000816085.01             25.66%    passed     91.09%
 217  Staphylococcus.hyicus.000816085.02             21.99%    passed     92.15%
 218  Staphylococcus.hyicus.000816085.04             26.16%    passed     88.76%
 219  Staphylococcus.hyicus.900474585.00             24.35%    passed     87.63%
 220  Staphylococcus.hyicus.900474585.01             25.67%    passed     90.30%
 221  Staphylococcus.hyicus.900474585.02             22.00%    passed     91.43%
 222  Staphylococcus.hyicus.900474585.04             26.18%    passed     87.86%
 223  Staphylococcus.simulans.001559115.00           28.83%    passed     61.86%
 224  Staphylococcus.simulans.001559115.01           31.50%    passed     46.15%
 225  Staphylococcus.simulans.001559115.02           26.32%    passed     47.24%
 226  Staphylococcus.simulans.001559115.04           28.85%    passed     67.09%
 227  Staphylococcus.simulans.002386185.00           26.34%    passed     59.42%
 228  Staphylococcus.simulans.002386185.01           31.50%    passed     43.19%
 229  Staphylococcus.simulans.002386185.02           28.88%    passed     64.41%
 230  Staphylococcus.simulans.002386185.03           28.86%    passed     65.63%
 231  Staphylococcus.simulans.003006055.00           28.86%    passed     53.57%
 232  Staphylococcus.simulans.003006055.01           31.49%    passed     41.38%
 233  Staphylococcus.simulans.003006055.02           26.32%    passed     55.78%
 234  Staphylococcus.simulans.003006055.04           28.86%    passed     60.26%
 235  Staphylococcus.simulans.003006075.00           28.86%    passed     53.57%
 236  Staphylococcus.simulans.003006075.01           31.49%    passed     41.38%
 237  Staphylococcus.simulans.003006075.02           26.32%    passed     55.78%
 238  Staphylococcus.simulans.003006075.04           28.85%    passed     59.61%
 239  Staphylococcus.simulans.003076375.00           28.86%    passed     53.57%
 240  Staphylococcus.simulans.003076375.01           31.49%    passed     41.38%
 241  Staphylococcus.simulans.003076375.02           26.32%    passed     55.78%
 242  Staphylococcus.simulans.003076375.04           28.85%    passed     59.61%
 243  Staphylococcus.simulans.003096155.00           28.86%    passed     53.57%
 244  Staphylococcus.simulans.003096155.01           31.49%    passed     41.38%
 245  Staphylococcus.simulans.003096155.02           26.32%    passed     55.78%
 246  Staphylococcus.simulans.003096155.04           28.85%    passed     59.61%
 247  Staphylococcus.simulans.900474685.00           28.88%    passed     57.76%
 248  Staphylococcus.simulans.900474685.01           31.50%    passed     40.24%
 249  Staphylococcus.simulans.900474685.02           26.32%    passed     53.12%
 250  Staphylococcus.simulans.900474685.04           28.83%    passed     68.27%
 251  Staphylococcus.xylosus.000706685.01            25.42%    passed     97.47%
 252  Staphylococcus.xylosus.000706685.02            25.42%    passed     97.47%
 253  Staphylococcus.xylosus.000706685.03            25.42%    passed     97.68%
 254  Staphylococcus.xylosus.000706685.04            25.42%    passed     97.47%
 255  Staphylococcus.xylosus.000709415.00            28.06%    passed     96.23%
 256  Staphylococcus.xylosus.000709415.01            28.14%    passed     97.13%
 257  Staphylococcus.xylosus.000709415.02            25.42%    passed     97.24%
 258  Staphylococcus.xylosus.000953575.00            28.06%    passed     96.59%
 259  Staphylococcus.xylosus.000953575.01            28.09%    passed     96.68%
 260  Staphylococcus.xylosus.000953575.02            25.41%    passed     98.26%
 261  Staphylococcus.xylosus.000953575.03            12.44%    passed     49.89%
 262  Staphylococcus.xylosus.002078255.00            25.42%    passed     97.04%
 263  Staphylococcus.xylosus.002078255.01            28.08%    passed     96.30%
 264  Staphylococcus.xylosus.002078255.02            28.08%    passed     96.30%
 265  Staphylococcus.warneri.000332735.00            26.89%    passed     91.86%
 266  Staphylococcus.warneri.000332735.01            26.89%    passed     91.62%
 267  Staphylococcus.warneri.000332735.02            26.89%    passed     91.86%
 268  Staphylococcus.warneri.000332735.03            12.92%    passed     61.58%
 269  Staphylococcus.warneri.000332735.04            26.89%    passed     92.99%
 270  Staphylococcus.muscae.003019275.00             24.48%    passed     93.61%
 271  Staphylococcus.muscae.003019275.01             25.29%    passed     85.45%
 272  Staphylococcus.muscae.003019275.02             25.29%    passed     85.43%
 273  Staphylococcus.muscae.003019275.03             27.57%    passed     90.92%
 274  Staphylococcus.muscae.900187005.00             27.56%    passed     91.56%
 275  Staphylococcus.muscae.900187005.02             24.47%    passed     94.16%
 276  Staphylococcus.muscae.900187005.03             25.29%    passed     86.61%
 277  Staphylococcus.muscae.900187005.04             25.28%    passed     85.82%
 278  Staphylococcus.schleiferi.001188855.00         28.82%    passed     63.90%
 279  Staphylococcus.schleiferi.001188855.01         28.75%    passed     60.32%
 280  Staphylococcus.schleiferi.001188855.02         25.80%    passed     60.37%
 281  Staphylococcus.schleiferi.001188855.04         28.67%    passed     65.26%
 282  Staphylococcus.schleiferi.001188875.00         28.76%    passed     59.04%
 283  Staphylococcus.schleiferi.001188875.01         28.76%    passed     59.65%
 284  Staphylococcus.schleiferi.001188875.02         25.80%    passed     58.46%
 285  Staphylococcus.schleiferi.001188875.03         13.73%    passed     44.10%
 286  Staphylococcus.schleiferi.001188875.04         28.64%    passed     66.07%
 287  Staphylococcus.schleiferi.001188895.00         28.76%    passed     62.00%
 288  Staphylococcus.schleiferi.001188895.01         28.77%    passed     60.07%
 289  Staphylococcus.schleiferi.001188895.02         25.80%    passed     60.04%
 290  Staphylococcus.schleiferi.001188895.04         28.64%    passed     66.04%
 291  Staphylococcus.schleiferi.001188915.00         28.77%    passed     61.64%
 292  Staphylococcus.schleiferi.001188915.01         28.75%    passed     56.99%
 293  Staphylococcus.schleiferi.001188915.02         25.80%    passed     60.03%
 294  Staphylococcus.schleiferi.001188915.04         28.64%    passed     64.62%
 295  Staphylococcus.schleiferi.001548255.00         28.73%    passed     58.24%
 296  Staphylococcus.schleiferi.001548255.01         28.73%    passed     56.94%
 297  Staphylococcus.schleiferi.001548255.02         25.77%    passed     59.99%
 298  Staphylococcus.schleiferi.001548255.03         15.03%    passed     47.82%
 299  Staphylococcus.schleiferi.001548255.04         28.63%    passed     62.75%
 300  Staphylococcus_A.sciuri.002209165.00           25.13%    passed     92.00%
 301  Staphylococcus_A.sciuri.002209165.01           26.86%    passed     96.02%
 302  Staphylococcus_A.sciuri.002209165.02           25.80%    passed     95.24%
 303  Staphylococcus_A.sciuri.002209165.04           28.53%    passed     95.49%
 304  Staphylococcus_A.sciuri.900474615.00           26.86%    passed     96.42%
 305  Staphylococcus_A.sciuri.900474615.01           28.53%    passed     94.99%
 306  Staphylococcus_A.sciuri.900474615.02           25.80%    passed     94.60%
 307  Staphylococcus_A.sciuri.900474615.04           28.53%    passed     94.70%
 308  Staphylococcus.lugdunensis.000025085.00        25.37%    passed     87.68%
 309  Staphylococcus.lugdunensis.000025085.01        24.34%    passed     73.45%
 310  Staphylococcus.lugdunensis.000025085.02        23.93%    passed     99.85%
 311  Staphylococcus.lugdunensis.000025085.04        24.34%    passed     70.39%
 312  Staphylococcus.lugdunensis.000270465.00        25.38%    passed     87.30%
 313  Staphylococcus.lugdunensis.000270465.01        24.38%    passed     68.93%
 314  Staphylococcus.lugdunensis.000270465.04        10.69%    passed     57.82%
 315  Staphylococcus.lugdunensis.000270465.05        24.42%    passed     67.57%
 316  Staphylococcus.lugdunensis.001558775.01        25.35%    passed     86.57%
 317  Staphylococcus.lugdunensis.001558775.02        25.35%    passed     86.18%
 318  Staphylococcus.lugdunensis.001558775.03        25.35%    passed     81.37%
 319  Staphylococcus.lugdunensis.001558775.04        22.87%    passed     98.81%
 320  Staphylococcus.lugdunensis.001558815.00        23.94%    passed     99.71%
 321  Staphylococcus.lugdunensis.001558815.01        25.41%    passed     90.26%
 322  Staphylococcus.lugdunensis.001558815.02        25.41%    passed     86.72%
 323  Staphylococcus.lugdunensis.001558815.03        24.35%    passed     73.41%
 324  Staphylococcus.lugdunensis.002073395.00        25.38%    passed     89.05%
 325  Staphylococcus.lugdunensis.002073395.01        24.35%    passed     73.03%
 326  Staphylococcus.lugdunensis.002073395.02        23.93%    passed     99.93%
 327  Staphylococcus.lugdunensis.002073395.03        11.40%    passed     74.01%
 328  Staphylococcus.lugdunensis.002073395.04        25.40%    passed     86.72%
 329  Staphylococcus.lugdunensis.002250095.00        25.35%    passed     85.40%
 330  Staphylococcus.lugdunensis.002250095.01        25.35%    passed     80.54%
 331  Staphylococcus.lugdunensis.002250095.02        22.87%    passed     98.61%
 332  Staphylococcus.lugdunensis.002250095.03        11.36%    passed     72.99%
 333  Staphylococcus.lugdunensis.002250095.04        11.62%    passed     72.50%
 334  Staphylococcus.lugdunensis.002250095.05        25.35%    passed     87.51%
 335  Staphylococcus.lugdunensis.002407165.00        25.38%    passed     85.50%
 336  Staphylococcus.lugdunensis.002407165.01        25.37%    passed     79.36%
 337  Staphylococcus.lugdunensis.002407165.02        22.90%    passed     98.15%
 338  Staphylococcus.lugdunensis.002407165.04        25.37%    passed     87.18%
 339  Staphylococcus.lugdunensis.002591215.01        25.35%    passed     87.51%
 340  Staphylococcus.lugdunensis.002591215.02        25.35%    passed     85.46%
 341  Staphylococcus.lugdunensis.002591215.03        25.38%    passed     80.14%
 342  Staphylococcus.lugdunensis.002591215.04        22.87%    passed     98.61%
 343  Staphylococcus.lugdunensis.900474705.00        25.40%    passed     85.42%
 344  Staphylococcus.lugdunensis.900474705.01        25.38%    passed     87.74%
 345  Staphylococcus.lugdunensis.900474705.02        24.70%    passed     99.59%
 346  Staphylococcus.lugdunensis.900474705.04        25.40%    passed     86.08%
 347  Staphylococcus.lugdunensis.900478255.00        25.38%    passed     89.05%
 348  Staphylococcus.lugdunensis.900478255.01        24.35%    passed     73.03%
 349  Staphylococcus.lugdunensis.900478255.02        23.93%    passed     99.93%
 350  Staphylococcus.lugdunensis.900478255.03        11.39%    passed     73.64%
 351  Staphylococcus.lugdunensis.900478255.04        25.40%    passed     86.72%
 352  Staphylococcus.saprophyticus.000010125.00      28.14%    passed     97.33%
 353  Staphylococcus.saprophyticus.000010125.01      28.15%    passed     98.29%
 354  Staphylococcus.saprophyticus.000010125.02      25.50%    passed     94.22%
 355  Staphylococcus.saprophyticus.000010125.04      28.15%    passed     98.29%
 356  Staphylococcus.saprophyticus.001558275.01      28.17%    passed     98.62%
 357  Staphylococcus.saprophyticus.001558275.02      28.17%    passed     98.34%
 358  Staphylococcus.saprophyticus.001558275.03      28.17%    passed     97.92%
 359  Staphylococcus.saprophyticus.001558275.04      25.51%    passed     93.09%
 360  Staphylococcus.saprophyticus.001558375.00      28.18%    passed     98.26%
 361  Staphylococcus.saprophyticus.001558375.01      28.17%    passed     98.23%
 362  Staphylococcus.saprophyticus.001558375.02      25.51%    passed     92.29%
 363  Staphylococcus.saprophyticus.001558375.04      28.17%    passed     98.00%
 364  Staphylococcus.saprophyticus.002208905.01      28.17%    passed     98.25%
 365  Staphylococcus.saprophyticus.002208905.02      28.17%    passed     97.75%
 366  Staphylococcus.saprophyticus.002208905.03      28.17%    passed     98.23%
 367  Staphylococcus.saprophyticus.002208905.04      25.51%    passed     93.67%
 368  Staphylococcus.saprophyticus.002209265.00      25.53%    passed     93.64%
 369  Staphylococcus.saprophyticus.002209265.02      28.17%    passed     98.11%
 370  Staphylococcus.saprophyticus.002209265.03      28.15%    passed     97.13%
 371  Staphylococcus.saprophyticus.002209265.04      28.19%    passed     98.27%
 372  Staphylococcus.saprophyticus.900240075.00      33.28%    failed      0.00%
 373  Staphylococcus.capitis.001028645.00            25.44%    passed     82.15%
 374  Staphylococcus.capitis.001028645.01            28.15%    passed     83.34%
 375  Staphylococcus.capitis.001028645.02            28.93%    passed     71.96%
 376  Staphylococcus.capitis.001028645.03            28.92%    passed     72.10%
 377  Staphylococcus.capitis.002356175.00            27.06%    passed     97.93%
 378  Staphylococcus.capitis.002356175.01            27.06%    passed     97.93%
 379  Staphylococcus.capitis.002356175.02            24.35%    passed     96.07%
 380  Staphylococcus.capitis.002356175.03            14.23%    passed     58.74%
 381  Staphylococcus.capitis.002356175.04            27.06%    passed     98.76%
 382  Staphylococcus.capitis.002591175.00            27.08%    passed     98.75%
 383  Staphylococcus.capitis.002591175.01            27.09%    passed     99.17%
 384  Staphylococcus.capitis.002591175.02            24.37%    passed     96.26%
 385  Staphylococcus.capitis.002591175.04            28.96%    passed     69.10%
 386  Staphylococcus.warneri.000494875.00            26.21%    passed     95.67%
 387  Staphylococcus.warneri.000494875.01            26.89%    passed     96.59%
 388  Staphylococcus.warneri.000494875.02            27.50%    passed     97.76%
 389  Staphylococcus.warneri.000494875.03            26.21%    passed     97.43%
 390  Staphylococcus.warneri.000494875.04            12.94%    passed     66.11%
 391  Staphylococcus.condimenti.001618885.00         26.12%    passed     35.97%
 392  Staphylococcus.condimenti.001618885.02         28.83%    passed     34.40%
 393  Staphylococcus.condimenti.001618885.03         28.82%    passed     38.94%
 394  Staphylococcus.condimenti.001618885.04         31.43%    passed     19.88%
 395  Staphylococcus.condimenti.001922405.00         28.83%    passed     36.54%
 396  Staphylococcus.condimenti.001922405.01         31.44%    passed     13.77%
 397  Staphylococcus.condimenti.001922405.02         26.12%    passed     26.81%
 398  Staphylococcus.condimenti.001922405.03         13.31%    passed     31.39%
 399  Staphylococcus.condimenti.001922405.04         28.83%    passed     35.61%
 400  Staphylococcus.nepalensis.002442895.00         28.19%    passed     99.05%
 401  Staphylococcus.nepalensis.002442895.01         28.19%    passed     99.59%
 402  Staphylococcus.nepalensis.002442895.02         25.45%    passed     99.53%
 403  Staphylococcus.nepalensis.002442895.04         28.19%    passed     98.95%
 404  Staphylococcus.nepalensis.002442935.00         28.19%    passed     99.36%
 405  Staphylococcus.nepalensis.002442935.01         28.19%    passed     99.62%
 406  Staphylococcus.nepalensis.002442935.02         25.45%    passed     99.68%
 407  Staphylococcus.nepalensis.002442935.03         13.84%    passed     53.15%
 408  Staphylococcus.nepalensis.003097555.00         28.21%    passed     97.90%
 409  Staphylococcus.nepalensis.003097555.01         28.21%    passed     99.17%
 410  Staphylococcus.nepalensis.003097555.02         25.47%    passed     99.87%
 411  Staphylococcus.nepalensis.003097555.04         28.21%    passed     98.06%
 412  Staphylococcus.equorum_B.001432245.00          28.06%    passed     92.34%
 413  Staphylococcus.equorum_B.001432245.01          28.06%    passed     91.06%
 414  Staphylococcus.equorum_B.001432245.03          25.31%    passed     96.09%
 415  Staphylococcus.equorum_B.001432245.04          28.08%    passed     94.37%
 416  Staphylococcus.equorum_B.001432245.05          28.06%    passed     92.92%
 417  Staphylococcus.equorum_B.001682235.02          25.31%    passed     97.86%
 418  Staphylococcus.equorum_B.001682235.03          28.03%    passed     94.79%
 419  Staphylococcus.equorum_B.001682235.04          28.03%    passed     90.77%
 420  Staphylococcus.equorum_B.001683315.00          28.03%    passed     95.55%
 421  Staphylococcus.equorum_B.001683315.01          28.03%    passed     95.84%
 422  Staphylococcus.equorum_B.001683315.03          25.32%    passed     96.70%
 423  Staphylococcus.equorum_B.001683315.04          28.03%    passed     95.55%
 424  Staphylococcus.equorum_B.001683315.05          28.03%    passed     94.21%
 425  Staphylococcus.pseudintermedius.000185885.00   26.63%    passed     88.06%
 426  Staphylococcus.pseudintermedius.000185885.02   24.10%    passed     88.54%
 427  Staphylococcus.pseudintermedius.000185885.03   26.63%    passed     89.64%
 428  Staphylococcus.pseudintermedius.000185885.04   24.44%    passed     97.94%
 429  Staphylococcus.pseudintermedius.000189495.00   26.63%    passed     89.76%
 430  Staphylococcus.pseudintermedius.000189495.01   26.63%    passed     90.46%
 431  Staphylococcus.pseudintermedius.000189495.02   24.09%    passed     89.56%
 432  Staphylococcus.pseudintermedius.000189495.03   12.88%    passed     75.78%
 433  Staphylococcus.pseudintermedius.000189495.04   26.60%    passed     91.72%
 434  Staphylococcus.pseudintermedius.001682335.02   26.64%    passed     90.39%
 435  Staphylococcus.pseudintermedius.001682335.03   24.16%    passed     92.42%
 436  Staphylococcus.pseudintermedius.001682335.05   30.73%    passed     94.41%
 437  Staphylococcus.pseudintermedius.001682435.00   26.64%    passed     89.67%
 438  Staphylococcus.pseudintermedius.001682435.01   26.64%    passed     91.70%
 439  Staphylococcus.pseudintermedius.001682435.02   24.10%    passed     90.90%
 440  Staphylococcus.pseudintermedius.001682435.06   29.04%    passed     99.60%
 441  Staphylococcus.pseudintermedius.001685665.06   30.91%    passed     90.32%
 442  Staphylococcus.argenteus.000236925.00          26.86%    passed     87.61%
 443  Staphylococcus.argenteus.000236925.01          11.53%    passed     23.68%
 444  Staphylococcus.argenteus.000236925.02          25.42%    passed     99.32%
 445  Staphylococcus.argenteus.000236925.03          26.86%    passed     90.80%
 446  Staphylococcus.argenteus.000236925.04          26.92%    passed     90.69%
 447  Staphylococcus.argenteus.002812345.00          26.83%    passed     85.58%
 448  Staphylococcus.argenteus.002812345.01          11.57%    passed     28.50%
 449  Staphylococcus.argenteus.002812345.02          25.45%    passed     99.31%
 450  Staphylococcus.argenteus.002812345.03          27.99%    passed     98.81%
 451  Staphylococcus.argenteus.002812345.04          26.56%    passed     86.28%
 452  Staphylococcus.equorum_B.001663395.00          28.48%    passed     90.35%
 453  Staphylococcus.equorum_B.001663395.01          25.37%    passed     94.73%
 454  Staphylococcus.equorum_B.001663395.03          28.05%    passed     93.49%
 455  Staphylococcus.equorum_B.001663395.04          28.06%    passed     93.46%
 456  Staphylococcus.equorum_B.001663395.05          28.09%    passed     95.13%
****  TOTAL                                          25.73%  1 sequences failed composition chi2 test (p-value<5%; df=3)
NOTE: Staphylococcus.aureus.001956815.02 is identical to Staphylococcus.aureus.000815165.02 but kept for subsequent analysis
NOTE: Staphylococcus.aureus.900475245.04 is identical to Staphylococcus.aureus.001019275.01 but kept for subsequent analysis
NOTE: Staphylococcus.aureus.900475245.00 is identical to Staphylococcus.aureus.001019275.02 but kept for subsequent analysis
NOTE: Staphylococcus.aureus.001656045.00 is identical to Staphylococcus.aureus.001611425.04 but kept for subsequent analysis
NOTE: Staphylococcus.aureus.001618305.03 is identical to Staphylococcus.aureus.001618305.00 but kept for subsequent analysis
NOTE: Staphylococcus.aureus.002000605.00 is identical to Staphylococcus.aureus.001956815.00 but kept for subsequent analysis
NOTE: Staphylococcus.aureus.002000605.03 is identical to Staphylococcus.aureus.001956815.03 but kept for subsequent analysis
NOTE: Staphylococcus.aureus.002000605.04 is identical to Staphylococcus.aureus.001956815.04 but kept for subsequent analysis
NOTE: Staphylococcus.aureus.002000685.01 is identical to Staphylococcus.aureus.002000605.01 but kept for subsequent analysis
NOTE: Staphylococcus.aureus.003031425.03 is identical to Staphylococcus.aureus.003030065.00 but kept for subsequent analysis
NOTE: Staphylococcus.epidermidis.002944995.00 is identical to Staphylococcus.epidermidis.002850315.02 but kept for subsequent analysis
NOTE: Staphylococcus.simulans.003006075.00 is identical to Staphylococcus.simulans.003006055.00 but kept for subsequent analysis
NOTE: Staphylococcus.simulans.003006075.01 is identical to Staphylococcus.simulans.003006055.01 but kept for subsequent analysis
NOTE: Staphylococcus.simulans.003006075.02 is identical to Staphylococcus.simulans.003006055.02 but kept for subsequent analysis
NOTE: Staphylococcus.simulans.003076375.04 is identical to Staphylococcus.simulans.003006075.04 but kept for subsequent analysis
NOTE: Staphylococcus.xylosus.000706685.02 is identical to Staphylococcus.xylosus.000706685.01 but kept for subsequent analysis
NOTE: Staphylococcus.xylosus.002078255.02 is identical to Staphylococcus.xylosus.002078255.01 but kept for subsequent analysis
NOTE: Staphylococcus.warneri.000332735.02 is identical to Staphylococcus.warneri.000332735.00 but kept for subsequent analysis
NOTE: Staphylococcus.lugdunensis.900478255.00 is identical to Staphylococcus.lugdunensis.002073395.00 but kept for subsequent analysis
NOTE: Staphylococcus.lugdunensis.900478255.01 is identical to Staphylococcus.lugdunensis.002073395.01 but kept for subsequent analysis
NOTE: Staphylococcus.lugdunensis.900478255.02 is identical to Staphylococcus.lugdunensis.002073395.02 but kept for subsequent analysis
NOTE: Staphylococcus.lugdunensis.900478255.04 is identical to Staphylococcus.lugdunensis.002073395.04 but kept for subsequent analysis
NOTE: Staphylococcus.lugdunensis.002591215.04 is identical to Staphylococcus.lugdunensis.002250095.02 but kept for subsequent analysis
NOTE: Staphylococcus.lugdunensis.002591215.01 is identical to Staphylococcus.lugdunensis.002250095.05 but kept for subsequent analysis
NOTE: Staphylococcus.capitis.002356175.01 is identical to Staphylococcus.capitis.002356175.00 but kept for subsequent analysis
NOTE: Staphylococcus.equorum_B.001683315.04 is identical to Staphylococcus.equorum_B.001683315.00 but kept for subsequent analysis
NOTE: 30 identical sequences (see below) will be ignored for subsequent analysis
NOTE: Staphylococcus.aureus.002000605.02 (identical to Staphylococcus.aureus.000815165.02) is ignored but added at the end
NOTE: Staphylococcus.aureus.002000685.02 (identical to Staphylococcus.aureus.000815165.02) is ignored but added at the end
NOTE: Staphylococcus.aureus.002000725.02 (identical to Staphylococcus.aureus.000815165.02) is ignored but added at the end
NOTE: Staphylococcus.aureus.002000745.02 (identical to Staphylococcus.aureus.000815165.02) is ignored but added at the end
NOTE: Staphylococcus.aureus.002000825.02 (identical to Staphylococcus.aureus.000815165.02) is ignored but added at the end
NOTE: Staphylococcus.aureus.001656045.04 (identical to Staphylococcus.aureus.001611425.04) is ignored but added at the end
NOTE: Staphylococcus.aureus.001618305.04 (identical to Staphylococcus.aureus.001618305.00) is ignored but added at the end
NOTE: Staphylococcus.aureus.002000685.00 (identical to Staphylococcus.aureus.001956815.00) is ignored but added at the end
NOTE: Staphylococcus.aureus.002000725.00 (identical to Staphylococcus.aureus.001956815.00) is ignored but added at the end
NOTE: Staphylococcus.aureus.002000745.00 (identical to Staphylococcus.aureus.001956815.00) is ignored but added at the end
NOTE: Staphylococcus.aureus.002000825.00 (identical to Staphylococcus.aureus.001956815.00) is ignored but added at the end
NOTE: Staphylococcus.aureus.002000685.03 (identical to Staphylococcus.aureus.001956815.03) is ignored but added at the end
NOTE: Staphylococcus.aureus.002000725.03 (identical to Staphylococcus.aureus.001956815.03) is ignored but added at the end
NOTE: Staphylococcus.aureus.002000745.03 (identical to Staphylococcus.aureus.001956815.03) is ignored but added at the end
NOTE: Staphylococcus.aureus.002000825.03 (identical to Staphylococcus.aureus.001956815.03) is ignored but added at the end
NOTE: Staphylococcus.aureus.002000685.04 (identical to Staphylococcus.aureus.001956815.04) is ignored but added at the end
NOTE: Staphylococcus.aureus.002000725.04 (identical to Staphylococcus.aureus.001956815.04) is ignored but added at the end
NOTE: Staphylococcus.aureus.002000745.04 (identical to Staphylococcus.aureus.001956815.04) is ignored but added at the end
NOTE: Staphylococcus.aureus.002000825.04 (identical to Staphylococcus.aureus.001956815.04) is ignored but added at the end
NOTE: Staphylococcus.aureus.002000725.01 (identical to Staphylococcus.aureus.002000605.01) is ignored but added at the end
NOTE: Staphylococcus.aureus.002000745.01 (identical to Staphylococcus.aureus.002000605.01) is ignored but added at the end
NOTE: Staphylococcus.aureus.002000825.01 (identical to Staphylococcus.aureus.002000605.01) is ignored but added at the end
NOTE: Staphylococcus.simulans.003076375.00 (identical to Staphylococcus.simulans.003006055.00) is ignored but added at the end
NOTE: Staphylococcus.simulans.003096155.00 (identical to Staphylococcus.simulans.003006055.00) is ignored but added at the end
NOTE: Staphylococcus.simulans.003076375.01 (identical to Staphylococcus.simulans.003006055.01) is ignored but added at the end
NOTE: Staphylococcus.simulans.003096155.01 (identical to Staphylococcus.simulans.003006055.01) is ignored but added at the end
NOTE: Staphylococcus.simulans.003076375.02 (identical to Staphylococcus.simulans.003006055.02) is ignored but added at the end
NOTE: Staphylococcus.simulans.003096155.02 (identical to Staphylococcus.simulans.003006055.02) is ignored but added at the end
NOTE: Staphylococcus.simulans.003096155.04 (identical to Staphylococcus.simulans.003006075.04) is ignored but added at the end
NOTE: Staphylococcus.xylosus.000706685.04 (identical to Staphylococcus.xylosus.000706685.01) is ignored but added at the end

For your convenience alignment with unique sequences printed to ./024_results/Staphylococcus.fasta.uniqueseq.phy

Create initial parsimony tree by phylogenetic likelihood library (PLL)... 0.245 seconds

NOTE: 104 MB RAM (0 GB) is required!
Estimate model parameters (epsilon = 0.100)
1. Initial log-likelihood: -45298.370
2. Current log-likelihood: -42954.978
3. Current log-likelihood: -42567.657
4. Current log-likelihood: -42539.593
5. Current log-likelihood: -42537.766
6. Current log-likelihood: -42537.603
Optimal log-likelihood: -42537.566
Rate parameters:  A-C: 1.00000  A-G: 2.31848  A-T: 1.00000  C-G: 1.00000  C-T: 2.31848  G-T: 1.00000
Base frequencies:  A: 0.280  C: 0.205  G: 0.284  T: 0.231
Gamma shape alpha: 0.193
Parameters optimization took 6 rounds (2.173 sec)
Computing ML distances based on estimated model parameters... 6.140 sec
Computing BIONJ tree...
0.157 seconds
Log-likelihood of BIONJ tree: -43191.012
--------------------------------------------------------------------
|             INITIALIZING CANDIDATE TREE SET                      |
--------------------------------------------------------------------
Generating 98 parsimony trees... 22.300 second
Computing log-likelihood of 98 initial trees ... 13.426 seconds
Current best score: -42504.291

Do NNI search on 20 best initial trees
Estimate model parameters (epsilon = 0.100)
BETTER TREE FOUND at iteration 1: -42447.925
Estimate model parameters (epsilon = 0.100)
BETTER TREE FOUND at iteration 10: -42445.712
Iteration 10 / LogL: -42445.712 / Time: 0h:0m:52s
Iteration 20 / LogL: -42478.176 / Time: 0h:1m:4s
Finish initializing candidate tree set (20)
Current best tree score: -42445.712 / CPU time: 59.249
Number of iterations: 20
--------------------------------------------------------------------
|               OPTIMIZING CANDIDATE TREE SET                      |
--------------------------------------------------------------------
Estimate model parameters (epsilon = 0.100)
BETTER TREE FOUND at iteration 29: -42445.196
Iteration 30 / LogL: -42479.605 / Time: 0h:1m:20s (0h:4m:32s left)
Iteration 40 / LogL: -42457.689 / Time: 0h:1m:45s (0h:4m:0s left)
Estimate model parameters (epsilon = 0.100)
BETTER TREE FOUND at iteration 47: -42439.328
Iteration 50 / LogL: -42480.862 / Time: 0h:2m:1s (0h:4m:0s left)
Iteration 60 / LogL: -42463.520 / Time: 0h:2m:17s (0h:3m:22s left)
Estimate model parameters (epsilon = 0.100)
BETTER TREE FOUND at iteration 64: -42435.903
Iteration 70 / LogL: -42558.654 / Time: 0h:2m:33s (0h:3m:28s left)
Iteration 80 / LogL: -42445.764 / Time: 0h:2m:57s (0h:3m:8s left)
Estimate model parameters (epsilon = 0.100)
BETTER TREE FOUND at iteration 82: -42433.403
Estimate model parameters (epsilon = 0.100)
BETTER TREE FOUND at iteration 87: -42430.710
Iteration 90 / LogL: -42465.931 / Time: 0h:3m:17s (0h:3m:34s left)
Iteration 100 / LogL: -42436.181 / Time: 0h:3m:33s (0h:3m:7s left)
Iteration 110 / LogL: -42543.395 / Time: 0h:3m:49s (0h:2m:41s left)
Estimate model parameters (epsilon = 0.100)
BETTER TREE FOUND at iteration 117: -42430.030
Iteration 120 / LogL: -43375.779 / Time: 0h:4m:21s (0h:3m:32s left)
Estimate model parameters (epsilon = 0.100)
BETTER TREE FOUND at iteration 123: -42428.461
Iteration 130 / LogL: -42599.762 / Time: 0h:4m:39s (0h:3m:21s left)
Estimate model parameters (epsilon = 0.100)
BETTER TREE FOUND at iteration 133: -42423.379
Iteration 140 / LogL: -42455.824 / Time: 0h:4m:58s (0h:3m:19s left)
Estimate model parameters (epsilon = 0.100)
BETTER TREE FOUND at iteration 148: -42419.945
Iteration 150 / LogL: -42452.875 / Time: 0h:5m:16s (0h:3m:27s left)
